LOG:  database system was shut down at 2024-02-09 19:00:10 EST
LOG:  checkpoint record is at 0/C05018
LOG:  redo record is at 0/C05018; undo record is at 0/0; shutdown TRUE
LOG:  next transaction ID: 39570; next OID: 22147
LOG:  database system is ready

POSTGRES backend interactive interface 
$Revision: 1.375.2.5 $ $Date: 2005/12/14 17:07:00 $

backend> LOG:  QUERY STATISTICS
DETAIL:  ! system usage stats:
	!	0.036904 elapsed 0.000000 user 0.001808 system sec
	!	[0.000000 user 0.006004 sys total]
	!	0/0 [0/56] filesystem blocks in/out
	!	28/61 [75/443] page faults/reclaims, 0 [0] swaps
	!	0 [0] signals rcvd, 0/0 [0/0] messages rcvd/sent
	!	35/0 [84/1] voluntary/involuntary context switches
	! buffer usage stats:
	!	Shared blocks:        135 read,          0 written, buffer hit rate = 54.85%
	!	Local  blocks:          0 read,          0 written, buffer hit rate = 0.00%
	!	Direct blocks:          0 read,          0 written
	 1: count	(typeid = 20, len = 8, typmod = -1, byval = f)
	----
	 1: count = "41"	(typeid = 20, len = 8, typmod = -1, byval = f)
	----
backend> LOG:  shutting down
LOG:  database system is shut down
LOG:  database system was shut down at 2024-02-09 19:00:10 EST
LOG:  checkpoint record is at 0/C05060
LOG:  redo record is at 0/C05060; undo record is at 0/0; shutdown TRUE
LOG:  next transaction ID: 39572; next OID: 22147
LOG:  database system is ready

POSTGRES backend interactive interface 
$Revision: 1.375.2.5 $ $Date: 2005/12/14 17:07:00 $

backend> LOG:  QUERY STATISTICS
DETAIL:  ! system usage stats:
	!	0.033601 elapsed 0.000315 user 0.004139 system sec
	!	[0.001753 user 0.007015 sys total]
	!	0/0 [0/56] filesystem blocks in/out
	!	28/54 [75/436] page faults/reclaims, 0 [0] swaps
	!	0 [0] signals rcvd, 0/0 [0/0] messages rcvd/sent
	!	30/0 [79/3] voluntary/involuntary context switches
	! buffer usage stats:
	!	Shared blocks:        149 read,          0 written, buffer hit rate = 42.25%
	!	Local  blocks:          0 read,          0 written, buffer hit rate = 0.00%
	!	Direct blocks:          0 read,          0 written
	 1: count	(typeid = 20, len = 8, typmod = -1, byval = f)
	----
	 1: count = "50"	(typeid = 20, len = 8, typmod = -1, byval = f)
	----
backend> LOG:  shutting down
LOG:  database system is shut down
LOG:  database system was shut down at 2024-02-09 19:00:10 EST
LOG:  checkpoint record is at 0/C050A8
LOG:  redo record is at 0/C050A8; undo record is at 0/0; shutdown TRUE
LOG:  next transaction ID: 39574; next OID: 22147
LOG:  database system is ready

POSTGRES backend interactive interface 
$Revision: 1.375.2.5 $ $Date: 2005/12/14 17:07:00 $

backend> LOG:  QUERY STATISTICS
DETAIL:  ! system usage stats:
	!	0.038068 elapsed 0.001999 user 0.000000 system sec
	!	[0.006223 user 0.000000 sys total]
	!	0/0 [0/56] filesystem blocks in/out
	!	28/60 [75/444] page faults/reclaims, 0 [0] swaps
	!	0 [0] signals rcvd, 0/0 [0/0] messages rcvd/sent
	!	35/0 [86/3] voluntary/involuntary context switches
	! buffer usage stats:
	!	Shared blocks:        136 read,          0 written, buffer hit rate = 62.01%
	!	Local  blocks:          0 read,          0 written, buffer hit rate = 0.00%
	!	Direct blocks:          0 read,          0 written
	 1: count	(typeid = 20, len = 8, typmod = -1, byval = f)
	----
	 1: count = "99"	(typeid = 20, len = 8, typmod = -1, byval = f)
	----
backend> LOG:  shutting down
LOG:  database system is shut down
LOG:  database system was shut down at 2024-02-09 19:00:10 EST
LOG:  checkpoint record is at 0/C050F0
LOG:  redo record is at 0/C050F0; undo record is at 0/0; shutdown TRUE
LOG:  next transaction ID: 39576; next OID: 22147
LOG:  database system is ready

POSTGRES backend interactive interface 
$Revision: 1.375.2.5 $ $Date: 2005/12/14 17:07:00 $

backend> LOG:  QUERY STATISTICS
DETAIL:  ! system usage stats:
	!	0.037187 elapsed 0.002355 user 0.000000 system sec
	!	[0.006594 user 0.000000 sys total]
	!	0/0 [8/56] filesystem blocks in/out
	!	28/62 [75/443] page faults/reclaims, 0 [0] swaps
	!	0 [0] signals rcvd, 0/0 [0/0] messages rcvd/sent
	!	36/0 [86/1] voluntary/involuntary context switches
	! buffer usage stats:
	!	Shared blocks:        144 read,          0 written, buffer hit rate = 88.58%
	!	Local  blocks:          0 read,          0 written, buffer hit rate = 0.00%
	!	Direct blocks:          0 read,          0 written
	 1: count	(typeid = 20, len = 8, typmod = -1, byval = f)
	----
	 1: count = "1000"	(typeid = 20, len = 8, typmod = -1, byval = f)
	----
backend> LOG:  shutting down
LOG:  database system is shut down
LOG:  database system was shut down at 2024-02-09 19:00:10 EST
LOG:  checkpoint record is at 0/C05138
LOG:  redo record is at 0/C05138; undo record is at 0/0; shutdown TRUE
LOG:  next transaction ID: 39578; next OID: 22147
LOG:  database system is ready

POSTGRES backend interactive interface 
$Revision: 1.375.2.5 $ $Date: 2005/12/14 17:07:00 $

backend> LOG:  QUERY STATISTICS
DETAIL:  ! system usage stats:
	!	0.034201 elapsed 0.004986 user 0.000000 system sec
	!	[0.009307 user 0.000000 sys total]
	!	0/0 [0/56] filesystem blocks in/out
	!	28/53 [75/436] page faults/reclaims, 0 [0] swaps
	!	0 [0] signals rcvd, 0/0 [0/0] messages rcvd/sent
	!	29/0 [78/1] voluntary/involuntary context switches
	! buffer usage stats:
	!	Shared blocks:        149 read,          0 written, buffer hit rate = 42.25%
	!	Local  blocks:          0 read,          0 written, buffer hit rate = 0.00%
	!	Direct blocks:          0 read,          0 written
	 1: count	(typeid = 20, len = 8, typmod = -1, byval = f)
	----
	 1: count = "2500"	(typeid = 20, len = 8, typmod = -1, byval = f)
	----
backend> LOG:  shutting down
LOG:  database system is shut down
LOG:  database system was shut down at 2024-02-09 19:00:11 EST
LOG:  checkpoint record is at 0/C05180
LOG:  redo record is at 0/C05180; undo record is at 0/0; shutdown TRUE
LOG:  next transaction ID: 39580; next OID: 22147
LOG:  database system is ready

POSTGRES backend interactive interface 
$Revision: 1.375.2.5 $ $Date: 2005/12/14 17:07:00 $

backend> LOG:  QUERY STATISTICS
DETAIL:  ! system usage stats:
	!	0.037870 elapsed 0.005072 user 0.000000 system sec
	!	[0.009319 user 0.000000 sys total]
	!	0/0 [0/56] filesystem blocks in/out
	!	28/62 [75/442] page faults/reclaims, 0 [0] swaps
	!	0 [0] signals rcvd, 0/0 [0/0] messages rcvd/sent
	!	33/0 [83/0] voluntary/involuntary context switches
	! buffer usage stats:
	!	Shared blocks:        164 read,          0 written, buffer hit rate = 43.06%
	!	Local  blocks:          0 read,          0 written, buffer hit rate = 0.00%
	!	Direct blocks:          0 read,          0 written
	 1: count	(typeid = 20, len = 8, typmod = -1, byval = f)
	----
	 1: count = "999"	(typeid = 20, len = 8, typmod = -1, byval = f)
	----
backend> LOG:  shutting down
LOG:  database system is shut down
LOG:  database system was shut down at 2024-02-09 19:00:11 EST
LOG:  checkpoint record is at 0/C051C8
LOG:  redo record is at 0/C051C8; undo record is at 0/0; shutdown TRUE
LOG:  next transaction ID: 39582; next OID: 22147
LOG:  database system is ready

POSTGRES backend interactive interface 
$Revision: 1.375.2.5 $ $Date: 2005/12/14 17:07:00 $

backend> LOG:  QUERY STATISTICS
DETAIL:  ! system usage stats:
	!	0.035466 elapsed 0.000000 user 0.001902 system sec
	!	[0.000000 user 0.006194 sys total]
	!	0/0 [0/56] filesystem blocks in/out
	!	28/59 [75/441] page faults/reclaims, 0 [0] swaps
	!	0 [0] signals rcvd, 0/0 [0/0] messages rcvd/sent
	!	36/0 [85/3] voluntary/involuntary context switches
	! buffer usage stats:
	!	Shared blocks:        138 read,          0 written, buffer hit rate = 75.36%
	!	Local  blocks:          0 read,          0 written, buffer hit rate = 0.00%
	!	Direct blocks:          0 read,          0 written
	 1: count	(typeid = 20, len = 8, typmod = -1, byval = f)
	----
	 1: count = "301"	(typeid = 20, len = 8, typmod = -1, byval = f)
	----
backend> LOG:  shutting down
LOG:  database system is shut down
LOG:  database system was shut down at 2024-02-09 19:00:11 EST
LOG:  checkpoint record is at 0/C05210
LOG:  redo record is at 0/C05210; undo record is at 0/0; shutdown TRUE
LOG:  next transaction ID: 39584; next OID: 22147
LOG:  database system is ready

POSTGRES backend interactive interface 
$Revision: 1.375.2.5 $ $Date: 2005/12/14 17:07:00 $

backend> LOG:  QUERY STATISTICS
DETAIL:  ! system usage stats:
	!	0.038340 elapsed 0.001916 user 0.000000 system sec
	!	[0.006312 user 0.000000 sys total]
	!	0/0 [0/64] filesystem blocks in/out
	!	28/60 [75/441] page faults/reclaims, 0 [0] swaps
	!	0 [0] signals rcvd, 0/0 [0/0] messages rcvd/sent
	!	35/1 [85/3] voluntary/involuntary context switches
	! buffer usage stats:
	!	Shared blocks:        136 read,          0 written, buffer hit rate = 62.12%
	!	Local  blocks:          0 read,          0 written, buffer hit rate = 0.00%
	!	Direct blocks:          0 read,          0 written
	 1: count	(typeid = 20, len = 8, typmod = -1, byval = f)
	----
	 1: count = "101"	(typeid = 20, len = 8, typmod = -1, byval = f)
	----
backend> LOG:  shutting down
LOG:  database system is shut down
LOG:  database system was shut down at 2024-02-09 19:00:11 EST
LOG:  checkpoint record is at 0/C05258
LOG:  redo record is at 0/C05258; undo record is at 0/0; shutdown TRUE
LOG:  next transaction ID: 39586; next OID: 22147
LOG:  database system is ready

POSTGRES backend interactive interface 
$Revision: 1.375.2.5 $ $Date: 2005/12/14 17:07:00 $

backend> LOG:  QUERY STATISTICS
DETAIL:  ! system usage stats:
	!	0.036775 elapsed 0.000913 user 0.000913 system sec
	!	[0.003074 user 0.003074 sys total]
	!	0/0 [0/56] filesystem blocks in/out
	!	28/59 [75/441] page faults/reclaims, 0 [0] swaps
	!	0 [0] signals rcvd, 0/0 [0/0] messages rcvd/sent
	!	36/0 [86/2] voluntary/involuntary context switches
	! buffer usage stats:
	!	Shared blocks:        136 read,          0 written, buffer hit rate = 62.12%
	!	Local  blocks:          0 read,          0 written, buffer hit rate = 0.00%
	!	Direct blocks:          0 read,          0 written
	 1: count	(typeid = 20, len = 8, typmod = -1, byval = f)
	----
	 1: count = "101"	(typeid = 20, len = 8, typmod = -1, byval = f)
	----
backend> LOG:  shutting down
LOG:  database system is shut down
LOG:  database system was shut down at 2024-02-09 19:00:11 EST
LOG:  checkpoint record is at 0/C052A0
LOG:  redo record is at 0/C052A0; undo record is at 0/0; shutdown TRUE
LOG:  next transaction ID: 39588; next OID: 22147
LOG:  database system is ready

POSTGRES backend interactive interface 
$Revision: 1.375.2.5 $ $Date: 2005/12/14 17:07:00 $

backend> LOG:  QUERY STATISTICS
DETAIL:  ! system usage stats:
	!	0.036892 elapsed 0.001760 user 0.000000 system sec
	!	[0.006160 user 0.000000 sys total]
	!	0/0 [0/56] filesystem blocks in/out
	!	28/59 [75/443] page faults/reclaims, 0 [0] swaps
	!	0 [0] signals rcvd, 0/0 [0/0] messages rcvd/sent
	!	35/3 [84/4] voluntary/involuntary context switches
	! buffer usage stats:
	!	Shared blocks:        136 read,          0 written, buffer hit rate = 53.10%
	!	Local  blocks:          0 read,          0 written, buffer hit rate = 0.00%
	!	Direct blocks:          0 read,          0 written
	 1: count	(typeid = 20, len = 8, typmod = -1, byval = f)
	----
	 1: count = "31"	(typeid = 20, len = 8, typmod = -1, byval = f)
	----
backend> LOG:  shutting down
LOG:  database system is shut down
