LOG:  database system was shut down at 2024-02-09 18:56:54 EST
LOG:  checkpoint record is at 0/C02E48
LOG:  redo record is at 0/C02E48; undo record is at 0/0; shutdown TRUE
LOG:  next transaction ID: 39330; next OID: 22147
LOG:  database system is ready

POSTGRES backend interactive interface 
$Revision: 1.375.2.5 $ $Date: 2005/12/14 17:07:00 $

backend> LOG:  QUERY STATISTICS
DETAIL:  ! system usage stats:
	!	0.039906 elapsed 0.003941 user 0.000450 system sec
	!	[0.006982 user 0.003491 sys total]
	!	1200/0 [7056/64] filesystem blocks in/out
	!	43/43 [119/405] page faults/reclaims, 0 [0] swaps
	!	0 [0] signals rcvd, 0/0 [0/0] messages rcvd/sent
	!	42/0 [126/15] voluntary/involuntary context switches
	! buffer usage stats:
	!	Shared blocks:        146 read,          0 written, buffer hit rate = 38.14%
	!	Local  blocks:          0 read,          0 written, buffer hit rate = 0.00%
	!	Direct blocks:          0 read,          0 written
	 1: count	(typeid = 20, len = 8, typmod = -1, byval = f)
	----
	 1: count = "2175"	(typeid = 20, len = 8, typmod = -1, byval = f)
	----
backend> LOG:  shutting down
LOG:  database system is shut down
LOG:  database system was shut down at 2024-02-09 18:59:51 EST
LOG:  checkpoint record is at 0/C02E90
LOG:  redo record is at 0/C02E90; undo record is at 0/0; shutdown TRUE
LOG:  next transaction ID: 39332; next OID: 22147
LOG:  database system is ready

POSTGRES backend interactive interface 
$Revision: 1.375.2.5 $ $Date: 2005/12/14 17:07:00 $

backend> LOG:  QUERY STATISTICS
DETAIL:  ! system usage stats:
	!	0.031824 elapsed 0.000461 user 0.004830 system sec
	!	[0.004830 user 0.004830 sys total]
	!	0/0 [0/56] filesystem blocks in/out
	!	28/54 [75/437] page faults/reclaims, 0 [0] swaps
	!	0 [0] signals rcvd, 0/0 [0/0] messages rcvd/sent
	!	29/9 [78/22] voluntary/involuntary context switches
	! buffer usage stats:
	!	Shared blocks:        152 read,          0 written, buffer hit rate = 41.98%
	!	Local  blocks:          0 read,          0 written, buffer hit rate = 0.00%
	!	Direct blocks:          0 read,          0 written
	 1: count	(typeid = 20, len = 8, typmod = -1, byval = f)
	----
	 1: count = "1051"	(typeid = 20, len = 8, typmod = -1, byval = f)
	----
backend> LOG:  shutting down
LOG:  database system is shut down
LOG:  database system was shut down at 2024-02-09 18:59:51 EST
LOG:  checkpoint record is at 0/C02ED8
LOG:  redo record is at 0/C02ED8; undo record is at 0/0; shutdown TRUE
LOG:  next transaction ID: 39334; next OID: 22147
LOG:  database system is ready

POSTGRES backend interactive interface 
$Revision: 1.375.2.5 $ $Date: 2005/12/14 17:07:00 $

backend> LOG:  QUERY STATISTICS
DETAIL:  ! system usage stats:
	!	0.033593 elapsed 0.004759 user 0.000000 system sec
	!	[0.009002 user 0.000000 sys total]
	!	0/0 [0/56] filesystem blocks in/out
	!	28/59 [75/440] page faults/reclaims, 0 [0] swaps
	!	0 [0] signals rcvd, 0/0 [0/0] messages rcvd/sent
	!	31/2 [80/3] voluntary/involuntary context switches
	! buffer usage stats:
	!	Shared blocks:        165 read,          0 written, buffer hit rate = 42.11%
	!	Local  blocks:          0 read,          0 written, buffer hit rate = 0.00%
	!	Direct blocks:          0 read,          0 written
	 1: count	(typeid = 20, len = 8, typmod = -1, byval = f)
	----
	 1: count = "541"	(typeid = 20, len = 8, typmod = -1, byval = f)
	----
backend> LOG:  shutting down
LOG:  database system is shut down
LOG:  database system was shut down at 2024-02-09 18:59:51 EST
LOG:  checkpoint record is at 0/C02F20
LOG:  redo record is at 0/C02F20; undo record is at 0/0; shutdown TRUE
LOG:  next transaction ID: 39336; next OID: 22147
LOG:  database system is ready

POSTGRES backend interactive interface 
$Revision: 1.375.2.5 $ $Date: 2005/12/14 17:07:00 $

backend> LOG:  QUERY STATISTICS
DETAIL:  ! system usage stats:
	!	0.040940 elapsed 0.005269 user 0.000000 system sec
	!	[0.009625 user 0.000000 sys total]
	!	0/0 [0/56] filesystem blocks in/out
	!	28/58 [75/441] page faults/reclaims, 0 [0] swaps
	!	0 [0] signals rcvd, 0/0 [0/0] messages rcvd/sent
	!	31/1 [80/3] voluntary/involuntary context switches
	! buffer usage stats:
	!	Shared blocks:        172 read,          0 written, buffer hit rate = 42.28%
	!	Local  blocks:          0 read,          0 written, buffer hit rate = 0.00%
	!	Direct blocks:          0 read,          0 written
	 1: count	(typeid = 20, len = 8, typmod = -1, byval = f)
	----
	 1: count = "1326"	(typeid = 20, len = 8, typmod = -1, byval = f)
	----
backend> LOG:  shutting down
LOG:  database system is shut down
LOG:  database system was shut down at 2024-02-09 18:59:51 EST
LOG:  checkpoint record is at 0/C02F68
LOG:  redo record is at 0/C02F68; undo record is at 0/0; shutdown TRUE
LOG:  next transaction ID: 39338; next OID: 22147
LOG:  database system is ready

POSTGRES backend interactive interface 
$Revision: 1.375.2.5 $ $Date: 2005/12/14 17:07:00 $

backend> LOG:  QUERY STATISTICS
DETAIL:  ! system usage stats:
	!	0.033410 elapsed 0.004991 user 0.000000 system sec
	!	[0.009180 user 0.000000 sys total]
	!	0/0 [0/56] filesystem blocks in/out
	!	28/56 [75/439] page faults/reclaims, 0 [0] swaps
	!	0 [0] signals rcvd, 0/0 [0/0] messages rcvd/sent
	!	29/3 [78/3] voluntary/involuntary context switches
	! buffer usage stats:
	!	Shared blocks:        154 read,          0 written, buffer hit rate = 42.11%
	!	Local  blocks:          0 read,          0 written, buffer hit rate = 0.00%
	!	Direct blocks:          0 read,          0 written
	 1: count	(typeid = 20, len = 8, typmod = -1, byval = f)
	----
	 1: count = "340"	(typeid = 20, len = 8, typmod = -1, byval = f)
	----
backend> LOG:  shutting down
LOG:  database system is shut down
LOG:  database system was shut down at 2024-02-09 18:59:51 EST
LOG:  checkpoint record is at 0/C02FB0
LOG:  redo record is at 0/C02FB0; undo record is at 0/0; shutdown TRUE
LOG:  next transaction ID: 39340; next OID: 22147
LOG:  database system is ready

POSTGRES backend interactive interface 
$Revision: 1.375.2.5 $ $Date: 2005/12/14 17:07:00 $

backend> LOG:  QUERY STATISTICS
DETAIL:  ! system usage stats:
	!	0.034257 elapsed 0.004494 user 0.000334 system sec
	!	[0.004494 user 0.004494 sys total]
	!	0/0 [0/56] filesystem blocks in/out
	!	28/58 [75/440] page faults/reclaims, 0 [0] swaps
	!	0 [0] signals rcvd, 0/0 [0/0] messages rcvd/sent
	!	31/0 [80/2] voluntary/involuntary context switches
	! buffer usage stats:
	!	Shared blocks:        172 read,          0 written, buffer hit rate = 41.10%
	!	Local  blocks:          0 read,          0 written, buffer hit rate = 0.00%
	!	Direct blocks:          0 read,          0 written
	 1: count	(typeid = 20, len = 8, typmod = -1, byval = f)
	----
	 1: count = "1794"	(typeid = 20, len = 8, typmod = -1, byval = f)
	----
backend> LOG:  shutting down
LOG:  database system is shut down
LOG:  database system was shut down at 2024-02-09 18:59:51 EST
LOG:  checkpoint record is at 0/C02FF8
LOG:  redo record is at 0/C02FF8; undo record is at 0/0; shutdown TRUE
LOG:  next transaction ID: 39342; next OID: 22147
LOG:  database system is ready

POSTGRES backend interactive interface 
$Revision: 1.375.2.5 $ $Date: 2005/12/14 17:07:00 $

backend> LOG:  QUERY STATISTICS
DETAIL:  ! system usage stats:
	!	0.033726 elapsed 0.003511 user 0.000000 system sec
	!	[0.007486 user 0.000000 sys total]
	!	0/0 [0/64] filesystem blocks in/out
	!	28/52 [75/435] page faults/reclaims, 0 [0] swaps
	!	0 [0] signals rcvd, 0/0 [0/0] messages rcvd/sent
	!	31/0 [81/10] voluntary/involuntary context switches
	! buffer usage stats:
	!	Shared blocks:        146 read,          0 written, buffer hit rate = 38.14%
	!	Local  blocks:          0 read,          0 written, buffer hit rate = 0.00%
	!	Direct blocks:          0 read,          0 written
	 1: count	(typeid = 20, len = 8, typmod = -1, byval = f)
	----
	 1: count = "729"	(typeid = 20, len = 8, typmod = -1, byval = f)
	----
backend> LOG:  shutting down
LOG:  database system is shut down
LOG:  database system was shut down at 2024-02-09 18:59:51 EST
LOG:  checkpoint record is at 0/C03040
LOG:  redo record is at 0/C03040; undo record is at 0/0; shutdown TRUE
LOG:  next transaction ID: 39344; next OID: 22147
LOG:  database system is ready

POSTGRES backend interactive interface 
$Revision: 1.375.2.5 $ $Date: 2005/12/14 17:07:00 $

backend> LOG:  QUERY STATISTICS
DETAIL:  ! system usage stats:
	!	0.033181 elapsed 0.002655 user 0.001349 system sec
	!	[0.002655 user 0.005311 sys total]
	!	0/0 [0/72] filesystem blocks in/out
	!	28/60 [75/441] page faults/reclaims, 0 [0] swaps
	!	0 [0] signals rcvd, 0/0 [0/0] messages rcvd/sent
	!	31/1 [81/13] voluntary/involuntary context switches
	! buffer usage stats:
	!	Shared blocks:        165 read,          0 written, buffer hit rate = 42.11%
	!	Local  blocks:          0 read,          0 written, buffer hit rate = 0.00%
	!	Direct blocks:          0 read,          0 written
	 1: count	(typeid = 20, len = 8, typmod = -1, byval = f)
	----
	 1: count = "579"	(typeid = 20, len = 8, typmod = -1, byval = f)
	----
backend> LOG:  shutting down
LOG:  database system is shut down
LOG:  database system was shut down at 2024-02-09 18:59:51 EST
LOG:  checkpoint record is at 0/C03088
LOG:  redo record is at 0/C03088; undo record is at 0/0; shutdown TRUE
LOG:  next transaction ID: 39346; next OID: 22147
LOG:  database system is ready

POSTGRES backend interactive interface 
$Revision: 1.375.2.5 $ $Date: 2005/12/14 17:07:00 $

backend> LOG:  QUERY STATISTICS
DETAIL:  ! system usage stats:
	!	0.035211 elapsed 0.000000 user 0.004550 system sec
	!	[0.003982 user 0.004550 sys total]
	!	0/0 [0/56] filesystem blocks in/out
	!	28/58 [75/441] page faults/reclaims, 0 [0] swaps
	!	0 [0] signals rcvd, 0/0 [0/0] messages rcvd/sent
	!	31/5 [80/6] voluntary/involuntary context switches
	! buffer usage stats:
	!	Shared blocks:        172 read,          0 written, buffer hit rate = 41.10%
	!	Local  blocks:          0 read,          0 written, buffer hit rate = 0.00%
	!	Direct blocks:          0 read,          0 written
	 1: count	(typeid = 20, len = 8, typmod = -1, byval = f)
	----
	 1: count = "2479"	(typeid = 20, len = 8, typmod = -1, byval = f)
	----
backend> LOG:  shutting down
LOG:  database system is shut down
LOG:  database system was shut down at 2024-02-09 18:59:52 EST
LOG:  checkpoint record is at 0/C030D0
LOG:  redo record is at 0/C030D0; undo record is at 0/0; shutdown TRUE
LOG:  next transaction ID: 39348; next OID: 22147
LOG:  database system is ready

POSTGRES backend interactive interface 
$Revision: 1.375.2.5 $ $Date: 2005/12/14 17:07:00 $

backend> LOG:  QUERY STATISTICS
DETAIL:  ! system usage stats:
	!	0.035215 elapsed 0.000000 user 0.005066 system sec
	!	[0.000000 user 0.009206 sys total]
	!	0/0 [0/56] filesystem blocks in/out
	!	28/60 [75/439] page faults/reclaims, 0 [0] swaps
	!	0 [0] signals rcvd, 0/0 [0/0] messages rcvd/sent
	!	32/0 [82/5] voluntary/involuntary context switches
	! buffer usage stats:
	!	Shared blocks:        166 read,          0 written, buffer hit rate = 41.96%
	!	Local  blocks:          0 read,          0 written, buffer hit rate = 0.00%
	!	Direct blocks:          0 read,          0 written
	 1: count	(typeid = 20, len = 8, typmod = -1, byval = f)
	----
	 1: count = "1473"	(typeid = 20, len = 8, typmod = -1, byval = f)
	----
backend> LOG:  shutting down
LOG:  database system is shut down
