LOG:  database system was shut down at 2024-02-09 19:00:11 EST
LOG:  checkpoint record is at 0/C052E8
LOG:  redo record is at 0/C052E8; undo record is at 0/0; shutdown TRUE
LOG:  next transaction ID: 39590; next OID: 22147
LOG:  database system is ready

POSTGRES backend interactive interface 
$Revision: 1.375.2.5 $ $Date: 2005/12/14 17:07:00 $

backend> LOG:  QUERY STATISTICS
DETAIL:  ! system usage stats:
	!	0.035465 elapsed 0.001777 user 0.000000 system sec
	!	[0.004013 user 0.002236 sys total]
	!	0/0 [0/56] filesystem blocks in/out
	!	48/60 [94/442] page faults/reclaims, 0 [0] swaps
	!	0 [0] signals rcvd, 0/0 [0/0] messages rcvd/sent
	!	35/0 [84/7] voluntary/involuntary context switches
	! buffer usage stats:
	!	Shared blocks:        100 read,          0 written, buffer hit rate = 66.56%
	!	Local  blocks:          0 read,          0 written, buffer hit rate = 0.00%
	!	Direct blocks:          0 read,          0 written
	 1: count	(typeid = 20, len = 8, typmod = -1, byval = f)
	----
	 1: count = "41"	(typeid = 20, len = 8, typmod = -1, byval = f)
	----
backend> LOG:  shutting down
LOG:  database system is shut down
LOG:  database system was shut down at 2024-02-09 19:00:11 EST
LOG:  checkpoint record is at 0/C05330
LOG:  redo record is at 0/C05330; undo record is at 0/0; shutdown TRUE
LOG:  next transaction ID: 39592; next OID: 22147
LOG:  database system is ready

POSTGRES backend interactive interface 
$Revision: 1.375.2.5 $ $Date: 2005/12/14 17:07:00 $

backend> LOG:  QUERY STATISTICS
DETAIL:  ! system usage stats:
	!	0.034961 elapsed 0.003129 user 0.001644 system sec
	!	[0.004613 user 0.004613 sys total]
	!	0/0 [0/56] filesystem blocks in/out
	!	48/55 [94/438] page faults/reclaims, 0 [0] swaps
	!	0 [0] signals rcvd, 0/0 [0/0] messages rcvd/sent
	!	30/2 [79/9] voluntary/involuntary context switches
	! buffer usage stats:
	!	Shared blocks:        128 read,          0 written, buffer hit rate = 50.39%
	!	Local  blocks:          0 read,          0 written, buffer hit rate = 0.00%
	!	Direct blocks:          0 read,          0 written
	 1: count	(typeid = 20, len = 8, typmod = -1, byval = f)
	----
	 1: count = "50"	(typeid = 20, len = 8, typmod = -1, byval = f)
	----
backend> LOG:  shutting down
LOG:  database system is shut down
LOG:  database system was shut down at 2024-02-09 19:00:11 EST
LOG:  checkpoint record is at 0/C05378
LOG:  redo record is at 0/C05378; undo record is at 0/0; shutdown TRUE
LOG:  next transaction ID: 39594; next OID: 22147
LOG:  database system is ready

POSTGRES backend interactive interface 
$Revision: 1.375.2.5 $ $Date: 2005/12/14 17:07:00 $

backend> LOG:  QUERY STATISTICS
DETAIL:  ! system usage stats:
	!	0.036050 elapsed 0.001728 user 0.000000 system sec
	!	[0.005971 user 0.000000 sys total]
	!	0/0 [0/56] filesystem blocks in/out
	!	48/59 [94/441] page faults/reclaims, 0 [0] swaps
	!	0 [0] signals rcvd, 0/0 [0/0] messages rcvd/sent
	!	35/0 [85/1] voluntary/involuntary context switches
	! buffer usage stats:
	!	Shared blocks:        103 read,          0 written, buffer hit rate = 71.23%
	!	Local  blocks:          0 read,          0 written, buffer hit rate = 0.00%
	!	Direct blocks:          0 read,          0 written
	 1: count	(typeid = 20, len = 8, typmod = -1, byval = f)
	----
	 1: count = "99"	(typeid = 20, len = 8, typmod = -1, byval = f)
	----
backend> LOG:  shutting down
LOG:  database system is shut down
LOG:  database system was shut down at 2024-02-09 19:00:12 EST
LOG:  checkpoint record is at 0/C053C0
LOG:  redo record is at 0/C053C0; undo record is at 0/0; shutdown TRUE
LOG:  next transaction ID: 39596; next OID: 22147
LOG:  database system is ready

POSTGRES backend interactive interface 
$Revision: 1.375.2.5 $ $Date: 2005/12/14 17:07:00 $

backend> LOG:  QUERY STATISTICS
DETAIL:  ! system usage stats:
	!	0.038485 elapsed 0.002235 user 0.000000 system sec
	!	[0.006412 user 0.000000 sys total]
	!	0/0 [0/56] filesystem blocks in/out
	!	48/60 [94/443] page faults/reclaims, 0 [0] swaps
	!	0 [0] signals rcvd, 0/0 [0/0] messages rcvd/sent
	!	35/1 [85/2] voluntary/involuntary context switches
	! buffer usage stats:
	!	Shared blocks:        109 read,          0 written, buffer hit rate = 91.36%
	!	Local  blocks:          0 read,          0 written, buffer hit rate = 0.00%
	!	Direct blocks:          0 read,          0 written
	 1: count	(typeid = 20, len = 8, typmod = -1, byval = f)
	----
	 1: count = "1000"	(typeid = 20, len = 8, typmod = -1, byval = f)
	----
backend> LOG:  shutting down
LOG:  database system is shut down
LOG:  database system was shut down at 2024-02-09 19:00:12 EST
LOG:  checkpoint record is at 0/C05408
LOG:  redo record is at 0/C05408; undo record is at 0/0; shutdown TRUE
LOG:  next transaction ID: 39598; next OID: 22147
LOG:  database system is ready

POSTGRES backend interactive interface 
$Revision: 1.375.2.5 $ $Date: 2005/12/14 17:07:00 $

backend> LOG:  QUERY STATISTICS
DETAIL:  ! system usage stats:
	!	0.035304 elapsed 0.000000 user 0.004908 system sec
	!	[0.000000 user 0.009128 sys total]
	!	0/0 [0/56] filesystem blocks in/out
	!	48/53 [94/435] page faults/reclaims, 0 [0] swaps
	!	0 [0] signals rcvd, 0/0 [0/0] messages rcvd/sent
	!	29/2 [78/4] voluntary/involuntary context switches
	! buffer usage stats:
	!	Shared blocks:        128 read,          0 written, buffer hit rate = 50.39%
	!	Local  blocks:          0 read,          0 written, buffer hit rate = 0.00%
	!	Direct blocks:          0 read,          0 written
	 1: count	(typeid = 20, len = 8, typmod = -1, byval = f)
	----
	 1: count = "2500"	(typeid = 20, len = 8, typmod = -1, byval = f)
	----
backend> LOG:  shutting down
LOG:  database system is shut down
LOG:  database system was shut down at 2024-02-09 19:00:12 EST
LOG:  checkpoint record is at 0/C05450
LOG:  redo record is at 0/C05450; undo record is at 0/0; shutdown TRUE
LOG:  next transaction ID: 39600; next OID: 22147
LOG:  database system is ready

POSTGRES backend interactive interface 
$Revision: 1.375.2.5 $ $Date: 2005/12/14 17:07:00 $

backend> LOG:  QUERY STATISTICS
DETAIL:  ! system usage stats:
	!	0.043513 elapsed 0.002861 user 0.002335 system sec
	!	[0.007007 user 0.002335 sys total]
	!	0/0 [0/56] filesystem blocks in/out
	!	48/59 [94/440] page faults/reclaims, 0 [0] swaps
	!	0 [0] signals rcvd, 0/0 [0/0] messages rcvd/sent
	!	34/0 [83/3] voluntary/involuntary context switches
	! buffer usage stats:
	!	Shared blocks:        130 read,          0 written, buffer hit rate = 54.86%
	!	Local  blocks:          0 read,          0 written, buffer hit rate = 0.00%
	!	Direct blocks:          0 read,          0 written
	 1: count	(typeid = 20, len = 8, typmod = -1, byval = f)
	----
	 1: count = "999"	(typeid = 20, len = 8, typmod = -1, byval = f)
	----
backend> LOG:  shutting down
LOG:  database system is shut down
LOG:  database system was shut down at 2024-02-09 19:00:12 EST
LOG:  checkpoint record is at 0/C05498
LOG:  redo record is at 0/C05498; undo record is at 0/0; shutdown TRUE
LOG:  next transaction ID: 39602; next OID: 22147
LOG:  database system is ready

POSTGRES backend interactive interface 
$Revision: 1.375.2.5 $ $Date: 2005/12/14 17:07:00 $

backend> LOG:  QUERY STATISTICS
DETAIL:  ! system usage stats:
	!	0.037621 elapsed 0.001911 user 0.000000 system sec
	!	[0.006053 user 0.000000 sys total]
	!	0/0 [0/56] filesystem blocks in/out
	!	48/59 [94/442] page faults/reclaims, 0 [0] swaps
	!	0 [0] signals rcvd, 0/0 [0/0] messages rcvd/sent
	!	35/0 [84/2] voluntary/involuntary context switches
	! buffer usage stats:
	!	Shared blocks:        103 read,          0 written, buffer hit rate = 81.61%
	!	Local  blocks:          0 read,          0 written, buffer hit rate = 0.00%
	!	Direct blocks:          0 read,          0 written
	 1: count	(typeid = 20, len = 8, typmod = -1, byval = f)
	----
	 1: count = "301"	(typeid = 20, len = 8, typmod = -1, byval = f)
	----
backend> LOG:  shutting down
LOG:  database system is shut down
LOG:  database system was shut down at 2024-02-09 19:00:12 EST
LOG:  checkpoint record is at 0/C054E0
LOG:  redo record is at 0/C054E0; undo record is at 0/0; shutdown TRUE
LOG:  next transaction ID: 39604; next OID: 22147
LOG:  database system is ready

POSTGRES backend interactive interface 
$Revision: 1.375.2.5 $ $Date: 2005/12/14 17:07:00 $

backend> LOG:  QUERY STATISTICS
DETAIL:  ! system usage stats:
	!	0.042412 elapsed 0.001906 user 0.000000 system sec
	!	[0.006065 user 0.000000 sys total]
	!	0/0 [0/64] filesystem blocks in/out
	!	48/59 [94/442] page faults/reclaims, 0 [0] swaps
	!	0 [0] signals rcvd, 0/0 [0/0] messages rcvd/sent
	!	35/0 [86/1] voluntary/involuntary context switches
	! buffer usage stats:
	!	Shared blocks:        101 read,          0 written, buffer hit rate = 71.87%
	!	Local  blocks:          0 read,          0 written, buffer hit rate = 0.00%
	!	Direct blocks:          0 read,          0 written
	 1: count	(typeid = 20, len = 8, typmod = -1, byval = f)
	----
	 1: count = "101"	(typeid = 20, len = 8, typmod = -1, byval = f)
	----
backend> LOG:  shutting down
LOG:  database system is shut down
LOG:  database system was shut down at 2024-02-09 19:00:12 EST
LOG:  checkpoint record is at 0/C05528
LOG:  redo record is at 0/C05528; undo record is at 0/0; shutdown TRUE
LOG:  next transaction ID: 39606; next OID: 22147
LOG:  database system is ready

POSTGRES backend interactive interface 
$Revision: 1.375.2.5 $ $Date: 2005/12/14 17:07:00 $

backend> LOG:  QUERY STATISTICS
DETAIL:  ! system usage stats:
	!	0.036853 elapsed 0.000000 user 0.001851 system sec
	!	[0.002305 user 0.004156 sys total]
	!	0/0 [0/56] filesystem blocks in/out
	!	48/60 [94/440] page faults/reclaims, 0 [0] swaps
	!	0 [0] signals rcvd, 0/0 [0/0] messages rcvd/sent
	!	35/1 [84/4] voluntary/involuntary context switches
	! buffer usage stats:
	!	Shared blocks:        101 read,          0 written, buffer hit rate = 71.87%
	!	Local  blocks:          0 read,          0 written, buffer hit rate = 0.00%
	!	Direct blocks:          0 read,          0 written
	 1: count	(typeid = 20, len = 8, typmod = -1, byval = f)
	----
	 1: count = "101"	(typeid = 20, len = 8, typmod = -1, byval = f)
	----
backend> LOG:  shutting down
LOG:  database system is shut down
LOG:  database system was shut down at 2024-02-09 19:00:12 EST
LOG:  checkpoint record is at 0/C05570
LOG:  redo record is at 0/C05570; undo record is at 0/0; shutdown TRUE
LOG:  next transaction ID: 39608; next OID: 22147
LOG:  database system is ready

POSTGRES backend interactive interface 
$Revision: 1.375.2.5 $ $Date: 2005/12/14 17:07:00 $

backend> LOG:  QUERY STATISTICS
DETAIL:  ! system usage stats:
	!	0.037336 elapsed 0.000901 user 0.000901 system sec
	!	[0.003025 user 0.003025 sys total]
	!	0/0 [0/56] filesystem blocks in/out
	!	48/61 [94/442] page faults/reclaims, 0 [0] swaps
	!	0 [0] signals rcvd, 0/0 [0/0] messages rcvd/sent
	!	36/1 [86/2] voluntary/involuntary context switches
	! buffer usage stats:
	!	Shared blocks:        101 read,          0 written, buffer hit rate = 65.17%
	!	Local  blocks:          0 read,          0 written, buffer hit rate = 0.00%
	!	Direct blocks:          0 read,          0 written
	 1: count	(typeid = 20, len = 8, typmod = -1, byval = f)
	----
	 1: count = "31"	(typeid = 20, len = 8, typmod = -1, byval = f)
	----
backend> LOG:  shutting down
LOG:  database system is shut down
