LOG:  database system was shut down at 2024-02-09 18:59:53 EST
LOG:  checkpoint record is at 0/C033E8
LOG:  redo record is at 0/C033E8; undo record is at 0/0; shutdown TRUE
LOG:  next transaction ID: 39370; next OID: 22147
LOG:  database system is ready

POSTGRES backend interactive interface 
$Revision: 1.375.2.5 $ $Date: 2005/12/14 17:07:00 $

backend> LOG:  QUERY STATISTICS
DETAIL:  ! system usage stats:
	!	0.034083 elapsed 0.003692 user 0.000000 system sec
	!	[0.007858 user 0.000000 sys total]
	!	0/0 [0/56] filesystem blocks in/out
	!	69/52 [116/437] page faults/reclaims, 0 [0] swaps
	!	0 [0] signals rcvd, 0/0 [0/0] messages rcvd/sent
	!	32/1 [81/6] voluntary/involuntary context switches
	! buffer usage stats:
	!	Shared blocks:        122 read,          0 written, buffer hit rate = 48.31%
	!	Local  blocks:          0 read,          0 written, buffer hit rate = 0.00%
	!	Direct blocks:          0 read,          0 written
	 1: count	(typeid = 20, len = 8, typmod = -1, byval = f)
	----
	 1: count = "2175"	(typeid = 20, len = 8, typmod = -1, byval = f)
	----
backend> LOG:  shutting down
LOG:  database system is shut down
LOG:  database system was shut down at 2024-02-09 18:59:53 EST
LOG:  checkpoint record is at 0/C03430
LOG:  redo record is at 0/C03430; undo record is at 0/0; shutdown TRUE
LOG:  next transaction ID: 39372; next OID: 22147
LOG:  database system is ready

POSTGRES backend interactive interface 
$Revision: 1.375.2.5 $ $Date: 2005/12/14 17:07:00 $

backend> LOG:  QUERY STATISTICS
DETAIL:  ! system usage stats:
	!	0.035902 elapsed 0.005107 user 0.000000 system sec
	!	[0.009362 user 0.000000 sys total]
	!	0/0 [0/56] filesystem blocks in/out
	!	69/54 [116/436] page faults/reclaims, 0 [0] swaps
	!	0 [0] signals rcvd, 0/0 [0/0] messages rcvd/sent
	!	29/3 [78/5] voluntary/involuntary context switches
	! buffer usage stats:
	!	Shared blocks:        125 read,          0 written, buffer hit rate = 52.29%
	!	Local  blocks:          0 read,          0 written, buffer hit rate = 0.00%
	!	Direct blocks:          0 read,          0 written
	 1: count	(typeid = 20, len = 8, typmod = -1, byval = f)
	----
	 1: count = "1051"	(typeid = 20, len = 8, typmod = -1, byval = f)
	----
backend> LOG:  shutting down
LOG:  database system is shut down
LOG:  database system was shut down at 2024-02-09 18:59:53 EST
LOG:  checkpoint record is at 0/C03478
LOG:  redo record is at 0/C03478; undo record is at 0/0; shutdown TRUE
LOG:  next transaction ID: 39374; next OID: 22147
LOG:  database system is ready

POSTGRES backend interactive interface 
$Revision: 1.375.2.5 $ $Date: 2005/12/14 17:07:00 $

backend> LOG:  QUERY STATISTICS
DETAIL:  ! system usage stats:
	!	0.034947 elapsed 0.003869 user 0.000830 system sec
	!	[0.006078 user 0.003039 sys total]
	!	0/0 [0/56] filesystem blocks in/out
	!	69/59 [116/442] page faults/reclaims, 0 [0] swaps
	!	0 [0] signals rcvd, 0/0 [0/0] messages rcvd/sent
	!	31/1 [80/3] voluntary/involuntary context switches
	! buffer usage stats:
	!	Shared blocks:        123 read,          0 written, buffer hit rate = 56.84%
	!	Local  blocks:          0 read,          0 written, buffer hit rate = 0.00%
	!	Direct blocks:          0 read,          0 written
	 1: count	(typeid = 20, len = 8, typmod = -1, byval = f)
	----
	 1: count = "541"	(typeid = 20, len = 8, typmod = -1, byval = f)
	----
backend> LOG:  shutting down
LOG:  database system is shut down
LOG:  database system was shut down at 2024-02-09 18:59:53 EST
LOG:  checkpoint record is at 0/C034C0
LOG:  redo record is at 0/C034C0; undo record is at 0/0; shutdown TRUE
LOG:  next transaction ID: 39376; next OID: 22147
LOG:  database system is ready

POSTGRES backend interactive interface 
$Revision: 1.375.2.5 $ $Date: 2005/12/14 17:07:00 $

backend> LOG:  QUERY STATISTICS
DETAIL:  ! system usage stats:
	!	0.036382 elapsed 0.005520 user 0.000000 system sec
	!	[0.010281 user 0.000000 sys total]
	!	0/0 [0/56] filesystem blocks in/out
	!	69/58 [116/443] page faults/reclaims, 0 [0] swaps
	!	0 [0] signals rcvd, 0/0 [0/0] messages rcvd/sent
	!	31/0 [80/2] voluntary/involuntary context switches
	! buffer usage stats:
	!	Shared blocks:        125 read,          0 written, buffer hit rate = 58.05%
	!	Local  blocks:          0 read,          0 written, buffer hit rate = 0.00%
	!	Direct blocks:          0 read,          0 written
	 1: count	(typeid = 20, len = 8, typmod = -1, byval = f)
	----
	 1: count = "1326"	(typeid = 20, len = 8, typmod = -1, byval = f)
	----
backend> LOG:  shutting down
LOG:  database system is shut down
LOG:  database system was shut down at 2024-02-09 18:59:53 EST
LOG:  checkpoint record is at 0/C03508
LOG:  redo record is at 0/C03508; undo record is at 0/0; shutdown TRUE
LOG:  next transaction ID: 39378; next OID: 22147
LOG:  database system is ready

POSTGRES backend interactive interface 
$Revision: 1.375.2.5 $ $Date: 2005/12/14 17:07:00 $

backend> LOG:  QUERY STATISTICS
DETAIL:  ! system usage stats:
	!	0.035004 elapsed 0.005662 user 0.000000 system sec
	!	[0.010368 user 0.000000 sys total]
	!	0/0 [0/56] filesystem blocks in/out
	!	69/57 [116/438] page faults/reclaims, 0 [0] swaps
	!	0 [0] signals rcvd, 0/0 [0/0] messages rcvd/sent
	!	29/5 [78/8] voluntary/involuntary context switches
	! buffer usage stats:
	!	Shared blocks:        123 read,          0 written, buffer hit rate = 53.76%
	!	Local  blocks:          0 read,          0 written, buffer hit rate = 0.00%
	!	Direct blocks:          0 read,          0 written
	 1: count	(typeid = 20, len = 8, typmod = -1, byval = f)
	----
	 1: count = "340"	(typeid = 20, len = 8, typmod = -1, byval = f)
	----
backend> LOG:  shutting down
LOG:  database system is shut down
LOG:  database system was shut down at 2024-02-09 18:59:54 EST
LOG:  checkpoint record is at 0/C03550
LOG:  redo record is at 0/C03550; undo record is at 0/0; shutdown TRUE
LOG:  next transaction ID: 39380; next OID: 22147
LOG:  database system is ready

POSTGRES backend interactive interface 
$Revision: 1.375.2.5 $ $Date: 2005/12/14 17:07:00 $

backend> LOG:  QUERY STATISTICS
DETAIL:  ! system usage stats:
	!	0.035912 elapsed 0.003051 user 0.001853 system sec
	!	[0.003051 user 0.006102 sys total]
	!	0/0 [0/56] filesystem blocks in/out
	!	69/60 [116/442] page faults/reclaims, 0 [0] swaps
	!	0 [0] signals rcvd, 0/0 [0/0] messages rcvd/sent
	!	31/1 [80/6] voluntary/involuntary context switches
	! buffer usage stats:
	!	Shared blocks:        125 read,          0 written, buffer hit rate = 57.19%
	!	Local  blocks:          0 read,          0 written, buffer hit rate = 0.00%
	!	Direct blocks:          0 read,          0 written
	 1: count	(typeid = 20, len = 8, typmod = -1, byval = f)
	----
	 1: count = "1794"	(typeid = 20, len = 8, typmod = -1, byval = f)
	----
backend> LOG:  shutting down
LOG:  database system is shut down
LOG:  database system was shut down at 2024-02-09 18:59:54 EST
LOG:  checkpoint record is at 0/C03598
LOG:  redo record is at 0/C03598; undo record is at 0/0; shutdown TRUE
LOG:  next transaction ID: 39382; next OID: 22147
LOG:  database system is ready

POSTGRES backend interactive interface 
$Revision: 1.375.2.5 $ $Date: 2005/12/14 17:07:00 $

backend> LOG:  QUERY STATISTICS
DETAIL:  ! system usage stats:
	!	0.034361 elapsed 0.002627 user 0.001012 system sec
	!	[0.002627 user 0.005255 sys total]
	!	0/0 [0/56] filesystem blocks in/out
	!	69/52 [116/433] page faults/reclaims, 0 [0] swaps
	!	0 [0] signals rcvd, 0/0 [0/0] messages rcvd/sent
	!	31/0 [79/2] voluntary/involuntary context switches
	! buffer usage stats:
	!	Shared blocks:        122 read,          0 written, buffer hit rate = 48.31%
	!	Local  blocks:          0 read,          0 written, buffer hit rate = 0.00%
	!	Direct blocks:          0 read,          0 written
	 1: count	(typeid = 20, len = 8, typmod = -1, byval = f)
	----
	 1: count = "729"	(typeid = 20, len = 8, typmod = -1, byval = f)
	----
backend> LOG:  shutting down
LOG:  database system is shut down
LOG:  database system was shut down at 2024-02-09 18:59:54 EST
LOG:  checkpoint record is at 0/C035E0
LOG:  redo record is at 0/C035E0; undo record is at 0/0; shutdown TRUE
LOG:  next transaction ID: 39384; next OID: 22147
LOG:  database system is ready

POSTGRES backend interactive interface 
$Revision: 1.375.2.5 $ $Date: 2005/12/14 17:07:00 $

backend> LOG:  QUERY STATISTICS
DETAIL:  ! system usage stats:
	!	0.036380 elapsed 0.000143 user 0.004416 system sec
	!	[0.004416 user 0.004416 sys total]
	!	0/0 [0/64] filesystem blocks in/out
	!	69/62 [116/444] page faults/reclaims, 0 [0] swaps
	!	0 [0] signals rcvd, 0/0 [0/0] messages rcvd/sent
	!	31/2 [80/4] voluntary/involuntary context switches
	! buffer usage stats:
	!	Shared blocks:        123 read,          0 written, buffer hit rate = 56.84%
	!	Local  blocks:          0 read,          0 written, buffer hit rate = 0.00%
	!	Direct blocks:          0 read,          0 written
	 1: count	(typeid = 20, len = 8, typmod = -1, byval = f)
	----
	 1: count = "579"	(typeid = 20, len = 8, typmod = -1, byval = f)
	----
backend> LOG:  shutting down
LOG:  database system is shut down
LOG:  database system was shut down at 2024-02-09 18:59:54 EST
LOG:  checkpoint record is at 0/C03628
LOG:  redo record is at 0/C03628; undo record is at 0/0; shutdown TRUE
LOG:  next transaction ID: 39386; next OID: 22147
LOG:  database system is ready

POSTGRES backend interactive interface 
$Revision: 1.375.2.5 $ $Date: 2005/12/14 17:07:00 $

backend> LOG:  QUERY STATISTICS
DETAIL:  ! system usage stats:
	!	0.036055 elapsed 0.004688 user 0.000410 system sec
	!	[0.004688 user 0.004688 sys total]
	!	0/0 [0/56] filesystem blocks in/out
	!	69/57 [116/443] page faults/reclaims, 0 [0] swaps
	!	0 [0] signals rcvd, 0/0 [0/0] messages rcvd/sent
	!	31/0 [81/1] voluntary/involuntary context switches
	! buffer usage stats:
	!	Shared blocks:        125 read,          0 written, buffer hit rate = 57.19%
	!	Local  blocks:          0 read,          0 written, buffer hit rate = 0.00%
	!	Direct blocks:          0 read,          0 written
	 1: count	(typeid = 20, len = 8, typmod = -1, byval = f)
	----
	 1: count = "2479"	(typeid = 20, len = 8, typmod = -1, byval = f)
	----
backend> LOG:  shutting down
LOG:  database system is shut down
LOG:  database system was shut down at 2024-02-09 18:59:54 EST
LOG:  checkpoint record is at 0/C03670
LOG:  redo record is at 0/C03670; undo record is at 0/0; shutdown TRUE
LOG:  next transaction ID: 39388; next OID: 22147
LOG:  database system is ready

POSTGRES backend interactive interface 
$Revision: 1.375.2.5 $ $Date: 2005/12/14 17:07:00 $

backend> LOG:  QUERY STATISTICS
DETAIL:  ! system usage stats:
	!	0.035943 elapsed 0.001353 user 0.003516 system sec
	!	[0.007032 user 0.003516 sys total]
	!	0/0 [0/56] filesystem blocks in/out
	!	69/58 [116/441] page faults/reclaims, 0 [0] swaps
	!	0 [0] signals rcvd, 0/0 [0/0] messages rcvd/sent
	!	31/0 [81/3] voluntary/involuntary context switches
	! buffer usage stats:
	!	Shared blocks:        125 read,          0 written, buffer hit rate = 56.29%
	!	Local  blocks:          0 read,          0 written, buffer hit rate = 0.00%
	!	Direct blocks:          0 read,          0 written
	 1: count	(typeid = 20, len = 8, typmod = -1, byval = f)
	----
	 1: count = "1473"	(typeid = 20, len = 8, typmod = -1, byval = f)
	----
backend> LOG:  shutting down
LOG:  database system is shut down
