LOG:  database system was shut down at 2024-02-09 18:59:56 EST
LOG:  checkpoint record is at 0/C03988
LOG:  redo record is at 0/C03988; undo record is at 0/0; shutdown TRUE
LOG:  next transaction ID: 39410; next OID: 22147
LOG:  database system is ready

POSTGRES backend interactive interface 
$Revision: 1.375.2.5 $ $Date: 2005/12/14 17:07:00 $

backend> LOG:  QUERY STATISTICS
DETAIL:  ! system usage stats:
	!	0.035559 elapsed 0.001949 user 0.001949 system sec
	!	[0.003957 user 0.003957 sys total]
	!	0/0 [0/56] filesystem blocks in/out
	!	112/52 [160/434] page faults/reclaims, 0 [0] swaps
	!	0 [0] signals rcvd, 0/0 [0/0] messages rcvd/sent
	!	31/2 [80/3] voluntary/involuntary context switches
	! buffer usage stats:
	!	Shared blocks:        110 read,          0 written, buffer hit rate = 53.39%
	!	Local  blocks:          0 read,          0 written, buffer hit rate = 0.00%
	!	Direct blocks:          0 read,          0 written
	 1: count	(typeid = 20, len = 8, typmod = -1, byval = f)
	----
	 1: count = "2175"	(typeid = 20, len = 8, typmod = -1, byval = f)
	----
backend> LOG:  shutting down
LOG:  database system is shut down
LOG:  database system was shut down at 2024-02-09 18:59:56 EST
LOG:  checkpoint record is at 0/C039D0
LOG:  redo record is at 0/C039D0; undo record is at 0/0; shutdown TRUE
LOG:  next transaction ID: 39412; next OID: 22147
LOG:  database system is ready

POSTGRES backend interactive interface 
$Revision: 1.375.2.5 $ $Date: 2005/12/14 17:07:00 $

backend> LOG:  QUERY STATISTICS
DETAIL:  ! system usage stats:
	!	0.042263 elapsed 0.005120 user 0.000000 system sec
	!	[0.009359 user 0.000000 sys total]
	!	0/0 [0/56] filesystem blocks in/out
	!	112/54 [160/437] page faults/reclaims, 0 [0] swaps
	!	0 [0] signals rcvd, 0/0 [0/0] messages rcvd/sent
	!	29/8 [78/13] voluntary/involuntary context switches
	! buffer usage stats:
	!	Shared blocks:        115 read,          0 written, buffer hit rate = 56.11%
	!	Local  blocks:          0 read,          0 written, buffer hit rate = 0.00%
	!	Direct blocks:          0 read,          0 written
	 1: count	(typeid = 20, len = 8, typmod = -1, byval = f)
	----
	 1: count = "1051"	(typeid = 20, len = 8, typmod = -1, byval = f)
	----
backend> LOG:  shutting down
LOG:  database system is shut down
LOG:  database system was shut down at 2024-02-09 18:59:56 EST
LOG:  checkpoint record is at 0/C03A18
LOG:  redo record is at 0/C03A18; undo record is at 0/0; shutdown TRUE
LOG:  next transaction ID: 39414; next OID: 22147
LOG:  database system is ready

POSTGRES backend interactive interface 
$Revision: 1.375.2.5 $ $Date: 2005/12/14 17:07:00 $

backend> LOG:  QUERY STATISTICS
DETAIL:  ! system usage stats:
	!	0.043227 elapsed 0.004377 user 0.000275 system sec
	!	[0.004377 user 0.004377 sys total]
	!	0/0 [0/64] filesystem blocks in/out
	!	112/59 [160/443] page faults/reclaims, 0 [0] swaps
	!	0 [0] signals rcvd, 0/0 [0/0] messages rcvd/sent
	!	31/0 [82/13] voluntary/involuntary context switches
	! buffer usage stats:
	!	Shared blocks:        112 read,          0 written, buffer hit rate = 60.70%
	!	Local  blocks:          0 read,          0 written, buffer hit rate = 0.00%
	!	Direct blocks:          0 read,          0 written
	 1: count	(typeid = 20, len = 8, typmod = -1, byval = f)
	----
	 1: count = "541"	(typeid = 20, len = 8, typmod = -1, byval = f)
	----
backend> LOG:  shutting down
LOG:  database system is shut down
LOG:  database system was shut down at 2024-02-09 18:59:56 EST
LOG:  checkpoint record is at 0/C03A60
LOG:  redo record is at 0/C03A60; undo record is at 0/0; shutdown TRUE
LOG:  next transaction ID: 39416; next OID: 22147
LOG:  database system is ready

POSTGRES backend interactive interface 
$Revision: 1.375.2.5 $ $Date: 2005/12/14 17:07:00 $

backend> LOG:  QUERY STATISTICS
DETAIL:  ! system usage stats:
	!	0.035374 elapsed 0.005037 user 0.000000 system sec
	!	[0.009086 user 0.000000 sys total]
	!	0/0 [0/56] filesystem blocks in/out
	!	112/60 [160/444] page faults/reclaims, 0 [0] swaps
	!	0 [0] signals rcvd, 0/0 [0/0] messages rcvd/sent
	!	31/2 [81/5] voluntary/involuntary context switches
	! buffer usage stats:
	!	Shared blocks:        115 read,          0 written, buffer hit rate = 61.41%
	!	Local  blocks:          0 read,          0 written, buffer hit rate = 0.00%
	!	Direct blocks:          0 read,          0 written
	 1: count	(typeid = 20, len = 8, typmod = -1, byval = f)
	----
	 1: count = "1326"	(typeid = 20, len = 8, typmod = -1, byval = f)
	----
backend> LOG:  shutting down
LOG:  database system is shut down
LOG:  database system was shut down at 2024-02-09 18:59:56 EST
LOG:  checkpoint record is at 0/C03AA8
LOG:  redo record is at 0/C03AA8; undo record is at 0/0; shutdown TRUE
LOG:  next transaction ID: 39418; next OID: 22147
LOG:  database system is ready

POSTGRES backend interactive interface 
$Revision: 1.375.2.5 $ $Date: 2005/12/14 17:07:00 $

backend> LOG:  QUERY STATISTICS
DETAIL:  ! system usage stats:
	!	0.034193 elapsed 0.004760 user 0.000668 system sec
	!	[0.004760 user 0.004760 sys total]
	!	0/0 [0/56] filesystem blocks in/out
	!	112/55 [160/442] page faults/reclaims, 0 [0] swaps
	!	0 [0] signals rcvd, 0/0 [0/0] messages rcvd/sent
	!	29/7 [77/12] voluntary/involuntary context switches
	! buffer usage stats:
	!	Shared blocks:        115 read,          0 written, buffer hit rate = 56.77%
	!	Local  blocks:          0 read,          0 written, buffer hit rate = 0.00%
	!	Direct blocks:          0 read,          0 written
	 1: count	(typeid = 20, len = 8, typmod = -1, byval = f)
	----
	 1: count = "340"	(typeid = 20, len = 8, typmod = -1, byval = f)
	----
backend> LOG:  shutting down
LOG:  database system is shut down
LOG:  database system was shut down at 2024-02-09 18:59:56 EST
LOG:  checkpoint record is at 0/C03AF0
LOG:  redo record is at 0/C03AF0; undo record is at 0/0; shutdown TRUE
LOG:  next transaction ID: 39420; next OID: 22147
LOG:  database system is ready

POSTGRES backend interactive interface 
$Revision: 1.375.2.5 $ $Date: 2005/12/14 17:07:00 $

backend> LOG:  QUERY STATISTICS
DETAIL:  ! system usage stats:
	!	0.039166 elapsed 0.004536 user 0.000447 system sec
	!	[0.004536 user 0.004536 sys total]
	!	0/0 [0/64] filesystem blocks in/out
	!	112/59 [160/442] page faults/reclaims, 0 [0] swaps
	!	0 [0] signals rcvd, 0/0 [0/0] messages rcvd/sent
	!	31/1 [82/11] voluntary/involuntary context switches
	! buffer usage stats:
	!	Shared blocks:        115 read,          0 written, buffer hit rate = 60.62%
	!	Local  blocks:          0 read,          0 written, buffer hit rate = 0.00%
	!	Direct blocks:          0 read,          0 written
	 1: count	(typeid = 20, len = 8, typmod = -1, byval = f)
	----
	 1: count = "1794"	(typeid = 20, len = 8, typmod = -1, byval = f)
	----
backend> LOG:  shutting down
LOG:  database system is shut down
LOG:  database system was shut down at 2024-02-09 18:59:56 EST
LOG:  checkpoint record is at 0/C03B38
LOG:  redo record is at 0/C03B38; undo record is at 0/0; shutdown TRUE
LOG:  next transaction ID: 39422; next OID: 22147
LOG:  database system is ready

POSTGRES backend interactive interface 
$Revision: 1.375.2.5 $ $Date: 2005/12/14 17:07:00 $

backend> LOG:  QUERY STATISTICS
DETAIL:  ! system usage stats:
	!	0.033101 elapsed 0.001285 user 0.002873 system sec
	!	[0.005746 user 0.002873 sys total]
	!	0/0 [0/64] filesystem blocks in/out
	!	112/51 [160/435] page faults/reclaims, 0 [0] swaps
	!	0 [0] signals rcvd, 0/0 [0/0] messages rcvd/sent
	!	31/0 [82/6] voluntary/involuntary context switches
	! buffer usage stats:
	!	Shared blocks:        110 read,          0 written, buffer hit rate = 53.39%
	!	Local  blocks:          0 read,          0 written, buffer hit rate = 0.00%
	!	Direct blocks:          0 read,          0 written
	 1: count	(typeid = 20, len = 8, typmod = -1, byval = f)
	----
	 1: count = "729"	(typeid = 20, len = 8, typmod = -1, byval = f)
	----
backend> LOG:  shutting down
LOG:  database system is shut down
LOG:  database system was shut down at 2024-02-09 18:59:57 EST
LOG:  checkpoint record is at 0/C03B80
LOG:  redo record is at 0/C03B80; undo record is at 0/0; shutdown TRUE
LOG:  next transaction ID: 39424; next OID: 22147
LOG:  database system is ready

POSTGRES backend interactive interface 
$Revision: 1.375.2.5 $ $Date: 2005/12/14 17:07:00 $

backend> LOG:  QUERY STATISTICS
DETAIL:  ! system usage stats:
	!	0.033480 elapsed 0.004253 user 0.000000 system sec
	!	[0.008659 user 0.000000 sys total]
	!	0/0 [0/64] filesystem blocks in/out
	!	112/58 [160/443] page faults/reclaims, 0 [0] swaps
	!	0 [0] signals rcvd, 0/0 [0/0] messages rcvd/sent
	!	31/1 [80/2] voluntary/involuntary context switches
	! buffer usage stats:
	!	Shared blocks:        112 read,          0 written, buffer hit rate = 60.70%
	!	Local  blocks:          0 read,          0 written, buffer hit rate = 0.00%
	!	Direct blocks:          0 read,          0 written
	 1: count	(typeid = 20, len = 8, typmod = -1, byval = f)
	----
	 1: count = "579"	(typeid = 20, len = 8, typmod = -1, byval = f)
	----
backend> LOG:  shutting down
LOG:  database system is shut down
LOG:  database system was shut down at 2024-02-09 18:59:57 EST
LOG:  checkpoint record is at 0/C03BC8
LOG:  redo record is at 0/C03BC8; undo record is at 0/0; shutdown TRUE
LOG:  next transaction ID: 39426; next OID: 22147
LOG:  database system is ready

POSTGRES backend interactive interface 
$Revision: 1.375.2.5 $ $Date: 2005/12/14 17:07:00 $

backend> LOG:  QUERY STATISTICS
DETAIL:  ! system usage stats:
	!	0.033973 elapsed 0.002321 user 0.002676 system sec
	!	[0.002321 user 0.006965 sys total]
	!	0/0 [0/56] filesystem blocks in/out
	!	112/57 [160/442] page faults/reclaims, 0 [0] swaps
	!	0 [0] signals rcvd, 0/0 [0/0] messages rcvd/sent
	!	31/2 [79/4] voluntary/involuntary context switches
	! buffer usage stats:
	!	Shared blocks:        115 read,          0 written, buffer hit rate = 60.62%
	!	Local  blocks:          0 read,          0 written, buffer hit rate = 0.00%
	!	Direct blocks:          0 read,          0 written
	 1: count	(typeid = 20, len = 8, typmod = -1, byval = f)
	----
	 1: count = "2479"	(typeid = 20, len = 8, typmod = -1, byval = f)
	----
backend> LOG:  shutting down
LOG:  database system is shut down
LOG:  database system was shut down at 2024-02-09 18:59:57 EST
LOG:  checkpoint record is at 0/C03C10
LOG:  redo record is at 0/C03C10; undo record is at 0/0; shutdown TRUE
LOG:  next transaction ID: 39428; next OID: 22147
LOG:  database system is ready

POSTGRES backend interactive interface 
$Revision: 1.375.2.5 $ $Date: 2005/12/14 17:07:00 $

backend> LOG:  QUERY STATISTICS
DETAIL:  ! system usage stats:
	!	0.036446 elapsed 0.004770 user 0.000000 system sec
	!	[0.009004 user 0.000000 sys total]
	!	0/0 [0/56] filesystem blocks in/out
	!	112/59 [160/445] page faults/reclaims, 0 [0] swaps
	!	0 [0] signals rcvd, 0/0 [0/0] messages rcvd/sent
	!	31/0 [80/2] voluntary/involuntary context switches
	! buffer usage stats:
	!	Shared blocks:        115 read,          0 written, buffer hit rate = 59.79%
	!	Local  blocks:          0 read,          0 written, buffer hit rate = 0.00%
	!	Direct blocks:          0 read,          0 written
	 1: count	(typeid = 20, len = 8, typmod = -1, byval = f)
	----
	 1: count = "1473"	(typeid = 20, len = 8, typmod = -1, byval = f)
	----
backend> LOG:  shutting down
LOG:  database system is shut down
