LOG:  database system was shut down at 2024-02-09 19:00:17 EST
LOG:  checkpoint record is at 0/C05E28
LOG:  redo record is at 0/C05E28; undo record is at 0/0; shutdown TRUE
LOG:  next transaction ID: 39670; next OID: 22147
LOG:  database system is ready

POSTGRES backend interactive interface 
$Revision: 1.375.2.5 $ $Date: 2005/12/14 17:07:00 $

backend> LOG:  QUERY STATISTICS
DETAIL:  ! system usage stats:
	!	0.037146 elapsed 0.000000 user 0.001796 system sec
	!	[0.000000 user 0.006182 sys total]
	!	0/0 [0/56] filesystem blocks in/out
	!	114/62 [162/445] page faults/reclaims, 0 [0] swaps
	!	0 [0] signals rcvd, 0/0 [0/0] messages rcvd/sent
	!	35/0 [84/3] voluntary/involuntary context switches
	! buffer usage stats:
	!	Shared blocks:         85 read,          0 written, buffer hit rate = 71.57%
	!	Local  blocks:          0 read,          0 written, buffer hit rate = 0.00%
	!	Direct blocks:          0 read,          0 written
	 1: count	(typeid = 20, len = 8, typmod = -1, byval = f)
	----
	 1: count = "41"	(typeid = 20, len = 8, typmod = -1, byval = f)
	----
backend> LOG:  shutting down
LOG:  database system is shut down
LOG:  database system was shut down at 2024-02-09 19:00:17 EST
LOG:  checkpoint record is at 0/C05E70
LOG:  redo record is at 0/C05E70; undo record is at 0/0; shutdown TRUE
LOG:  next transaction ID: 39672; next OID: 22147
LOG:  database system is ready

POSTGRES backend interactive interface 
$Revision: 1.375.2.5 $ $Date: 2005/12/14 17:07:00 $

backend> LOG:  QUERY STATISTICS
DETAIL:  ! system usage stats:
	!	0.034403 elapsed 0.004382 user 0.000284 system sec
	!	[0.004382 user 0.004382 sys total]
	!	0/0 [0/56] filesystem blocks in/out
	!	114/54 [162/438] page faults/reclaims, 0 [0] swaps
	!	0 [0] signals rcvd, 0/0 [0/0] messages rcvd/sent
	!	29/0 [78/1] voluntary/involuntary context switches
	! buffer usage stats:
	!	Shared blocks:        115 read,          0 written, buffer hit rate = 55.43%
	!	Local  blocks:          0 read,          0 written, buffer hit rate = 0.00%
	!	Direct blocks:          0 read,          0 written
	 1: count	(typeid = 20, len = 8, typmod = -1, byval = f)
	----
	 1: count = "50"	(typeid = 20, len = 8, typmod = -1, byval = f)
	----
backend> LOG:  shutting down
LOG:  database system is shut down
LOG:  database system was shut down at 2024-02-09 19:00:17 EST
LOG:  checkpoint record is at 0/C05EB8
LOG:  redo record is at 0/C05EB8; undo record is at 0/0; shutdown TRUE
LOG:  next transaction ID: 39674; next OID: 22147
LOG:  database system is ready

POSTGRES backend interactive interface 
$Revision: 1.375.2.5 $ $Date: 2005/12/14 17:07:00 $

backend> LOG:  QUERY STATISTICS
DETAIL:  ! system usage stats:
	!	0.038533 elapsed 0.000000 user 0.001919 system sec
	!	[0.000000 user 0.006056 sys total]
	!	0/0 [0/56] filesystem blocks in/out
	!	114/61 [162/444] page faults/reclaims, 0 [0] swaps
	!	0 [0] signals rcvd, 0/0 [0/0] messages rcvd/sent
	!	35/1 [84/7] voluntary/involuntary context switches
	! buffer usage stats:
	!	Shared blocks:         91 read,          0 written, buffer hit rate = 74.58%
	!	Local  blocks:          0 read,          0 written, buffer hit rate = 0.00%
	!	Direct blocks:          0 read,          0 written
	 1: count	(typeid = 20, len = 8, typmod = -1, byval = f)
	----
	 1: count = "99"	(typeid = 20, len = 8, typmod = -1, byval = f)
	----
backend> LOG:  shutting down
LOG:  database system is shut down
LOG:  database system was shut down at 2024-02-09 19:00:17 EST
LOG:  checkpoint record is at 0/C05F00
LOG:  redo record is at 0/C05F00; undo record is at 0/0; shutdown TRUE
LOG:  next transaction ID: 39676; next OID: 22147
LOG:  database system is ready

POSTGRES backend interactive interface 
$Revision: 1.375.2.5 $ $Date: 2005/12/14 17:07:00 $

backend> LOG:  QUERY STATISTICS
DETAIL:  ! system usage stats:
	!	0.039402 elapsed 0.002288 user 0.000000 system sec
	!	[0.006430 user 0.000000 sys total]
	!	0/0 [0/56] filesystem blocks in/out
	!	114/59 [162/440] page faults/reclaims, 0 [0] swaps
	!	0 [0] signals rcvd, 0/0 [0/0] messages rcvd/sent
	!	35/4 [85/6] voluntary/involuntary context switches
	! buffer usage stats:
	!	Shared blocks:         94 read,          0 written, buffer hit rate = 92.55%
	!	Local  blocks:          0 read,          0 written, buffer hit rate = 0.00%
	!	Direct blocks:          0 read,          0 written
	 1: count	(typeid = 20, len = 8, typmod = -1, byval = f)
	----
	 1: count = "1000"	(typeid = 20, len = 8, typmod = -1, byval = f)
	----
backend> LOG:  shutting down
LOG:  database system is shut down
LOG:  database system was shut down at 2024-02-09 19:00:17 EST
LOG:  checkpoint record is at 0/C05F48
LOG:  redo record is at 0/C05F48; undo record is at 0/0; shutdown TRUE
LOG:  next transaction ID: 39678; next OID: 22147
LOG:  database system is ready

POSTGRES backend interactive interface 
$Revision: 1.375.2.5 $ $Date: 2005/12/14 17:07:00 $

backend> LOG:  QUERY STATISTICS
DETAIL:  ! system usage stats:
	!	0.035147 elapsed 0.004616 user 0.000000 system sec
	!	[0.008698 user 0.000000 sys total]
	!	0/0 [0/64] filesystem blocks in/out
	!	114/53 [162/435] page faults/reclaims, 0 [0] swaps
	!	0 [0] signals rcvd, 0/0 [0/0] messages rcvd/sent
	!	29/0 [79/6] voluntary/involuntary context switches
	! buffer usage stats:
	!	Shared blocks:        115 read,          0 written, buffer hit rate = 55.43%
	!	Local  blocks:          0 read,          0 written, buffer hit rate = 0.00%
	!	Direct blocks:          0 read,          0 written
	 1: count	(typeid = 20, len = 8, typmod = -1, byval = f)
	----
	 1: count = "2500"	(typeid = 20, len = 8, typmod = -1, byval = f)
	----
backend> LOG:  shutting down
LOG:  database system is shut down
LOG:  database system was shut down at 2024-02-09 19:00:17 EST
LOG:  checkpoint record is at 0/C05F90
LOG:  redo record is at 0/C05F90; undo record is at 0/0; shutdown TRUE
LOG:  next transaction ID: 39680; next OID: 22147
LOG:  database system is ready

POSTGRES backend interactive interface 
$Revision: 1.375.2.5 $ $Date: 2005/12/14 17:07:00 $

backend> LOG:  QUERY STATISTICS
DETAIL:  ! system usage stats:
	!	0.041261 elapsed 0.000363 user 0.004710 system sec
	!	[0.004710 user 0.004710 sys total]
	!	0/0 [0/64] filesystem blocks in/out
	!	114/58 [162/441] page faults/reclaims, 0 [0] swaps
	!	0 [0] signals rcvd, 0/0 [0/0] messages rcvd/sent
	!	33/2 [84/11] voluntary/involuntary context switches
	! buffer usage stats:
	!	Shared blocks:        118 read,          0 written, buffer hit rate = 59.03%
	!	Local  blocks:          0 read,          0 written, buffer hit rate = 0.00%
	!	Direct blocks:          0 read,          0 written
	 1: count	(typeid = 20, len = 8, typmod = -1, byval = f)
	----
	 1: count = "999"	(typeid = 20, len = 8, typmod = -1, byval = f)
	----
backend> LOG:  shutting down
LOG:  database system is shut down
LOG:  database system was shut down at 2024-02-09 19:00:17 EST
LOG:  checkpoint record is at 0/C05FD8
LOG:  redo record is at 0/C05FD8; undo record is at 0/0; shutdown TRUE
LOG:  next transaction ID: 39682; next OID: 22147
LOG:  database system is ready

POSTGRES backend interactive interface 
$Revision: 1.375.2.5 $ $Date: 2005/12/14 17:07:00 $

backend> LOG:  QUERY STATISTICS
DETAIL:  ! system usage stats:
	!	0.037054 elapsed 0.001993 user 0.000000 system sec
	!	[0.006086 user 0.000000 sys total]
	!	0/0 [0/64] filesystem blocks in/out
	!	114/61 [162/446] page faults/reclaims, 0 [0] swaps
	!	0 [0] signals rcvd, 0/0 [0/0] messages rcvd/sent
	!	35/1 [85/17] voluntary/involuntary context switches
	! buffer usage stats:
	!	Shared blocks:         88 read,          0 written, buffer hit rate = 84.29%
	!	Local  blocks:          0 read,          0 written, buffer hit rate = 0.00%
	!	Direct blocks:          0 read,          0 written
	 1: count	(typeid = 20, len = 8, typmod = -1, byval = f)
	----
	 1: count = "301"	(typeid = 20, len = 8, typmod = -1, byval = f)
	----
backend> LOG:  shutting down
LOG:  database system is shut down
LOG:  database system was shut down at 2024-02-09 19:00:18 EST
LOG:  checkpoint record is at 0/C06038
LOG:  redo record is at 0/C06038; undo record is at 0/0; shutdown TRUE
LOG:  next transaction ID: 39684; next OID: 22147
LOG:  database system is ready

POSTGRES backend interactive interface 
$Revision: 1.375.2.5 $ $Date: 2005/12/14 17:07:00 $

backend> LOG:  QUERY STATISTICS
DETAIL:  ! system usage stats:
	!	0.038509 elapsed 0.001660 user 0.000000 system sec
	!	[0.004433 user 0.001386 sys total]
	!	0/0 [0/72] filesystem blocks in/out
	!	114/59 [162/444] page faults/reclaims, 0 [0] swaps
	!	0 [0] signals rcvd, 0/0 [0/0] messages rcvd/sent
	!	35/0 [86/6] voluntary/involuntary context switches
	! buffer usage stats:
	!	Shared blocks:         86 read,          0 written, buffer hit rate = 76.04%
	!	Local  blocks:          0 read,          0 written, buffer hit rate = 0.00%
	!	Direct blocks:          0 read,          0 written
	 1: count	(typeid = 20, len = 8, typmod = -1, byval = f)
	----
	 1: count = "101"	(typeid = 20, len = 8, typmod = -1, byval = f)
	----
backend> LOG:  shutting down
LOG:  database system is shut down
LOG:  database system was shut down at 2024-02-09 19:00:18 EST
LOG:  checkpoint record is at 0/C06080
LOG:  redo record is at 0/C06080; undo record is at 0/0; shutdown TRUE
LOG:  next transaction ID: 39686; next OID: 22147
LOG:  database system is ready

POSTGRES backend interactive interface 
$Revision: 1.375.2.5 $ $Date: 2005/12/14 17:07:00 $

backend> LOG:  QUERY STATISTICS
DETAIL:  ! system usage stats:
	!	0.036711 elapsed 0.001815 user 0.000000 system sec
	!	[0.005909 user 0.000000 sys total]
	!	0/0 [0/56] filesystem blocks in/out
	!	114/63 [162/444] page faults/reclaims, 0 [0] swaps
	!	0 [0] signals rcvd, 0/0 [0/0] messages rcvd/sent
	!	35/6 [84/12] voluntary/involuntary context switches
	! buffer usage stats:
	!	Shared blocks:         86 read,          0 written, buffer hit rate = 76.04%
	!	Local  blocks:          0 read,          0 written, buffer hit rate = 0.00%
	!	Direct blocks:          0 read,          0 written
	 1: count	(typeid = 20, len = 8, typmod = -1, byval = f)
	----
	 1: count = "101"	(typeid = 20, len = 8, typmod = -1, byval = f)
	----
backend> LOG:  shutting down
LOG:  database system is shut down
LOG:  database system was shut down at 2024-02-09 19:00:18 EST
LOG:  checkpoint record is at 0/C060C8
LOG:  redo record is at 0/C060C8; undo record is at 0/0; shutdown TRUE
LOG:  next transaction ID: 39688; next OID: 22147
LOG:  database system is ready

POSTGRES backend interactive interface 
$Revision: 1.375.2.5 $ $Date: 2005/12/14 17:07:00 $

backend> LOG:  QUERY STATISTICS
DETAIL:  ! system usage stats:
	!	0.036959 elapsed 0.000000 user 0.001808 system sec
	!	[0.000000 user 0.005935 sys total]
	!	0/0 [0/56] filesystem blocks in/out
	!	114/60 [162/445] page faults/reclaims, 0 [0] swaps
	!	0 [0] signals rcvd, 0/0 [0/0] messages rcvd/sent
	!	35/0 [84/8] voluntary/involuntary context switches
	! buffer usage stats:
	!	Shared blocks:         86 read,          0 written, buffer hit rate = 70.34%
	!	Local  blocks:          0 read,          0 written, buffer hit rate = 0.00%
	!	Direct blocks:          0 read,          0 written
	 1: count	(typeid = 20, len = 8, typmod = -1, byval = f)
	----
	 1: count = "31"	(typeid = 20, len = 8, typmod = -1, byval = f)
	----
backend> LOG:  shutting down
LOG:  database system is shut down
