LOG:  database system was shut down at 2024-02-09 15:40:41 EST
LOG:  checkpoint record is at 0/BD3450
LOG:  redo record is at 0/BD3450; undo record is at 0/0; shutdown TRUE
LOG:  next transaction ID: 31568; next OID: 22147
LOG:  database system is ready

POSTGRES backend interactive interface 
$Revision: 1.375.2.5 $ $Date: 2005/12/14 17:07:00 $

backend> LOG:  QUERY STATISTICS
DETAIL:  ! system usage stats:
	!	0.036001 elapsed 0.001044 user 0.001044 system sec
	!	[0.003160 user 0.003160 sys total]
	!	0/0 [0/56] filesystem blocks in/out
	!	168/59 [218/449] page faults/reclaims, 0 [0] swaps
	!	0 [0] signals rcvd, 0/0 [0/0] messages rcvd/sent
	!	35/0 [82/0] voluntary/involuntary context switches
	! buffer usage stats:
	!	Shared blocks:         84 read,          0 written, buffer hit rate = 71.91%
	!	Local  blocks:          0 read,          0 written, buffer hit rate = 0.00%
	!	Direct blocks:          0 read,          0 written
	 1: count	(typeid = 20, len = 8, typmod = -1, byval = f)
	----
	 1: count = "41"	(typeid = 20, len = 8, typmod = -1, byval = f)
	----
backend> LOG:  shutting down
LOG:  database system is shut down
LOG:  database system was shut down at 2024-02-09 15:40:41 EST
LOG:  checkpoint record is at 0/BD3498
LOG:  redo record is at 0/BD3498; undo record is at 0/0; shutdown TRUE
LOG:  next transaction ID: 31570; next OID: 22147
LOG:  database system is ready

POSTGRES backend interactive interface 
$Revision: 1.375.2.5 $ $Date: 2005/12/14 17:07:00 $

backend> LOG:  QUERY STATISTICS
DETAIL:  ! system usage stats:
	!	0.034170 elapsed 0.005059 user 0.000000 system sec
	!	[0.009125 user 0.000000 sys total]
	!	0/0 [0/56] filesystem blocks in/out
	!	225/53 [275/440] page faults/reclaims, 0 [0] swaps
	!	0 [0] signals rcvd, 0/0 [0/0] messages rcvd/sent
	!	29/2 [75/3] voluntary/involuntary context switches
	! buffer usage stats:
	!	Shared blocks:        112 read,          0 written, buffer hit rate = 56.59%
	!	Local  blocks:          0 read,          0 written, buffer hit rate = 0.00%
	!	Direct blocks:          0 read,          0 written
	 1: count	(typeid = 20, len = 8, typmod = -1, byval = f)
	----
	 1: count = "50"	(typeid = 20, len = 8, typmod = -1, byval = f)
	----
backend> LOG:  shutting down
LOG:  database system is shut down
LOG:  database system was shut down at 2024-02-09 15:40:41 EST
LOG:  checkpoint record is at 0/BD34E0
LOG:  redo record is at 0/BD34E0; undo record is at 0/0; shutdown TRUE
LOG:  next transaction ID: 31572; next OID: 22147
LOG:  database system is ready

POSTGRES backend interactive interface 
$Revision: 1.375.2.5 $ $Date: 2005/12/14 17:07:00 $

backend> LOG:  QUERY STATISTICS
DETAIL:  ! system usage stats:
	!	0.036233 elapsed 0.000000 user 0.002086 system sec
	!	[0.000000 user 0.006415 sys total]
	!	0/0 [0/56] filesystem blocks in/out
	!	174/59 [224/447] page faults/reclaims, 0 [0] swaps
	!	0 [0] signals rcvd, 0/0 [0/0] messages rcvd/sent
	!	35/4 [82/4] voluntary/involuntary context switches
	! buffer usage stats:
	!	Shared blocks:         87 read,          0 written, buffer hit rate = 75.70%
	!	Local  blocks:          0 read,          0 written, buffer hit rate = 0.00%
	!	Direct blocks:          0 read,          0 written
	 1: count	(typeid = 20, len = 8, typmod = -1, byval = f)
	----
	 1: count = "99"	(typeid = 20, len = 8, typmod = -1, byval = f)
	----
backend> LOG:  shutting down
LOG:  database system is shut down
LOG:  database system was shut down at 2024-02-09 15:40:41 EST
LOG:  checkpoint record is at 0/BD3528
LOG:  redo record is at 0/BD3528; undo record is at 0/0; shutdown TRUE
LOG:  next transaction ID: 31574; next OID: 22147
LOG:  database system is ready

POSTGRES backend interactive interface 
$Revision: 1.375.2.5 $ $Date: 2005/12/14 17:07:00 $

backend> LOG:  QUERY STATISTICS
DETAIL:  ! system usage stats:
	!	0.036266 elapsed 0.000000 user 0.002507 system sec
	!	[0.000000 user 0.006706 sys total]
	!	0/0 [0/56] filesystem blocks in/out
	!	187/59 [237/447] page faults/reclaims, 0 [0] swaps
	!	0 [0] signals rcvd, 0/0 [0/0] messages rcvd/sent
	!	35/0 [82/1] voluntary/involuntary context switches
	! buffer usage stats:
	!	Shared blocks:         93 read,          0 written, buffer hit rate = 92.62%
	!	Local  blocks:          0 read,          0 written, buffer hit rate = 0.00%
	!	Direct blocks:          0 read,          0 written
	 1: count	(typeid = 20, len = 8, typmod = -1, byval = f)
	----
	 1: count = "1000"	(typeid = 20, len = 8, typmod = -1, byval = f)
	----
backend> LOG:  shutting down
LOG:  database system is shut down
LOG:  database system was shut down at 2024-02-09 15:40:41 EST
LOG:  checkpoint record is at 0/BD3570
LOG:  redo record is at 0/BD3570; undo record is at 0/0; shutdown TRUE
LOG:  next transaction ID: 31576; next OID: 22147
LOG:  database system is ready

POSTGRES backend interactive interface 
$Revision: 1.375.2.5 $ $Date: 2005/12/14 17:07:00 $

backend> LOG:  QUERY STATISTICS
DETAIL:  ! system usage stats:
	!	0.078871 elapsed 0.001779 user 0.004125 system sec
	!	[0.006188 user 0.004125 sys total]
	!	0/0 [8/56] filesystem blocks in/out
	!	225/52 [275/444] page faults/reclaims, 0 [0] swaps
	!	0 [0] signals rcvd, 0/0 [0/0] messages rcvd/sent
	!	29/1 [78/2] voluntary/involuntary context switches
	! buffer usage stats:
	!	Shared blocks:        112 read,          0 written, buffer hit rate = 56.59%
	!	Local  blocks:          0 read,          0 written, buffer hit rate = 0.00%
	!	Direct blocks:          0 read,          0 written
	 1: count	(typeid = 20, len = 8, typmod = -1, byval = f)
	----
	 1: count = "2500"	(typeid = 20, len = 8, typmod = -1, byval = f)
	----
backend> LOG:  shutting down
LOG:  database system is shut down
LOG:  database system was shut down at 2024-02-09 15:40:41 EST
LOG:  checkpoint record is at 0/BD35B8
LOG:  redo record is at 0/BD35B8; undo record is at 0/0; shutdown TRUE
LOG:  next transaction ID: 31578; next OID: 22147
LOG:  database system is ready

POSTGRES backend interactive interface 
$Revision: 1.375.2.5 $ $Date: 2005/12/14 17:07:00 $

backend> LOG:  QUERY STATISTICS
DETAIL:  ! system usage stats:
	!	0.037714 elapsed 0.004718 user 0.000148 system sec
	!	[0.006855 user 0.002285 sys total]
	!	0/0 [0/56] filesystem blocks in/out
	!	229/61 [279/448] page faults/reclaims, 0 [0] swaps
	!	0 [0] signals rcvd, 0/0 [0/0] messages rcvd/sent
	!	33/0 [79/6] voluntary/involuntary context switches
	! buffer usage stats:
	!	Shared blocks:        114 read,          0 written, buffer hit rate = 60.42%
	!	Local  blocks:          0 read,          0 written, buffer hit rate = 0.00%
	!	Direct blocks:          0 read,          0 written
	 1: count	(typeid = 20, len = 8, typmod = -1, byval = f)
	----
	 1: count = "999"	(typeid = 20, len = 8, typmod = -1, byval = f)
	----
backend> LOG:  shutting down
LOG:  database system is shut down
LOG:  database system was shut down at 2024-02-09 15:40:42 EST
LOG:  checkpoint record is at 0/BD3600
LOG:  redo record is at 0/BD3600; undo record is at 0/0; shutdown TRUE
LOG:  next transaction ID: 31580; next OID: 22147
LOG:  database system is ready

POSTGRES backend interactive interface 
$Revision: 1.375.2.5 $ $Date: 2005/12/14 17:07:00 $

backend> LOG:  QUERY STATISTICS
DETAIL:  ! system usage stats:
	!	0.036356 elapsed 0.002120 user 0.000000 system sec
	!	[0.006195 user 0.000000 sys total]
	!	0/0 [0/56] filesystem blocks in/out
	!	174/60 [224/447] page faults/reclaims, 0 [0] swaps
	!	0 [0] signals rcvd, 0/0 [0/0] messages rcvd/sent
	!	36/1 [83/2] voluntary/involuntary context switches
	! buffer usage stats:
	!	Shared blocks:         87 read,          0 written, buffer hit rate = 84.46%
	!	Local  blocks:          0 read,          0 written, buffer hit rate = 0.00%
	!	Direct blocks:          0 read,          0 written
	 1: count	(typeid = 20, len = 8, typmod = -1, byval = f)
	----
	 1: count = "301"	(typeid = 20, len = 8, typmod = -1, byval = f)
	----
backend> LOG:  shutting down
LOG:  database system is shut down
LOG:  database system was shut down at 2024-02-09 15:40:42 EST
LOG:  checkpoint record is at 0/BD3648
LOG:  redo record is at 0/BD3648; undo record is at 0/0; shutdown TRUE
LOG:  next transaction ID: 31582; next OID: 22147
LOG:  database system is ready

POSTGRES backend interactive interface 
$Revision: 1.375.2.5 $ $Date: 2005/12/14 17:07:00 $

backend> LOG:  QUERY STATISTICS
DETAIL:  ! system usage stats:
	!	0.038971 elapsed 0.001013 user 0.001013 system sec
	!	[0.003027 user 0.003027 sys total]
	!	0/0 [0/64] filesystem blocks in/out
	!	170/58 [220/447] page faults/reclaims, 0 [0] swaps
	!	0 [0] signals rcvd, 0/0 [0/0] messages rcvd/sent
	!	35/1 [81/3] voluntary/involuntary context switches
	! buffer usage stats:
	!	Shared blocks:         85 read,          0 written, buffer hit rate = 76.32%
	!	Local  blocks:          0 read,          0 written, buffer hit rate = 0.00%
	!	Direct blocks:          0 read,          0 written
	 1: count	(typeid = 20, len = 8, typmod = -1, byval = f)
	----
	 1: count = "101"	(typeid = 20, len = 8, typmod = -1, byval = f)
	----
backend> LOG:  shutting down
LOG:  database system is shut down
LOG:  database system was shut down at 2024-02-09 15:40:42 EST
LOG:  checkpoint record is at 0/BD3690
LOG:  redo record is at 0/BD3690; undo record is at 0/0; shutdown TRUE
LOG:  next transaction ID: 31584; next OID: 22147
LOG:  database system is ready

POSTGRES backend interactive interface 
$Revision: 1.375.2.5 $ $Date: 2005/12/14 17:07:00 $

backend> LOG:  QUERY STATISTICS
DETAIL:  ! system usage stats:
	!	0.037389 elapsed 0.002033 user 0.000000 system sec
	!	[0.006148 user 0.000000 sys total]
	!	0/0 [8/56] filesystem blocks in/out
	!	170/58 [220/446] page faults/reclaims, 0 [0] swaps
	!	0 [0] signals rcvd, 0/0 [0/0] messages rcvd/sent
	!	36/0 [84/5] voluntary/involuntary context switches
	! buffer usage stats:
	!	Shared blocks:         85 read,          0 written, buffer hit rate = 76.32%
	!	Local  blocks:          0 read,          0 written, buffer hit rate = 0.00%
	!	Direct blocks:          0 read,          0 written
	 1: count	(typeid = 20, len = 8, typmod = -1, byval = f)
	----
	 1: count = "101"	(typeid = 20, len = 8, typmod = -1, byval = f)
	----
backend> LOG:  shutting down
LOG:  database system is shut down
LOG:  database system was shut down at 2024-02-09 15:40:42 EST
LOG:  checkpoint record is at 0/BD36D8
LOG:  redo record is at 0/BD36D8; undo record is at 0/0; shutdown TRUE
LOG:  next transaction ID: 31586; next OID: 22147
LOG:  database system is ready

POSTGRES backend interactive interface 
$Revision: 1.375.2.5 $ $Date: 2005/12/14 17:07:00 $

backend> LOG:  QUERY STATISTICS
DETAIL:  ! system usage stats:
	!	0.037655 elapsed 0.000000 user 0.001937 system sec
	!	[0.000000 user 0.005984 sys total]
	!	0/0 [8/56] filesystem blocks in/out
	!	170/58 [220/446] page faults/reclaims, 0 [0] swaps
	!	0 [0] signals rcvd, 0/0 [0/0] messages rcvd/sent
	!	35/0 [83/3] voluntary/involuntary context switches
	! buffer usage stats:
	!	Shared blocks:         85 read,          0 written, buffer hit rate = 70.69%
	!	Local  blocks:          0 read,          0 written, buffer hit rate = 0.00%
	!	Direct blocks:          0 read,          0 written
	 1: count	(typeid = 20, len = 8, typmod = -1, byval = f)
	----
	 1: count = "31"	(typeid = 20, len = 8, typmod = -1, byval = f)
	----
backend> LOG:  shutting down
LOG:  database system is shut down
