LOG:  database system was shut down at 2024-02-09 14:48:05 EST
LOG:  checkpoint record is at 0/B9D598
LOG:  redo record is at 0/B9D598; undo record is at 0/0; shutdown TRUE
LOG:  next transaction ID: 23018; next OID: 22147
LOG:  database system is ready

POSTGRES backend interactive interface 
$Revision: 1.375.2.5 $ $Date: 2005/12/14 17:07:00 $

backend> LOG:  QUERY STATISTICS
DETAIL:  ! system usage stats:
	!	0.034789 elapsed 0.004322 user 0.000000 system sec
	!	[0.008780 user 0.000000 sys total]
	!	0/0 [0/56] filesystem blocks in/out
	!	218/53 [269/445] page faults/reclaims, 0 [0] swaps
	!	0 [0] signals rcvd, 0/0 [0/0] messages rcvd/sent
	!	31/4 [75/5] voluntary/involuntary context switches
	! buffer usage stats:
	!	Shared blocks:        109 read,          0 written, buffer hit rate = 53.81%
	!	Local  blocks:          0 read,          0 written, buffer hit rate = 0.00%
	!	Direct blocks:          0 read,          0 written
	 1: count	(typeid = 20, len = 8, typmod = -1, byval = f)
	----
	 1: count = "2175"	(typeid = 20, len = 8, typmod = -1, byval = f)
	----
backend> LOG:  shutting down
LOG:  database system is shut down
LOG:  database system was shut down at 2024-02-09 14:48:05 EST
LOG:  checkpoint record is at 0/B9D5E0
LOG:  redo record is at 0/B9D5E0; undo record is at 0/0; shutdown TRUE
LOG:  next transaction ID: 23020; next OID: 22147
LOG:  database system is ready

POSTGRES backend interactive interface 
$Revision: 1.375.2.5 $ $Date: 2005/12/14 17:07:00 $

backend> LOG:  QUERY STATISTICS
DETAIL:  ! system usage stats:
	!	0.033380 elapsed 0.003323 user 0.002298 system sec
	!	[0.003323 user 0.006646 sys total]
	!	0/0 [8/56] filesystem blocks in/out
	!	224/58 [275/446] page faults/reclaims, 0 [0] swaps
	!	0 [0] signals rcvd, 0/0 [0/0] messages rcvd/sent
	!	29/0 [73/0] voluntary/involuntary context switches
	! buffer usage stats:
	!	Shared blocks:        112 read,          0 written, buffer hit rate = 57.25%
	!	Local  blocks:          0 read,          0 written, buffer hit rate = 0.00%
	!	Direct blocks:          0 read,          0 written
	 1: count	(typeid = 20, len = 8, typmod = -1, byval = f)
	----
	 1: count = "1051"	(typeid = 20, len = 8, typmod = -1, byval = f)
	----
backend> LOG:  shutting down
LOG:  database system is shut down
LOG:  database system was shut down at 2024-02-09 14:48:05 EST
LOG:  checkpoint record is at 0/B9D628
LOG:  redo record is at 0/B9D628; undo record is at 0/0; shutdown TRUE
LOG:  next transaction ID: 23022; next OID: 22147
LOG:  database system is ready

POSTGRES backend interactive interface 
$Revision: 1.375.2.5 $ $Date: 2005/12/14 17:07:00 $

backend> LOG:  QUERY STATISTICS
DETAIL:  ! system usage stats:
	!	0.061433 elapsed 0.005687 user 0.000000 system sec
	!	[0.010117 user 0.000000 sys total]
	!	0/0 [0/56] filesystem blocks in/out
	!	220/59 [271/449] page faults/reclaims, 0 [0] swaps
	!	0 [0] signals rcvd, 0/0 [0/0] messages rcvd/sent
	!	31/0 [73/0] voluntary/involuntary context switches
	! buffer usage stats:
	!	Shared blocks:        110 read,          0 written, buffer hit rate = 61.40%
	!	Local  blocks:          0 read,          0 written, buffer hit rate = 0.00%
	!	Direct blocks:          0 read,          0 written
	 1: count	(typeid = 20, len = 8, typmod = -1, byval = f)
	----
	 1: count = "541"	(typeid = 20, len = 8, typmod = -1, byval = f)
	----
backend> LOG:  shutting down
LOG:  database system is shut down
LOG:  database system was shut down at 2024-02-09 14:48:05 EST
LOG:  checkpoint record is at 0/B9D670
LOG:  redo record is at 0/B9D670; undo record is at 0/0; shutdown TRUE
LOG:  next transaction ID: 23024; next OID: 22147
LOG:  database system is ready

POSTGRES backend interactive interface 
$Revision: 1.375.2.5 $ $Date: 2005/12/14 17:07:00 $

backend> LOG:  QUERY STATISTICS
DETAIL:  ! system usage stats:
	!	0.035391 elapsed 0.003309 user 0.002174 system sec
	!	[0.003309 user 0.006618 sys total]
	!	0/0 [0/56] filesystem blocks in/out
	!	224/60 [275/451] page faults/reclaims, 0 [0] swaps
	!	0 [0] signals rcvd, 0/0 [0/0] messages rcvd/sent
	!	31/0 [76/1] voluntary/involuntary context switches
	! buffer usage stats:
	!	Shared blocks:        112 read,          0 written, buffer hit rate = 62.42%
	!	Local  blocks:          0 read,          0 written, buffer hit rate = 0.00%
	!	Direct blocks:          0 read,          0 written
	 1: count	(typeid = 20, len = 8, typmod = -1, byval = f)
	----
	 1: count = "1326"	(typeid = 20, len = 8, typmod = -1, byval = f)
	----
backend> LOG:  shutting down
LOG:  database system is shut down
LOG:  database system was shut down at 2024-02-09 14:48:05 EST
LOG:  checkpoint record is at 0/B9D6B8
LOG:  redo record is at 0/B9D6B8; undo record is at 0/0; shutdown TRUE
LOG:  next transaction ID: 23026; next OID: 22147
LOG:  database system is ready

POSTGRES backend interactive interface 
$Revision: 1.375.2.5 $ $Date: 2005/12/14 17:07:00 $

backend> LOG:  QUERY STATISTICS
DETAIL:  ! system usage stats:
	!	0.034816 elapsed 0.006313 user 0.000000 system sec
	!	[0.010651 user 0.000000 sys total]
	!	0/0 [0/56] filesystem blocks in/out
	!	224/57 [275/448] page faults/reclaims, 0 [0] swaps
	!	0 [0] signals rcvd, 0/0 [0/0] messages rcvd/sent
	!	29/1 [76/1] voluntary/involuntary context switches
	! buffer usage stats:
	!	Shared blocks:        112 read,          0 written, buffer hit rate = 57.89%
	!	Local  blocks:          0 read,          0 written, buffer hit rate = 0.00%
	!	Direct blocks:          0 read,          0 written
	 1: count	(typeid = 20, len = 8, typmod = -1, byval = f)
	----
	 1: count = "340"	(typeid = 20, len = 8, typmod = -1, byval = f)
	----
backend> LOG:  shutting down
LOG:  database system is shut down
LOG:  database system was shut down at 2024-02-09 14:48:05 EST
LOG:  checkpoint record is at 0/B9D700
LOG:  redo record is at 0/B9D700; undo record is at 0/0; shutdown TRUE
LOG:  next transaction ID: 23028; next OID: 22147
LOG:  database system is ready

POSTGRES backend interactive interface 
$Revision: 1.375.2.5 $ $Date: 2005/12/14 17:07:00 $

backend> LOG:  QUERY STATISTICS
DETAIL:  ! system usage stats:
	!	0.036231 elapsed 0.003084 user 0.001580 system sec
	!	[0.003084 user 0.006169 sys total]
	!	0/0 [0/56] filesystem blocks in/out
	!	224/59 [275/452] page faults/reclaims, 0 [0] swaps
	!	0 [0] signals rcvd, 0/0 [0/0] messages rcvd/sent
	!	31/0 [78/0] voluntary/involuntary context switches
	! buffer usage stats:
	!	Shared blocks:        112 read,          0 written, buffer hit rate = 61.64%
	!	Local  blocks:          0 read,          0 written, buffer hit rate = 0.00%
	!	Direct blocks:          0 read,          0 written
	 1: count	(typeid = 20, len = 8, typmod = -1, byval = f)
	----
	 1: count = "1794"	(typeid = 20, len = 8, typmod = -1, byval = f)
	----
backend> LOG:  shutting down
LOG:  database system is shut down
LOG:  database system was shut down at 2024-02-09 14:48:06 EST
LOG:  checkpoint record is at 0/B9D748
LOG:  redo record is at 0/B9D748; undo record is at 0/0; shutdown TRUE
LOG:  next transaction ID: 23030; next OID: 22147
LOG:  database system is ready

POSTGRES backend interactive interface 
$Revision: 1.375.2.5 $ $Date: 2005/12/14 17:07:00 $

backend> LOG:  QUERY STATISTICS
DETAIL:  ! system usage stats:
	!	0.039383 elapsed 0.004406 user 0.000000 system sec
	!	[0.004406 user 0.004560 sys total]
	!	0/0 [0/56] filesystem blocks in/out
	!	218/54 [269/446] page faults/reclaims, 0 [0] swaps
	!	0 [0] signals rcvd, 0/0 [0/0] messages rcvd/sent
	!	31/1 [79/2] voluntary/involuntary context switches
	! buffer usage stats:
	!	Shared blocks:        109 read,          0 written, buffer hit rate = 53.81%
	!	Local  blocks:          0 read,          0 written, buffer hit rate = 0.00%
	!	Direct blocks:          0 read,          0 written
	 1: count	(typeid = 20, len = 8, typmod = -1, byval = f)
	----
	 1: count = "729"	(typeid = 20, len = 8, typmod = -1, byval = f)
	----
backend> LOG:  shutting down
LOG:  database system is shut down
LOG:  database system was shut down at 2024-02-09 14:48:06 EST
LOG:  checkpoint record is at 0/B9D790
LOG:  redo record is at 0/B9D790; undo record is at 0/0; shutdown TRUE
LOG:  next transaction ID: 23032; next OID: 22147
LOG:  database system is ready

POSTGRES backend interactive interface 
$Revision: 1.375.2.5 $ $Date: 2005/12/14 17:07:00 $

backend> LOG:  QUERY STATISTICS
DETAIL:  ! system usage stats:
	!	0.086588 elapsed 0.000280 user 0.005104 system sec
	!	[0.005104 user 0.005104 sys total]
	!	0/0 [0/64] filesystem blocks in/out
	!	220/61 [271/450] page faults/reclaims, 0 [0] swaps
	!	0 [0] signals rcvd, 0/0 [0/0] messages rcvd/sent
	!	31/0 [80/2] voluntary/involuntary context switches
	! buffer usage stats:
	!	Shared blocks:        110 read,          0 written, buffer hit rate = 61.40%
	!	Local  blocks:          0 read,          0 written, buffer hit rate = 0.00%
	!	Direct blocks:          0 read,          0 written
	 1: count	(typeid = 20, len = 8, typmod = -1, byval = f)
	----
	 1: count = "579"	(typeid = 20, len = 8, typmod = -1, byval = f)
	----
backend> LOG:  shutting down
LOG:  database system is shut down
LOG:  database system was shut down at 2024-02-09 14:48:06 EST
LOG:  checkpoint record is at 0/B9D7D8
LOG:  redo record is at 0/B9D7D8; undo record is at 0/0; shutdown TRUE
LOG:  next transaction ID: 23034; next OID: 22147
LOG:  database system is ready

POSTGRES backend interactive interface 
$Revision: 1.375.2.5 $ $Date: 2005/12/14 17:07:00 $

backend> LOG:  QUERY STATISTICS
DETAIL:  ! system usage stats:
	!	0.036748 elapsed 0.002502 user 0.002941 system sec
	!	[0.002502 user 0.007507 sys total]
	!	0/0 [0/56] filesystem blocks in/out
	!	224/61 [275/453] page faults/reclaims, 0 [0] swaps
	!	0 [0] signals rcvd, 0/0 [0/0] messages rcvd/sent
	!	31/5 [79/6] voluntary/involuntary context switches
	! buffer usage stats:
	!	Shared blocks:        112 read,          0 written, buffer hit rate = 61.64%
	!	Local  blocks:          0 read,          0 written, buffer hit rate = 0.00%
	!	Direct blocks:          0 read,          0 written
	 1: count	(typeid = 20, len = 8, typmod = -1, byval = f)
	----
	 1: count = "2479"	(typeid = 20, len = 8, typmod = -1, byval = f)
	----
backend> LOG:  shutting down
LOG:  database system is shut down
LOG:  database system was shut down at 2024-02-09 14:48:06 EST
LOG:  checkpoint record is at 0/B9D820
LOG:  redo record is at 0/B9D820; undo record is at 0/0; shutdown TRUE
LOG:  next transaction ID: 23036; next OID: 22147
LOG:  database system is ready

POSTGRES backend interactive interface 
$Revision: 1.375.2.5 $ $Date: 2005/12/14 17:07:00 $

backend> LOG:  QUERY STATISTICS
DETAIL:  ! system usage stats:
	!	0.121096 elapsed 0.003334 user 0.002367 system sec
	!	[0.003334 user 0.006826 sys total]
	!	0/0 [0/56] filesystem blocks in/out
	!	224/63 [275/454] page faults/reclaims, 0 [0] swaps
	!	0 [0] signals rcvd, 0/0 [0/0] messages rcvd/sent
	!	31/0 [78/3] voluntary/involuntary context switches
	! buffer usage stats:
	!	Shared blocks:        112 read,          0 written, buffer hit rate = 60.84%
	!	Local  blocks:          0 read,          0 written, buffer hit rate = 0.00%
	!	Direct blocks:          0 read,          0 written
	 1: count	(typeid = 20, len = 8, typmod = -1, byval = f)
	----
	 1: count = "1473"	(typeid = 20, len = 8, typmod = -1, byval = f)
	----
backend> LOG:  shutting down
LOG:  database system is shut down
