LOG:  database system was shut down at 2024-02-05 23:24:19 EST
LOG:  checkpoint record is at 0/BF69A0
LOG:  redo record is at 0/BF69A0; undo record is at 0/0; shutdown TRUE
LOG:  next transaction ID: 5367; next OID: 27152
LOG:  database system is ready

POSTGRES backend interactive interface 
$Revision: 1.375.2.5 $ $Date: 2005/12/14 17:07:00 $

backend> LOG:  QUERY STATISTICS
DETAIL:  ! system usage stats:
	!	0.038761 elapsed 0.001173 user 0.001173 system sec
	!	[0.003334 user 0.003334 sys total]
	!	0/0 [0/56] filesystem blocks in/out
	!	165/60 [218/445] page faults/reclaims, 0 [0] swaps
	!	0 [0] signals rcvd, 0/0 [0/0] messages rcvd/sent
	!	35/4 [80/5] voluntary/involuntary context switches
	! buffer usage stats:
	!	Shared blocks:         82 read,          0 written, buffer hit rate = 72.58%
	!	Local  blocks:          0 read,          0 written, buffer hit rate = 0.00%
	!	Direct blocks:          0 read,          0 written
	 1: count	(typeid = 20, len = 8, typmod = -1, byval = f)
	----
	 1: count = "41"	(typeid = 20, len = 8, typmod = -1, byval = f)
	----
backend> LOG:  shutting down
LOG:  database system is shut down
LOG:  database system was shut down at 2024-02-05 23:24:21 EST
LOG:  checkpoint record is at 0/BF69E8
LOG:  redo record is at 0/BF69E8; undo record is at 0/0; shutdown TRUE
LOG:  next transaction ID: 5369; next OID: 27152
LOG:  database system is ready

POSTGRES backend interactive interface 
$Revision: 1.375.2.5 $ $Date: 2005/12/14 17:07:00 $

backend> LOG:  QUERY STATISTICS
DETAIL:  ! system usage stats:
	!	0.038888 elapsed 0.004502 user 0.001102 system sec
	!	[0.006800 user 0.003400 sys total]
	!	0/0 [0/56] filesystem blocks in/out
	!	221/58 [274/438] page faults/reclaims, 0 [0] swaps
	!	0 [0] signals rcvd, 0/0 [0/0] messages rcvd/sent
	!	29/4 [74/8] voluntary/involuntary context switches
	! buffer usage stats:
	!	Shared blocks:        110 read,          0 written, buffer hit rate = 57.36%
	!	Local  blocks:          0 read,          0 written, buffer hit rate = 0.00%
	!	Direct blocks:          0 read,          0 written
	 1: count	(typeid = 20, len = 8, typmod = -1, byval = f)
	----
	 1: count = "50"	(typeid = 20, len = 8, typmod = -1, byval = f)
	----
backend> LOG:  shutting down
LOG:  database system is shut down
LOG:  database system was shut down at 2024-02-05 23:24:22 EST
LOG:  checkpoint record is at 0/BF6A30
LOG:  redo record is at 0/BF6A30; undo record is at 0/0; shutdown TRUE
LOG:  next transaction ID: 5371; next OID: 27152
LOG:  database system is ready

POSTGRES backend interactive interface 
$Revision: 1.375.2.5 $ $Date: 2005/12/14 17:07:00 $

backend> LOG:  QUERY STATISTICS
DETAIL:  ! system usage stats:
	!	0.042345 elapsed 0.002507 user 0.000000 system sec
	!	[0.007099 user 0.000000 sys total]
	!	0/0 [0/56] filesystem blocks in/out
	!	171/61 [224/444] page faults/reclaims, 0 [0] swaps
	!	0 [0] signals rcvd, 0/0 [0/0] messages rcvd/sent
	!	35/1 [81/4] voluntary/involuntary context switches
	! buffer usage stats:
	!	Shared blocks:         85 read,          0 written, buffer hit rate = 76.26%
	!	Local  blocks:          0 read,          0 written, buffer hit rate = 0.00%
	!	Direct blocks:          0 read,          0 written
	 1: count	(typeid = 20, len = 8, typmod = -1, byval = f)
	----
	 1: count = "99"	(typeid = 20, len = 8, typmod = -1, byval = f)
	----
backend> LOG:  shutting down
LOG:  database system is shut down
LOG:  database system was shut down at 2024-02-05 23:24:23 EST
LOG:  checkpoint record is at 0/BF6A78
LOG:  redo record is at 0/BF6A78; undo record is at 0/0; shutdown TRUE
LOG:  next transaction ID: 5373; next OID: 27152
LOG:  database system is ready

POSTGRES backend interactive interface 
$Revision: 1.375.2.5 $ $Date: 2005/12/14 17:07:00 $

backend> LOG:  QUERY STATISTICS
DETAIL:  ! system usage stats:
	!	0.042718 elapsed 0.000000 user 0.002889 system sec
	!	[0.004512 user 0.002889 sys total]
	!	0/0 [0/56] filesystem blocks in/out
	!	183/61 [236/443] page faults/reclaims, 0 [0] swaps
	!	0 [0] signals rcvd, 0/0 [0/0] messages rcvd/sent
	!	35/6 [80/6] voluntary/involuntary context switches
	! buffer usage stats:
	!	Shared blocks:         91 read,          0 written, buffer hit rate = 92.78%
	!	Local  blocks:          0 read,          0 written, buffer hit rate = 0.00%
	!	Direct blocks:          0 read,          0 written
	 1: count	(typeid = 20, len = 8, typmod = -1, byval = f)
	----
	 1: count = "1000"	(typeid = 20, len = 8, typmod = -1, byval = f)
	----
backend> LOG:  shutting down
LOG:  database system is shut down
LOG:  database system was shut down at 2024-02-05 23:24:24 EST
LOG:  checkpoint record is at 0/BF6AC0
LOG:  redo record is at 0/BF6AC0; undo record is at 0/0; shutdown TRUE
LOG:  next transaction ID: 5375; next OID: 27152
LOG:  database system is ready

POSTGRES backend interactive interface 
$Revision: 1.375.2.5 $ $Date: 2005/12/14 17:07:00 $

backend> LOG:  QUERY STATISTICS
DETAIL:  ! system usage stats:
	!	0.044427 elapsed 0.000000 user 0.005726 system sec
	!	[0.004386 user 0.005726 sys total]
	!	0/0 [0/56] filesystem blocks in/out
	!	221/53 [274/437] page faults/reclaims, 0 [0] swaps
	!	0 [0] signals rcvd, 0/0 [0/0] messages rcvd/sent
	!	29/1 [74/1] voluntary/involuntary context switches
	! buffer usage stats:
	!	Shared blocks:        110 read,          0 written, buffer hit rate = 57.36%
	!	Local  blocks:          0 read,          0 written, buffer hit rate = 0.00%
	!	Direct blocks:          0 read,          0 written
	 1: count	(typeid = 20, len = 8, typmod = -1, byval = f)
	----
	 1: count = "2500"	(typeid = 20, len = 8, typmod = -1, byval = f)
	----
backend> LOG:  shutting down
LOG:  database system is shut down
LOG:  database system was shut down at 2024-02-05 23:24:25 EST
LOG:  checkpoint record is at 0/BF6B08
LOG:  redo record is at 0/BF6B08; undo record is at 0/0; shutdown TRUE
LOG:  next transaction ID: 5377; next OID: 27152
LOG:  database system is ready

POSTGRES backend interactive interface 
$Revision: 1.375.2.5 $ $Date: 2005/12/14 17:07:00 $

backend> LOG:  QUERY STATISTICS
DETAIL:  ! system usage stats:
	!	0.051899 elapsed 0.004538 user 0.001107 system sec
	!	[0.006861 user 0.003430 sys total]
	!	0/0 [0/56] filesystem blocks in/out
	!	225/59 [278/442] page faults/reclaims, 0 [0] swaps
	!	0 [0] signals rcvd, 0/0 [0/0] messages rcvd/sent
	!	33/0 [78/1] voluntary/involuntary context switches
	! buffer usage stats:
	!	Shared blocks:        112 read,          0 written, buffer hit rate = 61.11%
	!	Local  blocks:          0 read,          0 written, buffer hit rate = 0.00%
	!	Direct blocks:          0 read,          0 written
	 1: count	(typeid = 20, len = 8, typmod = -1, byval = f)
	----
	 1: count = "999"	(typeid = 20, len = 8, typmod = -1, byval = f)
	----
backend> LOG:  shutting down
LOG:  database system is shut down
LOG:  database system was shut down at 2024-02-05 23:24:26 EST
LOG:  checkpoint record is at 0/BF6B50
LOG:  redo record is at 0/BF6B50; undo record is at 0/0; shutdown TRUE
LOG:  next transaction ID: 5379; next OID: 27152
LOG:  database system is ready

POSTGRES backend interactive interface 
$Revision: 1.375.2.5 $ $Date: 2005/12/14 17:07:00 $

backend> LOG:  QUERY STATISTICS
DETAIL:  ! system usage stats:
	!	0.042301 elapsed 0.000098 user 0.002473 system sec
	!	[0.002375 user 0.004750 sys total]
	!	0/0 [0/56] filesystem blocks in/out
	!	171/61 [224/443] page faults/reclaims, 0 [0] swaps
	!	0 [0] signals rcvd, 0/0 [0/0] messages rcvd/sent
	!	35/2 [80/5] voluntary/involuntary context switches
	! buffer usage stats:
	!	Shared blocks:         85 read,          0 written, buffer hit rate = 84.82%
	!	Local  blocks:          0 read,          0 written, buffer hit rate = 0.00%
	!	Direct blocks:          0 read,          0 written
	 1: count	(typeid = 20, len = 8, typmod = -1, byval = f)
	----
	 1: count = "301"	(typeid = 20, len = 8, typmod = -1, byval = f)
	----
backend> LOG:  shutting down
LOG:  database system is shut down
LOG:  database system was shut down at 2024-02-05 23:24:28 EST
LOG:  checkpoint record is at 0/BF6B98
LOG:  redo record is at 0/BF6B98; undo record is at 0/0; shutdown TRUE
LOG:  next transaction ID: 5381; next OID: 27152
LOG:  database system is ready

POSTGRES backend interactive interface 
$Revision: 1.375.2.5 $ $Date: 2005/12/14 17:07:00 $

backend> LOG:  QUERY STATISTICS
DETAIL:  ! system usage stats:
	!	0.041787 elapsed 0.000000 user 0.002311 system sec
	!	[0.000000 user 0.006599 sys total]
	!	0/0 [0/64] filesystem blocks in/out
	!	167/65 [220/443] page faults/reclaims, 0 [0] swaps
	!	0 [0] signals rcvd, 0/0 [0/0] messages rcvd/sent
	!	35/6 [81/7] voluntary/involuntary context switches
	! buffer usage stats:
	!	Shared blocks:         83 read,          0 written, buffer hit rate = 76.88%
	!	Local  blocks:          0 read,          0 written, buffer hit rate = 0.00%
	!	Direct blocks:          0 read,          0 written
	 1: count	(typeid = 20, len = 8, typmod = -1, byval = f)
	----
	 1: count = "101"	(typeid = 20, len = 8, typmod = -1, byval = f)
	----
backend> LOG:  shutting down
LOG:  database system is shut down
LOG:  database system was shut down at 2024-02-05 23:24:29 EST
LOG:  checkpoint record is at 0/BF6BE0
LOG:  redo record is at 0/BF6BE0; undo record is at 0/0; shutdown TRUE
LOG:  next transaction ID: 5383; next OID: 27152
LOG:  database system is ready

POSTGRES backend interactive interface 
$Revision: 1.375.2.5 $ $Date: 2005/12/14 17:07:00 $

backend> LOG:  QUERY STATISTICS
DETAIL:  ! system usage stats:
	!	0.042842 elapsed 0.000786 user 0.001572 system sec
	!	[0.002351 user 0.004703 sys total]
	!	0/0 [0/56] filesystem blocks in/out
	!	167/62 [220/443] page faults/reclaims, 0 [0] swaps
	!	0 [0] signals rcvd, 0/0 [0/0] messages rcvd/sent
	!	35/0 [80/0] voluntary/involuntary context switches
	! buffer usage stats:
	!	Shared blocks:         83 read,          0 written, buffer hit rate = 76.88%
	!	Local  blocks:          0 read,          0 written, buffer hit rate = 0.00%
	!	Direct blocks:          0 read,          0 written
	 1: count	(typeid = 20, len = 8, typmod = -1, byval = f)
	----
	 1: count = "101"	(typeid = 20, len = 8, typmod = -1, byval = f)
	----
backend> LOG:  shutting down
LOG:  database system is shut down
LOG:  database system was shut down at 2024-02-05 23:24:30 EST
LOG:  checkpoint record is at 0/BF6C28
LOG:  redo record is at 0/BF6C28; undo record is at 0/0; shutdown TRUE
LOG:  next transaction ID: 5385; next OID: 27152
LOG:  database system is ready

POSTGRES backend interactive interface 
$Revision: 1.375.2.5 $ $Date: 2005/12/14 17:07:00 $

backend> LOG:  QUERY STATISTICS
DETAIL:  ! system usage stats:
	!	0.043474 elapsed 0.002579 user 0.000000 system sec
	!	[0.007047 user 0.000000 sys total]
	!	0/0 [0/56] filesystem blocks in/out
	!	167/61 [220/441] page faults/reclaims, 0 [0] swaps
	!	0 [0] signals rcvd, 0/0 [0/0] messages rcvd/sent
	!	35/0 [80/0] voluntary/involuntary context switches
	! buffer usage stats:
	!	Shared blocks:         83 read,          0 written, buffer hit rate = 71.38%
	!	Local  blocks:          0 read,          0 written, buffer hit rate = 0.00%
	!	Direct blocks:          0 read,          0 written
	 1: count	(typeid = 20, len = 8, typmod = -1, byval = f)
	----
	 1: count = "31"	(typeid = 20, len = 8, typmod = -1, byval = f)
	----
backend> LOG:  shutting down
LOG:  database system is shut down
