LOG:  database system was interrupted at 2024-02-07 10:22:39 EST
LOG:  checkpoint record is at 0/B127F0
LOG:  redo record is at 0/B127F0; undo record is at 0/0; shutdown TRUE
LOG:  next transaction ID: 6026; next OID: 22147
LOG:  database system was not properly shut down; automatic recovery in progress
LOG:  record with zero length at 0/B12838
LOG:  redo is not required
LOG:  database system is ready

POSTGRES backend interactive interface 
$Revision: 1.375.2.5 $ $Date: 2005/12/14 17:07:00 $

backend> LOG:  QUERY STATISTICS
DETAIL:  ! system usage stats:
	!	0.039875 elapsed 0.002603 user 0.001575 system sec
	!	[0.002603 user 0.007810 sys total]
	!	1200/0 [7056/112] filesystem blocks in/out
	!	43/45 [119/446] page faults/reclaims, 0 [0] swaps
	!	0 [0] signals rcvd, 0/0 [0/0] messages rcvd/sent
	!	42/16 [143/44] voluntary/involuntary context switches
	! buffer usage stats:
	!	Shared blocks:        147 read,          0 written, buffer hit rate = 37.71%
	!	Local  blocks:          0 read,          0 written, buffer hit rate = 0.00%
	!	Direct blocks:          0 read,          0 written
	 1: count	(typeid = 20, len = 8, typmod = -1, byval = f)
	----
	 1: count = "2175"	(typeid = 20, len = 8, typmod = -1, byval = f)
	----
backend> LOG:  shutting down
LOG:  database system is shut down
LOG:  database system was shut down at 2024-02-07 10:25:02 EST
LOG:  checkpoint record is at 0/B12880
LOG:  redo record is at 0/B12880; undo record is at 0/0; shutdown TRUE
LOG:  next transaction ID: 6028; next OID: 22147
LOG:  database system is ready

POSTGRES backend interactive interface 
$Revision: 1.375.2.5 $ $Date: 2005/12/14 17:07:00 $

backend> LOG:  QUERY STATISTICS
DETAIL:  ! system usage stats:
	!	0.032326 elapsed 0.002064 user 0.003218 system sec
	!	[0.006437 user 0.003218 sys total]
	!	0/0 [0/56] filesystem blocks in/out
	!	28/53 [75/436] page faults/reclaims, 0 [0] swaps
	!	0 [0] signals rcvd, 0/0 [0/0] messages rcvd/sent
	!	29/0 [77/2] voluntary/involuntary context switches
	! buffer usage stats:
	!	Shared blocks:        155 read,          0 written, buffer hit rate = 40.84%
	!	Local  blocks:          0 read,          0 written, buffer hit rate = 0.00%
	!	Direct blocks:          0 read,          0 written
	 1: count	(typeid = 20, len = 8, typmod = -1, byval = f)
	----
	 1: count = "1051"	(typeid = 20, len = 8, typmod = -1, byval = f)
	----
backend> LOG:  shutting down
LOG:  database system is shut down
LOG:  database system was shut down at 2024-02-07 10:25:03 EST
LOG:  checkpoint record is at 0/B128C8
LOG:  redo record is at 0/B128C8; undo record is at 0/0; shutdown TRUE
LOG:  next transaction ID: 6030; next OID: 22147
LOG:  database system is ready

POSTGRES backend interactive interface 
$Revision: 1.375.2.5 $ $Date: 2005/12/14 17:07:00 $

backend> LOG:  QUERY STATISTICS
DETAIL:  ! system usage stats:
	!	0.033018 elapsed 0.002282 user 0.002282 system sec
	!	[0.004464 user 0.004464 sys total]
	!	0/0 [8/56] filesystem blocks in/out
	!	28/58 [75/441] page faults/reclaims, 0 [0] swaps
	!	0 [0] signals rcvd, 0/0 [0/0] messages rcvd/sent
	!	31/0 [80/1] voluntary/involuntary context switches
	! buffer usage stats:
	!	Shared blocks:        158 read,          0 written, buffer hit rate = 44.56%
	!	Local  blocks:          0 read,          0 written, buffer hit rate = 0.00%
	!	Direct blocks:          0 read,          0 written
	 1: count	(typeid = 20, len = 8, typmod = -1, byval = f)
	----
	 1: count = "541"	(typeid = 20, len = 8, typmod = -1, byval = f)
	----
backend> LOG:  shutting down
LOG:  database system is shut down
LOG:  database system was shut down at 2024-02-07 10:25:04 EST
LOG:  checkpoint record is at 0/B12910
LOG:  redo record is at 0/B12910; undo record is at 0/0; shutdown TRUE
LOG:  next transaction ID: 6032; next OID: 22147
LOG:  database system is ready

POSTGRES backend interactive interface 
$Revision: 1.375.2.5 $ $Date: 2005/12/14 17:07:00 $

backend> LOG:  QUERY STATISTICS
DETAIL:  ! system usage stats:
	!	0.034582 elapsed 0.002106 user 0.003213 system sec
	!	[0.006427 user 0.003213 sys total]
	!	0/0 [0/56] filesystem blocks in/out
	!	28/57 [75/442] page faults/reclaims, 0 [0] swaps
	!	0 [0] signals rcvd, 0/0 [0/0] messages rcvd/sent
	!	31/1 [78/2] voluntary/involuntary context switches
	! buffer usage stats:
	!	Shared blocks:        162 read,          0 written, buffer hit rate = 45.64%
	!	Local  blocks:          0 read,          0 written, buffer hit rate = 0.00%
	!	Direct blocks:          0 read,          0 written
	 1: count	(typeid = 20, len = 8, typmod = -1, byval = f)
	----
	 1: count = "1326"	(typeid = 20, len = 8, typmod = -1, byval = f)
	----
backend> LOG:  shutting down
LOG:  database system is shut down
LOG:  database system was shut down at 2024-02-07 10:25:05 EST
LOG:  checkpoint record is at 0/B12958
LOG:  redo record is at 0/B12958; undo record is at 0/0; shutdown TRUE
LOG:  next transaction ID: 6034; next OID: 22147
LOG:  database system is ready

POSTGRES backend interactive interface 
$Revision: 1.375.2.5 $ $Date: 2005/12/14 17:07:00 $

backend> LOG:  QUERY STATISTICS
DETAIL:  ! system usage stats:
	!	0.032722 elapsed 0.005813 user 0.000000 system sec
	!	[0.010205 user 0.000000 sys total]
	!	0/0 [0/56] filesystem blocks in/out
	!	28/54 [75/437] page faults/reclaims, 0 [0] swaps
	!	0 [0] signals rcvd, 0/0 [0/0] messages rcvd/sent
	!	29/3 [76/4] voluntary/involuntary context switches
	! buffer usage stats:
	!	Shared blocks:        156 read,          0 written, buffer hit rate = 41.35%
	!	Local  blocks:          0 read,          0 written, buffer hit rate = 0.00%
	!	Direct blocks:          0 read,          0 written
	 1: count	(typeid = 20, len = 8, typmod = -1, byval = f)
	----
	 1: count = "340"	(typeid = 20, len = 8, typmod = -1, byval = f)
	----
backend> LOG:  shutting down
LOG:  database system is shut down
LOG:  database system was shut down at 2024-02-07 10:25:06 EST
LOG:  checkpoint record is at 0/B129A0
LOG:  redo record is at 0/B129A0; undo record is at 0/0; shutdown TRUE
LOG:  next transaction ID: 6036; next OID: 22147
LOG:  database system is ready

POSTGRES backend interactive interface 
$Revision: 1.375.2.5 $ $Date: 2005/12/14 17:07:00 $

backend> LOG:  QUERY STATISTICS
DETAIL:  ! system usage stats:
	!	0.036384 elapsed 0.001700 user 0.002933 system sec
	!	[0.005866 user 0.002933 sys total]
	!	0/0 [0/56] filesystem blocks in/out
	!	28/58 [75/441] page faults/reclaims, 0 [0] swaps
	!	0 [0] signals rcvd, 0/0 [0/0] messages rcvd/sent
	!	31/3 [78/4] voluntary/involuntary context switches
	! buffer usage stats:
	!	Shared blocks:        162 read,          0 written, buffer hit rate = 44.52%
	!	Local  blocks:          0 read,          0 written, buffer hit rate = 0.00%
	!	Direct blocks:          0 read,          0 written
	 1: count	(typeid = 20, len = 8, typmod = -1, byval = f)
	----
	 1: count = "1794"	(typeid = 20, len = 8, typmod = -1, byval = f)
	----
backend> LOG:  shutting down
LOG:  database system is shut down
LOG:  database system was shut down at 2024-02-07 10:25:07 EST
LOG:  checkpoint record is at 0/B129E8
LOG:  redo record is at 0/B129E8; undo record is at 0/0; shutdown TRUE
LOG:  next transaction ID: 6038; next OID: 22147
LOG:  database system is ready

POSTGRES backend interactive interface 
$Revision: 1.375.2.5 $ $Date: 2005/12/14 17:07:00 $

backend> LOG:  QUERY STATISTICS
DETAIL:  ! system usage stats:
	!	0.033530 elapsed 0.004307 user 0.000000 system sec
	!	[0.008595 user 0.000000 sys total]
	!	0/0 [0/56] filesystem blocks in/out
	!	28/51 [75/437] page faults/reclaims, 0 [0] swaps
	!	0 [0] signals rcvd, 0/0 [0/0] messages rcvd/sent
	!	31/0 [77/1] voluntary/involuntary context switches
	! buffer usage stats:
	!	Shared blocks:        147 read,          0 written, buffer hit rate = 37.71%
	!	Local  blocks:          0 read,          0 written, buffer hit rate = 0.00%
	!	Direct blocks:          0 read,          0 written
	 1: count	(typeid = 20, len = 8, typmod = -1, byval = f)
	----
	 1: count = "729"	(typeid = 20, len = 8, typmod = -1, byval = f)
	----
backend> LOG:  shutting down
LOG:  database system is shut down
LOG:  database system was shut down at 2024-02-07 10:25:08 EST
LOG:  checkpoint record is at 0/B12A30
LOG:  redo record is at 0/B12A30; undo record is at 0/0; shutdown TRUE
LOG:  next transaction ID: 6040; next OID: 22147
LOG:  database system is ready

POSTGRES backend interactive interface 
$Revision: 1.375.2.5 $ $Date: 2005/12/14 17:07:00 $

backend> LOG:  QUERY STATISTICS
DETAIL:  ! system usage stats:
	!	0.035614 elapsed 0.003049 user 0.001533 system sec
	!	[0.003049 user 0.006099 sys total]
	!	0/0 [0/64] filesystem blocks in/out
	!	28/59 [75/443] page faults/reclaims, 0 [0] swaps
	!	0 [0] signals rcvd, 0/0 [0/0] messages rcvd/sent
	!	31/1 [78/1] voluntary/involuntary context switches
	! buffer usage stats:
	!	Shared blocks:        158 read,          0 written, buffer hit rate = 44.56%
	!	Local  blocks:          0 read,          0 written, buffer hit rate = 0.00%
	!	Direct blocks:          0 read,          0 written
	 1: count	(typeid = 20, len = 8, typmod = -1, byval = f)
	----
	 1: count = "579"	(typeid = 20, len = 8, typmod = -1, byval = f)
	----
backend> LOG:  shutting down
LOG:  database system is shut down
LOG:  database system was shut down at 2024-02-07 10:25:09 EST
LOG:  checkpoint record is at 0/B12A78
LOG:  redo record is at 0/B12A78; undo record is at 0/0; shutdown TRUE
LOG:  next transaction ID: 6042; next OID: 22147
LOG:  database system is ready

POSTGRES backend interactive interface 
$Revision: 1.375.2.5 $ $Date: 2005/12/14 17:07:00 $

backend> LOG:  QUERY STATISTICS
DETAIL:  ! system usage stats:
	!	0.034335 elapsed 0.002268 user 0.002268 system sec
	!	[0.004645 user 0.004645 sys total]
	!	0/0 [0/56] filesystem blocks in/out
	!	28/58 [75/441] page faults/reclaims, 0 [0] swaps
	!	0 [0] signals rcvd, 0/0 [0/0] messages rcvd/sent
	!	31/0 [78/2] voluntary/involuntary context switches
	! buffer usage stats:
	!	Shared blocks:        162 read,          0 written, buffer hit rate = 44.52%
	!	Local  blocks:          0 read,          0 written, buffer hit rate = 0.00%
	!	Direct blocks:          0 read,          0 written
	 1: count	(typeid = 20, len = 8, typmod = -1, byval = f)
	----
	 1: count = "2479"	(typeid = 20, len = 8, typmod = -1, byval = f)
	----
backend> LOG:  shutting down
LOG:  database system is shut down
LOG:  database system was shut down at 2024-02-07 10:25:11 EST
LOG:  checkpoint record is at 0/B12AC0
LOG:  redo record is at 0/B12AC0; undo record is at 0/0; shutdown TRUE
LOG:  next transaction ID: 6044; next OID: 22147
LOG:  database system is ready

POSTGRES backend interactive interface 
$Revision: 1.375.2.5 $ $Date: 2005/12/14 17:07:00 $

backend> LOG:  QUERY STATISTICS
DETAIL:  ! system usage stats:
	!	0.034988 elapsed 0.004854 user 0.000000 system sec
	!	[0.009297 user 0.000000 sys total]
	!	0/0 [8/56] filesystem blocks in/out
	!	28/58 [75/441] page faults/reclaims, 0 [0] swaps
	!	0 [0] signals rcvd, 0/0 [0/0] messages rcvd/sent
	!	31/0 [79/3] voluntary/involuntary context switches
	! buffer usage stats:
	!	Shared blocks:        159 read,          0 written, buffer hit rate = 44.41%
	!	Local  blocks:          0 read,          0 written, buffer hit rate = 0.00%
	!	Direct blocks:          0 read,          0 written
	 1: count	(typeid = 20, len = 8, typmod = -1, byval = f)
	----
	 1: count = "1473"	(typeid = 20, len = 8, typmod = -1, byval = f)
	----
backend> LOG:  shutting down
LOG:  database system is shut down
