LOG:  database system was shut down at 2024-02-09 13:06:17 EST
LOG:  checkpoint record is at 0/B63D98
LOG:  redo record is at 0/B63D98; undo record is at 0/0; shutdown TRUE
LOG:  next transaction ID: 15502; next OID: 22147
LOG:  database system is ready

POSTGRES backend interactive interface 
$Revision: 1.375.2.5 $ $Date: 2005/12/14 17:07:00 $

backend> LOG:  QUERY STATISTICS
DETAIL:  ! system usage stats:
	!	0.035928 elapsed 0.001953 user 0.000000 system sec
	!	[0.006353 user 0.000000 sys total]
	!	0/0 [0/56] filesystem blocks in/out
	!	48/62 [94/444] page faults/reclaims, 0 [0] swaps
	!	0 [0] signals rcvd, 0/0 [0/0] messages rcvd/sent
	!	35/1 [80/6] voluntary/involuntary context switches
	! buffer usage stats:
	!	Shared blocks:        111 read,          0 written, buffer hit rate = 62.88%
	!	Local  blocks:          0 read,          0 written, buffer hit rate = 0.00%
	!	Direct blocks:          0 read,          0 written
	 1: count	(typeid = 20, len = 8, typmod = -1, byval = f)
	----
	 1: count = "41"	(typeid = 20, len = 8, typmod = -1, byval = f)
	----
backend> LOG:  shutting down
LOG:  database system is shut down
LOG:  database system was shut down at 2024-02-09 13:06:18 EST
LOG:  checkpoint record is at 0/B63DE0
LOG:  redo record is at 0/B63DE0; undo record is at 0/0; shutdown TRUE
LOG:  next transaction ID: 15504; next OID: 22147
LOG:  database system is ready

POSTGRES backend interactive interface 
$Revision: 1.375.2.5 $ $Date: 2005/12/14 17:07:00 $

backend> LOG:  QUERY STATISTICS
DETAIL:  ! system usage stats:
	!	0.034877 elapsed 0.001932 user 0.003102 system sec
	!	[0.006204 user 0.003102 sys total]
	!	0/0 [0/56] filesystem blocks in/out
	!	48/54 [94/435] page faults/reclaims, 0 [0] swaps
	!	0 [0] signals rcvd, 0/0 [0/0] messages rcvd/sent
	!	29/1 [74/2] voluntary/involuntary context switches
	! buffer usage stats:
	!	Shared blocks:        138 read,          0 written, buffer hit rate = 46.51%
	!	Local  blocks:          0 read,          0 written, buffer hit rate = 0.00%
	!	Direct blocks:          0 read,          0 written
	 1: count	(typeid = 20, len = 8, typmod = -1, byval = f)
	----
	 1: count = "50"	(typeid = 20, len = 8, typmod = -1, byval = f)
	----
backend> LOG:  shutting down
LOG:  database system is shut down
LOG:  database system was shut down at 2024-02-09 13:06:20 EST
LOG:  checkpoint record is at 0/B63E28
LOG:  redo record is at 0/B63E28; undo record is at 0/0; shutdown TRUE
LOG:  next transaction ID: 15506; next OID: 22147
LOG:  database system is ready

POSTGRES backend interactive interface 
$Revision: 1.375.2.5 $ $Date: 2005/12/14 17:07:00 $

backend> LOG:  QUERY STATISTICS
DETAIL:  ! system usage stats:
	!	0.038308 elapsed 0.002033 user 0.000000 system sec
	!	[0.004267 user 0.002234 sys total]
	!	0/0 [0/56] filesystem blocks in/out
	!	48/60 [94/442] page faults/reclaims, 0 [0] swaps
	!	0 [0] signals rcvd, 0/0 [0/0] messages rcvd/sent
	!	35/1 [80/3] voluntary/involuntary context switches
	! buffer usage stats:
	!	Shared blocks:        114 read,          0 written, buffer hit rate = 68.16%
	!	Local  blocks:          0 read,          0 written, buffer hit rate = 0.00%
	!	Direct blocks:          0 read,          0 written
	 1: count	(typeid = 20, len = 8, typmod = -1, byval = f)
	----
	 1: count = "99"	(typeid = 20, len = 8, typmod = -1, byval = f)
	----
backend> LOG:  shutting down
LOG:  database system is shut down
LOG:  database system was shut down at 2024-02-09 13:06:21 EST
LOG:  checkpoint record is at 0/B63E70
LOG:  redo record is at 0/B63E70; undo record is at 0/0; shutdown TRUE
LOG:  next transaction ID: 15508; next OID: 22147
LOG:  database system is ready

POSTGRES backend interactive interface 
$Revision: 1.375.2.5 $ $Date: 2005/12/14 17:07:00 $

backend> LOG:  QUERY STATISTICS
DETAIL:  ! system usage stats:
	!	0.041072 elapsed 0.002376 user 0.000067 system sec
	!	[0.004617 user 0.002308 sys total]
	!	0/0 [0/56] filesystem blocks in/out
	!	48/61 [94/444] page faults/reclaims, 0 [0] swaps
	!	0 [0] signals rcvd, 0/0 [0/0] messages rcvd/sent
	!	35/0 [80/1] voluntary/involuntary context switches
	! buffer usage stats:
	!	Shared blocks:        120 read,          0 written, buffer hit rate = 90.48%
	!	Local  blocks:          0 read,          0 written, buffer hit rate = 0.00%
	!	Direct blocks:          0 read,          0 written
	 1: count	(typeid = 20, len = 8, typmod = -1, byval = f)
	----
	 1: count = "1000"	(typeid = 20, len = 8, typmod = -1, byval = f)
	----
backend> LOG:  shutting down
LOG:  database system is shut down
LOG:  database system was shut down at 2024-02-09 13:06:22 EST
LOG:  checkpoint record is at 0/B63EB8
LOG:  redo record is at 0/B63EB8; undo record is at 0/0; shutdown TRUE
LOG:  next transaction ID: 15510; next OID: 22147
LOG:  database system is ready

POSTGRES backend interactive interface 
$Revision: 1.375.2.5 $ $Date: 2005/12/14 17:07:00 $

backend> LOG:  QUERY STATISTICS
DETAIL:  ! system usage stats:
	!	0.033980 elapsed 0.005115 user 0.000000 system sec
	!	[0.009463 user 0.000000 sys total]
	!	0/0 [0/56] filesystem blocks in/out
	!	48/52 [94/434] page faults/reclaims, 0 [0] swaps
	!	0 [0] signals rcvd, 0/0 [0/0] messages rcvd/sent
	!	29/4 [74/4] voluntary/involuntary context switches
	! buffer usage stats:
	!	Shared blocks:        138 read,          0 written, buffer hit rate = 46.51%
	!	Local  blocks:          0 read,          0 written, buffer hit rate = 0.00%
	!	Direct blocks:          0 read,          0 written
	 1: count	(typeid = 20, len = 8, typmod = -1, byval = f)
	----
	 1: count = "2500"	(typeid = 20, len = 8, typmod = -1, byval = f)
	----
backend> LOG:  shutting down
LOG:  database system is shut down
LOG:  database system was shut down at 2024-02-09 13:06:23 EST
LOG:  checkpoint record is at 0/B63F00
LOG:  redo record is at 0/B63F00; undo record is at 0/0; shutdown TRUE
LOG:  next transaction ID: 15512; next OID: 22147
LOG:  database system is ready

POSTGRES backend interactive interface 
$Revision: 1.375.2.5 $ $Date: 2005/12/14 17:07:00 $

backend> LOG:  QUERY STATISTICS
DETAIL:  ! system usage stats:
	!	0.174675 elapsed 0.005749 user 0.000000 system sec
	!	[0.010766 user 0.000000 sys total]
	!	0/0 [0/56] filesystem blocks in/out
	!	48/60 [94/440] page faults/reclaims, 0 [0] swaps
	!	0 [0] signals rcvd, 0/0 [0/0] messages rcvd/sent
	!	34/2 [81/3] voluntary/involuntary context switches
	! buffer usage stats:
	!	Shared blocks:        141 read,          0 written, buffer hit rate = 51.04%
	!	Local  blocks:          0 read,          0 written, buffer hit rate = 0.00%
	!	Direct blocks:          0 read,          0 written
	 1: count	(typeid = 20, len = 8, typmod = -1, byval = f)
	----
	 1: count = "999"	(typeid = 20, len = 8, typmod = -1, byval = f)
	----
backend> LOG:  shutting down
LOG:  database system is shut down
LOG:  database system was shut down at 2024-02-09 13:06:24 EST
LOG:  checkpoint record is at 0/B63F48
LOG:  redo record is at 0/B63F48; undo record is at 0/0; shutdown TRUE
LOG:  next transaction ID: 15514; next OID: 22147
LOG:  database system is ready

POSTGRES backend interactive interface 
$Revision: 1.375.2.5 $ $Date: 2005/12/14 17:07:00 $

backend> LOG:  QUERY STATISTICS
DETAIL:  ! system usage stats:
	!	0.092597 elapsed 0.002604 user 0.000000 system sec
	!	[0.007095 user 0.000000 sys total]
	!	0/0 [0/56] filesystem blocks in/out
	!	48/58 [94/443] page faults/reclaims, 0 [0] swaps
	!	0 [0] signals rcvd, 0/0 [0/0] messages rcvd/sent
	!	35/0 [80/0] voluntary/involuntary context switches
	! buffer usage stats:
	!	Shared blocks:        114 read,          0 written, buffer hit rate = 79.64%
	!	Local  blocks:          0 read,          0 written, buffer hit rate = 0.00%
	!	Direct blocks:          0 read,          0 written
	 1: count	(typeid = 20, len = 8, typmod = -1, byval = f)
	----
	 1: count = "301"	(typeid = 20, len = 8, typmod = -1, byval = f)
	----
backend> LOG:  shutting down
LOG:  database system is shut down
LOG:  database system was shut down at 2024-02-09 13:06:26 EST
LOG:  checkpoint record is at 0/B63F90
LOG:  redo record is at 0/B63F90; undo record is at 0/0; shutdown TRUE
LOG:  next transaction ID: 15516; next OID: 22147
LOG:  database system is ready

POSTGRES backend interactive interface 
$Revision: 1.375.2.5 $ $Date: 2005/12/14 17:07:00 $

backend> LOG:  QUERY STATISTICS
DETAIL:  ! system usage stats:
	!	0.034612 elapsed 0.001942 user 0.000000 system sec
	!	[0.001942 user 0.004407 sys total]
	!	0/0 [0/64] filesystem blocks in/out
	!	48/61 [94/441] page faults/reclaims, 0 [0] swaps
	!	0 [0] signals rcvd, 0/0 [0/0] messages rcvd/sent
	!	35/0 [80/3] voluntary/involuntary context switches
	! buffer usage stats:
	!	Shared blocks:        112 read,          0 written, buffer hit rate = 68.80%
	!	Local  blocks:          0 read,          0 written, buffer hit rate = 0.00%
	!	Direct blocks:          0 read,          0 written
	 1: count	(typeid = 20, len = 8, typmod = -1, byval = f)
	----
	 1: count = "101"	(typeid = 20, len = 8, typmod = -1, byval = f)
	----
backend> LOG:  shutting down
LOG:  database system is shut down
LOG:  database system was shut down at 2024-02-09 13:06:27 EST
LOG:  checkpoint record is at 0/B63FD8
LOG:  redo record is at 0/B63FD8; undo record is at 0/0; shutdown TRUE
LOG:  next transaction ID: 15518; next OID: 22147
LOG:  database system is ready

POSTGRES backend interactive interface 
$Revision: 1.375.2.5 $ $Date: 2005/12/14 17:07:00 $

backend> LOG:  QUERY STATISTICS
DETAIL:  ! system usage stats:
	!	0.104826 elapsed 0.002171 user 0.000000 system sec
	!	[0.006832 user 0.000000 sys total]
	!	0/0 [0/56] filesystem blocks in/out
	!	48/59 [94/443] page faults/reclaims, 0 [0] swaps
	!	0 [0] signals rcvd, 0/0 [0/0] messages rcvd/sent
	!	35/0 [80/1] voluntary/involuntary context switches
	! buffer usage stats:
	!	Shared blocks:        112 read,          0 written, buffer hit rate = 68.80%
	!	Local  blocks:          0 read,          0 written, buffer hit rate = 0.00%
	!	Direct blocks:          0 read,          0 written
	 1: count	(typeid = 20, len = 8, typmod = -1, byval = f)
	----
	 1: count = "101"	(typeid = 20, len = 8, typmod = -1, byval = f)
	----
backend> LOG:  shutting down
LOG:  database system is shut down
LOG:  database system was shut down at 2024-02-09 13:06:28 EST
LOG:  checkpoint record is at 0/B64038
LOG:  redo record is at 0/B64038; undo record is at 0/0; shutdown TRUE
LOG:  next transaction ID: 15520; next OID: 22147
LOG:  database system is ready

POSTGRES backend interactive interface 
$Revision: 1.375.2.5 $ $Date: 2005/12/14 17:07:00 $

backend> LOG:  QUERY STATISTICS
DETAIL:  ! system usage stats:
	!	0.036169 elapsed 0.001845 user 0.000000 system sec
	!	[0.006121 user 0.000000 sys total]
	!	0/0 [8/56] filesystem blocks in/out
	!	48/62 [94/444] page faults/reclaims, 0 [0] swaps
	!	0 [0] signals rcvd, 0/0 [0/0] messages rcvd/sent
	!	35/3 [82/7] voluntary/involuntary context switches
	! buffer usage stats:
	!	Shared blocks:        112 read,          0 written, buffer hit rate = 61.38%
	!	Local  blocks:          0 read,          0 written, buffer hit rate = 0.00%
	!	Direct blocks:          0 read,          0 written
	 1: count	(typeid = 20, len = 8, typmod = -1, byval = f)
	----
	 1: count = "31"	(typeid = 20, len = 8, typmod = -1, byval = f)
	----
backend> LOG:  shutting down
LOG:  database system is shut down
