LOG:  database system was shut down at 2024-02-09 15:15:04 EST
LOG:  checkpoint record is at 0/BB8A10
LOG:  redo record is at 0/BB8A10; undo record is at 0/0; shutdown TRUE
LOG:  next transaction ID: 27446; next OID: 22147
LOG:  database system is ready

POSTGRES backend interactive interface 
$Revision: 1.375.2.5 $ $Date: 2005/12/14 17:07:00 $

backend> LOG:  QUERY STATISTICS
DETAIL:  ! system usage stats:
	!	0.044810 elapsed 0.002264 user 0.001783 system sec
	!	[0.003339 user 0.005009 sys total]
	!	0/0 [0/56] filesystem blocks in/out
	!	48/50 [94/432] page faults/reclaims, 0 [0] swaps
	!	0 [0] signals rcvd, 0/0 [0/0] messages rcvd/sent
	!	31/3 [74/4] voluntary/involuntary context switches
	! buffer usage stats:
	!	Shared blocks:        138 read,          0 written, buffer hit rate = 41.53%
	!	Local  blocks:          0 read,          0 written, buffer hit rate = 0.00%
	!	Direct blocks:          0 read,          0 written
	 1: count	(typeid = 20, len = 8, typmod = -1, byval = f)
	----
	 1: count = "2175"	(typeid = 20, len = 8, typmod = -1, byval = f)
	----
backend> LOG:  shutting down
LOG:  database system is shut down
LOG:  database system was shut down at 2024-02-09 15:15:05 EST
LOG:  checkpoint record is at 0/BB8A58
LOG:  redo record is at 0/BB8A58; undo record is at 0/0; shutdown TRUE
LOG:  next transaction ID: 27448; next OID: 22147
LOG:  database system is ready

POSTGRES backend interactive interface 
$Revision: 1.375.2.5 $ $Date: 2005/12/14 17:07:00 $

backend> LOG:  QUERY STATISTICS
DETAIL:  ! system usage stats:
	!	0.038424 elapsed 0.004864 user 0.000443 system sec
	!	[0.004864 user 0.004864 sys total]
	!	0/0 [0/56] filesystem blocks in/out
	!	48/52 [94/432] page faults/reclaims, 0 [0] swaps
	!	0 [0] signals rcvd, 0/0 [0/0] messages rcvd/sent
	!	30/6 [72/6] voluntary/involuntary context switches
	! buffer usage stats:
	!	Shared blocks:        138 read,          0 written, buffer hit rate = 47.33%
	!	Local  blocks:          0 read,          0 written, buffer hit rate = 0.00%
	!	Direct blocks:          0 read,          0 written
	 1: count	(typeid = 20, len = 8, typmod = -1, byval = f)
	----
	 1: count = "1051"	(typeid = 20, len = 8, typmod = -1, byval = f)
	----
backend> LOG:  shutting down
LOG:  database system is shut down
LOG:  database system was shut down at 2024-02-09 15:15:05 EST
LOG:  checkpoint record is at 0/BB8AA0
LOG:  redo record is at 0/BB8AA0; undo record is at 0/0; shutdown TRUE
LOG:  next transaction ID: 27450; next OID: 22147
LOG:  database system is ready

POSTGRES backend interactive interface 
$Revision: 1.375.2.5 $ $Date: 2005/12/14 17:07:00 $

backend> LOG:  QUERY STATISTICS
DETAIL:  ! system usage stats:
	!	0.045237 elapsed 0.004530 user 0.000289 system sec
	!	[0.004530 user 0.004530 sys total]
	!	0/0 [0/56] filesystem blocks in/out
	!	48/58 [94/440] page faults/reclaims, 0 [0] swaps
	!	0 [0] signals rcvd, 0/0 [0/0] messages rcvd/sent
	!	32/5 [75/11] voluntary/involuntary context switches
	! buffer usage stats:
	!	Shared blocks:        140 read,          0 written, buffer hit rate = 50.88%
	!	Local  blocks:          0 read,          0 written, buffer hit rate = 0.00%
	!	Direct blocks:          0 read,          0 written
	 1: count	(typeid = 20, len = 8, typmod = -1, byval = f)
	----
	 1: count = "541"	(typeid = 20, len = 8, typmod = -1, byval = f)
	----
backend> LOG:  shutting down
LOG:  database system is shut down
LOG:  database system was shut down at 2024-02-09 15:15:05 EST
LOG:  checkpoint record is at 0/BB8AE8
LOG:  redo record is at 0/BB8AE8; undo record is at 0/0; shutdown TRUE
LOG:  next transaction ID: 27452; next OID: 22147
LOG:  database system is ready

POSTGRES backend interactive interface 
$Revision: 1.375.2.5 $ $Date: 2005/12/14 17:07:00 $

backend> LOG:  QUERY STATISTICS
DETAIL:  ! system usage stats:
	!	0.044203 elapsed 0.004872 user 0.000000 system sec
	!	[0.009128 user 0.000000 sys total]
	!	0/0 [0/56] filesystem blocks in/out
	!	48/60 [94/438] page faults/reclaims, 0 [0] swaps
	!	0 [0] signals rcvd, 0/0 [0/0] messages rcvd/sent
	!	31/14 [79/20] voluntary/involuntary context switches
	! buffer usage stats:
	!	Shared blocks:        135 read,          0 written, buffer hit rate = 54.70%
	!	Local  blocks:          0 read,          0 written, buffer hit rate = 0.00%
	!	Direct blocks:          0 read,          0 written
	 1: count	(typeid = 20, len = 8, typmod = -1, byval = f)
	----
	 1: count = "1326"	(typeid = 20, len = 8, typmod = -1, byval = f)
	----
backend> LOG:  shutting down
LOG:  database system is shut down
LOG:  database system was shut down at 2024-02-09 15:15:05 EST
LOG:  checkpoint record is at 0/BB8B30
LOG:  redo record is at 0/BB8B30; undo record is at 0/0; shutdown TRUE
LOG:  next transaction ID: 27454; next OID: 22147
LOG:  database system is ready

POSTGRES backend interactive interface 
$Revision: 1.375.2.5 $ $Date: 2005/12/14 17:07:00 $

backend> LOG:  QUERY STATISTICS
DETAIL:  ! system usage stats:
	!	0.037593 elapsed 0.005957 user 0.000000 system sec
	!	[0.010539 user 0.000000 sys total]
	!	0/0 [0/56] filesystem blocks in/out
	!	48/54 [94/434] page faults/reclaims, 0 [0] swaps
	!	0 [0] signals rcvd, 0/0 [0/0] messages rcvd/sent
	!	29/0 [76/1] voluntary/involuntary context switches
	! buffer usage stats:
	!	Shared blocks:        140 read,          0 written, buffer hit rate = 47.37%
	!	Local  blocks:          0 read,          0 written, buffer hit rate = 0.00%
	!	Direct blocks:          0 read,          0 written
	 1: count	(typeid = 20, len = 8, typmod = -1, byval = f)
	----
	 1: count = "340"	(typeid = 20, len = 8, typmod = -1, byval = f)
	----
backend> LOG:  shutting down
LOG:  database system is shut down
LOG:  database system was shut down at 2024-02-09 15:15:05 EST
LOG:  checkpoint record is at 0/BB8B78
LOG:  redo record is at 0/BB8B78; undo record is at 0/0; shutdown TRUE
LOG:  next transaction ID: 27456; next OID: 22147
LOG:  database system is ready

POSTGRES backend interactive interface 
$Revision: 1.375.2.5 $ $Date: 2005/12/14 17:07:00 $

backend> LOG:  QUERY STATISTICS
DETAIL:  ! system usage stats:
	!	0.039636 elapsed 0.004900 user 0.000206 system sec
	!	[0.007040 user 0.002346 sys total]
	!	0/0 [0/56] filesystem blocks in/out
	!	48/59 [94/437] page faults/reclaims, 0 [0] swaps
	!	0 [0] signals rcvd, 0/0 [0/0] messages rcvd/sent
	!	31/7 [78/20] voluntary/involuntary context switches
	! buffer usage stats:
	!	Shared blocks:        136 read,          0 written, buffer hit rate = 53.42%
	!	Local  blocks:          0 read,          0 written, buffer hit rate = 0.00%
	!	Direct blocks:          0 read,          0 written
	 1: count	(typeid = 20, len = 8, typmod = -1, byval = f)
	----
	 1: count = "1794"	(typeid = 20, len = 8, typmod = -1, byval = f)
	----
backend> LOG:  shutting down
LOG:  database system is shut down
LOG:  database system was shut down at 2024-02-09 15:15:05 EST
LOG:  checkpoint record is at 0/BB8BC0
LOG:  redo record is at 0/BB8BC0; undo record is at 0/0; shutdown TRUE
LOG:  next transaction ID: 27458; next OID: 22147
LOG:  database system is ready

POSTGRES backend interactive interface 
$Revision: 1.375.2.5 $ $Date: 2005/12/14 17:07:00 $

backend> LOG:  QUERY STATISTICS
DETAIL:  ! system usage stats:
	!	0.035434 elapsed 0.003744 user 0.000000 system sec
	!	[0.003744 user 0.004614 sys total]
	!	0/0 [0/56] filesystem blocks in/out
	!	48/49 [94/431] page faults/reclaims, 0 [0] swaps
	!	0 [0] signals rcvd, 0/0 [0/0] messages rcvd/sent
	!	31/0 [78/4] voluntary/involuntary context switches
	! buffer usage stats:
	!	Shared blocks:        134 read,          0 written, buffer hit rate = 43.22%
	!	Local  blocks:          0 read,          0 written, buffer hit rate = 0.00%
	!	Direct blocks:          0 read,          0 written
	 1: count	(typeid = 20, len = 8, typmod = -1, byval = f)
	----
	 1: count = "729"	(typeid = 20, len = 8, typmod = -1, byval = f)
	----
backend> LOG:  shutting down
LOG:  database system is shut down
LOG:  database system was shut down at 2024-02-09 15:15:05 EST
LOG:  checkpoint record is at 0/BB8C08
LOG:  redo record is at 0/BB8C08; undo record is at 0/0; shutdown TRUE
LOG:  next transaction ID: 27460; next OID: 22147
LOG:  database system is ready

POSTGRES backend interactive interface 
$Revision: 1.375.2.5 $ $Date: 2005/12/14 17:07:00 $

backend> LOG:  QUERY STATISTICS
DETAIL:  ! system usage stats:
	!	0.052033 elapsed 0.004609 user 0.000000 system sec
	!	[0.009078 user 0.000000 sys total]
	!	0/0 [16/64] filesystem blocks in/out
	!	48/59 [94/438] page faults/reclaims, 0 [0] swaps
	!	0 [0] signals rcvd, 0/0 [0/0] messages rcvd/sent
	!	31/0 [81/8] voluntary/involuntary context switches
	! buffer usage stats:
	!	Shared blocks:        140 read,          0 written, buffer hit rate = 50.88%
	!	Local  blocks:          0 read,          0 written, buffer hit rate = 0.00%
	!	Direct blocks:          0 read,          0 written
	 1: count	(typeid = 20, len = 8, typmod = -1, byval = f)
	----
	 1: count = "579"	(typeid = 20, len = 8, typmod = -1, byval = f)
	----
backend> LOG:  shutting down
LOG:  database system is shut down
LOG:  database system was shut down at 2024-02-09 15:15:06 EST
LOG:  checkpoint record is at 0/BB8C50
LOG:  redo record is at 0/BB8C50; undo record is at 0/0; shutdown TRUE
LOG:  next transaction ID: 27462; next OID: 22147
LOG:  database system is ready

POSTGRES backend interactive interface 
$Revision: 1.375.2.5 $ $Date: 2005/12/14 17:07:00 $

backend> LOG:  QUERY STATISTICS
DETAIL:  ! system usage stats:
	!	0.050426 elapsed 0.005217 user 0.000217 system sec
	!	[0.005217 user 0.005217 sys total]
	!	0/0 [0/56] filesystem blocks in/out
	!	48/57 [94/434] page faults/reclaims, 0 [0] swaps
	!	0 [0] signals rcvd, 0/0 [0/0] messages rcvd/sent
	!	32/0 [79/2] voluntary/involuntary context switches
	! buffer usage stats:
	!	Shared blocks:        136 read,          0 written, buffer hit rate = 53.42%
	!	Local  blocks:          0 read,          0 written, buffer hit rate = 0.00%
	!	Direct blocks:          0 read,          0 written
	 1: count	(typeid = 20, len = 8, typmod = -1, byval = f)
	----
	 1: count = "2479"	(typeid = 20, len = 8, typmod = -1, byval = f)
	----
backend> LOG:  shutting down
LOG:  database system is shut down
LOG:  database system was shut down at 2024-02-09 15:15:06 EST
LOG:  checkpoint record is at 0/BB8C98
LOG:  redo record is at 0/BB8C98; undo record is at 0/0; shutdown TRUE
LOG:  next transaction ID: 27464; next OID: 22147
LOG:  database system is ready

POSTGRES backend interactive interface 
$Revision: 1.375.2.5 $ $Date: 2005/12/14 17:07:00 $

backend> LOG:  QUERY STATISTICS
DETAIL:  ! system usage stats:
	!	0.052402 elapsed 0.005153 user 0.000000 system sec
	!	[0.009782 user 0.000000 sys total]
	!	0/0 [0/56] filesystem blocks in/out
	!	48/57 [94/437] page faults/reclaims, 0 [0] swaps
	!	0 [0] signals rcvd, 0/0 [0/0] messages rcvd/sent
	!	31/0 [78/0] voluntary/involuntary context switches
	! buffer usage stats:
	!	Shared blocks:        142 read,          0 written, buffer hit rate = 50.35%
	!	Local  blocks:          0 read,          0 written, buffer hit rate = 0.00%
	!	Direct blocks:          0 read,          0 written
	 1: count	(typeid = 20, len = 8, typmod = -1, byval = f)
	----
	 1: count = "1473"	(typeid = 20, len = 8, typmod = -1, byval = f)
	----
backend> LOG:  shutting down
LOG:  database system is shut down
