LOG:  database system was shut down at 2024-02-07 10:26:31 EST
LOG:  checkpoint record is at 0/B13EB8
LOG:  redo record is at 0/B13EB8; undo record is at 0/0; shutdown TRUE
LOG:  next transaction ID: 6186; next OID: 22147
LOG:  database system is ready

POSTGRES backend interactive interface 
$Revision: 1.375.2.5 $ $Date: 2005/12/14 17:07:00 $

backend> LOG:  QUERY STATISTICS
DETAIL:  ! system usage stats:
	!	0.043388 elapsed 0.002033 user 0.000000 system sec
	!	[0.004260 user 0.002227 sys total]
	!	0/0 [0/56] filesystem blocks in/out
	!	69/61 [116/446] page faults/reclaims, 0 [0] swaps
	!	0 [0] signals rcvd, 0/0 [0/0] messages rcvd/sent
	!	35/0 [83/1] voluntary/involuntary context switches
	! buffer usage stats:
	!	Shared blocks:        105 read,          0 written, buffer hit rate = 64.88%
	!	Local  blocks:          0 read,          0 written, buffer hit rate = 0.00%
	!	Direct blocks:          0 read,          0 written
	 1: count	(typeid = 20, len = 8, typmod = -1, byval = f)
	----
	 1: count = "41"	(typeid = 20, len = 8, typmod = -1, byval = f)
	----
backend> LOG:  shutting down
LOG:  database system is shut down
LOG:  database system was shut down at 2024-02-07 10:26:32 EST
LOG:  checkpoint record is at 0/B13F00
LOG:  redo record is at 0/B13F00; undo record is at 0/0; shutdown TRUE
LOG:  next transaction ID: 6188; next OID: 22147
LOG:  database system is ready

POSTGRES backend interactive interface 
$Revision: 1.375.2.5 $ $Date: 2005/12/14 17:07:00 $

backend> LOG:  QUERY STATISTICS
DETAIL:  ! system usage stats:
	!	0.032094 elapsed 0.004973 user 0.000000 system sec
	!	[0.009216 user 0.000000 sys total]
	!	0/0 [0/56] filesystem blocks in/out
	!	69/55 [116/439] page faults/reclaims, 0 [0] swaps
	!	0 [0] signals rcvd, 0/0 [0/0] messages rcvd/sent
	!	29/1 [75/2] voluntary/involuntary context switches
	! buffer usage stats:
	!	Shared blocks:        122 read,          0 written, buffer hit rate = 52.71%
	!	Local  blocks:          0 read,          0 written, buffer hit rate = 0.00%
	!	Direct blocks:          0 read,          0 written
	 1: count	(typeid = 20, len = 8, typmod = -1, byval = f)
	----
	 1: count = "50"	(typeid = 20, len = 8, typmod = -1, byval = f)
	----
backend> LOG:  shutting down
LOG:  database system is shut down
LOG:  database system was shut down at 2024-02-07 10:26:34 EST
LOG:  checkpoint record is at 0/B13F48
LOG:  redo record is at 0/B13F48; undo record is at 0/0; shutdown TRUE
LOG:  next transaction ID: 6190; next OID: 22147
LOG:  database system is ready

POSTGRES backend interactive interface 
$Revision: 1.375.2.5 $ $Date: 2005/12/14 17:07:00 $

backend> LOG:  QUERY STATISTICS
DETAIL:  ! system usage stats:
	!	0.033703 elapsed 0.001982 user 0.000000 system sec
	!	[0.006277 user 0.000000 sys total]
	!	0/0 [0/56] filesystem blocks in/out
	!	69/62 [116/447] page faults/reclaims, 0 [0] swaps
	!	0 [0] signals rcvd, 0/0 [0/0] messages rcvd/sent
	!	35/0 [82/1] voluntary/involuntary context switches
	! buffer usage stats:
	!	Shared blocks:        107 read,          0 written, buffer hit rate = 70.11%
	!	Local  blocks:          0 read,          0 written, buffer hit rate = 0.00%
	!	Direct blocks:          0 read,          0 written
	 1: count	(typeid = 20, len = 8, typmod = -1, byval = f)
	----
	 1: count = "99"	(typeid = 20, len = 8, typmod = -1, byval = f)
	----
backend> LOG:  shutting down
LOG:  database system is shut down
LOG:  database system was shut down at 2024-02-07 10:26:35 EST
LOG:  checkpoint record is at 0/B13F90
LOG:  redo record is at 0/B13F90; undo record is at 0/0; shutdown TRUE
LOG:  next transaction ID: 6192; next OID: 22147
LOG:  database system is ready

POSTGRES backend interactive interface 
$Revision: 1.375.2.5 $ $Date: 2005/12/14 17:07:00 $

backend> LOG:  QUERY STATISTICS
DETAIL:  ! system usage stats:
	!	0.036356 elapsed 0.000000 user 0.002563 system sec
	!	[0.000000 user 0.007078 sys total]
	!	0/0 [0/56] filesystem blocks in/out
	!	69/61 [116/447] page faults/reclaims, 0 [0] swaps
	!	0 [0] signals rcvd, 0/0 [0/0] messages rcvd/sent
	!	36/0 [83/7] voluntary/involuntary context switches
	! buffer usage stats:
	!	Shared blocks:        114 read,          0 written, buffer hit rate = 90.96%
	!	Local  blocks:          0 read,          0 written, buffer hit rate = 0.00%
	!	Direct blocks:          0 read,          0 written
	 1: count	(typeid = 20, len = 8, typmod = -1, byval = f)
	----
	 1: count = "1000"	(typeid = 20, len = 8, typmod = -1, byval = f)
	----
backend> LOG:  shutting down
LOG:  database system is shut down
LOG:  database system was shut down at 2024-02-07 10:26:36 EST
LOG:  checkpoint record is at 0/B13FD8
LOG:  redo record is at 0/B13FD8; undo record is at 0/0; shutdown TRUE
LOG:  next transaction ID: 6194; next OID: 22147
LOG:  database system is ready

POSTGRES backend interactive interface 
$Revision: 1.375.2.5 $ $Date: 2005/12/14 17:07:00 $

backend> LOG:  QUERY STATISTICS
DETAIL:  ! system usage stats:
	!	0.116956 elapsed 0.005239 user 0.000000 system sec
	!	[0.009684 user 0.000000 sys total]
	!	0/0 [0/56] filesystem blocks in/out
	!	69/56 [116/441] page faults/reclaims, 0 [0] swaps
	!	0 [0] signals rcvd, 0/0 [0/0] messages rcvd/sent
	!	29/1 [76/3] voluntary/involuntary context switches
	! buffer usage stats:
	!	Shared blocks:        122 read,          0 written, buffer hit rate = 52.71%
	!	Local  blocks:          0 read,          0 written, buffer hit rate = 0.00%
	!	Direct blocks:          0 read,          0 written
	 1: count	(typeid = 20, len = 8, typmod = -1, byval = f)
	----
	 1: count = "2500"	(typeid = 20, len = 8, typmod = -1, byval = f)
	----
backend> LOG:  shutting down
LOG:  database system is shut down
LOG:  database system was shut down at 2024-02-07 10:26:37 EST
LOG:  checkpoint record is at 0/B14038
LOG:  redo record is at 0/B14038; undo record is at 0/0; shutdown TRUE
LOG:  next transaction ID: 6196; next OID: 22147
LOG:  database system is ready

POSTGRES backend interactive interface 
$Revision: 1.375.2.5 $ $Date: 2005/12/14 17:07:00 $

backend> LOG:  QUERY STATISTICS
DETAIL:  ! system usage stats:
	!	0.037563 elapsed 0.003063 user 0.001669 system sec
	!	[0.003063 user 0.006127 sys total]
	!	0/0 [0/56] filesystem blocks in/out
	!	69/56 [116/443] page faults/reclaims, 0 [0] swaps
	!	0 [0] signals rcvd, 0/0 [0/0] messages rcvd/sent
	!	33/0 [80/1] voluntary/involuntary context switches
	! buffer usage stats:
	!	Shared blocks:        134 read,          0 written, buffer hit rate = 53.47%
	!	Local  blocks:          0 read,          0 written, buffer hit rate = 0.00%
	!	Direct blocks:          0 read,          0 written
	 1: count	(typeid = 20, len = 8, typmod = -1, byval = f)
	----
	 1: count = "999"	(typeid = 20, len = 8, typmod = -1, byval = f)
	----
backend> LOG:  shutting down
LOG:  database system is shut down
LOG:  database system was shut down at 2024-02-07 10:26:38 EST
LOG:  checkpoint record is at 0/B14080
LOG:  redo record is at 0/B14080; undo record is at 0/0; shutdown TRUE
LOG:  next transaction ID: 6198; next OID: 22147
LOG:  database system is ready

POSTGRES backend interactive interface 
$Revision: 1.375.2.5 $ $Date: 2005/12/14 17:07:00 $

backend> LOG:  QUERY STATISTICS
DETAIL:  ! system usage stats:
	!	0.036385 elapsed 0.000000 user 0.002079 system sec
	!	[0.002185 user 0.004264 sys total]
	!	0/0 [0/56] filesystem blocks in/out
	!	69/63 [116/446] page faults/reclaims, 0 [0] swaps
	!	0 [0] signals rcvd, 0/0 [0/0] messages rcvd/sent
	!	35/1 [81/2] voluntary/involuntary context switches
	! buffer usage stats:
	!	Shared blocks:        108 read,          0 written, buffer hit rate = 80.71%
	!	Local  blocks:          0 read,          0 written, buffer hit rate = 0.00%
	!	Direct blocks:          0 read,          0 written
	 1: count	(typeid = 20, len = 8, typmod = -1, byval = f)
	----
	 1: count = "301"	(typeid = 20, len = 8, typmod = -1, byval = f)
	----
backend> LOG:  shutting down
LOG:  database system is shut down
LOG:  database system was shut down at 2024-02-07 10:26:40 EST
LOG:  checkpoint record is at 0/B140C8
LOG:  redo record is at 0/B140C8; undo record is at 0/0; shutdown TRUE
LOG:  next transaction ID: 6200; next OID: 22147
LOG:  database system is ready

POSTGRES backend interactive interface 
$Revision: 1.375.2.5 $ $Date: 2005/12/14 17:07:00 $

backend> LOG:  QUERY STATISTICS
DETAIL:  ! system usage stats:
	!	0.034434 elapsed 0.000000 user 0.002097 system sec
	!	[0.000000 user 0.006579 sys total]
	!	0/0 [0/64] filesystem blocks in/out
	!	69/62 [116/446] page faults/reclaims, 0 [0] swaps
	!	0 [0] signals rcvd, 0/0 [0/0] messages rcvd/sent
	!	35/0 [82/1] voluntary/involuntary context switches
	! buffer usage stats:
	!	Shared blocks:        106 read,          0 written, buffer hit rate = 70.47%
	!	Local  blocks:          0 read,          0 written, buffer hit rate = 0.00%
	!	Direct blocks:          0 read,          0 written
	 1: count	(typeid = 20, len = 8, typmod = -1, byval = f)
	----
	 1: count = "101"	(typeid = 20, len = 8, typmod = -1, byval = f)
	----
backend> LOG:  shutting down
LOG:  database system is shut down
LOG:  database system was shut down at 2024-02-07 10:26:41 EST
LOG:  checkpoint record is at 0/B14110
LOG:  redo record is at 0/B14110; undo record is at 0/0; shutdown TRUE
LOG:  next transaction ID: 6202; next OID: 22147
LOG:  database system is ready

POSTGRES backend interactive interface 
$Revision: 1.375.2.5 $ $Date: 2005/12/14 17:07:00 $

backend> LOG:  QUERY STATISTICS
DETAIL:  ! system usage stats:
	!	0.035946 elapsed 0.001976 user 0.000000 system sec
	!	[0.001976 user 0.004215 sys total]
	!	0/0 [0/56] filesystem blocks in/out
	!	69/59 [116/448] page faults/reclaims, 0 [0] swaps
	!	0 [0] signals rcvd, 0/0 [0/0] messages rcvd/sent
	!	35/1 [82/2] voluntary/involuntary context switches
	! buffer usage stats:
	!	Shared blocks:        106 read,          0 written, buffer hit rate = 70.47%
	!	Local  blocks:          0 read,          0 written, buffer hit rate = 0.00%
	!	Direct blocks:          0 read,          0 written
	 1: count	(typeid = 20, len = 8, typmod = -1, byval = f)
	----
	 1: count = "101"	(typeid = 20, len = 8, typmod = -1, byval = f)
	----
backend> LOG:  shutting down
LOG:  database system is shut down
LOG:  database system was shut down at 2024-02-07 10:26:42 EST
LOG:  checkpoint record is at 0/B14158
LOG:  redo record is at 0/B14158; undo record is at 0/0; shutdown TRUE
LOG:  next transaction ID: 6204; next OID: 22147
LOG:  database system is ready

POSTGRES backend interactive interface 
$Revision: 1.375.2.5 $ $Date: 2005/12/14 17:07:00 $

backend> LOG:  QUERY STATISTICS
DETAIL:  ! system usage stats:
	!	0.036087 elapsed 0.001782 user 0.000000 system sec
	!	[0.006113 user 0.000000 sys total]
	!	0/0 [0/56] filesystem blocks in/out
	!	69/61 [116/447] page faults/reclaims, 0 [0] swaps
	!	0 [0] signals rcvd, 0/0 [0/0] messages rcvd/sent
	!	35/1 [82/2] voluntary/involuntary context switches
	! buffer usage stats:
	!	Shared blocks:        106 read,          0 written, buffer hit rate = 63.45%
	!	Local  blocks:          0 read,          0 written, buffer hit rate = 0.00%
	!	Direct blocks:          0 read,          0 written
	 1: count	(typeid = 20, len = 8, typmod = -1, byval = f)
	----
	 1: count = "31"	(typeid = 20, len = 8, typmod = -1, byval = f)
	----
backend> LOG:  shutting down
LOG:  database system is shut down
