LOG:  database system was shut down at 2024-02-06 22:43:36 EST
LOG:  checkpoint record is at 0/AE5EE0
LOG:  redo record is at 0/AE5EE0; undo record is at 0/0; shutdown TRUE
LOG:  next transaction ID: 1071; next OID: 22147
LOG:  database system is ready

POSTGRES backend interactive interface 
$Revision: 1.375.2.5 $ $Date: 2005/12/14 17:07:00 $

backend> LOG:  QUERY STATISTICS
DETAIL:  ! system usage stats:
	!	0.033950 elapsed 0.001995 user 0.001630 system sec
	!	[0.001995 user 0.005986 sys total]
	!	0/0 [0/56] filesystem blocks in/out
	!	68/50 [117/437] page faults/reclaims, 0 [0] swaps
	!	0 [0] signals rcvd, 0/0 [0/0] messages rcvd/sent
	!	31/3 [77/3] voluntary/involuntary context switches
	! buffer usage stats:
	!	Shared blocks:        122 read,          0 written, buffer hit rate = 48.31%
	!	Local  blocks:          0 read,          0 written, buffer hit rate = 0.00%
	!	Direct blocks:          0 read,          0 written
	 1: count	(typeid = 20, len = 8, typmod = -1, byval = f)
	----
	 1: count = "2175"	(typeid = 20, len = 8, typmod = -1, byval = f)
	----
backend> LOG:  shutting down
LOG:  database system is shut down
LOG:  database system was shut down at 2024-02-06 22:43:37 EST
LOG:  checkpoint record is at 0/AE5F28
LOG:  redo record is at 0/AE5F28; undo record is at 0/0; shutdown TRUE
LOG:  next transaction ID: 1073; next OID: 22147
LOG:  database system is ready

POSTGRES backend interactive interface 
$Revision: 1.375.2.5 $ $Date: 2005/12/14 17:07:00 $

backend> LOG:  QUERY STATISTICS
DETAIL:  ! system usage stats:
	!	0.032829 elapsed 0.005206 user 0.000000 system sec
	!	[0.009491 user 0.000000 sys total]
	!	0/0 [0/56] filesystem blocks in/out
	!	68/56 [117/441] page faults/reclaims, 0 [0] swaps
	!	0 [0] signals rcvd, 0/0 [0/0] messages rcvd/sent
	!	29/3 [76/3] voluntary/involuntary context switches
	! buffer usage stats:
	!	Shared blocks:        122 read,          0 written, buffer hit rate = 53.44%
	!	Local  blocks:          0 read,          0 written, buffer hit rate = 0.00%
	!	Direct blocks:          0 read,          0 written
	 1: count	(typeid = 20, len = 8, typmod = -1, byval = f)
	----
	 1: count = "1051"	(typeid = 20, len = 8, typmod = -1, byval = f)
	----
backend> LOG:  shutting down
LOG:  database system is shut down
LOG:  database system was shut down at 2024-02-06 22:43:38 EST
LOG:  checkpoint record is at 0/AE5F70
LOG:  redo record is at 0/AE5F70; undo record is at 0/0; shutdown TRUE
LOG:  next transaction ID: 1075; next OID: 22147
LOG:  database system is ready

POSTGRES backend interactive interface 
$Revision: 1.375.2.5 $ $Date: 2005/12/14 17:07:00 $

backend> LOG:  QUERY STATISTICS
DETAIL:  ! system usage stats:
	!	0.034193 elapsed 0.005149 user 0.000000 system sec
	!	[0.009542 user 0.000000 sys total]
	!	0/0 [0/56] filesystem blocks in/out
	!	68/57 [117/442] page faults/reclaims, 0 [0] swaps
	!	0 [0] signals rcvd, 0/0 [0/0] messages rcvd/sent
	!	31/0 [77/2] voluntary/involuntary context switches
	! buffer usage stats:
	!	Shared blocks:        131 read,          0 written, buffer hit rate = 54.04%
	!	Local  blocks:          0 read,          0 written, buffer hit rate = 0.00%
	!	Direct blocks:          0 read,          0 written
	 1: count	(typeid = 20, len = 8, typmod = -1, byval = f)
	----
	 1: count = "541"	(typeid = 20, len = 8, typmod = -1, byval = f)
	----
backend> LOG:  shutting down
LOG:  database system is shut down
LOG:  database system was shut down at 2024-02-06 22:43:39 EST
LOG:  checkpoint record is at 0/AE5FB8
LOG:  redo record is at 0/AE5FB8; undo record is at 0/0; shutdown TRUE
LOG:  next transaction ID: 1077; next OID: 22147
LOG:  database system is ready

POSTGRES backend interactive interface 
$Revision: 1.375.2.5 $ $Date: 2005/12/14 17:07:00 $

backend> LOG:  QUERY STATISTICS
DETAIL:  ! system usage stats:
	!	0.034885 elapsed 0.005374 user 0.000000 system sec
	!	[0.009819 user 0.000000 sys total]
	!	0/0 [0/56] filesystem blocks in/out
	!	68/58 [117/444] page faults/reclaims, 0 [0] swaps
	!	0 [0] signals rcvd, 0/0 [0/0] messages rcvd/sent
	!	31/1 [78/1] voluntary/involuntary context switches
	! buffer usage stats:
	!	Shared blocks:        131 read,          0 written, buffer hit rate = 56.04%
	!	Local  blocks:          0 read,          0 written, buffer hit rate = 0.00%
	!	Direct blocks:          0 read,          0 written
	 1: count	(typeid = 20, len = 8, typmod = -1, byval = f)
	----
	 1: count = "1326"	(typeid = 20, len = 8, typmod = -1, byval = f)
	----
backend> LOG:  shutting down
LOG:  database system is shut down
LOG:  database system was shut down at 2024-02-06 22:43:40 EST
LOG:  checkpoint record is at 0/AE6010
LOG:  redo record is at 0/AE6010; undo record is at 0/0; shutdown TRUE
LOG:  next transaction ID: 1079; next OID: 22147
LOG:  database system is ready

POSTGRES backend interactive interface 
$Revision: 1.375.2.5 $ $Date: 2005/12/14 17:07:00 $

backend> LOG:  QUERY STATISTICS
DETAIL:  ! system usage stats:
	!	0.034155 elapsed 0.005950 user 0.000000 system sec
	!	[0.010448 user 0.000000 sys total]
	!	0/0 [0/56] filesystem blocks in/out
	!	68/55 [117/440] page faults/reclaims, 0 [0] swaps
	!	0 [0] signals rcvd, 0/0 [0/0] messages rcvd/sent
	!	29/0 [76/1] voluntary/involuntary context switches
	! buffer usage stats:
	!	Shared blocks:        121 read,          0 written, buffer hit rate = 54.51%
	!	Local  blocks:          0 read,          0 written, buffer hit rate = 0.00%
	!	Direct blocks:          0 read,          0 written
	 1: count	(typeid = 20, len = 8, typmod = -1, byval = f)
	----
	 1: count = "340"	(typeid = 20, len = 8, typmod = -1, byval = f)
	----
backend> LOG:  shutting down
LOG:  database system is shut down
LOG:  database system was shut down at 2024-02-06 22:43:41 EST
LOG:  checkpoint record is at 0/AE6058
LOG:  redo record is at 0/AE6058; undo record is at 0/0; shutdown TRUE
LOG:  next transaction ID: 1081; next OID: 22147
LOG:  database system is ready

POSTGRES backend interactive interface 
$Revision: 1.375.2.5 $ $Date: 2005/12/14 17:07:00 $

backend> LOG:  QUERY STATISTICS
DETAIL:  ! system usage stats:
	!	0.033464 elapsed 0.002385 user 0.002519 system sec
	!	[0.002385 user 0.007156 sys total]
	!	0/0 [0/56] filesystem blocks in/out
	!	68/58 [117/445] page faults/reclaims, 0 [0] swaps
	!	0 [0] signals rcvd, 0/0 [0/0] messages rcvd/sent
	!	31/1 [78/3] voluntary/involuntary context switches
	! buffer usage stats:
	!	Shared blocks:        131 read,          0 written, buffer hit rate = 55.14%
	!	Local  blocks:          0 read,          0 written, buffer hit rate = 0.00%
	!	Direct blocks:          0 read,          0 written
	 1: count	(typeid = 20, len = 8, typmod = -1, byval = f)
	----
	 1: count = "1794"	(typeid = 20, len = 8, typmod = -1, byval = f)
	----
backend> LOG:  shutting down
LOG:  database system is shut down
LOG:  database system was shut down at 2024-02-06 22:43:42 EST
LOG:  checkpoint record is at 0/AE60A0
LOG:  redo record is at 0/AE60A0; undo record is at 0/0; shutdown TRUE
LOG:  next transaction ID: 1083; next OID: 22147
LOG:  database system is ready

POSTGRES backend interactive interface 
$Revision: 1.375.2.5 $ $Date: 2005/12/14 17:07:00 $

backend> LOG:  QUERY STATISTICS
DETAIL:  ! system usage stats:
	!	0.032555 elapsed 0.003389 user 0.000537 system sec
	!	[0.005703 user 0.002851 sys total]
	!	0/0 [0/56] filesystem blocks in/out
	!	68/51 [117/435] page faults/reclaims, 0 [0] swaps
	!	0 [0] signals rcvd, 0/0 [0/0] messages rcvd/sent
	!	31/1 [78/2] voluntary/involuntary context switches
	! buffer usage stats:
	!	Shared blocks:        122 read,          0 written, buffer hit rate = 48.31%
	!	Local  blocks:          0 read,          0 written, buffer hit rate = 0.00%
	!	Direct blocks:          0 read,          0 written
	 1: count	(typeid = 20, len = 8, typmod = -1, byval = f)
	----
	 1: count = "729"	(typeid = 20, len = 8, typmod = -1, byval = f)
	----
backend> LOG:  shutting down
LOG:  database system is shut down
LOG:  database system was shut down at 2024-02-06 22:43:44 EST
LOG:  checkpoint record is at 0/AE60E8
LOG:  redo record is at 0/AE60E8; undo record is at 0/0; shutdown TRUE
LOG:  next transaction ID: 1085; next OID: 22147
LOG:  database system is ready

POSTGRES backend interactive interface 
$Revision: 1.375.2.5 $ $Date: 2005/12/14 17:07:00 $

backend> LOG:  QUERY STATISTICS
DETAIL:  ! system usage stats:
	!	0.033797 elapsed 0.003049 user 0.001628 system sec
	!	[0.003049 user 0.006099 sys total]
	!	0/0 [0/64] filesystem blocks in/out
	!	68/58 [117/441] page faults/reclaims, 0 [0] swaps
	!	0 [0] signals rcvd, 0/0 [0/0] messages rcvd/sent
	!	31/4 [78/5] voluntary/involuntary context switches
	! buffer usage stats:
	!	Shared blocks:        131 read,          0 written, buffer hit rate = 54.04%
	!	Local  blocks:          0 read,          0 written, buffer hit rate = 0.00%
	!	Direct blocks:          0 read,          0 written
	 1: count	(typeid = 20, len = 8, typmod = -1, byval = f)
	----
	 1: count = "579"	(typeid = 20, len = 8, typmod = -1, byval = f)
	----
backend> LOG:  shutting down
LOG:  database system is shut down
LOG:  database system was shut down at 2024-02-06 22:43:45 EST
LOG:  checkpoint record is at 0/AE6130
LOG:  redo record is at 0/AE6130; undo record is at 0/0; shutdown TRUE
LOG:  next transaction ID: 1087; next OID: 22147
LOG:  database system is ready

POSTGRES backend interactive interface 
$Revision: 1.375.2.5 $ $Date: 2005/12/14 17:07:00 $

backend> LOG:  QUERY STATISTICS
DETAIL:  ! system usage stats:
	!	0.035327 elapsed 0.002456 user 0.002925 system sec
	!	[0.002456 user 0.007370 sys total]
	!	0/0 [0/56] filesystem blocks in/out
	!	68/57 [117/444] page faults/reclaims, 0 [0] swaps
	!	0 [0] signals rcvd, 0/0 [0/0] messages rcvd/sent
	!	31/0 [78/2] voluntary/involuntary context switches
	! buffer usage stats:
	!	Shared blocks:        131 read,          0 written, buffer hit rate = 55.14%
	!	Local  blocks:          0 read,          0 written, buffer hit rate = 0.00%
	!	Direct blocks:          0 read,          0 written
	 1: count	(typeid = 20, len = 8, typmod = -1, byval = f)
	----
	 1: count = "2479"	(typeid = 20, len = 8, typmod = -1, byval = f)
	----
backend> LOG:  shutting down
LOG:  database system is shut down
LOG:  database system was shut down at 2024-02-06 22:43:46 EST
LOG:  checkpoint record is at 0/AE6178
LOG:  redo record is at 0/AE6178; undo record is at 0/0; shutdown TRUE
LOG:  next transaction ID: 1089; next OID: 22147
LOG:  database system is ready

POSTGRES backend interactive interface 
$Revision: 1.375.2.5 $ $Date: 2005/12/14 17:07:00 $

backend> LOG:  QUERY STATISTICS
DETAIL:  ! system usage stats:
	!	0.035714 elapsed 0.005081 user 0.000000 system sec
	!	[0.009672 user 0.000000 sys total]
	!	0/0 [0/56] filesystem blocks in/out
	!	68/59 [117/444] page faults/reclaims, 0 [0] swaps
	!	0 [0] signals rcvd, 0/0 [0/0] messages rcvd/sent
	!	31/1 [78/2] voluntary/involuntary context switches
	! buffer usage stats:
	!	Shared blocks:        132 read,          0 written, buffer hit rate = 53.85%
	!	Local  blocks:          0 read,          0 written, buffer hit rate = 0.00%
	!	Direct blocks:          0 read,          0 written
	 1: count	(typeid = 20, len = 8, typmod = -1, byval = f)
	----
	 1: count = "1473"	(typeid = 20, len = 8, typmod = -1, byval = f)
	----
backend> LOG:  shutting down
LOG:  database system is shut down
