LOG:  database system was shut down at 2024-02-09 14:48:14 EST
LOG:  checkpoint record is at 0/B9E3B8
LOG:  redo record is at 0/B9E3B8; undo record is at 0/0; shutdown TRUE
LOG:  next transaction ID: 23118; next OID: 22147
LOG:  database system is ready

POSTGRES backend interactive interface 
$Revision: 1.375.2.5 $ $Date: 2005/12/14 17:07:00 $

backend> LOG:  QUERY STATISTICS
DETAIL:  ! system usage stats:
	!	0.039016 elapsed 0.000000 user 0.002035 system sec
	!	[0.000000 user 0.006594 sys total]
	!	0/0 [0/56] filesystem blocks in/out
	!	108/61 [155/448] page faults/reclaims, 0 [0] swaps
	!	0 [0] signals rcvd, 0/0 [0/0] messages rcvd/sent
	!	35/0 [82/0] voluntary/involuntary context switches
	! buffer usage stats:
	!	Shared blocks:         87 read,          0 written, buffer hit rate = 70.90%
	!	Local  blocks:          0 read,          0 written, buffer hit rate = 0.00%
	!	Direct blocks:          0 read,          0 written
	 1: count	(typeid = 20, len = 8, typmod = -1, byval = f)
	----
	 1: count = "41"	(typeid = 20, len = 8, typmod = -1, byval = f)
	----
backend> LOG:  shutting down
LOG:  database system is shut down
LOG:  database system was shut down at 2024-02-09 14:48:14 EST
LOG:  checkpoint record is at 0/B9E400
LOG:  redo record is at 0/B9E400; undo record is at 0/0; shutdown TRUE
LOG:  next transaction ID: 23120; next OID: 22147
LOG:  database system is ready

POSTGRES backend interactive interface 
$Revision: 1.375.2.5 $ $Date: 2005/12/14 17:07:00 $

backend> LOG:  QUERY STATISTICS
DETAIL:  ! system usage stats:
	!	0.035461 elapsed 0.003170 user 0.002103 system sec
	!	[0.003170 user 0.006341 sys total]
	!	0/0 [0/56] filesystem blocks in/out
	!	108/57 [155/441] page faults/reclaims, 0 [0] swaps
	!	0 [0] signals rcvd, 0/0 [0/0] messages rcvd/sent
	!	30/1 [75/3] voluntary/involuntary context switches
	! buffer usage stats:
	!	Shared blocks:        115 read,          0 written, buffer hit rate = 55.43%
	!	Local  blocks:          0 read,          0 written, buffer hit rate = 0.00%
	!	Direct blocks:          0 read,          0 written
	 1: count	(typeid = 20, len = 8, typmod = -1, byval = f)
	----
	 1: count = "50"	(typeid = 20, len = 8, typmod = -1, byval = f)
	----
backend> LOG:  shutting down
LOG:  database system is shut down
LOG:  database system was shut down at 2024-02-09 14:48:14 EST
LOG:  checkpoint record is at 0/B9E448
LOG:  redo record is at 0/B9E448; undo record is at 0/0; shutdown TRUE
LOG:  next transaction ID: 23122; next OID: 22147
LOG:  database system is ready

POSTGRES backend interactive interface 
$Revision: 1.375.2.5 $ $Date: 2005/12/14 17:07:00 $

backend> LOG:  QUERY STATISTICS
DETAIL:  ! system usage stats:
	!	0.036815 elapsed 0.000000 user 0.002034 system sec
	!	[0.002265 user 0.004299 sys total]
	!	0/0 [0/56] filesystem blocks in/out
	!	108/59 [155/449] page faults/reclaims, 0 [0] swaps
	!	0 [0] signals rcvd, 0/0 [0/0] messages rcvd/sent
	!	35/1 [84/3] voluntary/involuntary context switches
	! buffer usage stats:
	!	Shared blocks:         90 read,          0 written, buffer hit rate = 74.86%
	!	Local  blocks:          0 read,          0 written, buffer hit rate = 0.00%
	!	Direct blocks:          0 read,          0 written
	 1: count	(typeid = 20, len = 8, typmod = -1, byval = f)
	----
	 1: count = "99"	(typeid = 20, len = 8, typmod = -1, byval = f)
	----
backend> LOG:  shutting down
LOG:  database system is shut down
LOG:  database system was shut down at 2024-02-09 14:48:14 EST
LOG:  checkpoint record is at 0/B9E490
LOG:  redo record is at 0/B9E490; undo record is at 0/0; shutdown TRUE
LOG:  next transaction ID: 23124; next OID: 22147
LOG:  database system is ready

POSTGRES backend interactive interface 
$Revision: 1.375.2.5 $ $Date: 2005/12/14 17:07:00 $

backend> LOG:  QUERY STATISTICS
DETAIL:  ! system usage stats:
	!	0.036313 elapsed 0.002693 user 0.000216 system sec
	!	[0.004953 user 0.002476 sys total]
	!	0/0 [0/56] filesystem blocks in/out
	!	108/61 [155/445] page faults/reclaims, 0 [0] swaps
	!	0 [0] signals rcvd, 0/0 [0/0] messages rcvd/sent
	!	35/1 [83/3] voluntary/involuntary context switches
	! buffer usage stats:
	!	Shared blocks:         96 read,          0 written, buffer hit rate = 92.39%
	!	Local  blocks:          0 read,          0 written, buffer hit rate = 0.00%
	!	Direct blocks:          0 read,          0 written
	 1: count	(typeid = 20, len = 8, typmod = -1, byval = f)
	----
	 1: count = "1000"	(typeid = 20, len = 8, typmod = -1, byval = f)
	----
backend> LOG:  shutting down
LOG:  database system is shut down
LOG:  database system was shut down at 2024-02-09 14:48:14 EST
LOG:  checkpoint record is at 0/B9E4D8
LOG:  redo record is at 0/B9E4D8; undo record is at 0/0; shutdown TRUE
LOG:  next transaction ID: 23126; next OID: 22147
LOG:  database system is ready

POSTGRES backend interactive interface 
$Revision: 1.375.2.5 $ $Date: 2005/12/14 17:07:00 $

backend> LOG:  QUERY STATISTICS
DETAIL:  ! system usage stats:
	!	0.099412 elapsed 0.005663 user 0.000000 system sec
	!	[0.010267 user 0.000000 sys total]
	!	0/0 [0/56] filesystem blocks in/out
	!	108/54 [155/439] page faults/reclaims, 0 [0] swaps
	!	0 [0] signals rcvd, 0/0 [0/0] messages rcvd/sent
	!	29/0 [76/1] voluntary/involuntary context switches
	! buffer usage stats:
	!	Shared blocks:        115 read,          0 written, buffer hit rate = 55.43%
	!	Local  blocks:          0 read,          0 written, buffer hit rate = 0.00%
	!	Direct blocks:          0 read,          0 written
	 1: count	(typeid = 20, len = 8, typmod = -1, byval = f)
	----
	 1: count = "2500"	(typeid = 20, len = 8, typmod = -1, byval = f)
	----
backend> LOG:  shutting down
LOG:  database system is shut down
LOG:  database system was shut down at 2024-02-09 14:48:15 EST
LOG:  checkpoint record is at 0/B9E520
LOG:  redo record is at 0/B9E520; undo record is at 0/0; shutdown TRUE
LOG:  next transaction ID: 23128; next OID: 22147
LOG:  database system is ready

POSTGRES backend interactive interface 
$Revision: 1.375.2.5 $ $Date: 2005/12/14 17:07:00 $

backend> LOG:  QUERY STATISTICS
DETAIL:  ! system usage stats:
	!	0.038585 elapsed 0.004960 user 0.000000 system sec
	!	[0.009276 user 0.000000 sys total]
	!	0/0 [0/56] filesystem blocks in/out
	!	108/59 [155/446] page faults/reclaims, 0 [0] swaps
	!	0 [0] signals rcvd, 0/0 [0/0] messages rcvd/sent
	!	33/2 [80/6] voluntary/involuntary context switches
	! buffer usage stats:
	!	Shared blocks:        117 read,          0 written, buffer hit rate = 59.38%
	!	Local  blocks:          0 read,          0 written, buffer hit rate = 0.00%
	!	Direct blocks:          0 read,          0 written
	 1: count	(typeid = 20, len = 8, typmod = -1, byval = f)
	----
	 1: count = "999"	(typeid = 20, len = 8, typmod = -1, byval = f)
	----
backend> LOG:  shutting down
LOG:  database system is shut down
LOG:  database system was shut down at 2024-02-09 14:48:15 EST
LOG:  checkpoint record is at 0/B9E568
LOG:  redo record is at 0/B9E568; undo record is at 0/0; shutdown TRUE
LOG:  next transaction ID: 23130; next OID: 22147
LOG:  database system is ready

POSTGRES backend interactive interface 
$Revision: 1.375.2.5 $ $Date: 2005/12/14 17:07:00 $

backend> LOG:  QUERY STATISTICS
DETAIL:  ! system usage stats:
	!	0.067123 elapsed 0.001234 user 0.001234 system sec
	!	[0.003526 user 0.003526 sys total]
	!	0/0 [0/56] filesystem blocks in/out
	!	108/59 [155/444] page faults/reclaims, 0 [0] swaps
	!	0 [0] signals rcvd, 0/0 [0/0] messages rcvd/sent
	!	35/0 [82/0] voluntary/involuntary context switches
	! buffer usage stats:
	!	Shared blocks:         90 read,          0 written, buffer hit rate = 83.93%
	!	Local  blocks:          0 read,          0 written, buffer hit rate = 0.00%
	!	Direct blocks:          0 read,          0 written
	 1: count	(typeid = 20, len = 8, typmod = -1, byval = f)
	----
	 1: count = "301"	(typeid = 20, len = 8, typmod = -1, byval = f)
	----
backend> LOG:  shutting down
LOG:  database system is shut down
LOG:  database system was shut down at 2024-02-09 14:48:15 EST
LOG:  checkpoint record is at 0/B9E5B0
LOG:  redo record is at 0/B9E5B0; undo record is at 0/0; shutdown TRUE
LOG:  next transaction ID: 23132; next OID: 22147
LOG:  database system is ready

POSTGRES backend interactive interface 
$Revision: 1.375.2.5 $ $Date: 2005/12/14 17:07:00 $

backend> LOG:  QUERY STATISTICS
DETAIL:  ! system usage stats:
	!	0.036680 elapsed 0.000000 user 0.002375 system sec
	!	[0.000000 user 0.007206 sys total]
	!	0/0 [0/64] filesystem blocks in/out
	!	108/61 [155/446] page faults/reclaims, 0 [0] swaps
	!	0 [0] signals rcvd, 0/0 [0/0] messages rcvd/sent
	!	35/0 [82/2] voluntary/involuntary context switches
	! buffer usage stats:
	!	Shared blocks:         88 read,          0 written, buffer hit rate = 75.49%
	!	Local  blocks:          0 read,          0 written, buffer hit rate = 0.00%
	!	Direct blocks:          0 read,          0 written
	 1: count	(typeid = 20, len = 8, typmod = -1, byval = f)
	----
	 1: count = "101"	(typeid = 20, len = 8, typmod = -1, byval = f)
	----
backend> LOG:  shutting down
LOG:  database system is shut down
LOG:  database system was shut down at 2024-02-09 14:48:15 EST
LOG:  checkpoint record is at 0/B9E5F8
LOG:  redo record is at 0/B9E5F8; undo record is at 0/0; shutdown TRUE
LOG:  next transaction ID: 23134; next OID: 22147
LOG:  database system is ready

POSTGRES backend interactive interface 
$Revision: 1.375.2.5 $ $Date: 2005/12/14 17:07:00 $

backend> LOG:  QUERY STATISTICS
DETAIL:  ! system usage stats:
	!	0.036989 elapsed 0.002360 user 0.000000 system sec
	!	[0.007044 user 0.000000 sys total]
	!	0/0 [0/56] filesystem blocks in/out
	!	108/62 [155/448] page faults/reclaims, 0 [0] swaps
	!	0 [0] signals rcvd, 0/0 [0/0] messages rcvd/sent
	!	35/4 [82/4] voluntary/involuntary context switches
	! buffer usage stats:
	!	Shared blocks:         88 read,          0 written, buffer hit rate = 75.49%
	!	Local  blocks:          0 read,          0 written, buffer hit rate = 0.00%
	!	Direct blocks:          0 read,          0 written
	 1: count	(typeid = 20, len = 8, typmod = -1, byval = f)
	----
	 1: count = "101"	(typeid = 20, len = 8, typmod = -1, byval = f)
	----
backend> LOG:  shutting down
LOG:  database system is shut down
LOG:  database system was shut down at 2024-02-09 14:48:15 EST
LOG:  checkpoint record is at 0/B9E640
LOG:  redo record is at 0/B9E640; undo record is at 0/0; shutdown TRUE
LOG:  next transaction ID: 23136; next OID: 22147
LOG:  database system is ready

POSTGRES backend interactive interface 
$Revision: 1.375.2.5 $ $Date: 2005/12/14 17:07:00 $

backend> LOG:  QUERY STATISTICS
DETAIL:  ! system usage stats:
	!	0.078006 elapsed 0.002371 user 0.000000 system sec
	!	[0.007157 user 0.000000 sys total]
	!	0/0 [0/56] filesystem blocks in/out
	!	108/59 [155/445] page faults/reclaims, 0 [0] swaps
	!	0 [0] signals rcvd, 0/0 [0/0] messages rcvd/sent
	!	35/0 [84/0] voluntary/involuntary context switches
	! buffer usage stats:
	!	Shared blocks:         88 read,          0 written, buffer hit rate = 69.66%
	!	Local  blocks:          0 read,          0 written, buffer hit rate = 0.00%
	!	Direct blocks:          0 read,          0 written
	 1: count	(typeid = 20, len = 8, typmod = -1, byval = f)
	----
	 1: count = "31"	(typeid = 20, len = 8, typmod = -1, byval = f)
	----
backend> LOG:  shutting down
LOG:  database system is shut down
