LOG:  database system was shut down at 2024-02-09 14:47:54 EST
LOG:  checkpoint record is at 0/B9C788
LOG:  redo record is at 0/B9C788; undo record is at 0/0; shutdown TRUE
LOG:  next transaction ID: 22918; next OID: 22147
LOG:  database system is ready

POSTGRES backend interactive interface 
$Revision: 1.375.2.5 $ $Date: 2005/12/14 17:07:00 $

backend> LOG:  QUERY STATISTICS
DETAIL:  ! system usage stats:
	!	0.038482 elapsed 0.004126 user 0.000000 system sec
	!	[0.008668 user 0.000000 sys total]
	!	0/0 [8/56] filesystem blocks in/out
	!	108/54 [155/437] page faults/reclaims, 0 [0] swaps
	!	0 [0] signals rcvd, 0/0 [0/0] messages rcvd/sent
	!	31/0 [82/0] voluntary/involuntary context switches
	! buffer usage stats:
	!	Shared blocks:        112 read,          0 written, buffer hit rate = 52.54%
	!	Local  blocks:          0 read,          0 written, buffer hit rate = 0.00%
	!	Direct blocks:          0 read,          0 written
	 1: count	(typeid = 20, len = 8, typmod = -1, byval = f)
	----
	 1: count = "2175"	(typeid = 20, len = 8, typmod = -1, byval = f)
	----
backend> LOG:  shutting down
LOG:  database system is shut down
LOG:  database system was shut down at 2024-02-09 14:47:54 EST
LOG:  checkpoint record is at 0/B9C7D0
LOG:  redo record is at 0/B9C7D0; undo record is at 0/0; shutdown TRUE
LOG:  next transaction ID: 22920; next OID: 22147
LOG:  database system is ready

POSTGRES backend interactive interface 
$Revision: 1.375.2.5 $ $Date: 2005/12/14 17:07:00 $

backend> LOG:  QUERY STATISTICS
DETAIL:  ! system usage stats:
	!	0.079909 elapsed 0.002565 user 0.002565 system sec
	!	[0.004761 user 0.004761 sys total]
	!	0/0 [0/56] filesystem blocks in/out
	!	108/56 [155/440] page faults/reclaims, 0 [0] swaps
	!	0 [0] signals rcvd, 0/0 [0/0] messages rcvd/sent
	!	29/8 [77/11] voluntary/involuntary context switches
	! buffer usage stats:
	!	Shared blocks:        115 read,          0 written, buffer hit rate = 56.11%
	!	Local  blocks:          0 read,          0 written, buffer hit rate = 0.00%
	!	Direct blocks:          0 read,          0 written
	 1: count	(typeid = 20, len = 8, typmod = -1, byval = f)
	----
	 1: count = "1051"	(typeid = 20, len = 8, typmod = -1, byval = f)
	----
backend> LOG:  shutting down
LOG:  database system is shut down
LOG:  database system was shut down at 2024-02-09 14:47:54 EST
LOG:  checkpoint record is at 0/B9C818
LOG:  redo record is at 0/B9C818; undo record is at 0/0; shutdown TRUE
LOG:  next transaction ID: 22922; next OID: 22147
LOG:  database system is ready

POSTGRES backend interactive interface 
$Revision: 1.375.2.5 $ $Date: 2005/12/14 17:07:00 $

backend> LOG:  QUERY STATISTICS
DETAIL:  ! system usage stats:
	!	0.123051 elapsed 0.005048 user 0.000000 system sec
	!	[0.010048 user 0.000000 sys total]
	!	0/0 [0/56] filesystem blocks in/out
	!	108/59 [155/447] page faults/reclaims, 0 [0] swaps
	!	0 [0] signals rcvd, 0/0 [0/0] messages rcvd/sent
	!	31/0 [77/0] voluntary/involuntary context switches
	! buffer usage stats:
	!	Shared blocks:        113 read,          0 written, buffer hit rate = 60.35%
	!	Local  blocks:          0 read,          0 written, buffer hit rate = 0.00%
	!	Direct blocks:          0 read,          0 written
	 1: count	(typeid = 20, len = 8, typmod = -1, byval = f)
	----
	 1: count = "541"	(typeid = 20, len = 8, typmod = -1, byval = f)
	----
backend> LOG:  shutting down
LOG:  database system is shut down
LOG:  database system was shut down at 2024-02-09 14:47:55 EST
LOG:  checkpoint record is at 0/B9C860
LOG:  redo record is at 0/B9C860; undo record is at 0/0; shutdown TRUE
LOG:  next transaction ID: 22924; next OID: 22147
LOG:  database system is ready

POSTGRES backend interactive interface 
$Revision: 1.375.2.5 $ $Date: 2005/12/14 17:07:00 $

backend> LOG:  QUERY STATISTICS
DETAIL:  ! system usage stats:
	!	0.119328 elapsed 0.000000 user 0.005451 system sec
	!	[0.000000 user 0.010261 sys total]
	!	0/0 [8/56] filesystem blocks in/out
	!	108/63 [155/447] page faults/reclaims, 0 [0] swaps
	!	0 [0] signals rcvd, 0/0 [0/0] messages rcvd/sent
	!	32/0 [80/0] voluntary/involuntary context switches
	! buffer usage stats:
	!	Shared blocks:        115 read,          0 written, buffer hit rate = 61.41%
	!	Local  blocks:          0 read,          0 written, buffer hit rate = 0.00%
	!	Direct blocks:          0 read,          0 written
	 1: count	(typeid = 20, len = 8, typmod = -1, byval = f)
	----
	 1: count = "1326"	(typeid = 20, len = 8, typmod = -1, byval = f)
	----
backend> LOG:  shutting down
LOG:  database system is shut down
LOG:  database system was shut down at 2024-02-09 14:47:55 EST
LOG:  checkpoint record is at 0/B9C8A8
LOG:  redo record is at 0/B9C8A8; undo record is at 0/0; shutdown TRUE
LOG:  next transaction ID: 22926; next OID: 22147
LOG:  database system is ready

POSTGRES backend interactive interface 
$Revision: 1.375.2.5 $ $Date: 2005/12/14 17:07:00 $

backend> LOG:  QUERY STATISTICS
DETAIL:  ! system usage stats:
	!	0.037082 elapsed 0.002201 user 0.003356 system sec
	!	[0.006713 user 0.003356 sys total]
	!	0/0 [0/56] filesystem blocks in/out
	!	108/57 [155/445] page faults/reclaims, 0 [0] swaps
	!	0 [0] signals rcvd, 0/0 [0/0] messages rcvd/sent
	!	29/1 [79/2] voluntary/involuntary context switches
	! buffer usage stats:
	!	Shared blocks:        115 read,          0 written, buffer hit rate = 56.77%
	!	Local  blocks:          0 read,          0 written, buffer hit rate = 0.00%
	!	Direct blocks:          0 read,          0 written
	 1: count	(typeid = 20, len = 8, typmod = -1, byval = f)
	----
	 1: count = "340"	(typeid = 20, len = 8, typmod = -1, byval = f)
	----
backend> LOG:  shutting down
LOG:  database system is shut down
LOG:  database system was shut down at 2024-02-09 14:47:55 EST
LOG:  checkpoint record is at 0/B9C8F0
LOG:  redo record is at 0/B9C8F0; undo record is at 0/0; shutdown TRUE
LOG:  next transaction ID: 22928; next OID: 22147
LOG:  database system is ready

POSTGRES backend interactive interface 
$Revision: 1.375.2.5 $ $Date: 2005/12/14 17:07:00 $

backend> LOG:  QUERY STATISTICS
DETAIL:  ! system usage stats:
	!	0.036968 elapsed 0.002391 user 0.002807 system sec
	!	[0.003951 user 0.005927 sys total]
	!	0/0 [0/56] filesystem blocks in/out
	!	108/59 [155/448] page faults/reclaims, 0 [0] swaps
	!	0 [0] signals rcvd, 0/0 [0/0] messages rcvd/sent
	!	31/0 [79/1] voluntary/involuntary context switches
	! buffer usage stats:
	!	Shared blocks:        115 read,          0 written, buffer hit rate = 60.62%
	!	Local  blocks:          0 read,          0 written, buffer hit rate = 0.00%
	!	Direct blocks:          0 read,          0 written
	 1: count	(typeid = 20, len = 8, typmod = -1, byval = f)
	----
	 1: count = "1794"	(typeid = 20, len = 8, typmod = -1, byval = f)
	----
backend> LOG:  shutting down
LOG:  database system is shut down
LOG:  database system was shut down at 2024-02-09 14:47:55 EST
LOG:  checkpoint record is at 0/B9C938
LOG:  redo record is at 0/B9C938; undo record is at 0/0; shutdown TRUE
LOG:  next transaction ID: 22930; next OID: 22147
LOG:  database system is ready

POSTGRES backend interactive interface 
$Revision: 1.375.2.5 $ $Date: 2005/12/14 17:07:00 $

backend> LOG:  QUERY STATISTICS
DETAIL:  ! system usage stats:
	!	0.037476 elapsed 0.000000 user 0.003901 system sec
	!	[0.004668 user 0.003901 sys total]
	!	0/0 [0/56] filesystem blocks in/out
	!	108/53 [155/441] page faults/reclaims, 0 [0] swaps
	!	0 [0] signals rcvd, 0/0 [0/0] messages rcvd/sent
	!	31/10 [78/13] voluntary/involuntary context switches
	! buffer usage stats:
	!	Shared blocks:        112 read,          0 written, buffer hit rate = 52.54%
	!	Local  blocks:          0 read,          0 written, buffer hit rate = 0.00%
	!	Direct blocks:          0 read,          0 written
	 1: count	(typeid = 20, len = 8, typmod = -1, byval = f)
	----
	 1: count = "729"	(typeid = 20, len = 8, typmod = -1, byval = f)
	----
backend> LOG:  shutting down
LOG:  database system is shut down
LOG:  database system was shut down at 2024-02-09 14:47:56 EST
LOG:  checkpoint record is at 0/B9C980
LOG:  redo record is at 0/B9C980; undo record is at 0/0; shutdown TRUE
LOG:  next transaction ID: 22932; next OID: 22147
LOG:  database system is ready

POSTGRES backend interactive interface 
$Revision: 1.375.2.5 $ $Date: 2005/12/14 17:07:00 $

backend> LOG:  QUERY STATISTICS
DETAIL:  ! system usage stats:
	!	0.037765 elapsed 0.004473 user 0.000000 system sec
	!	[0.008805 user 0.000000 sys total]
	!	0/0 [0/64] filesystem blocks in/out
	!	108/58 [155/447] page faults/reclaims, 0 [0] swaps
	!	0 [0] signals rcvd, 0/0 [0/0] messages rcvd/sent
	!	31/1 [78/2] voluntary/involuntary context switches
	! buffer usage stats:
	!	Shared blocks:        113 read,          0 written, buffer hit rate = 60.35%
	!	Local  blocks:          0 read,          0 written, buffer hit rate = 0.00%
	!	Direct blocks:          0 read,          0 written
	 1: count	(typeid = 20, len = 8, typmod = -1, byval = f)
	----
	 1: count = "579"	(typeid = 20, len = 8, typmod = -1, byval = f)
	----
backend> LOG:  shutting down
LOG:  database system is shut down
LOG:  database system was shut down at 2024-02-09 14:47:56 EST
LOG:  checkpoint record is at 0/B9C9C8
LOG:  redo record is at 0/B9C9C8; undo record is at 0/0; shutdown TRUE
LOG:  next transaction ID: 22934; next OID: 22147
LOG:  database system is ready

POSTGRES backend interactive interface 
$Revision: 1.375.2.5 $ $Date: 2005/12/14 17:07:00 $

backend> LOG:  QUERY STATISTICS
DETAIL:  ! system usage stats:
	!	0.038266 elapsed 0.004710 user 0.000000 system sec
	!	[0.009044 user 0.000000 sys total]
	!	0/0 [0/56] filesystem blocks in/out
	!	108/59 [155/445] page faults/reclaims, 0 [0] swaps
	!	0 [0] signals rcvd, 0/0 [0/0] messages rcvd/sent
	!	31/17 [78/23] voluntary/involuntary context switches
	! buffer usage stats:
	!	Shared blocks:        115 read,          0 written, buffer hit rate = 60.62%
	!	Local  blocks:          0 read,          0 written, buffer hit rate = 0.00%
	!	Direct blocks:          0 read,          0 written
	 1: count	(typeid = 20, len = 8, typmod = -1, byval = f)
	----
	 1: count = "2479"	(typeid = 20, len = 8, typmod = -1, byval = f)
	----
backend> LOG:  shutting down
LOG:  database system is shut down
LOG:  database system was shut down at 2024-02-09 14:47:56 EST
LOG:  checkpoint record is at 0/B9CA10
LOG:  redo record is at 0/B9CA10; undo record is at 0/0; shutdown TRUE
LOG:  next transaction ID: 22936; next OID: 22147
LOG:  database system is ready

POSTGRES backend interactive interface 
$Revision: 1.375.2.5 $ $Date: 2005/12/14 17:07:00 $

backend> LOG:  QUERY STATISTICS
DETAIL:  ! system usage stats:
	!	0.038210 elapsed 0.000000 user 0.004606 system sec
	!	[0.004298 user 0.004606 sys total]
	!	0/0 [0/56] filesystem blocks in/out
	!	108/59 [155/445] page faults/reclaims, 0 [0] swaps
	!	0 [0] signals rcvd, 0/0 [0/0] messages rcvd/sent
	!	31/0 [78/0] voluntary/involuntary context switches
	! buffer usage stats:
	!	Shared blocks:        115 read,          0 written, buffer hit rate = 59.79%
	!	Local  blocks:          0 read,          0 written, buffer hit rate = 0.00%
	!	Direct blocks:          0 read,          0 written
	 1: count	(typeid = 20, len = 8, typmod = -1, byval = f)
	----
	 1: count = "1473"	(typeid = 20, len = 8, typmod = -1, byval = f)
	----
backend> LOG:  shutting down
LOG:  database system is shut down
