LOG:  database system was shut down at 2024-02-09 19:05:30 EST
LOG:  checkpoint record is at 0/C0EE00
LOG:  redo record is at 0/C0EE00; undo record is at 0/0; shutdown TRUE
LOG:  next transaction ID: 41050; next OID: 22147
LOG:  database system is ready

POSTGRES backend interactive interface 
$Revision: 1.375.2.5 $ $Date: 2005/12/14 17:07:00 $

backend> LOG:  QUERY STATISTICS
DETAIL:  ! system usage stats:
	!	0.036833 elapsed 0.002039 user 0.000000 system sec
	!	[0.006269 user 0.000000 sys total]
	!	0/0 [0/56] filesystem blocks in/out
	!	112/59 [159/448] page faults/reclaims, 0 [0] swaps
	!	0 [0] signals rcvd, 0/0 [0/0] messages rcvd/sent
	!	35/4 [84/4] voluntary/involuntary context switches
	! buffer usage stats:
	!	Shared blocks:         87 read,          0 written, buffer hit rate = 70.90%
	!	Local  blocks:          0 read,          0 written, buffer hit rate = 0.00%
	!	Direct blocks:          0 read,          0 written
	 1: count	(typeid = 20, len = 8, typmod = -1, byval = f)
	----
	 1: count = "41"	(typeid = 20, len = 8, typmod = -1, byval = f)
	----
backend> LOG:  shutting down
LOG:  database system is shut down
LOG:  database system was shut down at 2024-02-09 19:05:30 EST
LOG:  checkpoint record is at 0/C0EE48
LOG:  redo record is at 0/C0EE48; undo record is at 0/0; shutdown TRUE
LOG:  next transaction ID: 41052; next OID: 22147
LOG:  database system is ready

POSTGRES backend interactive interface 
$Revision: 1.375.2.5 $ $Date: 2005/12/14 17:07:00 $

backend> LOG:  QUERY STATISTICS
DETAIL:  ! system usage stats:
	!	0.033100 elapsed 0.004774 user 0.000000 system sec
	!	[0.008892 user 0.000000 sys total]
	!	0/0 [0/56] filesystem blocks in/out
	!	112/56 [159/443] page faults/reclaims, 0 [0] swaps
	!	0 [0] signals rcvd, 0/0 [0/0] messages rcvd/sent
	!	29/0 [78/1] voluntary/involuntary context switches
	! buffer usage stats:
	!	Shared blocks:        115 read,          0 written, buffer hit rate = 55.43%
	!	Local  blocks:          0 read,          0 written, buffer hit rate = 0.00%
	!	Direct blocks:          0 read,          0 written
	 1: count	(typeid = 20, len = 8, typmod = -1, byval = f)
	----
	 1: count = "50"	(typeid = 20, len = 8, typmod = -1, byval = f)
	----
backend> LOG:  shutting down
LOG:  database system is shut down
LOG:  database system was shut down at 2024-02-09 19:05:30 EST
LOG:  checkpoint record is at 0/C0EE90
LOG:  redo record is at 0/C0EE90; undo record is at 0/0; shutdown TRUE
LOG:  next transaction ID: 41054; next OID: 22147
LOG:  database system is ready

POSTGRES backend interactive interface 
$Revision: 1.375.2.5 $ $Date: 2005/12/14 17:07:00 $

backend> LOG:  QUERY STATISTICS
DETAIL:  ! system usage stats:
	!	0.037074 elapsed 0.000673 user 0.001346 system sec
	!	[0.002149 user 0.004299 sys total]
	!	0/0 [0/56] filesystem blocks in/out
	!	112/59 [159/448] page faults/reclaims, 0 [0] swaps
	!	0 [0] signals rcvd, 0/0 [0/0] messages rcvd/sent
	!	35/0 [84/2] voluntary/involuntary context switches
	! buffer usage stats:
	!	Shared blocks:         90 read,          0 written, buffer hit rate = 74.86%
	!	Local  blocks:          0 read,          0 written, buffer hit rate = 0.00%
	!	Direct blocks:          0 read,          0 written
	 1: count	(typeid = 20, len = 8, typmod = -1, byval = f)
	----
	 1: count = "99"	(typeid = 20, len = 8, typmod = -1, byval = f)
	----
backend> LOG:  shutting down
LOG:  database system is shut down
LOG:  database system was shut down at 2024-02-09 19:05:30 EST
LOG:  checkpoint record is at 0/C0EED8
LOG:  redo record is at 0/C0EED8; undo record is at 0/0; shutdown TRUE
LOG:  next transaction ID: 41056; next OID: 22147
LOG:  database system is ready

POSTGRES backend interactive interface 
$Revision: 1.375.2.5 $ $Date: 2005/12/14 17:07:00 $

backend> LOG:  QUERY STATISTICS
DETAIL:  ! system usage stats:
	!	0.036239 elapsed 0.000000 user 0.002395 system sec
	!	[0.000000 user 0.006741 sys total]
	!	0/0 [0/56] filesystem blocks in/out
	!	112/61 [159/447] page faults/reclaims, 0 [0] swaps
	!	0 [0] signals rcvd, 0/0 [0/0] messages rcvd/sent
	!	35/0 [84/1] voluntary/involuntary context switches
	! buffer usage stats:
	!	Shared blocks:         96 read,          0 written, buffer hit rate = 92.39%
	!	Local  blocks:          0 read,          0 written, buffer hit rate = 0.00%
	!	Direct blocks:          0 read,          0 written
	 1: count	(typeid = 20, len = 8, typmod = -1, byval = f)
	----
	 1: count = "1000"	(typeid = 20, len = 8, typmod = -1, byval = f)
	----
backend> LOG:  shutting down
LOG:  database system is shut down
LOG:  database system was shut down at 2024-02-09 19:05:30 EST
LOG:  checkpoint record is at 0/C0EF20
LOG:  redo record is at 0/C0EF20; undo record is at 0/0; shutdown TRUE
LOG:  next transaction ID: 41058; next OID: 22147
LOG:  database system is ready

POSTGRES backend interactive interface 
$Revision: 1.375.2.5 $ $Date: 2005/12/14 17:07:00 $

backend> LOG:  QUERY STATISTICS
DETAIL:  ! system usage stats:
	!	0.033661 elapsed 0.005219 user 0.000000 system sec
	!	[0.009458 user 0.000000 sys total]
	!	0/0 [0/56] filesystem blocks in/out
	!	112/54 [159/441] page faults/reclaims, 0 [0] swaps
	!	0 [0] signals rcvd, 0/0 [0/0] messages rcvd/sent
	!	29/2 [78/7] voluntary/involuntary context switches
	! buffer usage stats:
	!	Shared blocks:        115 read,          0 written, buffer hit rate = 55.43%
	!	Local  blocks:          0 read,          0 written, buffer hit rate = 0.00%
	!	Direct blocks:          0 read,          0 written
	 1: count	(typeid = 20, len = 8, typmod = -1, byval = f)
	----
	 1: count = "2500"	(typeid = 20, len = 8, typmod = -1, byval = f)
	----
backend> LOG:  shutting down
LOG:  database system is shut down
LOG:  database system was shut down at 2024-02-09 19:05:30 EST
LOG:  checkpoint record is at 0/C0EF68
LOG:  redo record is at 0/C0EF68; undo record is at 0/0; shutdown TRUE
LOG:  next transaction ID: 41060; next OID: 22147
LOG:  database system is ready

POSTGRES backend interactive interface 
$Revision: 1.375.2.5 $ $Date: 2005/12/14 17:07:00 $

backend> LOG:  QUERY STATISTICS
DETAIL:  ! system usage stats:
	!	0.040755 elapsed 0.002603 user 0.002296 system sec
	!	[0.006888 user 0.002296 sys total]
	!	0/0 [0/56] filesystem blocks in/out
	!	112/59 [159/447] page faults/reclaims, 0 [0] swaps
	!	0 [0] signals rcvd, 0/0 [0/0] messages rcvd/sent
	!	33/2 [82/3] voluntary/involuntary context switches
	! buffer usage stats:
	!	Shared blocks:        117 read,          0 written, buffer hit rate = 59.38%
	!	Local  blocks:          0 read,          0 written, buffer hit rate = 0.00%
	!	Direct blocks:          0 read,          0 written
	 1: count	(typeid = 20, len = 8, typmod = -1, byval = f)
	----
	 1: count = "999"	(typeid = 20, len = 8, typmod = -1, byval = f)
	----
backend> LOG:  shutting down
LOG:  database system is shut down
LOG:  database system was shut down at 2024-02-09 19:05:30 EST
LOG:  checkpoint record is at 0/C0EFB0
LOG:  redo record is at 0/C0EFB0; undo record is at 0/0; shutdown TRUE
LOG:  next transaction ID: 41062; next OID: 22147
LOG:  database system is ready

POSTGRES backend interactive interface 
$Revision: 1.375.2.5 $ $Date: 2005/12/14 17:07:00 $

backend> LOG:  QUERY STATISTICS
DETAIL:  ! system usage stats:
	!	0.041609 elapsed 0.002105 user 0.000000 system sec
	!	[0.006243 user 0.000000 sys total]
	!	0/0 [0/56] filesystem blocks in/out
	!	112/58 [159/447] page faults/reclaims, 0 [0] swaps
	!	0 [0] signals rcvd, 0/0 [0/0] messages rcvd/sent
	!	35/1 [84/3] voluntary/involuntary context switches
	! buffer usage stats:
	!	Shared blocks:         90 read,          0 written, buffer hit rate = 83.93%
	!	Local  blocks:          0 read,          0 written, buffer hit rate = 0.00%
	!	Direct blocks:          0 read,          0 written
	 1: count	(typeid = 20, len = 8, typmod = -1, byval = f)
	----
	 1: count = "301"	(typeid = 20, len = 8, typmod = -1, byval = f)
	----
backend> LOG:  shutting down
LOG:  database system is shut down
LOG:  database system was shut down at 2024-02-09 19:05:31 EST
LOG:  checkpoint record is at 0/C0EFF8
LOG:  redo record is at 0/C0EFF8; undo record is at 0/0; shutdown TRUE
LOG:  next transaction ID: 41064; next OID: 22147
LOG:  database system is ready

POSTGRES backend interactive interface 
$Revision: 1.375.2.5 $ $Date: 2005/12/14 17:07:00 $

backend> LOG:  QUERY STATISTICS
DETAIL:  ! system usage stats:
	!	0.038261 elapsed 0.000000 user 0.001892 system sec
	!	[0.000000 user 0.006001 sys total]
	!	0/0 [0/64] filesystem blocks in/out
	!	112/61 [159/448] page faults/reclaims, 0 [0] swaps
	!	0 [0] signals rcvd, 0/0 [0/0] messages rcvd/sent
	!	35/0 [84/1] voluntary/involuntary context switches
	! buffer usage stats:
	!	Shared blocks:         88 read,          0 written, buffer hit rate = 75.49%
	!	Local  blocks:          0 read,          0 written, buffer hit rate = 0.00%
	!	Direct blocks:          0 read,          0 written
	 1: count	(typeid = 20, len = 8, typmod = -1, byval = f)
	----
	 1: count = "101"	(typeid = 20, len = 8, typmod = -1, byval = f)
	----
backend> LOG:  shutting down
LOG:  database system is shut down
LOG:  database system was shut down at 2024-02-09 19:05:31 EST
LOG:  checkpoint record is at 0/C0F040
LOG:  redo record is at 0/C0F040; undo record is at 0/0; shutdown TRUE
LOG:  next transaction ID: 41066; next OID: 22147
LOG:  database system is ready

POSTGRES backend interactive interface 
$Revision: 1.375.2.5 $ $Date: 2005/12/14 17:07:00 $

backend> LOG:  QUERY STATISTICS
DETAIL:  ! system usage stats:
	!	0.037485 elapsed 0.001962 user 0.000000 system sec
	!	[0.006142 user 0.000000 sys total]
	!	0/0 [0/56] filesystem blocks in/out
	!	112/59 [159/444] page faults/reclaims, 0 [0] swaps
	!	0 [0] signals rcvd, 0/0 [0/0] messages rcvd/sent
	!	35/0 [84/7] voluntary/involuntary context switches
	! buffer usage stats:
	!	Shared blocks:         88 read,          0 written, buffer hit rate = 75.49%
	!	Local  blocks:          0 read,          0 written, buffer hit rate = 0.00%
	!	Direct blocks:          0 read,          0 written
	 1: count	(typeid = 20, len = 8, typmod = -1, byval = f)
	----
	 1: count = "101"	(typeid = 20, len = 8, typmod = -1, byval = f)
	----
backend> LOG:  shutting down
LOG:  database system is shut down
LOG:  database system was shut down at 2024-02-09 19:05:31 EST
LOG:  checkpoint record is at 0/C0F088
LOG:  redo record is at 0/C0F088; undo record is at 0/0; shutdown TRUE
LOG:  next transaction ID: 41068; next OID: 22147
LOG:  database system is ready

POSTGRES backend interactive interface 
$Revision: 1.375.2.5 $ $Date: 2005/12/14 17:07:00 $

backend> LOG:  QUERY STATISTICS
DETAIL:  ! system usage stats:
	!	0.037438 elapsed 0.000945 user 0.000945 system sec
	!	[0.003041 user 0.003041 sys total]
	!	0/0 [0/64] filesystem blocks in/out
	!	112/61 [159/447] page faults/reclaims, 0 [0] swaps
	!	0 [0] signals rcvd, 0/0 [0/0] messages rcvd/sent
	!	36/1 [86/11] voluntary/involuntary context switches
	! buffer usage stats:
	!	Shared blocks:         88 read,          0 written, buffer hit rate = 69.66%
	!	Local  blocks:          0 read,          0 written, buffer hit rate = 0.00%
	!	Direct blocks:          0 read,          0 written
	 1: count	(typeid = 20, len = 8, typmod = -1, byval = f)
	----
	 1: count = "31"	(typeid = 20, len = 8, typmod = -1, byval = f)
	----
backend> LOG:  shutting down
LOG:  database system is shut down
