LOG:  database system was shut down at 2024-02-09 15:40:21 EST
LOG:  checkpoint record is at 0/BD0CE0
LOG:  redo record is at 0/BD0CE0; undo record is at 0/0; shutdown TRUE
LOG:  next transaction ID: 31288; next OID: 22147
LOG:  database system is ready

POSTGRES backend interactive interface 
$Revision: 1.375.2.5 $ $Date: 2005/12/14 17:07:00 $

backend> LOG:  QUERY STATISTICS
DETAIL:  ! system usage stats:
	!	0.042172 elapsed 0.000000 user 0.003520 system sec
	!	[0.004126 user 0.003520 sys total]
	!	0/0 [0/64] filesystem blocks in/out
	!	112/50 [159/435] page faults/reclaims, 0 [0] swaps
	!	0 [0] signals rcvd, 0/0 [0/0] messages rcvd/sent
	!	31/2 [80/10] voluntary/involuntary context switches
	! buffer usage stats:
	!	Shared blocks:        112 read,          0 written, buffer hit rate = 52.54%
	!	Local  blocks:          0 read,          0 written, buffer hit rate = 0.00%
	!	Direct blocks:          0 read,          0 written
	 1: count	(typeid = 20, len = 8, typmod = -1, byval = f)
	----
	 1: count = "2175"	(typeid = 20, len = 8, typmod = -1, byval = f)
	----
backend> LOG:  shutting down
LOG:  database system is shut down
LOG:  database system was shut down at 2024-02-09 15:40:21 EST
LOG:  checkpoint record is at 0/BD0D28
LOG:  redo record is at 0/BD0D28; undo record is at 0/0; shutdown TRUE
LOG:  next transaction ID: 31290; next OID: 22147
LOG:  database system is ready

POSTGRES backend interactive interface 
$Revision: 1.375.2.5 $ $Date: 2005/12/14 17:07:00 $

backend> LOG:  QUERY STATISTICS
DETAIL:  ! system usage stats:
	!	0.034119 elapsed 0.002398 user 0.002682 system sec
	!	[0.002398 user 0.007194 sys total]
	!	0/0 [0/56] filesystem blocks in/out
	!	112/54 [159/441] page faults/reclaims, 0 [0] swaps
	!	0 [0] signals rcvd, 0/0 [0/0] messages rcvd/sent
	!	29/0 [76/0] voluntary/involuntary context switches
	! buffer usage stats:
	!	Shared blocks:        115 read,          0 written, buffer hit rate = 56.11%
	!	Local  blocks:          0 read,          0 written, buffer hit rate = 0.00%
	!	Direct blocks:          0 read,          0 written
	 1: count	(typeid = 20, len = 8, typmod = -1, byval = f)
	----
	 1: count = "1051"	(typeid = 20, len = 8, typmod = -1, byval = f)
	----
backend> LOG:  shutting down
LOG:  database system is shut down
LOG:  database system was shut down at 2024-02-09 15:40:21 EST
LOG:  checkpoint record is at 0/BD0D70
LOG:  redo record is at 0/BD0D70; undo record is at 0/0; shutdown TRUE
LOG:  next transaction ID: 31292; next OID: 22147
LOG:  database system is ready

POSTGRES backend interactive interface 
$Revision: 1.375.2.5 $ $Date: 2005/12/14 17:07:00 $

backend> LOG:  QUERY STATISTICS
DETAIL:  ! system usage stats:
	!	0.041100 elapsed 0.005045 user 0.000000 system sec
	!	[0.005045 user 0.004402 sys total]
	!	0/0 [0/56] filesystem blocks in/out
	!	112/56 [159/441] page faults/reclaims, 0 [0] swaps
	!	0 [0] signals rcvd, 0/0 [0/0] messages rcvd/sent
	!	31/1 [78/2] voluntary/involuntary context switches
	! buffer usage stats:
	!	Shared blocks:        113 read,          0 written, buffer hit rate = 60.35%
	!	Local  blocks:          0 read,          0 written, buffer hit rate = 0.00%
	!	Direct blocks:          0 read,          0 written
	 1: count	(typeid = 20, len = 8, typmod = -1, byval = f)
	----
	 1: count = "541"	(typeid = 20, len = 8, typmod = -1, byval = f)
	----
backend> LOG:  shutting down
LOG:  database system is shut down
LOG:  database system was shut down at 2024-02-09 15:40:22 EST
LOG:  checkpoint record is at 0/BD0DB8
LOG:  redo record is at 0/BD0DB8; undo record is at 0/0; shutdown TRUE
LOG:  next transaction ID: 31294; next OID: 22147
LOG:  database system is ready

POSTGRES backend interactive interface 
$Revision: 1.375.2.5 $ $Date: 2005/12/14 17:07:00 $

backend> LOG:  QUERY STATISTICS
DETAIL:  ! system usage stats:
	!	0.036004 elapsed 0.001860 user 0.002999 system sec
	!	[0.005999 user 0.002999 sys total]
	!	0/0 [0/56] filesystem blocks in/out
	!	112/58 [159/445] page faults/reclaims, 0 [0] swaps
	!	0 [0] signals rcvd, 0/0 [0/0] messages rcvd/sent
	!	31/2 [78/5] voluntary/involuntary context switches
	! buffer usage stats:
	!	Shared blocks:        115 read,          0 written, buffer hit rate = 61.41%
	!	Local  blocks:          0 read,          0 written, buffer hit rate = 0.00%
	!	Direct blocks:          0 read,          0 written
	 1: count	(typeid = 20, len = 8, typmod = -1, byval = f)
	----
	 1: count = "1326"	(typeid = 20, len = 8, typmod = -1, byval = f)
	----
backend> LOG:  shutting down
LOG:  database system is shut down
LOG:  database system was shut down at 2024-02-09 15:40:22 EST
LOG:  checkpoint record is at 0/BD0E00
LOG:  redo record is at 0/BD0E00; undo record is at 0/0; shutdown TRUE
LOG:  next transaction ID: 31296; next OID: 22147
LOG:  database system is ready

POSTGRES backend interactive interface 
$Revision: 1.375.2.5 $ $Date: 2005/12/14 17:07:00 $

backend> LOG:  QUERY STATISTICS
DETAIL:  ! system usage stats:
	!	0.041150 elapsed 0.001008 user 0.004923 system sec
	!	[0.004923 user 0.004923 sys total]
	!	0/0 [0/56] filesystem blocks in/out
	!	112/59 [159/441] page faults/reclaims, 0 [0] swaps
	!	0 [0] signals rcvd, 0/0 [0/0] messages rcvd/sent
	!	29/4 [76/8] voluntary/involuntary context switches
	! buffer usage stats:
	!	Shared blocks:        115 read,          0 written, buffer hit rate = 56.77%
	!	Local  blocks:          0 read,          0 written, buffer hit rate = 0.00%
	!	Direct blocks:          0 read,          0 written
	 1: count	(typeid = 20, len = 8, typmod = -1, byval = f)
	----
	 1: count = "340"	(typeid = 20, len = 8, typmod = -1, byval = f)
	----
backend> LOG:  shutting down
LOG:  database system is shut down
LOG:  database system was shut down at 2024-02-09 15:40:22 EST
LOG:  checkpoint record is at 0/BD0E48
LOG:  redo record is at 0/BD0E48; undo record is at 0/0; shutdown TRUE
LOG:  next transaction ID: 31298; next OID: 22147
LOG:  database system is ready

POSTGRES backend interactive interface 
$Revision: 1.375.2.5 $ $Date: 2005/12/14 17:07:00 $

backend> LOG:  QUERY STATISTICS
DETAIL:  ! system usage stats:
	!	0.037261 elapsed 0.005408 user 0.000000 system sec
	!	[0.009800 user 0.000000 sys total]
	!	0/0 [0/56] filesystem blocks in/out
	!	112/59 [159/441] page faults/reclaims, 0 [0] swaps
	!	0 [0] signals rcvd, 0/0 [0/0] messages rcvd/sent
	!	31/0 [78/1] voluntary/involuntary context switches
	! buffer usage stats:
	!	Shared blocks:        115 read,          0 written, buffer hit rate = 60.62%
	!	Local  blocks:          0 read,          0 written, buffer hit rate = 0.00%
	!	Direct blocks:          0 read,          0 written
	 1: count	(typeid = 20, len = 8, typmod = -1, byval = f)
	----
	 1: count = "1794"	(typeid = 20, len = 8, typmod = -1, byval = f)
	----
backend> LOG:  shutting down
LOG:  database system is shut down
LOG:  database system was shut down at 2024-02-09 15:40:22 EST
LOG:  checkpoint record is at 0/BD0E90
LOG:  redo record is at 0/BD0E90; undo record is at 0/0; shutdown TRUE
LOG:  next transaction ID: 31300; next OID: 22147
LOG:  database system is ready

POSTGRES backend interactive interface 
$Revision: 1.375.2.5 $ $Date: 2005/12/14 17:07:00 $

backend> LOG:  QUERY STATISTICS
DETAIL:  ! system usage stats:
	!	0.040483 elapsed 0.001030 user 0.002615 system sec
	!	[0.005230 user 0.002615 sys total]
	!	0/0 [0/56] filesystem blocks in/out
	!	112/50 [159/435] page faults/reclaims, 0 [0] swaps
	!	0 [0] signals rcvd, 0/0 [0/0] messages rcvd/sent
	!	31/1 [79/4] voluntary/involuntary context switches
	! buffer usage stats:
	!	Shared blocks:        112 read,          0 written, buffer hit rate = 52.54%
	!	Local  blocks:          0 read,          0 written, buffer hit rate = 0.00%
	!	Direct blocks:          0 read,          0 written
	 1: count	(typeid = 20, len = 8, typmod = -1, byval = f)
	----
	 1: count = "729"	(typeid = 20, len = 8, typmod = -1, byval = f)
	----
backend> LOG:  shutting down
LOG:  database system is shut down
LOG:  database system was shut down at 2024-02-09 15:40:22 EST
LOG:  checkpoint record is at 0/BD0ED8
LOG:  redo record is at 0/BD0ED8; undo record is at 0/0; shutdown TRUE
LOG:  next transaction ID: 31302; next OID: 22147
LOG:  database system is ready

POSTGRES backend interactive interface 
$Revision: 1.375.2.5 $ $Date: 2005/12/14 17:07:00 $

backend> LOG:  QUERY STATISTICS
DETAIL:  ! system usage stats:
	!	0.040907 elapsed 0.002310 user 0.002310 system sec
	!	[0.004462 user 0.004462 sys total]
	!	0/0 [0/64] filesystem blocks in/out
	!	112/57 [159/441] page faults/reclaims, 0 [0] swaps
	!	0 [0] signals rcvd, 0/0 [0/0] messages rcvd/sent
	!	31/4 [78/8] voluntary/involuntary context switches
	! buffer usage stats:
	!	Shared blocks:        113 read,          0 written, buffer hit rate = 60.35%
	!	Local  blocks:          0 read,          0 written, buffer hit rate = 0.00%
	!	Direct blocks:          0 read,          0 written
	 1: count	(typeid = 20, len = 8, typmod = -1, byval = f)
	----
	 1: count = "579"	(typeid = 20, len = 8, typmod = -1, byval = f)
	----
backend> LOG:  shutting down
LOG:  database system is shut down
LOG:  database system was shut down at 2024-02-09 15:40:22 EST
LOG:  checkpoint record is at 0/BD0F20
LOG:  redo record is at 0/BD0F20; undo record is at 0/0; shutdown TRUE
LOG:  next transaction ID: 31304; next OID: 22147
LOG:  database system is ready

POSTGRES backend interactive interface 
$Revision: 1.375.2.5 $ $Date: 2005/12/14 17:07:00 $

backend> LOG:  QUERY STATISTICS
DETAIL:  ! system usage stats:
	!	0.042449 elapsed 0.000310 user 0.004517 system sec
	!	[0.004517 user 0.004517 sys total]
	!	0/0 [0/56] filesystem blocks in/out
	!	112/58 [159/440] page faults/reclaims, 0 [0] swaps
	!	0 [0] signals rcvd, 0/0 [0/0] messages rcvd/sent
	!	31/7 [78/12] voluntary/involuntary context switches
	! buffer usage stats:
	!	Shared blocks:        115 read,          0 written, buffer hit rate = 60.62%
	!	Local  blocks:          0 read,          0 written, buffer hit rate = 0.00%
	!	Direct blocks:          0 read,          0 written
	 1: count	(typeid = 20, len = 8, typmod = -1, byval = f)
	----
	 1: count = "2479"	(typeid = 20, len = 8, typmod = -1, byval = f)
	----
backend> LOG:  shutting down
LOG:  database system is shut down
LOG:  database system was shut down at 2024-02-09 15:40:22 EST
LOG:  checkpoint record is at 0/BD0F68
LOG:  redo record is at 0/BD0F68; undo record is at 0/0; shutdown TRUE
LOG:  next transaction ID: 31306; next OID: 22147
LOG:  database system is ready

POSTGRES backend interactive interface 
$Revision: 1.375.2.5 $ $Date: 2005/12/14 17:07:00 $

backend> LOG:  QUERY STATISTICS
DETAIL:  ! system usage stats:
	!	0.036312 elapsed 0.001841 user 0.003076 system sec
	!	[0.006153 user 0.003076 sys total]
	!	0/0 [0/56] filesystem blocks in/out
	!	112/57 [159/443] page faults/reclaims, 0 [0] swaps
	!	0 [0] signals rcvd, 0/0 [0/0] messages rcvd/sent
	!	31/1 [78/1] voluntary/involuntary context switches
	! buffer usage stats:
	!	Shared blocks:        115 read,          0 written, buffer hit rate = 59.79%
	!	Local  blocks:          0 read,          0 written, buffer hit rate = 0.00%
	!	Direct blocks:          0 read,          0 written
	 1: count	(typeid = 20, len = 8, typmod = -1, byval = f)
	----
	 1: count = "1473"	(typeid = 20, len = 8, typmod = -1, byval = f)
	----
backend> LOG:  shutting down
LOG:  database system is shut down
