LOG:  database system was shut down at 2024-02-09 15:40:22 EST
LOG:  checkpoint record is at 0/BD0FB0
LOG:  redo record is at 0/BD0FB0; undo record is at 0/0; shutdown TRUE
LOG:  next transaction ID: 31308; next OID: 22147
LOG:  database system is ready

POSTGRES backend interactive interface 
$Revision: 1.375.2.5 $ $Date: 2005/12/14 17:07:00 $

backend> LOG:  QUERY STATISTICS
DETAIL:  ! system usage stats:
	!	0.035713 elapsed 0.003792 user 0.000000 system sec
	!	[0.008132 user 0.000000 sys total]
	!	0/0 [0/56] filesystem blocks in/out
	!	114/51 [161/439] page faults/reclaims, 0 [0] swaps
	!	0 [0] signals rcvd, 0/0 [0/0] messages rcvd/sent
	!	31/0 [78/0] voluntary/involuntary context switches
	! buffer usage stats:
	!	Shared blocks:        112 read,          0 written, buffer hit rate = 52.54%
	!	Local  blocks:          0 read,          0 written, buffer hit rate = 0.00%
	!	Direct blocks:          0 read,          0 written
	 1: count	(typeid = 20, len = 8, typmod = -1, byval = f)
	----
	 1: count = "2175"	(typeid = 20, len = 8, typmod = -1, byval = f)
	----
backend> LOG:  shutting down
LOG:  database system is shut down
LOG:  database system was shut down at 2024-02-09 15:40:23 EST
LOG:  checkpoint record is at 0/BD0FF8
LOG:  redo record is at 0/BD0FF8; undo record is at 0/0; shutdown TRUE
LOG:  next transaction ID: 31310; next OID: 22147
LOG:  database system is ready

POSTGRES backend interactive interface 
$Revision: 1.375.2.5 $ $Date: 2005/12/14 17:07:00 $

backend> LOG:  QUERY STATISTICS
DETAIL:  ! system usage stats:
	!	0.035632 elapsed 0.002277 user 0.002632 system sec
	!	[0.002277 user 0.006832 sys total]
	!	0/0 [0/56] filesystem blocks in/out
	!	114/55 [161/441] page faults/reclaims, 0 [0] swaps
	!	0 [0] signals rcvd, 0/0 [0/0] messages rcvd/sent
	!	29/4 [76/7] voluntary/involuntary context switches
	! buffer usage stats:
	!	Shared blocks:        115 read,          0 written, buffer hit rate = 56.11%
	!	Local  blocks:          0 read,          0 written, buffer hit rate = 0.00%
	!	Direct blocks:          0 read,          0 written
	 1: count	(typeid = 20, len = 8, typmod = -1, byval = f)
	----
	 1: count = "1051"	(typeid = 20, len = 8, typmod = -1, byval = f)
	----
backend> LOG:  shutting down
LOG:  database system is shut down
LOG:  database system was shut down at 2024-02-09 15:40:23 EST
LOG:  checkpoint record is at 0/BD1040
LOG:  redo record is at 0/BD1040; undo record is at 0/0; shutdown TRUE
LOG:  next transaction ID: 31312; next OID: 22147
LOG:  database system is ready

POSTGRES backend interactive interface 
$Revision: 1.375.2.5 $ $Date: 2005/12/14 17:07:00 $

backend> LOG:  QUERY STATISTICS
DETAIL:  ! system usage stats:
	!	0.036074 elapsed 0.000748 user 0.003633 system sec
	!	[0.002884 user 0.005769 sys total]
	!	0/0 [0/56] filesystem blocks in/out
	!	114/57 [161/443] page faults/reclaims, 0 [0] swaps
	!	0 [0] signals rcvd, 0/0 [0/0] messages rcvd/sent
	!	31/0 [79/5] voluntary/involuntary context switches
	! buffer usage stats:
	!	Shared blocks:        113 read,          0 written, buffer hit rate = 60.35%
	!	Local  blocks:          0 read,          0 written, buffer hit rate = 0.00%
	!	Direct blocks:          0 read,          0 written
	 1: count	(typeid = 20, len = 8, typmod = -1, byval = f)
	----
	 1: count = "541"	(typeid = 20, len = 8, typmod = -1, byval = f)
	----
backend> LOG:  shutting down
LOG:  database system is shut down
LOG:  database system was shut down at 2024-02-09 15:40:23 EST
LOG:  checkpoint record is at 0/BD1088
LOG:  redo record is at 0/BD1088; undo record is at 0/0; shutdown TRUE
LOG:  next transaction ID: 31314; next OID: 22147
LOG:  database system is ready

POSTGRES backend interactive interface 
$Revision: 1.375.2.5 $ $Date: 2005/12/14 17:07:00 $

backend> LOG:  QUERY STATISTICS
DETAIL:  ! system usage stats:
	!	0.038111 elapsed 0.004598 user 0.000162 system sec
	!	[0.006653 user 0.002217 sys total]
	!	0/0 [0/56] filesystem blocks in/out
	!	114/59 [161/442] page faults/reclaims, 0 [0] swaps
	!	0 [0] signals rcvd, 0/0 [0/0] messages rcvd/sent
	!	32/1 [79/2] voluntary/involuntary context switches
	! buffer usage stats:
	!	Shared blocks:        115 read,          0 written, buffer hit rate = 61.41%
	!	Local  blocks:          0 read,          0 written, buffer hit rate = 0.00%
	!	Direct blocks:          0 read,          0 written
	 1: count	(typeid = 20, len = 8, typmod = -1, byval = f)
	----
	 1: count = "1326"	(typeid = 20, len = 8, typmod = -1, byval = f)
	----
backend> LOG:  shutting down
LOG:  database system is shut down
LOG:  database system was shut down at 2024-02-09 15:40:23 EST
LOG:  checkpoint record is at 0/BD10D0
LOG:  redo record is at 0/BD10D0; undo record is at 0/0; shutdown TRUE
LOG:  next transaction ID: 31316; next OID: 22147
LOG:  database system is ready

POSTGRES backend interactive interface 
$Revision: 1.375.2.5 $ $Date: 2005/12/14 17:07:00 $

backend> LOG:  QUERY STATISTICS
DETAIL:  ! system usage stats:
	!	0.038009 elapsed 0.003620 user 0.002175 system sec
	!	[0.005064 user 0.005064 sys total]
	!	0/0 [0/56] filesystem blocks in/out
	!	114/56 [161/442] page faults/reclaims, 0 [0] swaps
	!	0 [0] signals rcvd, 0/0 [0/0] messages rcvd/sent
	!	29/0 [76/0] voluntary/involuntary context switches
	! buffer usage stats:
	!	Shared blocks:        115 read,          0 written, buffer hit rate = 56.77%
	!	Local  blocks:          0 read,          0 written, buffer hit rate = 0.00%
	!	Direct blocks:          0 read,          0 written
	 1: count	(typeid = 20, len = 8, typmod = -1, byval = f)
	----
	 1: count = "340"	(typeid = 20, len = 8, typmod = -1, byval = f)
	----
backend> LOG:  shutting down
LOG:  database system is shut down
LOG:  database system was shut down at 2024-02-09 15:40:23 EST
LOG:  checkpoint record is at 0/BD1118
LOG:  redo record is at 0/BD1118; undo record is at 0/0; shutdown TRUE
LOG:  next transaction ID: 31318; next OID: 22147
LOG:  database system is ready

POSTGRES backend interactive interface 
$Revision: 1.375.2.5 $ $Date: 2005/12/14 17:07:00 $

backend> LOG:  QUERY STATISTICS
DETAIL:  ! system usage stats:
	!	0.037302 elapsed 0.004632 user 0.000000 system sec
	!	[0.008816 user 0.000000 sys total]
	!	0/0 [0/56] filesystem blocks in/out
	!	114/57 [161/440] page faults/reclaims, 0 [0] swaps
	!	0 [0] signals rcvd, 0/0 [0/0] messages rcvd/sent
	!	31/3 [77/3] voluntary/involuntary context switches
	! buffer usage stats:
	!	Shared blocks:        115 read,          0 written, buffer hit rate = 60.62%
	!	Local  blocks:          0 read,          0 written, buffer hit rate = 0.00%
	!	Direct blocks:          0 read,          0 written
	 1: count	(typeid = 20, len = 8, typmod = -1, byval = f)
	----
	 1: count = "1794"	(typeid = 20, len = 8, typmod = -1, byval = f)
	----
backend> LOG:  shutting down
LOG:  database system is shut down
LOG:  database system was shut down at 2024-02-09 15:40:23 EST
LOG:  checkpoint record is at 0/BD1160
LOG:  redo record is at 0/BD1160; undo record is at 0/0; shutdown TRUE
LOG:  next transaction ID: 31320; next OID: 22147
LOG:  database system is ready

POSTGRES backend interactive interface 
$Revision: 1.375.2.5 $ $Date: 2005/12/14 17:07:00 $

backend> LOG:  QUERY STATISTICS
DETAIL:  ! system usage stats:
	!	0.066708 elapsed 0.000000 user 0.003706 system sec
	!	[0.004263 user 0.003706 sys total]
	!	0/0 [0/56] filesystem blocks in/out
	!	114/51 [161/437] page faults/reclaims, 0 [0] swaps
	!	0 [0] signals rcvd, 0/0 [0/0] messages rcvd/sent
	!	31/4 [78/7] voluntary/involuntary context switches
	! buffer usage stats:
	!	Shared blocks:        112 read,          0 written, buffer hit rate = 52.54%
	!	Local  blocks:          0 read,          0 written, buffer hit rate = 0.00%
	!	Direct blocks:          0 read,          0 written
	 1: count	(typeid = 20, len = 8, typmod = -1, byval = f)
	----
	 1: count = "729"	(typeid = 20, len = 8, typmod = -1, byval = f)
	----
backend> LOG:  shutting down
LOG:  database system is shut down
LOG:  database system was shut down at 2024-02-09 15:40:23 EST
LOG:  checkpoint record is at 0/BD11A8
LOG:  redo record is at 0/BD11A8; undo record is at 0/0; shutdown TRUE
LOG:  next transaction ID: 31322; next OID: 22147
LOG:  database system is ready

POSTGRES backend interactive interface 
$Revision: 1.375.2.5 $ $Date: 2005/12/14 17:07:00 $

backend> LOG:  QUERY STATISTICS
DETAIL:  ! system usage stats:
	!	0.053518 elapsed 0.001715 user 0.002919 system sec
	!	[0.005839 user 0.002919 sys total]
	!	0/0 [0/64] filesystem blocks in/out
	!	114/57 [161/439] page faults/reclaims, 0 [0] swaps
	!	0 [0] signals rcvd, 0/0 [0/0] messages rcvd/sent
	!	31/0 [77/3] voluntary/involuntary context switches
	! buffer usage stats:
	!	Shared blocks:        113 read,          0 written, buffer hit rate = 60.35%
	!	Local  blocks:          0 read,          0 written, buffer hit rate = 0.00%
	!	Direct blocks:          0 read,          0 written
	 1: count	(typeid = 20, len = 8, typmod = -1, byval = f)
	----
	 1: count = "579"	(typeid = 20, len = 8, typmod = -1, byval = f)
	----
backend> LOG:  shutting down
LOG:  database system is shut down
LOG:  database system was shut down at 2024-02-09 15:40:24 EST
LOG:  checkpoint record is at 0/BD11F0
LOG:  redo record is at 0/BD11F0; undo record is at 0/0; shutdown TRUE
LOG:  next transaction ID: 31324; next OID: 22147
LOG:  database system is ready

POSTGRES backend interactive interface 
$Revision: 1.375.2.5 $ $Date: 2005/12/14 17:07:00 $

backend> LOG:  QUERY STATISTICS
DETAIL:  ! system usage stats:
	!	0.036553 elapsed 0.000000 user 0.004742 system sec
	!	[0.000000 user 0.008954 sys total]
	!	0/0 [0/56] filesystem blocks in/out
	!	114/59 [161/445] page faults/reclaims, 0 [0] swaps
	!	0 [0] signals rcvd, 0/0 [0/0] messages rcvd/sent
	!	31/0 [78/1] voluntary/involuntary context switches
	! buffer usage stats:
	!	Shared blocks:        115 read,          0 written, buffer hit rate = 60.62%
	!	Local  blocks:          0 read,          0 written, buffer hit rate = 0.00%
	!	Direct blocks:          0 read,          0 written
	 1: count	(typeid = 20, len = 8, typmod = -1, byval = f)
	----
	 1: count = "2479"	(typeid = 20, len = 8, typmod = -1, byval = f)
	----
backend> LOG:  shutting down
LOG:  database system is shut down
LOG:  database system was shut down at 2024-02-09 15:40:24 EST
LOG:  checkpoint record is at 0/BD1238
LOG:  redo record is at 0/BD1238; undo record is at 0/0; shutdown TRUE
LOG:  next transaction ID: 31326; next OID: 22147
LOG:  database system is ready

POSTGRES backend interactive interface 
$Revision: 1.375.2.5 $ $Date: 2005/12/14 17:07:00 $

backend> LOG:  QUERY STATISTICS
DETAIL:  ! system usage stats:
	!	0.036882 elapsed 0.004908 user 0.000000 system sec
	!	[0.009107 user 0.000000 sys total]
	!	0/0 [0/56] filesystem blocks in/out
	!	114/57 [161/441] page faults/reclaims, 0 [0] swaps
	!	0 [0] signals rcvd, 0/0 [0/0] messages rcvd/sent
	!	31/2 [78/2] voluntary/involuntary context switches
	! buffer usage stats:
	!	Shared blocks:        115 read,          0 written, buffer hit rate = 59.79%
	!	Local  blocks:          0 read,          0 written, buffer hit rate = 0.00%
	!	Direct blocks:          0 read,          0 written
	 1: count	(typeid = 20, len = 8, typmod = -1, byval = f)
	----
	 1: count = "1473"	(typeid = 20, len = 8, typmod = -1, byval = f)
	----
backend> LOG:  shutting down
LOG:  database system is shut down
