LOG:  database system was shut down at 2024-02-09 14:48:16 EST
LOG:  checkpoint record is at 0/B9E688
LOG:  redo record is at 0/B9E688; undo record is at 0/0; shutdown TRUE
LOG:  next transaction ID: 23138; next OID: 22147
LOG:  database system is ready

POSTGRES backend interactive interface 
$Revision: 1.375.2.5 $ $Date: 2005/12/14 17:07:00 $

backend> LOG:  QUERY STATISTICS
DETAIL:  ! system usage stats:
	!	0.039542 elapsed 0.002047 user 0.000000 system sec
	!	[0.006602 user 0.000000 sys total]
	!	0/0 [0/56] filesystem blocks in/out
	!	116/59 [163/446] page faults/reclaims, 0 [0] swaps
	!	0 [0] signals rcvd, 0/0 [0/0] messages rcvd/sent
	!	36/4 [83/5] voluntary/involuntary context switches
	! buffer usage stats:
	!	Shared blocks:         87 read,          0 written, buffer hit rate = 70.90%
	!	Local  blocks:          0 read,          0 written, buffer hit rate = 0.00%
	!	Direct blocks:          0 read,          0 written
	 1: count	(typeid = 20, len = 8, typmod = -1, byval = f)
	----
	 1: count = "41"	(typeid = 20, len = 8, typmod = -1, byval = f)
	----
backend> LOG:  shutting down
LOG:  database system is shut down
LOG:  database system was shut down at 2024-02-09 14:48:16 EST
LOG:  checkpoint record is at 0/B9E6D0
LOG:  redo record is at 0/B9E6D0; undo record is at 0/0; shutdown TRUE
LOG:  next transaction ID: 23140; next OID: 22147
LOG:  database system is ready

POSTGRES backend interactive interface 
$Revision: 1.375.2.5 $ $Date: 2005/12/14 17:07:00 $

backend> LOG:  QUERY STATISTICS
DETAIL:  ! system usage stats:
	!	0.099617 elapsed 0.003125 user 0.001954 system sec
	!	[0.003125 user 0.006251 sys total]
	!	0/0 [0/56] filesystem blocks in/out
	!	116/54 [163/440] page faults/reclaims, 0 [0] swaps
	!	0 [0] signals rcvd, 0/0 [0/0] messages rcvd/sent
	!	29/4 [76/6] voluntary/involuntary context switches
	! buffer usage stats:
	!	Shared blocks:        115 read,          0 written, buffer hit rate = 55.43%
	!	Local  blocks:          0 read,          0 written, buffer hit rate = 0.00%
	!	Direct blocks:          0 read,          0 written
	 1: count	(typeid = 20, len = 8, typmod = -1, byval = f)
	----
	 1: count = "50"	(typeid = 20, len = 8, typmod = -1, byval = f)
	----
backend> LOG:  shutting down
LOG:  database system is shut down
LOG:  database system was shut down at 2024-02-09 14:48:16 EST
LOG:  checkpoint record is at 0/B9E718
LOG:  redo record is at 0/B9E718; undo record is at 0/0; shutdown TRUE
LOG:  next transaction ID: 23142; next OID: 22147
LOG:  database system is ready

POSTGRES backend interactive interface 
$Revision: 1.375.2.5 $ $Date: 2005/12/14 17:07:00 $

backend> LOG:  QUERY STATISTICS
DETAIL:  ! system usage stats:
	!	0.037434 elapsed 0.002782 user 0.000000 system sec
	!	[0.002782 user 0.004897 sys total]
	!	0/0 [0/56] filesystem blocks in/out
	!	116/63 [163/447] page faults/reclaims, 0 [0] swaps
	!	0 [0] signals rcvd, 0/0 [0/0] messages rcvd/sent
	!	35/0 [82/0] voluntary/involuntary context switches
	! buffer usage stats:
	!	Shared blocks:         90 read,          0 written, buffer hit rate = 74.86%
	!	Local  blocks:          0 read,          0 written, buffer hit rate = 0.00%
	!	Direct blocks:          0 read,          0 written
	 1: count	(typeid = 20, len = 8, typmod = -1, byval = f)
	----
	 1: count = "99"	(typeid = 20, len = 8, typmod = -1, byval = f)
	----
backend> LOG:  shutting down
LOG:  database system is shut down
LOG:  database system was shut down at 2024-02-09 14:48:16 EST
LOG:  checkpoint record is at 0/B9E760
LOG:  redo record is at 0/B9E760; undo record is at 0/0; shutdown TRUE
LOG:  next transaction ID: 23144; next OID: 22147
LOG:  database system is ready

POSTGRES backend interactive interface 
$Revision: 1.375.2.5 $ $Date: 2005/12/14 17:07:00 $

backend> LOG:  QUERY STATISTICS
DETAIL:  ! system usage stats:
	!	0.036504 elapsed 0.000000 user 0.002673 system sec
	!	[0.000000 user 0.007416 sys total]
	!	0/0 [0/56] filesystem blocks in/out
	!	116/60 [163/448] page faults/reclaims, 0 [0] swaps
	!	0 [0] signals rcvd, 0/0 [0/0] messages rcvd/sent
	!	35/0 [82/0] voluntary/involuntary context switches
	! buffer usage stats:
	!	Shared blocks:         96 read,          0 written, buffer hit rate = 92.39%
	!	Local  blocks:          0 read,          0 written, buffer hit rate = 0.00%
	!	Direct blocks:          0 read,          0 written
	 1: count	(typeid = 20, len = 8, typmod = -1, byval = f)
	----
	 1: count = "1000"	(typeid = 20, len = 8, typmod = -1, byval = f)
	----
backend> LOG:  shutting down
LOG:  database system is shut down
LOG:  database system was shut down at 2024-02-09 14:48:16 EST
LOG:  checkpoint record is at 0/B9E7A8
LOG:  redo record is at 0/B9E7A8; undo record is at 0/0; shutdown TRUE
LOG:  next transaction ID: 23146; next OID: 22147
LOG:  database system is ready

POSTGRES backend interactive interface 
$Revision: 1.375.2.5 $ $Date: 2005/12/14 17:07:00 $

backend> LOG:  QUERY STATISTICS
DETAIL:  ! system usage stats:
	!	0.034726 elapsed 0.005407 user 0.000000 system sec
	!	[0.010324 user 0.000000 sys total]
	!	0/0 [0/56] filesystem blocks in/out
	!	116/51 [163/441] page faults/reclaims, 0 [0] swaps
	!	0 [0] signals rcvd, 0/0 [0/0] messages rcvd/sent
	!	29/0 [75/0] voluntary/involuntary context switches
	! buffer usage stats:
	!	Shared blocks:        115 read,          0 written, buffer hit rate = 55.43%
	!	Local  blocks:          0 read,          0 written, buffer hit rate = 0.00%
	!	Direct blocks:          0 read,          0 written
	 1: count	(typeid = 20, len = 8, typmod = -1, byval = f)
	----
	 1: count = "2500"	(typeid = 20, len = 8, typmod = -1, byval = f)
	----
backend> LOG:  shutting down
LOG:  database system is shut down
LOG:  database system was shut down at 2024-02-09 14:48:16 EST
LOG:  checkpoint record is at 0/B9E7F0
LOG:  redo record is at 0/B9E7F0; undo record is at 0/0; shutdown TRUE
LOG:  next transaction ID: 23148; next OID: 22147
LOG:  database system is ready

POSTGRES backend interactive interface 
$Revision: 1.375.2.5 $ $Date: 2005/12/14 17:07:00 $

backend> LOG:  QUERY STATISTICS
DETAIL:  ! system usage stats:
	!	0.037624 elapsed 0.004411 user 0.000129 system sec
	!	[0.004411 user 0.004411 sys total]
	!	0/0 [0/56] filesystem blocks in/out
	!	116/60 [163/442] page faults/reclaims, 0 [0] swaps
	!	0 [0] signals rcvd, 0/0 [0/0] messages rcvd/sent
	!	33/0 [80/1] voluntary/involuntary context switches
	! buffer usage stats:
	!	Shared blocks:        117 read,          0 written, buffer hit rate = 59.38%
	!	Local  blocks:          0 read,          0 written, buffer hit rate = 0.00%
	!	Direct blocks:          0 read,          0 written
	 1: count	(typeid = 20, len = 8, typmod = -1, byval = f)
	----
	 1: count = "999"	(typeid = 20, len = 8, typmod = -1, byval = f)
	----
backend> LOG:  shutting down
LOG:  database system is shut down
LOG:  database system was shut down at 2024-02-09 14:48:17 EST
LOG:  checkpoint record is at 0/B9E838
LOG:  redo record is at 0/B9E838; undo record is at 0/0; shutdown TRUE
LOG:  next transaction ID: 23150; next OID: 22147
LOG:  database system is ready

POSTGRES backend interactive interface 
$Revision: 1.375.2.5 $ $Date: 2005/12/14 17:07:00 $

backend> LOG:  QUERY STATISTICS
DETAIL:  ! system usage stats:
	!	0.127034 elapsed 0.000000 user 0.002341 system sec
	!	[0.000000 user 0.006737 sys total]
	!	0/0 [0/56] filesystem blocks in/out
	!	116/59 [163/446] page faults/reclaims, 0 [0] swaps
	!	0 [0] signals rcvd, 0/0 [0/0] messages rcvd/sent
	!	35/2 [82/4] voluntary/involuntary context switches
	! buffer usage stats:
	!	Shared blocks:         90 read,          0 written, buffer hit rate = 83.93%
	!	Local  blocks:          0 read,          0 written, buffer hit rate = 0.00%
	!	Direct blocks:          0 read,          0 written
	 1: count	(typeid = 20, len = 8, typmod = -1, byval = f)
	----
	 1: count = "301"	(typeid = 20, len = 8, typmod = -1, byval = f)
	----
backend> LOG:  shutting down
LOG:  database system is shut down
LOG:  database system was shut down at 2024-02-09 14:48:17 EST
LOG:  checkpoint record is at 0/B9E880
LOG:  redo record is at 0/B9E880; undo record is at 0/0; shutdown TRUE
LOG:  next transaction ID: 23152; next OID: 22147
LOG:  database system is ready

POSTGRES backend interactive interface 
$Revision: 1.375.2.5 $ $Date: 2005/12/14 17:07:00 $

backend> LOG:  QUERY STATISTICS
DETAIL:  ! system usage stats:
	!	0.035559 elapsed 0.000000 user 0.002151 system sec
	!	[0.000000 user 0.006695 sys total]
	!	0/0 [0/64] filesystem blocks in/out
	!	116/58 [163/444] page faults/reclaims, 0 [0] swaps
	!	0 [0] signals rcvd, 0/0 [0/0] messages rcvd/sent
	!	35/0 [82/0] voluntary/involuntary context switches
	! buffer usage stats:
	!	Shared blocks:         88 read,          0 written, buffer hit rate = 75.49%
	!	Local  blocks:          0 read,          0 written, buffer hit rate = 0.00%
	!	Direct blocks:          0 read,          0 written
	 1: count	(typeid = 20, len = 8, typmod = -1, byval = f)
	----
	 1: count = "101"	(typeid = 20, len = 8, typmod = -1, byval = f)
	----
backend> LOG:  shutting down
LOG:  database system is shut down
LOG:  database system was shut down at 2024-02-09 14:48:17 EST
LOG:  checkpoint record is at 0/B9E8C8
LOG:  redo record is at 0/B9E8C8; undo record is at 0/0; shutdown TRUE
LOG:  next transaction ID: 23154; next OID: 22147
LOG:  database system is ready

POSTGRES backend interactive interface 
$Revision: 1.375.2.5 $ $Date: 2005/12/14 17:07:00 $

backend> LOG:  QUERY STATISTICS
DETAIL:  ! system usage stats:
	!	0.035263 elapsed 0.001954 user 0.000000 system sec
	!	[0.006250 user 0.000000 sys total]
	!	0/0 [0/56] filesystem blocks in/out
	!	116/59 [163/447] page faults/reclaims, 0 [0] swaps
	!	0 [0] signals rcvd, 0/0 [0/0] messages rcvd/sent
	!	35/0 [82/1] voluntary/involuntary context switches
	! buffer usage stats:
	!	Shared blocks:         88 read,          0 written, buffer hit rate = 75.49%
	!	Local  blocks:          0 read,          0 written, buffer hit rate = 0.00%
	!	Direct blocks:          0 read,          0 written
	 1: count	(typeid = 20, len = 8, typmod = -1, byval = f)
	----
	 1: count = "101"	(typeid = 20, len = 8, typmod = -1, byval = f)
	----
backend> LOG:  shutting down
LOG:  database system is shut down
LOG:  database system was shut down at 2024-02-09 14:48:17 EST
LOG:  checkpoint record is at 0/B9E910
LOG:  redo record is at 0/B9E910; undo record is at 0/0; shutdown TRUE
LOG:  next transaction ID: 23156; next OID: 22147
LOG:  database system is ready

POSTGRES backend interactive interface 
$Revision: 1.375.2.5 $ $Date: 2005/12/14 17:07:00 $

backend> LOG:  QUERY STATISTICS
DETAIL:  ! system usage stats:
	!	0.035911 elapsed 0.002047 user 0.000000 system sec
	!	[0.006616 user 0.000000 sys total]
	!	0/0 [0/56] filesystem blocks in/out
	!	116/59 [163/444] page faults/reclaims, 0 [0] swaps
	!	0 [0] signals rcvd, 0/0 [0/0] messages rcvd/sent
	!	35/1 [81/2] voluntary/involuntary context switches
	! buffer usage stats:
	!	Shared blocks:         88 read,          0 written, buffer hit rate = 69.66%
	!	Local  blocks:          0 read,          0 written, buffer hit rate = 0.00%
	!	Direct blocks:          0 read,          0 written
	 1: count	(typeid = 20, len = 8, typmod = -1, byval = f)
	----
	 1: count = "31"	(typeid = 20, len = 8, typmod = -1, byval = f)
	----
backend> LOG:  shutting down
LOG:  database system is shut down
