LOG:  database system was shut down at 2024-02-09 15:15:12 EST
LOG:  checkpoint record is at 0/BB9820
LOG:  redo record is at 0/BB9820; undo record is at 0/0; shutdown TRUE
LOG:  next transaction ID: 27546; next OID: 22147
LOG:  database system is ready

POSTGRES backend interactive interface 
$Revision: 1.375.2.5 $ $Date: 2005/12/14 17:07:00 $

backend> LOG:  QUERY STATISTICS
DETAIL:  ! system usage stats:
	!	0.036440 elapsed 0.002877 user 0.001093 system sec
	!	[0.002877 user 0.005754 sys total]
	!	0/0 [0/56] filesystem blocks in/out
	!	116/50 [163/432] page faults/reclaims, 0 [0] swaps
	!	0 [0] signals rcvd, 0/0 [0/0] messages rcvd/sent
	!	31/4 [79/10] voluntary/involuntary context switches
	! buffer usage stats:
	!	Shared blocks:        112 read,          0 written, buffer hit rate = 52.54%
	!	Local  blocks:          0 read,          0 written, buffer hit rate = 0.00%
	!	Direct blocks:          0 read,          0 written
	 1: count	(typeid = 20, len = 8, typmod = -1, byval = f)
	----
	 1: count = "2175"	(typeid = 20, len = 8, typmod = -1, byval = f)
	----
backend> LOG:  shutting down
LOG:  database system is shut down
LOG:  database system was shut down at 2024-02-09 15:15:13 EST
LOG:  checkpoint record is at 0/BB9868
LOG:  redo record is at 0/BB9868; undo record is at 0/0; shutdown TRUE
LOG:  next transaction ID: 27548; next OID: 22147
LOG:  database system is ready

POSTGRES backend interactive interface 
$Revision: 1.375.2.5 $ $Date: 2005/12/14 17:07:00 $

backend> LOG:  QUERY STATISTICS
DETAIL:  ! system usage stats:
	!	0.034599 elapsed 0.005237 user 0.000000 system sec
	!	[0.009952 user 0.000000 sys total]
	!	0/0 [0/56] filesystem blocks in/out
	!	116/52 [163/435] page faults/reclaims, 0 [0] swaps
	!	0 [0] signals rcvd, 0/0 [0/0] messages rcvd/sent
	!	29/0 [76/0] voluntary/involuntary context switches
	! buffer usage stats:
	!	Shared blocks:        115 read,          0 written, buffer hit rate = 56.11%
	!	Local  blocks:          0 read,          0 written, buffer hit rate = 0.00%
	!	Direct blocks:          0 read,          0 written
	 1: count	(typeid = 20, len = 8, typmod = -1, byval = f)
	----
	 1: count = "1051"	(typeid = 20, len = 8, typmod = -1, byval = f)
	----
backend> LOG:  shutting down
LOG:  database system is shut down
LOG:  database system was shut down at 2024-02-09 15:15:13 EST
LOG:  checkpoint record is at 0/BB98B0
LOG:  redo record is at 0/BB98B0; undo record is at 0/0; shutdown TRUE
LOG:  next transaction ID: 27550; next OID: 22147
LOG:  database system is ready

POSTGRES backend interactive interface 
$Revision: 1.375.2.5 $ $Date: 2005/12/14 17:07:00 $

backend> LOG:  QUERY STATISTICS
DETAIL:  ! system usage stats:
	!	0.040249 elapsed 0.004824 user 0.000000 system sec
	!	[0.009171 user 0.000000 sys total]
	!	0/0 [0/56] filesystem blocks in/out
	!	116/61 [163/440] page faults/reclaims, 0 [0] swaps
	!	0 [0] signals rcvd, 0/0 [0/0] messages rcvd/sent
	!	31/1 [78/4] voluntary/involuntary context switches
	! buffer usage stats:
	!	Shared blocks:        113 read,          0 written, buffer hit rate = 60.35%
	!	Local  blocks:          0 read,          0 written, buffer hit rate = 0.00%
	!	Direct blocks:          0 read,          0 written
	 1: count	(typeid = 20, len = 8, typmod = -1, byval = f)
	----
	 1: count = "541"	(typeid = 20, len = 8, typmod = -1, byval = f)
	----
backend> LOG:  shutting down
LOG:  database system is shut down
LOG:  database system was shut down at 2024-02-09 15:15:13 EST
LOG:  checkpoint record is at 0/BB98F8
LOG:  redo record is at 0/BB98F8; undo record is at 0/0; shutdown TRUE
LOG:  next transaction ID: 27552; next OID: 22147
LOG:  database system is ready

POSTGRES backend interactive interface 
$Revision: 1.375.2.5 $ $Date: 2005/12/14 17:07:00 $

backend> LOG:  QUERY STATISTICS
DETAIL:  ! system usage stats:
	!	0.039570 elapsed 0.004992 user 0.000645 system sec
	!	[0.004992 user 0.004992 sys total]
	!	0/0 [0/56] filesystem blocks in/out
	!	116/57 [163/440] page faults/reclaims, 0 [0] swaps
	!	0 [0] signals rcvd, 0/0 [0/0] messages rcvd/sent
	!	31/0 [78/0] voluntary/involuntary context switches
	! buffer usage stats:
	!	Shared blocks:        115 read,          0 written, buffer hit rate = 61.41%
	!	Local  blocks:          0 read,          0 written, buffer hit rate = 0.00%
	!	Direct blocks:          0 read,          0 written
	 1: count	(typeid = 20, len = 8, typmod = -1, byval = f)
	----
	 1: count = "1326"	(typeid = 20, len = 8, typmod = -1, byval = f)
	----
backend> LOG:  shutting down
LOG:  database system is shut down
LOG:  database system was shut down at 2024-02-09 15:15:13 EST
LOG:  checkpoint record is at 0/BB9940
LOG:  redo record is at 0/BB9940; undo record is at 0/0; shutdown TRUE
LOG:  next transaction ID: 27554; next OID: 22147
LOG:  database system is ready

POSTGRES backend interactive interface 
$Revision: 1.375.2.5 $ $Date: 2005/12/14 17:07:00 $

backend> LOG:  QUERY STATISTICS
DETAIL:  ! system usage stats:
	!	0.036390 elapsed 0.005678 user 0.000000 system sec
	!	[0.010062 user 0.000000 sys total]
	!	0/0 [0/56] filesystem blocks in/out
	!	116/56 [163/436] page faults/reclaims, 0 [0] swaps
	!	0 [0] signals rcvd, 0/0 [0/0] messages rcvd/sent
	!	29/0 [76/0] voluntary/involuntary context switches
	! buffer usage stats:
	!	Shared blocks:        115 read,          0 written, buffer hit rate = 56.77%
	!	Local  blocks:          0 read,          0 written, buffer hit rate = 0.00%
	!	Direct blocks:          0 read,          0 written
	 1: count	(typeid = 20, len = 8, typmod = -1, byval = f)
	----
	 1: count = "340"	(typeid = 20, len = 8, typmod = -1, byval = f)
	----
backend> LOG:  shutting down
LOG:  database system is shut down
LOG:  database system was shut down at 2024-02-09 15:15:13 EST
LOG:  checkpoint record is at 0/BB9988
LOG:  redo record is at 0/BB9988; undo record is at 0/0; shutdown TRUE
LOG:  next transaction ID: 27556; next OID: 22147
LOG:  database system is ready

POSTGRES backend interactive interface 
$Revision: 1.375.2.5 $ $Date: 2005/12/14 17:07:00 $

backend> LOG:  QUERY STATISTICS
DETAIL:  ! system usage stats:
	!	0.035436 elapsed 0.004472 user 0.000000 system sec
	!	[0.008816 user 0.000000 sys total]
	!	0/0 [0/56] filesystem blocks in/out
	!	116/56 [163/438] page faults/reclaims, 0 [0] swaps
	!	0 [0] signals rcvd, 0/0 [0/0] messages rcvd/sent
	!	32/0 [79/1] voluntary/involuntary context switches
	! buffer usage stats:
	!	Shared blocks:        115 read,          0 written, buffer hit rate = 60.62%
	!	Local  blocks:          0 read,          0 written, buffer hit rate = 0.00%
	!	Direct blocks:          0 read,          0 written
	 1: count	(typeid = 20, len = 8, typmod = -1, byval = f)
	----
	 1: count = "1794"	(typeid = 20, len = 8, typmod = -1, byval = f)
	----
backend> LOG:  shutting down
LOG:  database system is shut down
LOG:  database system was shut down at 2024-02-09 15:15:13 EST
LOG:  checkpoint record is at 0/BB99D0
LOG:  redo record is at 0/BB99D0; undo record is at 0/0; shutdown TRUE
LOG:  next transaction ID: 27558; next OID: 22147
LOG:  database system is ready

POSTGRES backend interactive interface 
$Revision: 1.375.2.5 $ $Date: 2005/12/14 17:07:00 $

backend> LOG:  QUERY STATISTICS
DETAIL:  ! system usage stats:
	!	0.035574 elapsed 0.003923 user 0.000000 system sec
	!	[0.008336 user 0.000000 sys total]
	!	0/0 [0/56] filesystem blocks in/out
	!	116/50 [163/429] page faults/reclaims, 0 [0] swaps
	!	0 [0] signals rcvd, 0/0 [0/0] messages rcvd/sent
	!	31/3 [79/3] voluntary/involuntary context switches
	! buffer usage stats:
	!	Shared blocks:        112 read,          0 written, buffer hit rate = 52.54%
	!	Local  blocks:          0 read,          0 written, buffer hit rate = 0.00%
	!	Direct blocks:          0 read,          0 written
	 1: count	(typeid = 20, len = 8, typmod = -1, byval = f)
	----
	 1: count = "729"	(typeid = 20, len = 8, typmod = -1, byval = f)
	----
backend> LOG:  shutting down
LOG:  database system is shut down
LOG:  database system was shut down at 2024-02-09 15:15:13 EST
LOG:  checkpoint record is at 0/BB9A18
LOG:  redo record is at 0/BB9A18; undo record is at 0/0; shutdown TRUE
LOG:  next transaction ID: 27560; next OID: 22147
LOG:  database system is ready

POSTGRES backend interactive interface 
$Revision: 1.375.2.5 $ $Date: 2005/12/14 17:07:00 $

backend> LOG:  QUERY STATISTICS
DETAIL:  ! system usage stats:
	!	0.036647 elapsed 0.004068 user 0.000000 system sec
	!	[0.008304 user 0.000000 sys total]
	!	0/0 [0/64] filesystem blocks in/out
	!	116/57 [163/437] page faults/reclaims, 0 [0] swaps
	!	0 [0] signals rcvd, 0/0 [0/0] messages rcvd/sent
	!	32/1 [79/6] voluntary/involuntary context switches
	! buffer usage stats:
	!	Shared blocks:        113 read,          0 written, buffer hit rate = 60.35%
	!	Local  blocks:          0 read,          0 written, buffer hit rate = 0.00%
	!	Direct blocks:          0 read,          0 written
	 1: count	(typeid = 20, len = 8, typmod = -1, byval = f)
	----
	 1: count = "579"	(typeid = 20, len = 8, typmod = -1, byval = f)
	----
backend> LOG:  shutting down
LOG:  database system is shut down
LOG:  database system was shut down at 2024-02-09 15:15:14 EST
LOG:  checkpoint record is at 0/BB9A60
LOG:  redo record is at 0/BB9A60; undo record is at 0/0; shutdown TRUE
LOG:  next transaction ID: 27562; next OID: 22147
LOG:  database system is ready

POSTGRES backend interactive interface 
$Revision: 1.375.2.5 $ $Date: 2005/12/14 17:07:00 $

backend> LOG:  QUERY STATISTICS
DETAIL:  ! system usage stats:
	!	0.036678 elapsed 0.004652 user 0.000210 system sec
	!	[0.004652 user 0.004652 sys total]
	!	0/0 [0/56] filesystem blocks in/out
	!	116/59 [163/436] page faults/reclaims, 0 [0] swaps
	!	0 [0] signals rcvd, 0/0 [0/0] messages rcvd/sent
	!	31/0 [78/0] voluntary/involuntary context switches
	! buffer usage stats:
	!	Shared blocks:        115 read,          0 written, buffer hit rate = 60.62%
	!	Local  blocks:          0 read,          0 written, buffer hit rate = 0.00%
	!	Direct blocks:          0 read,          0 written
	 1: count	(typeid = 20, len = 8, typmod = -1, byval = f)
	----
	 1: count = "2479"	(typeid = 20, len = 8, typmod = -1, byval = f)
	----
backend> LOG:  shutting down
LOG:  database system is shut down
LOG:  database system was shut down at 2024-02-09 15:15:14 EST
LOG:  checkpoint record is at 0/BB9AA8
LOG:  redo record is at 0/BB9AA8; undo record is at 0/0; shutdown TRUE
LOG:  next transaction ID: 27564; next OID: 22147
LOG:  database system is ready

POSTGRES backend interactive interface 
$Revision: 1.375.2.5 $ $Date: 2005/12/14 17:07:00 $

backend> LOG:  QUERY STATISTICS
DETAIL:  ! system usage stats:
	!	0.036354 elapsed 0.004906 user 0.000000 system sec
	!	[0.009252 user 0.000000 sys total]
	!	0/0 [0/56] filesystem blocks in/out
	!	116/57 [163/437] page faults/reclaims, 0 [0] swaps
	!	0 [0] signals rcvd, 0/0 [0/0] messages rcvd/sent
	!	31/2 [79/3] voluntary/involuntary context switches
	! buffer usage stats:
	!	Shared blocks:        115 read,          0 written, buffer hit rate = 59.79%
	!	Local  blocks:          0 read,          0 written, buffer hit rate = 0.00%
	!	Direct blocks:          0 read,          0 written
	 1: count	(typeid = 20, len = 8, typmod = -1, byval = f)
	----
	 1: count = "1473"	(typeid = 20, len = 8, typmod = -1, byval = f)
	----
backend> LOG:  shutting down
LOG:  database system is shut down
