LOG:  database system was shut down at 2024-02-09 14:48:17 EST
LOG:  checkpoint record is at 0/B9E958
LOG:  redo record is at 0/B9E958; undo record is at 0/0; shutdown TRUE
LOG:  next transaction ID: 23158; next OID: 22147
LOG:  database system is ready

POSTGRES backend interactive interface 
$Revision: 1.375.2.5 $ $Date: 2005/12/14 17:07:00 $

backend> LOG:  QUERY STATISTICS
DETAIL:  ! system usage stats:
	!	0.036219 elapsed 0.002239 user 0.000000 system sec
	!	[0.006633 user 0.000000 sys total]
	!	0/0 [0/56] filesystem blocks in/out
	!	139/59 [187/448] page faults/reclaims, 0 [0] swaps
	!	0 [0] signals rcvd, 0/0 [0/0] messages rcvd/sent
	!	35/0 [82/0] voluntary/involuntary context switches
	! buffer usage stats:
	!	Shared blocks:         84 read,          0 written, buffer hit rate = 71.91%
	!	Local  blocks:          0 read,          0 written, buffer hit rate = 0.00%
	!	Direct blocks:          0 read,          0 written
	 1: count	(typeid = 20, len = 8, typmod = -1, byval = f)
	----
	 1: count = "41"	(typeid = 20, len = 8, typmod = -1, byval = f)
	----
backend> LOG:  shutting down
LOG:  database system is shut down
LOG:  database system was shut down at 2024-02-09 14:48:17 EST
LOG:  checkpoint record is at 0/B9E9A0
LOG:  redo record is at 0/B9E9A0; undo record is at 0/0; shutdown TRUE
LOG:  next transaction ID: 23160; next OID: 22147
LOG:  database system is ready

POSTGRES backend interactive interface 
$Revision: 1.375.2.5 $ $Date: 2005/12/14 17:07:00 $

backend> LOG:  QUERY STATISTICS
DETAIL:  ! system usage stats:
	!	0.107829 elapsed 0.005467 user 0.000000 system sec
	!	[0.009907 user 0.000000 sys total]
	!	0/0 [0/56] filesystem blocks in/out
	!	139/54 [187/443] page faults/reclaims, 0 [0] swaps
	!	0 [0] signals rcvd, 0/0 [0/0] messages rcvd/sent
	!	29/0 [76/2] voluntary/involuntary context switches
	! buffer usage stats:
	!	Shared blocks:        112 read,          0 written, buffer hit rate = 56.59%
	!	Local  blocks:          0 read,          0 written, buffer hit rate = 0.00%
	!	Direct blocks:          0 read,          0 written
	 1: count	(typeid = 20, len = 8, typmod = -1, byval = f)
	----
	 1: count = "50"	(typeid = 20, len = 8, typmod = -1, byval = f)
	----
backend> LOG:  shutting down
LOG:  database system is shut down
LOG:  database system was shut down at 2024-02-09 14:48:18 EST
LOG:  checkpoint record is at 0/B9E9E8
LOG:  redo record is at 0/B9E9E8; undo record is at 0/0; shutdown TRUE
LOG:  next transaction ID: 23162; next OID: 22147
LOG:  database system is ready

POSTGRES backend interactive interface 
$Revision: 1.375.2.5 $ $Date: 2005/12/14 17:07:00 $

backend> LOG:  QUERY STATISTICS
DETAIL:  ! system usage stats:
	!	0.040083 elapsed 0.000000 user 0.002151 system sec
	!	[0.004386 user 0.002151 sys total]
	!	0/0 [0/56] filesystem blocks in/out
	!	139/61 [187/445] page faults/reclaims, 0 [0] swaps
	!	0 [0] signals rcvd, 0/0 [0/0] messages rcvd/sent
	!	35/0 [82/1] voluntary/involuntary context switches
	! buffer usage stats:
	!	Shared blocks:         87 read,          0 written, buffer hit rate = 75.70%
	!	Local  blocks:          0 read,          0 written, buffer hit rate = 0.00%
	!	Direct blocks:          0 read,          0 written
	 1: count	(typeid = 20, len = 8, typmod = -1, byval = f)
	----
	 1: count = "99"	(typeid = 20, len = 8, typmod = -1, byval = f)
	----
backend> LOG:  shutting down
LOG:  database system is shut down
LOG:  database system was shut down at 2024-02-09 14:48:18 EST
LOG:  checkpoint record is at 0/B9EA30
LOG:  redo record is at 0/B9EA30; undo record is at 0/0; shutdown TRUE
LOG:  next transaction ID: 23164; next OID: 22147
LOG:  database system is ready

POSTGRES backend interactive interface 
$Revision: 1.375.2.5 $ $Date: 2005/12/14 17:07:00 $

backend> LOG:  QUERY STATISTICS
DETAIL:  ! system usage stats:
	!	0.105491 elapsed 0.001927 user 0.000963 system sec
	!	[0.004885 user 0.002442 sys total]
	!	0/0 [0/56] filesystem blocks in/out
	!	139/61 [187/446] page faults/reclaims, 0 [0] swaps
	!	0 [0] signals rcvd, 0/0 [0/0] messages rcvd/sent
	!	35/0 [84/0] voluntary/involuntary context switches
	! buffer usage stats:
	!	Shared blocks:         93 read,          0 written, buffer hit rate = 92.62%
	!	Local  blocks:          0 read,          0 written, buffer hit rate = 0.00%
	!	Direct blocks:          0 read,          0 written
	 1: count	(typeid = 20, len = 8, typmod = -1, byval = f)
	----
	 1: count = "1000"	(typeid = 20, len = 8, typmod = -1, byval = f)
	----
backend> LOG:  shutting down
LOG:  database system is shut down
LOG:  database system was shut down at 2024-02-09 14:48:18 EST
LOG:  checkpoint record is at 0/B9EA78
LOG:  redo record is at 0/B9EA78; undo record is at 0/0; shutdown TRUE
LOG:  next transaction ID: 23166; next OID: 22147
LOG:  database system is ready

POSTGRES backend interactive interface 
$Revision: 1.375.2.5 $ $Date: 2005/12/14 17:07:00 $

backend> LOG:  QUERY STATISTICS
DETAIL:  ! system usage stats:
	!	0.037343 elapsed 0.002527 user 0.002527 system sec
	!	[0.004956 user 0.004956 sys total]
	!	0/0 [0/56] filesystem blocks in/out
	!	139/52 [187/441] page faults/reclaims, 0 [0] swaps
	!	0 [0] signals rcvd, 0/0 [0/0] messages rcvd/sent
	!	29/0 [76/0] voluntary/involuntary context switches
	! buffer usage stats:
	!	Shared blocks:        112 read,          0 written, buffer hit rate = 56.59%
	!	Local  blocks:          0 read,          0 written, buffer hit rate = 0.00%
	!	Direct blocks:          0 read,          0 written
	 1: count	(typeid = 20, len = 8, typmod = -1, byval = f)
	----
	 1: count = "2500"	(typeid = 20, len = 8, typmod = -1, byval = f)
	----
backend> LOG:  shutting down
LOG:  database system is shut down
LOG:  database system was shut down at 2024-02-09 14:48:18 EST
LOG:  checkpoint record is at 0/B9EAC0
LOG:  redo record is at 0/B9EAC0; undo record is at 0/0; shutdown TRUE
LOG:  next transaction ID: 23168; next OID: 22147
LOG:  database system is ready

POSTGRES backend interactive interface 
$Revision: 1.375.2.5 $ $Date: 2005/12/14 17:07:00 $

backend> LOG:  QUERY STATISTICS
DETAIL:  ! system usage stats:
	!	0.037285 elapsed 0.000365 user 0.004705 system sec
	!	[0.004705 user 0.004705 sys total]
	!	0/0 [0/56] filesystem blocks in/out
	!	139/58 [187/447] page faults/reclaims, 0 [0] swaps
	!	0 [0] signals rcvd, 0/0 [0/0] messages rcvd/sent
	!	33/2 [80/4] voluntary/involuntary context switches
	! buffer usage stats:
	!	Shared blocks:        114 read,          0 written, buffer hit rate = 60.42%
	!	Local  blocks:          0 read,          0 written, buffer hit rate = 0.00%
	!	Direct blocks:          0 read,          0 written
	 1: count	(typeid = 20, len = 8, typmod = -1, byval = f)
	----
	 1: count = "999"	(typeid = 20, len = 8, typmod = -1, byval = f)
	----
backend> LOG:  shutting down
LOG:  database system is shut down
LOG:  database system was shut down at 2024-02-09 14:48:18 EST
LOG:  checkpoint record is at 0/B9EB08
LOG:  redo record is at 0/B9EB08; undo record is at 0/0; shutdown TRUE
LOG:  next transaction ID: 23170; next OID: 22147
LOG:  database system is ready

POSTGRES backend interactive interface 
$Revision: 1.375.2.5 $ $Date: 2005/12/14 17:07:00 $

backend> LOG:  QUERY STATISTICS
DETAIL:  ! system usage stats:
	!	0.063618 elapsed 0.002569 user 0.000000 system sec
	!	[0.002569 user 0.004614 sys total]
	!	0/0 [0/56] filesystem blocks in/out
	!	139/59 [187/447] page faults/reclaims, 0 [0] swaps
	!	0 [0] signals rcvd, 0/0 [0/0] messages rcvd/sent
	!	35/0 [84/1] voluntary/involuntary context switches
	! buffer usage stats:
	!	Shared blocks:         87 read,          0 written, buffer hit rate = 84.46%
	!	Local  blocks:          0 read,          0 written, buffer hit rate = 0.00%
	!	Direct blocks:          0 read,          0 written
	 1: count	(typeid = 20, len = 8, typmod = -1, byval = f)
	----
	 1: count = "301"	(typeid = 20, len = 8, typmod = -1, byval = f)
	----
backend> LOG:  shutting down
LOG:  database system is shut down
LOG:  database system was shut down at 2024-02-09 14:48:19 EST
LOG:  checkpoint record is at 0/B9EB50
LOG:  redo record is at 0/B9EB50; undo record is at 0/0; shutdown TRUE
LOG:  next transaction ID: 23172; next OID: 22147
LOG:  database system is ready

POSTGRES backend interactive interface 
$Revision: 1.375.2.5 $ $Date: 2005/12/14 17:07:00 $

backend> LOG:  QUERY STATISTICS
DETAIL:  ! system usage stats:
	!	0.035626 elapsed 0.002054 user 0.000000 system sec
	!	[0.006627 user 0.000000 sys total]
	!	0/0 [0/64] filesystem blocks in/out
	!	139/61 [187/446] page faults/reclaims, 0 [0] swaps
	!	0 [0] signals rcvd, 0/0 [0/0] messages rcvd/sent
	!	35/2 [82/2] voluntary/involuntary context switches
	! buffer usage stats:
	!	Shared blocks:         85 read,          0 written, buffer hit rate = 76.32%
	!	Local  blocks:          0 read,          0 written, buffer hit rate = 0.00%
	!	Direct blocks:          0 read,          0 written
	 1: count	(typeid = 20, len = 8, typmod = -1, byval = f)
	----
	 1: count = "101"	(typeid = 20, len = 8, typmod = -1, byval = f)
	----
backend> LOG:  shutting down
LOG:  database system is shut down
LOG:  database system was shut down at 2024-02-09 14:48:19 EST
LOG:  checkpoint record is at 0/B9EB98
LOG:  redo record is at 0/B9EB98; undo record is at 0/0; shutdown TRUE
LOG:  next transaction ID: 23174; next OID: 22147
LOG:  database system is ready

POSTGRES backend interactive interface 
$Revision: 1.375.2.5 $ $Date: 2005/12/14 17:07:00 $

backend> LOG:  QUERY STATISTICS
DETAIL:  ! system usage stats:
	!	0.101192 elapsed 0.001207 user 0.001207 system sec
	!	[0.003336 user 0.003336 sys total]
	!	0/0 [0/56] filesystem blocks in/out
	!	139/59 [187/445] page faults/reclaims, 0 [0] swaps
	!	0 [0] signals rcvd, 0/0 [0/0] messages rcvd/sent
	!	35/2 [82/5] voluntary/involuntary context switches
	! buffer usage stats:
	!	Shared blocks:         85 read,          0 written, buffer hit rate = 76.32%
	!	Local  blocks:          0 read,          0 written, buffer hit rate = 0.00%
	!	Direct blocks:          0 read,          0 written
	 1: count	(typeid = 20, len = 8, typmod = -1, byval = f)
	----
	 1: count = "101"	(typeid = 20, len = 8, typmod = -1, byval = f)
	----
backend> LOG:  shutting down
LOG:  database system is shut down
LOG:  database system was shut down at 2024-02-09 14:48:19 EST
LOG:  checkpoint record is at 0/B9EBE0
LOG:  redo record is at 0/B9EBE0; undo record is at 0/0; shutdown TRUE
LOG:  next transaction ID: 23176; next OID: 22147
LOG:  database system is ready

POSTGRES backend interactive interface 
$Revision: 1.375.2.5 $ $Date: 2005/12/14 17:07:00 $

backend> LOG:  QUERY STATISTICS
DETAIL:  ! system usage stats:
	!	0.035433 elapsed 0.002263 user 0.000000 system sec
	!	[0.007073 user 0.000000 sys total]
	!	0/0 [0/56] filesystem blocks in/out
	!	139/62 [187/446] page faults/reclaims, 0 [0] swaps
	!	0 [0] signals rcvd, 0/0 [0/0] messages rcvd/sent
	!	35/0 [83/0] voluntary/involuntary context switches
	! buffer usage stats:
	!	Shared blocks:         85 read,          0 written, buffer hit rate = 70.69%
	!	Local  blocks:          0 read,          0 written, buffer hit rate = 0.00%
	!	Direct blocks:          0 read,          0 written
	 1: count	(typeid = 20, len = 8, typmod = -1, byval = f)
	----
	 1: count = "31"	(typeid = 20, len = 8, typmod = -1, byval = f)
	----
backend> LOG:  shutting down
LOG:  database system is shut down
