LOG:  database system was shut down at 2024-02-09 13:05:43 EST
LOG:  checkpoint record is at 0/B63528
LOG:  redo record is at 0/B63528; undo record is at 0/0; shutdown TRUE
LOG:  next transaction ID: 15442; next OID: 22147
LOG:  database system is ready

POSTGRES backend interactive interface 
$Revision: 1.375.2.5 $ $Date: 2005/12/14 17:07:00 $

backend> LOG:  QUERY STATISTICS
DETAIL:  ! system usage stats:
	!	0.039019 elapsed 0.002853 user 0.001203 system sec
	!	[0.002853 user 0.005707 sys total]
	!	0/0 [0/56] filesystem blocks in/out
	!	139/52 [187/434] page faults/reclaims, 0 [0] swaps
	!	0 [0] signals rcvd, 0/0 [0/0] messages rcvd/sent
	!	31/3 [76/3] voluntary/involuntary context switches
	! buffer usage stats:
	!	Shared blocks:        109 read,          0 written, buffer hit rate = 53.81%
	!	Local  blocks:          0 read,          0 written, buffer hit rate = 0.00%
	!	Direct blocks:          0 read,          0 written
	 1: count	(typeid = 20, len = 8, typmod = -1, byval = f)
	----
	 1: count = "2175"	(typeid = 20, len = 8, typmod = -1, byval = f)
	----
backend> LOG:  shutting down
LOG:  database system is shut down
LOG:  database system was shut down at 2024-02-09 13:05:44 EST
LOG:  checkpoint record is at 0/B63570
LOG:  redo record is at 0/B63570; undo record is at 0/0; shutdown TRUE
LOG:  next transaction ID: 15444; next OID: 22147
LOG:  database system is ready

POSTGRES backend interactive interface 
$Revision: 1.375.2.5 $ $Date: 2005/12/14 17:07:00 $

backend> LOG:  QUERY STATISTICS
DETAIL:  ! system usage stats:
	!	0.034262 elapsed 0.004946 user 0.000000 system sec
	!	[0.009490 user 0.000000 sys total]
	!	0/0 [0/56] filesystem blocks in/out
	!	139/52 [187/437] page faults/reclaims, 0 [0] swaps
	!	0 [0] signals rcvd, 0/0 [0/0] messages rcvd/sent
	!	29/0 [74/0] voluntary/involuntary context switches
	! buffer usage stats:
	!	Shared blocks:        112 read,          0 written, buffer hit rate = 57.25%
	!	Local  blocks:          0 read,          0 written, buffer hit rate = 0.00%
	!	Direct blocks:          0 read,          0 written
	 1: count	(typeid = 20, len = 8, typmod = -1, byval = f)
	----
	 1: count = "1051"	(typeid = 20, len = 8, typmod = -1, byval = f)
	----
backend> LOG:  shutting down
LOG:  database system is shut down
LOG:  database system was shut down at 2024-02-09 13:05:45 EST
LOG:  checkpoint record is at 0/B635B8
LOG:  redo record is at 0/B635B8; undo record is at 0/0; shutdown TRUE
LOG:  next transaction ID: 15446; next OID: 22147
LOG:  database system is ready

POSTGRES backend interactive interface 
$Revision: 1.375.2.5 $ $Date: 2005/12/14 17:07:00 $

backend> LOG:  QUERY STATISTICS
DETAIL:  ! system usage stats:
	!	0.034990 elapsed 0.003904 user 0.000865 system sec
	!	[0.006077 user 0.003038 sys total]
	!	0/0 [0/56] filesystem blocks in/out
	!	139/60 [187/441] page faults/reclaims, 0 [0] swaps
	!	0 [0] signals rcvd, 0/0 [0/0] messages rcvd/sent
	!	31/4 [76/8] voluntary/involuntary context switches
	! buffer usage stats:
	!	Shared blocks:        110 read,          0 written, buffer hit rate = 61.40%
	!	Local  blocks:          0 read,          0 written, buffer hit rate = 0.00%
	!	Direct blocks:          0 read,          0 written
	 1: count	(typeid = 20, len = 8, typmod = -1, byval = f)
	----
	 1: count = "541"	(typeid = 20, len = 8, typmod = -1, byval = f)
	----
backend> LOG:  shutting down
LOG:  database system is shut down
LOG:  database system was shut down at 2024-02-09 13:05:46 EST
LOG:  checkpoint record is at 0/B63600
LOG:  redo record is at 0/B63600; undo record is at 0/0; shutdown TRUE
LOG:  next transaction ID: 15448; next OID: 22147
LOG:  database system is ready

POSTGRES backend interactive interface 
$Revision: 1.375.2.5 $ $Date: 2005/12/14 17:07:00 $

backend> LOG:  QUERY STATISTICS
DETAIL:  ! system usage stats:
	!	0.035223 elapsed 0.005660 user 0.000000 system sec
	!	[0.010117 user 0.000000 sys total]
	!	0/0 [0/56] filesystem blocks in/out
	!	139/58 [187/441] page faults/reclaims, 0 [0] swaps
	!	0 [0] signals rcvd, 0/0 [0/0] messages rcvd/sent
	!	31/4 [76/7] voluntary/involuntary context switches
	! buffer usage stats:
	!	Shared blocks:        112 read,          0 written, buffer hit rate = 62.42%
	!	Local  blocks:          0 read,          0 written, buffer hit rate = 0.00%
	!	Direct blocks:          0 read,          0 written
	 1: count	(typeid = 20, len = 8, typmod = -1, byval = f)
	----
	 1: count = "1326"	(typeid = 20, len = 8, typmod = -1, byval = f)
	----
backend> LOG:  shutting down
LOG:  database system is shut down
LOG:  database system was shut down at 2024-02-09 13:05:47 EST
LOG:  checkpoint record is at 0/B63648
LOG:  redo record is at 0/B63648; undo record is at 0/0; shutdown TRUE
LOG:  next transaction ID: 15450; next OID: 22147
LOG:  database system is ready

POSTGRES backend interactive interface 
$Revision: 1.375.2.5 $ $Date: 2005/12/14 17:07:00 $

backend> LOG:  QUERY STATISTICS
DETAIL:  ! system usage stats:
	!	0.042462 elapsed 0.005936 user 0.000000 system sec
	!	[0.010619 user 0.000000 sys total]
	!	0/0 [0/56] filesystem blocks in/out
	!	139/54 [187/436] page faults/reclaims, 0 [0] swaps
	!	0 [0] signals rcvd, 0/0 [0/0] messages rcvd/sent
	!	29/0 [77/2] voluntary/involuntary context switches
	! buffer usage stats:
	!	Shared blocks:        112 read,          0 written, buffer hit rate = 57.89%
	!	Local  blocks:          0 read,          0 written, buffer hit rate = 0.00%
	!	Direct blocks:          0 read,          0 written
	 1: count	(typeid = 20, len = 8, typmod = -1, byval = f)
	----
	 1: count = "340"	(typeid = 20, len = 8, typmod = -1, byval = f)
	----
backend> LOG:  shutting down
LOG:  database system is shut down
LOG:  database system was shut down at 2024-02-09 13:05:48 EST
LOG:  checkpoint record is at 0/B63690
LOG:  redo record is at 0/B63690; undo record is at 0/0; shutdown TRUE
LOG:  next transaction ID: 15452; next OID: 22147
LOG:  database system is ready

POSTGRES backend interactive interface 
$Revision: 1.375.2.5 $ $Date: 2005/12/14 17:07:00 $

backend> LOG:  QUERY STATISTICS
DETAIL:  ! system usage stats:
	!	0.043601 elapsed 0.004215 user 0.000895 system sec
	!	[0.007273 user 0.002424 sys total]
	!	0/0 [0/56] filesystem blocks in/out
	!	139/57 [187/439] page faults/reclaims, 0 [0] swaps
	!	0 [0] signals rcvd, 0/0 [0/0] messages rcvd/sent
	!	31/2 [76/2] voluntary/involuntary context switches
	! buffer usage stats:
	!	Shared blocks:        112 read,          0 written, buffer hit rate = 61.64%
	!	Local  blocks:          0 read,          0 written, buffer hit rate = 0.00%
	!	Direct blocks:          0 read,          0 written
	 1: count	(typeid = 20, len = 8, typmod = -1, byval = f)
	----
	 1: count = "1794"	(typeid = 20, len = 8, typmod = -1, byval = f)
	----
backend> LOG:  shutting down
LOG:  database system is shut down
LOG:  database system was shut down at 2024-02-09 13:05:50 EST
LOG:  checkpoint record is at 0/B636D8
LOG:  redo record is at 0/B636D8; undo record is at 0/0; shutdown TRUE
LOG:  next transaction ID: 15454; next OID: 22147
LOG:  database system is ready

POSTGRES backend interactive interface 
$Revision: 1.375.2.5 $ $Date: 2005/12/14 17:07:00 $

backend> LOG:  QUERY STATISTICS
DETAIL:  ! system usage stats:
	!	0.034348 elapsed 0.000000 user 0.004205 system sec
	!	[0.004603 user 0.004205 sys total]
	!	0/0 [0/56] filesystem blocks in/out
	!	139/52 [187/433] page faults/reclaims, 0 [0] swaps
	!	0 [0] signals rcvd, 0/0 [0/0] messages rcvd/sent
	!	31/0 [76/3] voluntary/involuntary context switches
	! buffer usage stats:
	!	Shared blocks:        109 read,          0 written, buffer hit rate = 53.81%
	!	Local  blocks:          0 read,          0 written, buffer hit rate = 0.00%
	!	Direct blocks:          0 read,          0 written
	 1: count	(typeid = 20, len = 8, typmod = -1, byval = f)
	----
	 1: count = "729"	(typeid = 20, len = 8, typmod = -1, byval = f)
	----
backend> LOG:  shutting down
LOG:  database system is shut down
LOG:  database system was shut down at 2024-02-09 13:05:51 EST
LOG:  checkpoint record is at 0/B63720
LOG:  redo record is at 0/B63720; undo record is at 0/0; shutdown TRUE
LOG:  next transaction ID: 15456; next OID: 22147
LOG:  database system is ready

POSTGRES backend interactive interface 
$Revision: 1.375.2.5 $ $Date: 2005/12/14 17:07:00 $

backend> LOG:  QUERY STATISTICS
DETAIL:  ! system usage stats:
	!	0.036524 elapsed 0.000487 user 0.004976 system sec
	!	[0.004976 user 0.004976 sys total]
	!	0/0 [0/64] filesystem blocks in/out
	!	139/58 [187/441] page faults/reclaims, 0 [0] swaps
	!	0 [0] signals rcvd, 0/0 [0/0] messages rcvd/sent
	!	31/1 [76/2] voluntary/involuntary context switches
	! buffer usage stats:
	!	Shared blocks:        110 read,          0 written, buffer hit rate = 61.40%
	!	Local  blocks:          0 read,          0 written, buffer hit rate = 0.00%
	!	Direct blocks:          0 read,          0 written
	 1: count	(typeid = 20, len = 8, typmod = -1, byval = f)
	----
	 1: count = "579"	(typeid = 20, len = 8, typmod = -1, byval = f)
	----
backend> LOG:  shutting down
LOG:  database system is shut down
LOG:  database system was shut down at 2024-02-09 13:05:52 EST
LOG:  checkpoint record is at 0/B63768
LOG:  redo record is at 0/B63768; undo record is at 0/0; shutdown TRUE
LOG:  next transaction ID: 15458; next OID: 22147
LOG:  database system is ready

POSTGRES backend interactive interface 
$Revision: 1.375.2.5 $ $Date: 2005/12/14 17:07:00 $

backend> LOG:  QUERY STATISTICS
DETAIL:  ! system usage stats:
	!	0.034332 elapsed 0.001820 user 0.003138 system sec
	!	[0.006276 user 0.003138 sys total]
	!	0/0 [0/56] filesystem blocks in/out
	!	139/57 [187/439] page faults/reclaims, 0 [0] swaps
	!	0 [0] signals rcvd, 0/0 [0/0] messages rcvd/sent
	!	31/3 [77/6] voluntary/involuntary context switches
	! buffer usage stats:
	!	Shared blocks:        112 read,          0 written, buffer hit rate = 61.64%
	!	Local  blocks:          0 read,          0 written, buffer hit rate = 0.00%
	!	Direct blocks:          0 read,          0 written
	 1: count	(typeid = 20, len = 8, typmod = -1, byval = f)
	----
	 1: count = "2479"	(typeid = 20, len = 8, typmod = -1, byval = f)
	----
backend> LOG:  shutting down
LOG:  database system is shut down
LOG:  database system was shut down at 2024-02-09 13:05:53 EST
LOG:  checkpoint record is at 0/B637B0
LOG:  redo record is at 0/B637B0; undo record is at 0/0; shutdown TRUE
LOG:  next transaction ID: 15460; next OID: 22147
LOG:  database system is ready

POSTGRES backend interactive interface 
$Revision: 1.375.2.5 $ $Date: 2005/12/14 17:07:00 $

backend> LOG:  QUERY STATISTICS
DETAIL:  ! system usage stats:
	!	0.035732 elapsed 0.000185 user 0.004710 system sec
	!	[0.004710 user 0.004710 sys total]
	!	0/0 [0/56] filesystem blocks in/out
	!	139/59 [187/440] page faults/reclaims, 0 [0] swaps
	!	0 [0] signals rcvd, 0/0 [0/0] messages rcvd/sent
	!	31/5 [76/8] voluntary/involuntary context switches
	! buffer usage stats:
	!	Shared blocks:        112 read,          0 written, buffer hit rate = 60.84%
	!	Local  blocks:          0 read,          0 written, buffer hit rate = 0.00%
	!	Direct blocks:          0 read,          0 written
	 1: count	(typeid = 20, len = 8, typmod = -1, byval = f)
	----
	 1: count = "1473"	(typeid = 20, len = 8, typmod = -1, byval = f)
	----
backend> LOG:  shutting down
LOG:  database system is shut down
