LOG:  database system was shut down at 2024-02-09 14:10:43 EST
LOG:  checkpoint record is at 0/B807D0
LOG:  redo record is at 0/B807D0; undo record is at 0/0; shutdown TRUE
LOG:  next transaction ID: 19130; next OID: 22147
LOG:  database system is ready

POSTGRES backend interactive interface 
$Revision: 1.375.2.5 $ $Date: 2005/12/14 17:07:00 $

backend> LOG:  QUERY STATISTICS
DETAIL:  ! system usage stats:
	!	0.047832 elapsed 0.002181 user 0.000000 system sec
	!	[0.006579 user 0.000000 sys total]
	!	0/0 [0/56] filesystem blocks in/out
	!	92/60 [140/446] page faults/reclaims, 0 [0] swaps
	!	0 [0] signals rcvd, 0/0 [0/0] messages rcvd/sent
	!	35/0 [82/2] voluntary/involuntary context switches
	! buffer usage stats:
	!	Shared blocks:        116 read,          0 written, buffer hit rate = 61.20%
	!	Local  blocks:          0 read,          0 written, buffer hit rate = 0.00%
	!	Direct blocks:          0 read,          0 written
	 1: count	(typeid = 20, len = 8, typmod = -1, byval = f)
	----
	 1: count = "41"	(typeid = 20, len = 8, typmod = -1, byval = f)
	----
backend> LOG:  shutting down
LOG:  database system is shut down
LOG:  database system was shut down at 2024-02-09 14:10:43 EST
LOG:  checkpoint record is at 0/B80818
LOG:  redo record is at 0/B80818; undo record is at 0/0; shutdown TRUE
LOG:  next transaction ID: 19132; next OID: 22147
LOG:  database system is ready

POSTGRES backend interactive interface 
$Revision: 1.375.2.5 $ $Date: 2005/12/14 17:07:00 $

backend> LOG:  QUERY STATISTICS
DETAIL:  ! system usage stats:
	!	0.034660 elapsed 0.004023 user 0.000921 system sec
	!	[0.006203 user 0.003101 sys total]
	!	0/0 [0/56] filesystem blocks in/out
	!	94/52 [142/441] page faults/reclaims, 0 [0] swaps
	!	0 [0] signals rcvd, 0/0 [0/0] messages rcvd/sent
	!	29/1 [76/1] voluntary/involuntary context switches
	! buffer usage stats:
	!	Shared blocks:        148 read,          0 written, buffer hit rate = 42.64%
	!	Local  blocks:          0 read,          0 written, buffer hit rate = 0.00%
	!	Direct blocks:          0 read,          0 written
	 1: count	(typeid = 20, len = 8, typmod = -1, byval = f)
	----
	 1: count = "50"	(typeid = 20, len = 8, typmod = -1, byval = f)
	----
backend> LOG:  shutting down
LOG:  database system is shut down
LOG:  database system was shut down at 2024-02-09 14:10:43 EST
LOG:  checkpoint record is at 0/B80860
LOG:  redo record is at 0/B80860; undo record is at 0/0; shutdown TRUE
LOG:  next transaction ID: 19134; next OID: 22147
LOG:  database system is ready

POSTGRES backend interactive interface 
$Revision: 1.375.2.5 $ $Date: 2005/12/14 17:07:00 $

backend> LOG:  QUERY STATISTICS
DETAIL:  ! system usage stats:
	!	0.044061 elapsed 0.002187 user 0.000000 system sec
	!	[0.006485 user 0.000000 sys total]
	!	0/0 [0/56] filesystem blocks in/out
	!	92/60 [140/445] page faults/reclaims, 0 [0] swaps
	!	0 [0] signals rcvd, 0/0 [0/0] messages rcvd/sent
	!	35/0 [82/0] voluntary/involuntary context switches
	! buffer usage stats:
	!	Shared blocks:        120 read,          0 written, buffer hit rate = 66.48%
	!	Local  blocks:          0 read,          0 written, buffer hit rate = 0.00%
	!	Direct blocks:          0 read,          0 written
	 1: count	(typeid = 20, len = 8, typmod = -1, byval = f)
	----
	 1: count = "99"	(typeid = 20, len = 8, typmod = -1, byval = f)
	----
backend> LOG:  shutting down
LOG:  database system is shut down
LOG:  database system was shut down at 2024-02-09 14:10:43 EST
LOG:  checkpoint record is at 0/B808A8
LOG:  redo record is at 0/B808A8; undo record is at 0/0; shutdown TRUE
LOG:  next transaction ID: 19136; next OID: 22147
LOG:  database system is ready

POSTGRES backend interactive interface 
$Revision: 1.375.2.5 $ $Date: 2005/12/14 17:07:00 $

backend> LOG:  QUERY STATISTICS
DETAIL:  ! system usage stats:
	!	0.039156 elapsed 0.002386 user 0.000000 system sec
	!	[0.006716 user 0.000000 sys total]
	!	0/0 [0/56] filesystem blocks in/out
	!	92/58 [140/444] page faults/reclaims, 0 [0] swaps
	!	0 [0] signals rcvd, 0/0 [0/0] messages rcvd/sent
	!	35/2 [82/3] voluntary/involuntary context switches
	! buffer usage stats:
	!	Shared blocks:        125 read,          0 written, buffer hit rate = 90.09%
	!	Local  blocks:          0 read,          0 written, buffer hit rate = 0.00%
	!	Direct blocks:          0 read,          0 written
	 1: count	(typeid = 20, len = 8, typmod = -1, byval = f)
	----
	 1: count = "1000"	(typeid = 20, len = 8, typmod = -1, byval = f)
	----
backend> LOG:  shutting down
LOG:  database system is shut down
LOG:  database system was shut down at 2024-02-09 14:10:43 EST
LOG:  checkpoint record is at 0/B808F0
LOG:  redo record is at 0/B808F0; undo record is at 0/0; shutdown TRUE
LOG:  next transaction ID: 19138; next OID: 22147
LOG:  database system is ready

POSTGRES backend interactive interface 
$Revision: 1.375.2.5 $ $Date: 2005/12/14 17:07:00 $

backend> LOG:  QUERY STATISTICS
DETAIL:  ! system usage stats:
	!	0.051077 elapsed 0.004999 user 0.000434 system sec
	!	[0.004999 user 0.004999 sys total]
	!	0/0 [0/56] filesystem blocks in/out
	!	94/51 [142/436] page faults/reclaims, 0 [0] swaps
	!	0 [0] signals rcvd, 0/0 [0/0] messages rcvd/sent
	!	30/2 [76/4] voluntary/involuntary context switches
	! buffer usage stats:
	!	Shared blocks:        148 read,          0 written, buffer hit rate = 42.64%
	!	Local  blocks:          0 read,          0 written, buffer hit rate = 0.00%
	!	Direct blocks:          0 read,          0 written
	 1: count	(typeid = 20, len = 8, typmod = -1, byval = f)
	----
	 1: count = "2500"	(typeid = 20, len = 8, typmod = -1, byval = f)
	----
backend> LOG:  shutting down
LOG:  database system is shut down
LOG:  database system was shut down at 2024-02-09 14:10:43 EST
LOG:  checkpoint record is at 0/B80938
LOG:  redo record is at 0/B80938; undo record is at 0/0; shutdown TRUE
LOG:  next transaction ID: 19140; next OID: 22147
LOG:  database system is ready

POSTGRES backend interactive interface 
$Revision: 1.375.2.5 $ $Date: 2005/12/14 17:07:00 $

backend> LOG:  QUERY STATISTICS
DETAIL:  ! system usage stats:
	!	0.039224 elapsed 0.000386 user 0.004704 system sec
	!	[0.004704 user 0.004704 sys total]
	!	0/0 [8/56] filesystem blocks in/out
	!	92/56 [140/444] page faults/reclaims, 0 [0] swaps
	!	0 [0] signals rcvd, 0/0 [0/0] messages rcvd/sent
	!	33/1 [84/3] voluntary/involuntary context switches
	! buffer usage stats:
	!	Shared blocks:        147 read,          0 written, buffer hit rate = 48.96%
	!	Local  blocks:          0 read,          0 written, buffer hit rate = 0.00%
	!	Direct blocks:          0 read,          0 written
	 1: count	(typeid = 20, len = 8, typmod = -1, byval = f)
	----
	 1: count = "999"	(typeid = 20, len = 8, typmod = -1, byval = f)
	----
backend> LOG:  shutting down
LOG:  database system is shut down
LOG:  database system was shut down at 2024-02-09 14:10:44 EST
LOG:  checkpoint record is at 0/B80980
LOG:  redo record is at 0/B80980; undo record is at 0/0; shutdown TRUE
LOG:  next transaction ID: 19142; next OID: 22147
LOG:  database system is ready

POSTGRES backend interactive interface 
$Revision: 1.375.2.5 $ $Date: 2005/12/14 17:07:00 $

backend> LOG:  QUERY STATISTICS
DETAIL:  ! system usage stats:
	!	0.037631 elapsed 0.000000 user 0.001948 system sec
	!	[0.004237 user 0.001948 sys total]
	!	0/0 [0/56] filesystem blocks in/out
	!	92/60 [140/444] page faults/reclaims, 0 [0] swaps
	!	0 [0] signals rcvd, 0/0 [0/0] messages rcvd/sent
	!	35/3 [82/4] voluntary/involuntary context switches
	! buffer usage stats:
	!	Shared blocks:        119 read,          0 written, buffer hit rate = 78.75%
	!	Local  blocks:          0 read,          0 written, buffer hit rate = 0.00%
	!	Direct blocks:          0 read,          0 written
	 1: count	(typeid = 20, len = 8, typmod = -1, byval = f)
	----
	 1: count = "301"	(typeid = 20, len = 8, typmod = -1, byval = f)
	----
backend> LOG:  shutting down
LOG:  database system is shut down
LOG:  database system was shut down at 2024-02-09 14:10:44 EST
LOG:  checkpoint record is at 0/B809C8
LOG:  redo record is at 0/B809C8; undo record is at 0/0; shutdown TRUE
LOG:  next transaction ID: 19144; next OID: 22147
LOG:  database system is ready

POSTGRES backend interactive interface 
$Revision: 1.375.2.5 $ $Date: 2005/12/14 17:07:00 $

backend> LOG:  QUERY STATISTICS
DETAIL:  ! system usage stats:
	!	0.039045 elapsed 0.002010 user 0.000000 system sec
	!	[0.006178 user 0.000000 sys total]
	!	0/0 [8/64] filesystem blocks in/out
	!	92/58 [140/443] page faults/reclaims, 0 [0] swaps
	!	0 [0] signals rcvd, 0/0 [0/0] messages rcvd/sent
	!	35/0 [82/3] voluntary/involuntary context switches
	! buffer usage stats:
	!	Shared blocks:        117 read,          0 written, buffer hit rate = 67.41%
	!	Local  blocks:          0 read,          0 written, buffer hit rate = 0.00%
	!	Direct blocks:          0 read,          0 written
	 1: count	(typeid = 20, len = 8, typmod = -1, byval = f)
	----
	 1: count = "101"	(typeid = 20, len = 8, typmod = -1, byval = f)
	----
backend> LOG:  shutting down
LOG:  database system is shut down
LOG:  database system was shut down at 2024-02-09 14:10:44 EST
LOG:  checkpoint record is at 0/B80A10
LOG:  redo record is at 0/B80A10; undo record is at 0/0; shutdown TRUE
LOG:  next transaction ID: 19146; next OID: 22147
LOG:  database system is ready

POSTGRES backend interactive interface 
$Revision: 1.375.2.5 $ $Date: 2005/12/14 17:07:00 $

backend> LOG:  QUERY STATISTICS
DETAIL:  ! system usage stats:
	!	0.041204 elapsed 0.000000 user 0.002114 system sec
	!	[0.000000 user 0.006489 sys total]
	!	0/0 [0/56] filesystem blocks in/out
	!	92/61 [140/448] page faults/reclaims, 0 [0] swaps
	!	0 [0] signals rcvd, 0/0 [0/0] messages rcvd/sent
	!	35/1 [82/3] voluntary/involuntary context switches
	! buffer usage stats:
	!	Shared blocks:        117 read,          0 written, buffer hit rate = 67.41%
	!	Local  blocks:          0 read,          0 written, buffer hit rate = 0.00%
	!	Direct blocks:          0 read,          0 written
	 1: count	(typeid = 20, len = 8, typmod = -1, byval = f)
	----
	 1: count = "101"	(typeid = 20, len = 8, typmod = -1, byval = f)
	----
backend> LOG:  shutting down
LOG:  database system is shut down
LOG:  database system was shut down at 2024-02-09 14:10:44 EST
LOG:  checkpoint record is at 0/B80A58
LOG:  redo record is at 0/B80A58; undo record is at 0/0; shutdown TRUE
LOG:  next transaction ID: 19148; next OID: 22147
LOG:  database system is ready

POSTGRES backend interactive interface 
$Revision: 1.375.2.5 $ $Date: 2005/12/14 17:07:00 $

backend> LOG:  QUERY STATISTICS
DETAIL:  ! system usage stats:
	!	0.043056 elapsed 0.002101 user 0.000000 system sec
	!	[0.002101 user 0.004383 sys total]
	!	0/0 [0/56] filesystem blocks in/out
	!	92/59 [140/446] page faults/reclaims, 0 [0] swaps
	!	0 [0] signals rcvd, 0/0 [0/0] messages rcvd/sent
	!	36/0 [83/0] voluntary/involuntary context switches
	! buffer usage stats:
	!	Shared blocks:        117 read,          0 written, buffer hit rate = 59.66%
	!	Local  blocks:          0 read,          0 written, buffer hit rate = 0.00%
	!	Direct blocks:          0 read,          0 written
	 1: count	(typeid = 20, len = 8, typmod = -1, byval = f)
	----
	 1: count = "31"	(typeid = 20, len = 8, typmod = -1, byval = f)
	----
backend> LOG:  shutting down
LOG:  database system is shut down
