LOG:  database system was shut down at 2024-02-09 15:12:41 EST
LOG:  checkpoint record is at 0/BB5C58
LOG:  redo record is at 0/BB5C58; undo record is at 0/0; shutdown TRUE
LOG:  next transaction ID: 26924; next OID: 22147
LOG:  database system is ready

POSTGRES backend interactive interface 
$Revision: 1.375.2.5 $ $Date: 2005/12/14 17:07:00 $

backend> LOG:  QUERY STATISTICS
DETAIL:  ! system usage stats:
	!	0.033951 elapsed 0.004030 user 0.000000 system sec
	!	[0.008436 user 0.000000 sys total]
	!	0/0 [0/56] filesystem blocks in/out
	!	122/49 [172/434] page faults/reclaims, 0 [0] swaps
	!	0 [0] signals rcvd, 0/0 [0/0] messages rcvd/sent
	!	32/0 [80/0] voluntary/involuntary context switches
	! buffer usage stats:
	!	Shared blocks:        117 read,          0 written, buffer hit rate = 50.42%
	!	Local  blocks:          0 read,          0 written, buffer hit rate = 0.00%
	!	Direct blocks:          0 read,          0 written
	 1: count	(typeid = 20, len = 8, typmod = -1, byval = f)
	----
	 1: count = "2175"	(typeid = 20, len = 8, typmod = -1, byval = f)
	----
backend> LOG:  shutting down
LOG:  database system is shut down
LOG:  database system was shut down at 2024-02-09 15:12:41 EST
LOG:  checkpoint record is at 0/BB5CA0
LOG:  redo record is at 0/BB5CA0; undo record is at 0/0; shutdown TRUE
LOG:  next transaction ID: 26926; next OID: 22147
LOG:  database system is ready

POSTGRES backend interactive interface 
$Revision: 1.375.2.5 $ $Date: 2005/12/14 17:07:00 $

backend> LOG:  QUERY STATISTICS
DETAIL:  ! system usage stats:
	!	0.034921 elapsed 0.004500 user 0.000000 system sec
	!	[0.008700 user 0.000000 sys total]
	!	0/0 [0/56] filesystem blocks in/out
	!	106/56 [156/439] page faults/reclaims, 0 [0] swaps
	!	0 [0] signals rcvd, 0/0 [0/0] messages rcvd/sent
	!	29/0 [76/1] voluntary/involuntary context switches
	! buffer usage stats:
	!	Shared blocks:        129 read,          0 written, buffer hit rate = 50.76%
	!	Local  blocks:          0 read,          0 written, buffer hit rate = 0.00%
	!	Direct blocks:          0 read,          0 written
	 1: count	(typeid = 20, len = 8, typmod = -1, byval = f)
	----
	 1: count = "1051"	(typeid = 20, len = 8, typmod = -1, byval = f)
	----
backend> LOG:  shutting down
LOG:  database system is shut down
LOG:  database system was shut down at 2024-02-09 15:12:41 EST
LOG:  checkpoint record is at 0/BB5CE8
LOG:  redo record is at 0/BB5CE8; undo record is at 0/0; shutdown TRUE
LOG:  next transaction ID: 26928; next OID: 22147
LOG:  database system is ready

POSTGRES backend interactive interface 
$Revision: 1.375.2.5 $ $Date: 2005/12/14 17:07:00 $

backend> LOG:  QUERY STATISTICS
DETAIL:  ! system usage stats:
	!	0.041266 elapsed 0.002958 user 0.001820 system sec
	!	[0.002958 user 0.005917 sys total]
	!	0/0 [0/56] filesystem blocks in/out
	!	104/57 [154/444] page faults/reclaims, 0 [0] swaps
	!	0 [0] signals rcvd, 0/0 [0/0] messages rcvd/sent
	!	31/0 [78/0] voluntary/involuntary context switches
	! buffer usage stats:
	!	Shared blocks:        125 read,          0 written, buffer hit rate = 56.14%
	!	Local  blocks:          0 read,          0 written, buffer hit rate = 0.00%
	!	Direct blocks:          0 read,          0 written
	 1: count	(typeid = 20, len = 8, typmod = -1, byval = f)
	----
	 1: count = "541"	(typeid = 20, len = 8, typmod = -1, byval = f)
	----
backend> LOG:  shutting down
LOG:  database system is shut down
LOG:  database system was shut down at 2024-02-09 15:12:41 EST
LOG:  checkpoint record is at 0/BB5D30
LOG:  redo record is at 0/BB5D30; undo record is at 0/0; shutdown TRUE
LOG:  next transaction ID: 26930; next OID: 22147
LOG:  database system is ready

POSTGRES backend interactive interface 
$Revision: 1.375.2.5 $ $Date: 2005/12/14 17:07:00 $

backend> LOG:  QUERY STATISTICS
DETAIL:  ! system usage stats:
	!	0.034964 elapsed 0.004613 user 0.000359 system sec
	!	[0.004613 user 0.004613 sys total]
	!	0/0 [0/56] filesystem blocks in/out
	!	104/59 [154/440] page faults/reclaims, 0 [0] swaps
	!	0 [0] signals rcvd, 0/0 [0/0] messages rcvd/sent
	!	32/2 [79/5] voluntary/involuntary context switches
	! buffer usage stats:
	!	Shared blocks:        132 read,          0 written, buffer hit rate = 55.70%
	!	Local  blocks:          0 read,          0 written, buffer hit rate = 0.00%
	!	Direct blocks:          0 read,          0 written
	 1: count	(typeid = 20, len = 8, typmod = -1, byval = f)
	----
	 1: count = "1326"	(typeid = 20, len = 8, typmod = -1, byval = f)
	----
backend> LOG:  shutting down
LOG:  database system is shut down
LOG:  database system was shut down at 2024-02-09 15:12:41 EST
LOG:  checkpoint record is at 0/BB5D78
LOG:  redo record is at 0/BB5D78; undo record is at 0/0; shutdown TRUE
LOG:  next transaction ID: 26932; next OID: 22147
LOG:  database system is ready

POSTGRES backend interactive interface 
$Revision: 1.375.2.5 $ $Date: 2005/12/14 17:07:00 $

backend> LOG:  QUERY STATISTICS
DETAIL:  ! system usage stats:
	!	0.038105 elapsed 0.000701 user 0.004810 system sec
	!	[0.004810 user 0.004810 sys total]
	!	0/0 [0/56] filesystem blocks in/out
	!	106/55 [156/438] page faults/reclaims, 0 [0] swaps
	!	0 [0] signals rcvd, 0/0 [0/0] messages rcvd/sent
	!	29/2 [76/3] voluntary/involuntary context switches
	! buffer usage stats:
	!	Shared blocks:        129 read,          0 written, buffer hit rate = 51.50%
	!	Local  blocks:          0 read,          0 written, buffer hit rate = 0.00%
	!	Direct blocks:          0 read,          0 written
	 1: count	(typeid = 20, len = 8, typmod = -1, byval = f)
	----
	 1: count = "340"	(typeid = 20, len = 8, typmod = -1, byval = f)
	----
backend> LOG:  shutting down
LOG:  database system is shut down
LOG:  database system was shut down at 2024-02-09 15:12:41 EST
LOG:  checkpoint record is at 0/BB5DC0
LOG:  redo record is at 0/BB5DC0; undo record is at 0/0; shutdown TRUE
LOG:  next transaction ID: 26934; next OID: 22147
LOG:  database system is ready

POSTGRES backend interactive interface 
$Revision: 1.375.2.5 $ $Date: 2005/12/14 17:07:00 $

backend> LOG:  QUERY STATISTICS
DETAIL:  ! system usage stats:
	!	0.036346 elapsed 0.000362 user 0.004657 system sec
	!	[0.004657 user 0.004657 sys total]
	!	0/0 [0/56] filesystem blocks in/out
	!	106/60 [156/444] page faults/reclaims, 0 [0] swaps
	!	0 [0] signals rcvd, 0/0 [0/0] messages rcvd/sent
	!	31/0 [78/0] voluntary/involuntary context switches
	! buffer usage stats:
	!	Shared blocks:        130 read,          0 written, buffer hit rate = 55.48%
	!	Local  blocks:          0 read,          0 written, buffer hit rate = 0.00%
	!	Direct blocks:          0 read,          0 written
	 1: count	(typeid = 20, len = 8, typmod = -1, byval = f)
	----
	 1: count = "1794"	(typeid = 20, len = 8, typmod = -1, byval = f)
	----
backend> LOG:  shutting down
LOG:  database system is shut down
LOG:  database system was shut down at 2024-02-09 15:12:41 EST
LOG:  checkpoint record is at 0/BB5E08
LOG:  redo record is at 0/BB5E08; undo record is at 0/0; shutdown TRUE
LOG:  next transaction ID: 26936; next OID: 22147
LOG:  database system is ready

POSTGRES backend interactive interface 
$Revision: 1.375.2.5 $ $Date: 2005/12/14 17:07:00 $

backend> LOG:  QUERY STATISTICS
DETAIL:  ! system usage stats:
	!	0.067417 elapsed 0.001410 user 0.002819 system sec
	!	[0.002886 user 0.005772 sys total]
	!	0/0 [0/56] filesystem blocks in/out
	!	122/48 [172/435] page faults/reclaims, 0 [0] swaps
	!	0 [0] signals rcvd, 0/0 [0/0] messages rcvd/sent
	!	31/5 [79/10] voluntary/involuntary context switches
	! buffer usage stats:
	!	Shared blocks:        117 read,          0 written, buffer hit rate = 50.42%
	!	Local  blocks:          0 read,          0 written, buffer hit rate = 0.00%
	!	Direct blocks:          0 read,          0 written
	 1: count	(typeid = 20, len = 8, typmod = -1, byval = f)
	----
	 1: count = "729"	(typeid = 20, len = 8, typmod = -1, byval = f)
	----
backend> LOG:  shutting down
LOG:  database system is shut down
LOG:  database system was shut down at 2024-02-09 15:12:42 EST
LOG:  checkpoint record is at 0/BB5E50
LOG:  redo record is at 0/BB5E50; undo record is at 0/0; shutdown TRUE
LOG:  next transaction ID: 26938; next OID: 22147
LOG:  database system is ready

POSTGRES backend interactive interface 
$Revision: 1.375.2.5 $ $Date: 2005/12/14 17:07:00 $

backend> LOG:  QUERY STATISTICS
DETAIL:  ! system usage stats:
	!	0.036917 elapsed 0.003096 user 0.001656 system sec
	!	[0.003096 user 0.006193 sys total]
	!	0/0 [0/64] filesystem blocks in/out
	!	104/58 [154/442] page faults/reclaims, 0 [0] swaps
	!	0 [0] signals rcvd, 0/0 [0/0] messages rcvd/sent
	!	32/0 [79/0] voluntary/involuntary context switches
	! buffer usage stats:
	!	Shared blocks:        125 read,          0 written, buffer hit rate = 56.14%
	!	Local  blocks:          0 read,          0 written, buffer hit rate = 0.00%
	!	Direct blocks:          0 read,          0 written
	 1: count	(typeid = 20, len = 8, typmod = -1, byval = f)
	----
	 1: count = "579"	(typeid = 20, len = 8, typmod = -1, byval = f)
	----
backend> LOG:  shutting down
LOG:  database system is shut down
LOG:  database system was shut down at 2024-02-09 15:12:42 EST
LOG:  checkpoint record is at 0/BB5E98
LOG:  redo record is at 0/BB5E98; undo record is at 0/0; shutdown TRUE
LOG:  next transaction ID: 26940; next OID: 22147
LOG:  database system is ready

POSTGRES backend interactive interface 
$Revision: 1.375.2.5 $ $Date: 2005/12/14 17:07:00 $

backend> LOG:  QUERY STATISTICS
DETAIL:  ! system usage stats:
	!	0.036535 elapsed 0.000000 user 0.004253 system sec
	!	[0.000000 user 0.008683 sys total]
	!	0/0 [0/56] filesystem blocks in/out
	!	106/59 [156/439] page faults/reclaims, 0 [0] swaps
	!	0 [0] signals rcvd, 0/0 [0/0] messages rcvd/sent
	!	32/0 [80/3] voluntary/involuntary context switches
	! buffer usage stats:
	!	Shared blocks:        130 read,          0 written, buffer hit rate = 55.48%
	!	Local  blocks:          0 read,          0 written, buffer hit rate = 0.00%
	!	Direct blocks:          0 read,          0 written
	 1: count	(typeid = 20, len = 8, typmod = -1, byval = f)
	----
	 1: count = "2479"	(typeid = 20, len = 8, typmod = -1, byval = f)
	----
backend> LOG:  shutting down
LOG:  database system is shut down
LOG:  database system was shut down at 2024-02-09 15:12:42 EST
LOG:  checkpoint record is at 0/BB5EE0
LOG:  redo record is at 0/BB5EE0; undo record is at 0/0; shutdown TRUE
LOG:  next transaction ID: 26942; next OID: 22147
LOG:  database system is ready

POSTGRES backend interactive interface 
$Revision: 1.375.2.5 $ $Date: 2005/12/14 17:07:00 $

backend> LOG:  QUERY STATISTICS
DETAIL:  ! system usage stats:
	!	0.041545 elapsed 0.005068 user 0.000000 system sec
	!	[0.009383 user 0.000000 sys total]
	!	0/0 [0/56] filesystem blocks in/out
	!	106/57 [156/441] page faults/reclaims, 0 [0] swaps
	!	0 [0] signals rcvd, 0/0 [0/0] messages rcvd/sent
	!	32/1 [79/2] voluntary/involuntary context switches
	! buffer usage stats:
	!	Shared blocks:        128 read,          0 written, buffer hit rate = 55.24%
	!	Local  blocks:          0 read,          0 written, buffer hit rate = 0.00%
	!	Direct blocks:          0 read,          0 written
	 1: count	(typeid = 20, len = 8, typmod = -1, byval = f)
	----
	 1: count = "1473"	(typeid = 20, len = 8, typmod = -1, byval = f)
	----
backend> LOG:  shutting down
LOG:  database system is shut down
