LOG:  database system was shut down at 2024-02-09 15:38:09 EST
LOG:  checkpoint record is at 0/BCF648
LOG:  redo record is at 0/BCF648; undo record is at 0/0; shutdown TRUE
LOG:  next transaction ID: 30948; next OID: 22147
LOG:  database system is ready

POSTGRES backend interactive interface 
$Revision: 1.375.2.5 $ $Date: 2005/12/14 17:07:00 $

backend> LOG:  QUERY STATISTICS
DETAIL:  ! system usage stats:
	!	0.108041 elapsed 0.002297 user 0.000000 system sec
	!	[0.006602 user 0.000000 sys total]
	!	0/0 [0/56] filesystem blocks in/out
	!	104/58 [154/450] page faults/reclaims, 0 [0] swaps
	!	0 [0] signals rcvd, 0/0 [0/0] messages rcvd/sent
	!	35/0 [82/1] voluntary/involuntary context switches
	! buffer usage stats:
	!	Shared blocks:         99 read,          0 written, buffer hit rate = 66.89%
	!	Local  blocks:          0 read,          0 written, buffer hit rate = 0.00%
	!	Direct blocks:          0 read,          0 written
	 1: count	(typeid = 20, len = 8, typmod = -1, byval = f)
	----
	 1: count = "41"	(typeid = 20, len = 8, typmod = -1, byval = f)
	----
backend> LOG:  shutting down
LOG:  database system is shut down
LOG:  database system was shut down at 2024-02-09 15:38:10 EST
LOG:  checkpoint record is at 0/BCF690
LOG:  redo record is at 0/BCF690; undo record is at 0/0; shutdown TRUE
LOG:  next transaction ID: 30950; next OID: 22147
LOG:  database system is ready

POSTGRES backend interactive interface 
$Revision: 1.375.2.5 $ $Date: 2005/12/14 17:07:00 $

backend> LOG:  QUERY STATISTICS
DETAIL:  ! system usage stats:
	!	0.093424 elapsed 0.002396 user 0.002396 system sec
	!	[0.004590 user 0.004590 sys total]
	!	0/0 [0/56] filesystem blocks in/out
	!	106/52 [156/442] page faults/reclaims, 0 [0] swaps
	!	0 [0] signals rcvd, 0/0 [0/0] messages rcvd/sent
	!	29/1 [76/4] voluntary/involuntary context switches
	! buffer usage stats:
	!	Shared blocks:        126 read,          0 written, buffer hit rate = 51.16%
	!	Local  blocks:          0 read,          0 written, buffer hit rate = 0.00%
	!	Direct blocks:          0 read,          0 written
	 1: count	(typeid = 20, len = 8, typmod = -1, byval = f)
	----
	 1: count = "50"	(typeid = 20, len = 8, typmod = -1, byval = f)
	----
backend> LOG:  shutting down
LOG:  database system is shut down
LOG:  database system was shut down at 2024-02-09 15:38:10 EST
LOG:  checkpoint record is at 0/BCF6D8
LOG:  redo record is at 0/BCF6D8; undo record is at 0/0; shutdown TRUE
LOG:  next transaction ID: 30952; next OID: 22147
LOG:  database system is ready

POSTGRES backend interactive interface 
$Revision: 1.375.2.5 $ $Date: 2005/12/14 17:07:00 $

backend> LOG:  QUERY STATISTICS
DETAIL:  ! system usage stats:
	!	0.042500 elapsed 0.000000 user 0.001937 system sec
	!	[0.000000 user 0.006382 sys total]
	!	0/0 [0/56] filesystem blocks in/out
	!	104/58 [154/448] page faults/reclaims, 0 [0] swaps
	!	0 [0] signals rcvd, 0/0 [0/0] messages rcvd/sent
	!	35/0 [80/0] voluntary/involuntary context switches
	! buffer usage stats:
	!	Shared blocks:        103 read,          0 written, buffer hit rate = 71.23%
	!	Local  blocks:          0 read,          0 written, buffer hit rate = 0.00%
	!	Direct blocks:          0 read,          0 written
	 1: count	(typeid = 20, len = 8, typmod = -1, byval = f)
	----
	 1: count = "99"	(typeid = 20, len = 8, typmod = -1, byval = f)
	----
backend> LOG:  shutting down
LOG:  database system is shut down
LOG:  database system was shut down at 2024-02-09 15:38:10 EST
LOG:  checkpoint record is at 0/BCF720
LOG:  redo record is at 0/BCF720; undo record is at 0/0; shutdown TRUE
LOG:  next transaction ID: 30954; next OID: 22147
LOG:  database system is ready

POSTGRES backend interactive interface 
$Revision: 1.375.2.5 $ $Date: 2005/12/14 17:07:00 $

backend> LOG:  QUERY STATISTICS
DETAIL:  ! system usage stats:
	!	0.043980 elapsed 0.002364 user 0.000000 system sec
	!	[0.006639 user 0.000000 sys total]
	!	0/0 [0/56] filesystem blocks in/out
	!	104/61 [154/448] page faults/reclaims, 0 [0] swaps
	!	0 [0] signals rcvd, 0/0 [0/0] messages rcvd/sent
	!	35/3 [89/3] voluntary/involuntary context switches
	! buffer usage stats:
	!	Shared blocks:        108 read,          0 written, buffer hit rate = 91.44%
	!	Local  blocks:          0 read,          0 written, buffer hit rate = 0.00%
	!	Direct blocks:          0 read,          0 written
	 1: count	(typeid = 20, len = 8, typmod = -1, byval = f)
	----
	 1: count = "1000"	(typeid = 20, len = 8, typmod = -1, byval = f)
	----
backend> LOG:  shutting down
LOG:  database system is shut down
LOG:  database system was shut down at 2024-02-09 15:38:11 EST
LOG:  checkpoint record is at 0/BCF768
LOG:  redo record is at 0/BCF768; undo record is at 0/0; shutdown TRUE
LOG:  next transaction ID: 30956; next OID: 22147
LOG:  database system is ready

POSTGRES backend interactive interface 
$Revision: 1.375.2.5 $ $Date: 2005/12/14 17:07:00 $

backend> LOG:  QUERY STATISTICS
DETAIL:  ! system usage stats:
	!	0.036332 elapsed 0.002871 user 0.001689 system sec
	!	[0.002871 user 0.005743 sys total]
	!	0/0 [0/56] filesystem blocks in/out
	!	106/52 [156/442] page faults/reclaims, 0 [0] swaps
	!	0 [0] signals rcvd, 0/0 [0/0] messages rcvd/sent
	!	29/19 [76/35] voluntary/involuntary context switches
	! buffer usage stats:
	!	Shared blocks:        126 read,          0 written, buffer hit rate = 51.16%
	!	Local  blocks:          0 read,          0 written, buffer hit rate = 0.00%
	!	Direct blocks:          0 read,          0 written
	 1: count	(typeid = 20, len = 8, typmod = -1, byval = f)
	----
	 1: count = "2500"	(typeid = 20, len = 8, typmod = -1, byval = f)
	----
backend> LOG:  shutting down
LOG:  database system is shut down
LOG:  database system was shut down at 2024-02-09 15:38:11 EST
LOG:  checkpoint record is at 0/BCF7B0
LOG:  redo record is at 0/BCF7B0; undo record is at 0/0; shutdown TRUE
LOG:  next transaction ID: 30958; next OID: 22147
LOG:  database system is ready

POSTGRES backend interactive interface 
$Revision: 1.375.2.5 $ $Date: 2005/12/14 17:07:00 $

backend> LOG:  QUERY STATISTICS
DETAIL:  ! system usage stats:
	!	0.039832 elapsed 0.005489 user 0.000000 system sec
	!	[0.010040 user 0.000000 sys total]
	!	0/0 [0/56] filesystem blocks in/out
	!	106/57 [156/447] page faults/reclaims, 0 [0] swaps
	!	0 [0] signals rcvd, 0/0 [0/0] messages rcvd/sent
	!	33/0 [80/0] voluntary/involuntary context switches
	! buffer usage stats:
	!	Shared blocks:        130 read,          0 written, buffer hit rate = 54.86%
	!	Local  blocks:          0 read,          0 written, buffer hit rate = 0.00%
	!	Direct blocks:          0 read,          0 written
	 1: count	(typeid = 20, len = 8, typmod = -1, byval = f)
	----
	 1: count = "999"	(typeid = 20, len = 8, typmod = -1, byval = f)
	----
backend> LOG:  shutting down
LOG:  database system is shut down
LOG:  database system was shut down at 2024-02-09 15:38:11 EST
LOG:  checkpoint record is at 0/BCF7F8
LOG:  redo record is at 0/BCF7F8; undo record is at 0/0; shutdown TRUE
LOG:  next transaction ID: 30960; next OID: 22147
LOG:  database system is ready

POSTGRES backend interactive interface 
$Revision: 1.375.2.5 $ $Date: 2005/12/14 17:07:00 $

backend> LOG:  QUERY STATISTICS
DETAIL:  ! system usage stats:
	!	0.048281 elapsed 0.000000 user 0.002100 system sec
	!	[0.000000 user 0.006250 sys total]
	!	0/0 [0/56] filesystem blocks in/out
	!	104/62 [154/449] page faults/reclaims, 0 [0] swaps
	!	0 [0] signals rcvd, 0/0 [0/0] messages rcvd/sent
	!	35/6 [80/17] voluntary/involuntary context switches
	! buffer usage stats:
	!	Shared blocks:        102 read,          0 written, buffer hit rate = 81.79%
	!	Local  blocks:          0 read,          0 written, buffer hit rate = 0.00%
	!	Direct blocks:          0 read,          0 written
	 1: count	(typeid = 20, len = 8, typmod = -1, byval = f)
	----
	 1: count = "301"	(typeid = 20, len = 8, typmod = -1, byval = f)
	----
backend> LOG:  shutting down
LOG:  database system is shut down
LOG:  database system was shut down at 2024-02-09 15:38:11 EST
LOG:  checkpoint record is at 0/BCF840
LOG:  redo record is at 0/BCF840; undo record is at 0/0; shutdown TRUE
LOG:  next transaction ID: 30962; next OID: 22147
LOG:  database system is ready

POSTGRES backend interactive interface 
$Revision: 1.375.2.5 $ $Date: 2005/12/14 17:07:00 $

backend> LOG:  QUERY STATISTICS
DETAIL:  ! system usage stats:
	!	0.040712 elapsed 0.001929 user 0.000000 system sec
	!	[0.006084 user 0.000000 sys total]
	!	0/0 [0/64] filesystem blocks in/out
	!	104/58 [154/447] page faults/reclaims, 0 [0] swaps
	!	0 [0] signals rcvd, 0/0 [0/0] messages rcvd/sent
	!	35/8 [82/10] voluntary/involuntary context switches
	! buffer usage stats:
	!	Shared blocks:        100 read,          0 written, buffer hit rate = 72.14%
	!	Local  blocks:          0 read,          0 written, buffer hit rate = 0.00%
	!	Direct blocks:          0 read,          0 written
	 1: count	(typeid = 20, len = 8, typmod = -1, byval = f)
	----
	 1: count = "101"	(typeid = 20, len = 8, typmod = -1, byval = f)
	----
backend> LOG:  shutting down
LOG:  database system is shut down
LOG:  database system was shut down at 2024-02-09 15:38:11 EST
LOG:  checkpoint record is at 0/BCF888
LOG:  redo record is at 0/BCF888; undo record is at 0/0; shutdown TRUE
LOG:  next transaction ID: 30964; next OID: 22147
LOG:  database system is ready

POSTGRES backend interactive interface 
$Revision: 1.375.2.5 $ $Date: 2005/12/14 17:07:00 $

backend> LOG:  QUERY STATISTICS
DETAIL:  ! system usage stats:
	!	0.045417 elapsed 0.000816 user 0.001252 system sec
	!	[0.005008 user 0.001252 sys total]
	!	0/0 [0/56] filesystem blocks in/out
	!	104/60 [154/451] page faults/reclaims, 0 [0] swaps
	!	0 [0] signals rcvd, 0/0 [0/0] messages rcvd/sent
	!	35/19 [83/46] voluntary/involuntary context switches
	! buffer usage stats:
	!	Shared blocks:        100 read,          0 written, buffer hit rate = 72.14%
	!	Local  blocks:          0 read,          0 written, buffer hit rate = 0.00%
	!	Direct blocks:          0 read,          0 written
	 1: count	(typeid = 20, len = 8, typmod = -1, byval = f)
	----
	 1: count = "101"	(typeid = 20, len = 8, typmod = -1, byval = f)
	----
backend> LOG:  shutting down
LOG:  database system is shut down
LOG:  database system was shut down at 2024-02-09 15:38:11 EST
LOG:  checkpoint record is at 0/BCF8D0
LOG:  redo record is at 0/BCF8D0; undo record is at 0/0; shutdown TRUE
LOG:  next transaction ID: 30966; next OID: 22147
LOG:  database system is ready

POSTGRES backend interactive interface 
$Revision: 1.375.2.5 $ $Date: 2005/12/14 17:07:00 $

backend> LOG:  QUERY STATISTICS
DETAIL:  ! system usage stats:
	!	0.041496 elapsed 0.002051 user 0.000000 system sec
	!	[0.006260 user 0.000000 sys total]
	!	0/0 [0/56] filesystem blocks in/out
	!	104/59 [154/448] page faults/reclaims, 0 [0] swaps
	!	0 [0] signals rcvd, 0/0 [0/0] messages rcvd/sent
	!	35/0 [80/0] voluntary/involuntary context switches
	! buffer usage stats:
	!	Shared blocks:        100 read,          0 written, buffer hit rate = 65.52%
	!	Local  blocks:          0 read,          0 written, buffer hit rate = 0.00%
	!	Direct blocks:          0 read,          0 written
	 1: count	(typeid = 20, len = 8, typmod = -1, byval = f)
	----
	 1: count = "31"	(typeid = 20, len = 8, typmod = -1, byval = f)
	----
backend> LOG:  shutting down
LOG:  database system is shut down
