LOG:  database system was shut down at 2024-02-09 15:12:57 EST
LOG:  checkpoint record is at 0/BB7E28
LOG:  redo record is at 0/BB7E28; undo record is at 0/0; shutdown TRUE
LOG:  next transaction ID: 27164; next OID: 22147
LOG:  database system is ready

POSTGRES backend interactive interface 
$Revision: 1.375.2.5 $ $Date: 2005/12/14 17:07:00 $

backend> LOG:  QUERY STATISTICS
DETAIL:  ! system usage stats:
	!	0.048332 elapsed 0.001930 user 0.000000 system sec
	!	[0.006094 user 0.000000 sys total]
	!	0/0 [0/56] filesystem blocks in/out
	!	104/62 [155/445] page faults/reclaims, 0 [0] swaps
	!	0 [0] signals rcvd, 0/0 [0/0] messages rcvd/sent
	!	35/1 [83/4] voluntary/involuntary context switches
	! buffer usage stats:
	!	Shared blocks:         99 read,          0 written, buffer hit rate = 66.89%
	!	Local  blocks:          0 read,          0 written, buffer hit rate = 0.00%
	!	Direct blocks:          0 read,          0 written
	 1: count	(typeid = 20, len = 8, typmod = -1, byval = f)
	----
	 1: count = "41"	(typeid = 20, len = 8, typmod = -1, byval = f)
	----
backend> LOG:  shutting down
LOG:  database system is shut down
LOG:  database system was shut down at 2024-02-09 15:12:57 EST
LOG:  checkpoint record is at 0/BB7E70
LOG:  redo record is at 0/BB7E70; undo record is at 0/0; shutdown TRUE
LOG:  next transaction ID: 27166; next OID: 22147
LOG:  database system is ready

POSTGRES backend interactive interface 
$Revision: 1.375.2.5 $ $Date: 2005/12/14 17:07:00 $

backend> LOG:  QUERY STATISTICS
DETAIL:  ! system usage stats:
	!	0.033851 elapsed 0.004268 user 0.000938 system sec
	!	[0.006659 user 0.003329 sys total]
	!	0/0 [0/56] filesystem blocks in/out
	!	126/56 [177/436] page faults/reclaims, 0 [0] swaps
	!	0 [0] signals rcvd, 0/0 [0/0] messages rcvd/sent
	!	29/0 [76/0] voluntary/involuntary context switches
	! buffer usage stats:
	!	Shared blocks:        120 read,          0 written, buffer hit rate = 53.49%
	!	Local  blocks:          0 read,          0 written, buffer hit rate = 0.00%
	!	Direct blocks:          0 read,          0 written
	 1: count	(typeid = 20, len = 8, typmod = -1, byval = f)
	----
	 1: count = "50"	(typeid = 20, len = 8, typmod = -1, byval = f)
	----
backend> LOG:  shutting down
LOG:  database system is shut down
LOG:  database system was shut down at 2024-02-09 15:12:57 EST
LOG:  checkpoint record is at 0/BB7EB8
LOG:  redo record is at 0/BB7EB8; undo record is at 0/0; shutdown TRUE
LOG:  next transaction ID: 27168; next OID: 22147
LOG:  database system is ready

POSTGRES backend interactive interface 
$Revision: 1.375.2.5 $ $Date: 2005/12/14 17:07:00 $

backend> LOG:  QUERY STATISTICS
DETAIL:  ! system usage stats:
	!	0.042867 elapsed 0.002168 user 0.000000 system sec
	!	[0.004337 user 0.002169 sys total]
	!	0/0 [0/56] filesystem blocks in/out
	!	106/61 [157/448] page faults/reclaims, 0 [0] swaps
	!	0 [0] signals rcvd, 0/0 [0/0] messages rcvd/sent
	!	36/0 [83/1] voluntary/involuntary context switches
	! buffer usage stats:
	!	Shared blocks:        103 read,          0 written, buffer hit rate = 71.23%
	!	Local  blocks:          0 read,          0 written, buffer hit rate = 0.00%
	!	Direct blocks:          0 read,          0 written
	 1: count	(typeid = 20, len = 8, typmod = -1, byval = f)
	----
	 1: count = "99"	(typeid = 20, len = 8, typmod = -1, byval = f)
	----
backend> LOG:  shutting down
LOG:  database system is shut down
LOG:  database system was shut down at 2024-02-09 15:12:57 EST
LOG:  checkpoint record is at 0/BB7F00
LOG:  redo record is at 0/BB7F00; undo record is at 0/0; shutdown TRUE
LOG:  next transaction ID: 27170; next OID: 22147
LOG:  database system is ready

POSTGRES backend interactive interface 
$Revision: 1.375.2.5 $ $Date: 2005/12/14 17:07:00 $

backend> LOG:  QUERY STATISTICS
DETAIL:  ! system usage stats:
	!	0.037809 elapsed 0.000000 user 0.002583 system sec
	!	[0.000000 user 0.007086 sys total]
	!	0/0 [0/56] filesystem blocks in/out
	!	104/62 [155/449] page faults/reclaims, 0 [0] swaps
	!	0 [0] signals rcvd, 0/0 [0/0] messages rcvd/sent
	!	35/0 [82/1] voluntary/involuntary context switches
	! buffer usage stats:
	!	Shared blocks:        108 read,          0 written, buffer hit rate = 91.44%
	!	Local  blocks:          0 read,          0 written, buffer hit rate = 0.00%
	!	Direct blocks:          0 read,          0 written
	 1: count	(typeid = 20, len = 8, typmod = -1, byval = f)
	----
	 1: count = "1000"	(typeid = 20, len = 8, typmod = -1, byval = f)
	----
backend> LOG:  shutting down
LOG:  database system is shut down
LOG:  database system was shut down at 2024-02-09 15:12:57 EST
LOG:  checkpoint record is at 0/BB7F48
LOG:  redo record is at 0/BB7F48; undo record is at 0/0; shutdown TRUE
LOG:  next transaction ID: 27172; next OID: 22147
LOG:  database system is ready

POSTGRES backend interactive interface 
$Revision: 1.375.2.5 $ $Date: 2005/12/14 17:07:00 $

backend> LOG:  QUERY STATISTICS
DETAIL:  ! system usage stats:
	!	0.038605 elapsed 0.005657 user 0.000000 system sec
	!	[0.010251 user 0.000000 sys total]
	!	0/0 [0/56] filesystem blocks in/out
	!	126/56 [177/439] page faults/reclaims, 0 [0] swaps
	!	0 [0] signals rcvd, 0/0 [0/0] messages rcvd/sent
	!	29/0 [76/1] voluntary/involuntary context switches
	! buffer usage stats:
	!	Shared blocks:        120 read,          0 written, buffer hit rate = 53.49%
	!	Local  blocks:          0 read,          0 written, buffer hit rate = 0.00%
	!	Direct blocks:          0 read,          0 written
	 1: count	(typeid = 20, len = 8, typmod = -1, byval = f)
	----
	 1: count = "2500"	(typeid = 20, len = 8, typmod = -1, byval = f)
	----
backend> LOG:  shutting down
LOG:  database system is shut down
LOG:  database system was shut down at 2024-02-09 15:12:57 EST
LOG:  checkpoint record is at 0/BB7F90
LOG:  redo record is at 0/BB7F90; undo record is at 0/0; shutdown TRUE
LOG:  next transaction ID: 27174; next OID: 22147
LOG:  database system is ready

POSTGRES backend interactive interface 
$Revision: 1.375.2.5 $ $Date: 2005/12/14 17:07:00 $

backend> LOG:  QUERY STATISTICS
DETAIL:  ! system usage stats:
	!	0.037116 elapsed 0.004714 user 0.000000 system sec
	!	[0.008816 user 0.000000 sys total]
	!	0/0 [0/56] filesystem blocks in/out
	!	106/59 [157/445] page faults/reclaims, 0 [0] swaps
	!	0 [0] signals rcvd, 0/0 [0/0] messages rcvd/sent
	!	33/0 [80/0] voluntary/involuntary context switches
	! buffer usage stats:
	!	Shared blocks:        130 read,          0 written, buffer hit rate = 54.86%
	!	Local  blocks:          0 read,          0 written, buffer hit rate = 0.00%
	!	Direct blocks:          0 read,          0 written
	 1: count	(typeid = 20, len = 8, typmod = -1, byval = f)
	----
	 1: count = "999"	(typeid = 20, len = 8, typmod = -1, byval = f)
	----
backend> LOG:  shutting down
LOG:  database system is shut down
LOG:  database system was shut down at 2024-02-09 15:12:58 EST
LOG:  checkpoint record is at 0/BB7FD8
LOG:  redo record is at 0/BB7FD8; undo record is at 0/0; shutdown TRUE
LOG:  next transaction ID: 27176; next OID: 22147
LOG:  database system is ready

POSTGRES backend interactive interface 
$Revision: 1.375.2.5 $ $Date: 2005/12/14 17:07:00 $

backend> LOG:  QUERY STATISTICS
DETAIL:  ! system usage stats:
	!	0.035921 elapsed 0.001043 user 0.001043 system sec
	!	[0.003254 user 0.003254 sys total]
	!	0/0 [0/56] filesystem blocks in/out
	!	104/61 [155/446] page faults/reclaims, 0 [0] swaps
	!	0 [0] signals rcvd, 0/0 [0/0] messages rcvd/sent
	!	35/0 [81/5] voluntary/involuntary context switches
	! buffer usage stats:
	!	Shared blocks:        102 read,          0 written, buffer hit rate = 81.79%
	!	Local  blocks:          0 read,          0 written, buffer hit rate = 0.00%
	!	Direct blocks:          0 read,          0 written
	 1: count	(typeid = 20, len = 8, typmod = -1, byval = f)
	----
	 1: count = "301"	(typeid = 20, len = 8, typmod = -1, byval = f)
	----
backend> LOG:  shutting down
LOG:  database system is shut down
LOG:  database system was shut down at 2024-02-09 15:12:58 EST
LOG:  checkpoint record is at 0/BB8038
LOG:  redo record is at 0/BB8038; undo record is at 0/0; shutdown TRUE
LOG:  next transaction ID: 27178; next OID: 22147
LOG:  database system is ready

POSTGRES backend interactive interface 
$Revision: 1.375.2.5 $ $Date: 2005/12/14 17:07:00 $

backend> LOG:  QUERY STATISTICS
DETAIL:  ! system usage stats:
	!	0.039535 elapsed 0.001870 user 0.000000 system sec
	!	[0.006069 user 0.000000 sys total]
	!	0/0 [0/64] filesystem blocks in/out
	!	104/62 [155/448] page faults/reclaims, 0 [0] swaps
	!	0 [0] signals rcvd, 0/0 [0/0] messages rcvd/sent
	!	35/0 [82/0] voluntary/involuntary context switches
	! buffer usage stats:
	!	Shared blocks:        100 read,          0 written, buffer hit rate = 72.14%
	!	Local  blocks:          0 read,          0 written, buffer hit rate = 0.00%
	!	Direct blocks:          0 read,          0 written
	 1: count	(typeid = 20, len = 8, typmod = -1, byval = f)
	----
	 1: count = "101"	(typeid = 20, len = 8, typmod = -1, byval = f)
	----
backend> LOG:  shutting down
LOG:  database system is shut down
LOG:  database system was shut down at 2024-02-09 15:12:58 EST
LOG:  checkpoint record is at 0/BB8080
LOG:  redo record is at 0/BB8080; undo record is at 0/0; shutdown TRUE
LOG:  next transaction ID: 27180; next OID: 22147
LOG:  database system is ready

POSTGRES backend interactive interface 
$Revision: 1.375.2.5 $ $Date: 2005/12/14 17:07:00 $

backend> LOG:  QUERY STATISTICS
DETAIL:  ! system usage stats:
	!	0.041524 elapsed 0.002081 user 0.000000 system sec
	!	[0.006364 user 0.000000 sys total]
	!	0/0 [0/56] filesystem blocks in/out
	!	104/62 [155/446] page faults/reclaims, 0 [0] swaps
	!	0 [0] signals rcvd, 0/0 [0/0] messages rcvd/sent
	!	35/0 [82/0] voluntary/involuntary context switches
	! buffer usage stats:
	!	Shared blocks:        100 read,          0 written, buffer hit rate = 72.14%
	!	Local  blocks:          0 read,          0 written, buffer hit rate = 0.00%
	!	Direct blocks:          0 read,          0 written
	 1: count	(typeid = 20, len = 8, typmod = -1, byval = f)
	----
	 1: count = "101"	(typeid = 20, len = 8, typmod = -1, byval = f)
	----
backend> LOG:  shutting down
LOG:  database system is shut down
LOG:  database system was shut down at 2024-02-09 15:12:58 EST
LOG:  checkpoint record is at 0/BB80C8
LOG:  redo record is at 0/BB80C8; undo record is at 0/0; shutdown TRUE
LOG:  next transaction ID: 27182; next OID: 22147
LOG:  database system is ready

POSTGRES backend interactive interface 
$Revision: 1.375.2.5 $ $Date: 2005/12/14 17:07:00 $

backend> LOG:  QUERY STATISTICS
DETAIL:  ! system usage stats:
	!	0.040008 elapsed 0.000000 user 0.001950 system sec
	!	[0.000000 user 0.006313 sys total]
	!	0/0 [0/56] filesystem blocks in/out
	!	104/62 [155/447] page faults/reclaims, 0 [0] swaps
	!	0 [0] signals rcvd, 0/0 [0/0] messages rcvd/sent
	!	35/0 [83/0] voluntary/involuntary context switches
	! buffer usage stats:
	!	Shared blocks:        100 read,          0 written, buffer hit rate = 65.52%
	!	Local  blocks:          0 read,          0 written, buffer hit rate = 0.00%
	!	Direct blocks:          0 read,          0 written
	 1: count	(typeid = 20, len = 8, typmod = -1, byval = f)
	----
	 1: count = "31"	(typeid = 20, len = 8, typmod = -1, byval = f)
	----
backend> LOG:  shutting down
LOG:  database system is shut down
