LOG:  database system was shut down at 2024-02-05 23:07:56 EST
LOG:  checkpoint record is at 0/BEEF88
LOG:  redo record is at 0/BEEF88; undo record is at 0/0; shutdown TRUE
LOG:  next transaction ID: 4501; next OID: 27152
LOG:  database system is ready

POSTGRES backend interactive interface 
$Revision: 1.375.2.5 $ $Date: 2005/12/14 17:07:00 $

backend> LOG:  QUERY STATISTICS
DETAIL:  ! system usage stats:
	!	0.037721 elapsed 0.000000 user 0.002112 system sec
	!	[0.004404 user 0.002112 sys total]
	!	0/0 [0/56] filesystem blocks in/out
	!	4/61 [51/449] page faults/reclaims, 0 [0] swaps
	!	0 [0] signals rcvd, 0/0 [0/0] messages rcvd/sent
	!	35/1 [81/1] voluntary/involuntary context switches
	! buffer usage stats:
	!	Shared blocks:        223 read,          0 written, buffer hit rate = 25.42%
	!	Local  blocks:          0 read,          0 written, buffer hit rate = 0.00%
	!	Direct blocks:          0 read,          0 written
	 1: count	(typeid = 20, len = 8, typmod = -1, byval = f)
	----
	 1: count = "41"	(typeid = 20, len = 8, typmod = -1, byval = f)
	----
backend> LOG:  shutting down
LOG:  database system is shut down
LOG:  database system was shut down at 2024-02-05 23:07:57 EST
LOG:  checkpoint record is at 0/BEEFD0
LOG:  redo record is at 0/BEEFD0; undo record is at 0/0; shutdown TRUE
LOG:  next transaction ID: 4503; next OID: 27152
LOG:  database system is ready

POSTGRES backend interactive interface 
$Revision: 1.375.2.5 $ $Date: 2005/12/14 17:07:00 $

backend> LOG:  QUERY STATISTICS
DETAIL:  ! system usage stats:
	!	0.036780 elapsed 0.005414 user 0.000000 system sec
	!	[0.009883 user 0.000000 sys total]
	!	0/0 [0/56] filesystem blocks in/out
	!	4/54 [51/441] page faults/reclaims, 0 [0] swaps
	!	0 [0] signals rcvd, 0/0 [0/0] messages rcvd/sent
	!	29/1 [73/1] voluntary/involuntary context switches
	! buffer usage stats:
	!	Shared blocks:        222 read,          0 written, buffer hit rate = 13.95%
	!	Local  blocks:          0 read,          0 written, buffer hit rate = 0.00%
	!	Direct blocks:          0 read,          0 written
	 1: count	(typeid = 20, len = 8, typmod = -1, byval = f)
	----
	 1: count = "50"	(typeid = 20, len = 8, typmod = -1, byval = f)
	----
backend> LOG:  shutting down
LOG:  database system is shut down
LOG:  database system was shut down at 2024-02-05 23:07:58 EST
LOG:  checkpoint record is at 0/BEF018
LOG:  redo record is at 0/BEF018; undo record is at 0/0; shutdown TRUE
LOG:  next transaction ID: 4505; next OID: 27152
LOG:  database system is ready

POSTGRES backend interactive interface 
$Revision: 1.375.2.5 $ $Date: 2005/12/14 17:07:00 $

backend> LOG:  QUERY STATISTICS
DETAIL:  ! system usage stats:
	!	0.036134 elapsed 0.002162 user 0.000000 system sec
	!	[0.006713 user 0.000000 sys total]
	!	0/0 [0/56] filesystem blocks in/out
	!	4/64 [51/451] page faults/reclaims, 0 [0] swaps
	!	0 [0] signals rcvd, 0/0 [0/0] messages rcvd/sent
	!	35/0 [80/0] voluntary/involuntary context switches
	! buffer usage stats:
	!	Shared blocks:        224 read,          0 written, buffer hit rate = 37.43%
	!	Local  blocks:          0 read,          0 written, buffer hit rate = 0.00%
	!	Direct blocks:          0 read,          0 written
	 1: count	(typeid = 20, len = 8, typmod = -1, byval = f)
	----
	 1: count = "99"	(typeid = 20, len = 8, typmod = -1, byval = f)
	----
backend> LOG:  shutting down
LOG:  database system is shut down
LOG:  database system was shut down at 2024-02-05 23:07:59 EST
LOG:  checkpoint record is at 0/BEF060
LOG:  redo record is at 0/BEF060; undo record is at 0/0; shutdown TRUE
LOG:  next transaction ID: 4507; next OID: 27152
LOG:  database system is ready

POSTGRES backend interactive interface 
$Revision: 1.375.2.5 $ $Date: 2005/12/14 17:07:00 $

backend> LOG:  QUERY STATISTICS
DETAIL:  ! system usage stats:
	!	0.035096 elapsed 0.002646 user 0.000000 system sec
	!	[0.002646 user 0.004533 sys total]
	!	0/0 [0/56] filesystem blocks in/out
	!	4/61 [51/445] page faults/reclaims, 0 [0] swaps
	!	0 [0] signals rcvd, 0/0 [0/0] messages rcvd/sent
	!	35/1 [80/2] voluntary/involuntary context switches
	! buffer usage stats:
	!	Shared blocks:        232 read,          0 written, buffer hit rate = 81.60%
	!	Local  blocks:          0 read,          0 written, buffer hit rate = 0.00%
	!	Direct blocks:          0 read,          0 written
	 1: count	(typeid = 20, len = 8, typmod = -1, byval = f)
	----
	 1: count = "1000"	(typeid = 20, len = 8, typmod = -1, byval = f)
	----
backend> LOG:  shutting down
LOG:  database system is shut down
LOG:  database system was shut down at 2024-02-05 23:08:00 EST
LOG:  checkpoint record is at 0/BEF0A8
LOG:  redo record is at 0/BEF0A8; undo record is at 0/0; shutdown TRUE
LOG:  next transaction ID: 4509; next OID: 27152
LOG:  database system is ready

POSTGRES backend interactive interface 
$Revision: 1.375.2.5 $ $Date: 2005/12/14 17:07:00 $

backend> LOG:  QUERY STATISTICS
DETAIL:  ! system usage stats:
	!	0.033487 elapsed 0.000000 user 0.005622 system sec
	!	[0.000000 user 0.010046 sys total]
	!	0/0 [0/56] filesystem blocks in/out
	!	4/56 [51/441] page faults/reclaims, 0 [0] swaps
	!	0 [0] signals rcvd, 0/0 [0/0] messages rcvd/sent
	!	29/7 [74/9] voluntary/involuntary context switches
	! buffer usage stats:
	!	Shared blocks:        222 read,          0 written, buffer hit rate = 13.95%
	!	Local  blocks:          0 read,          0 written, buffer hit rate = 0.00%
	!	Direct blocks:          0 read,          0 written
	 1: count	(typeid = 20, len = 8, typmod = -1, byval = f)
	----
	 1: count = "2500"	(typeid = 20, len = 8, typmod = -1, byval = f)
	----
backend> LOG:  shutting down
LOG:  database system is shut down
LOG:  database system was shut down at 2024-02-05 23:08:01 EST
LOG:  checkpoint record is at 0/BEF0F0
LOG:  redo record is at 0/BEF0F0; undo record is at 0/0; shutdown TRUE
LOG:  next transaction ID: 4511; next OID: 27152
LOG:  database system is ready

POSTGRES backend interactive interface 
$Revision: 1.375.2.5 $ $Date: 2005/12/14 17:07:00 $

backend> LOG:  QUERY STATISTICS
DETAIL:  ! system usage stats:
	!	0.035648 elapsed 0.004677 user 0.000358 system sec
	!	[0.004677 user 0.004677 sys total]
	!	0/0 [0/56] filesystem blocks in/out
	!	4/59 [51/448] page faults/reclaims, 0 [0] swaps
	!	0 [0] signals rcvd, 0/0 [0/0] messages rcvd/sent
	!	33/1 [78/3] voluntary/involuntary context switches
	! buffer usage stats:
	!	Shared blocks:        251 read,          0 written, buffer hit rate = 12.85%
	!	Local  blocks:          0 read,          0 written, buffer hit rate = 0.00%
	!	Direct blocks:          0 read,          0 written
	 1: count	(typeid = 20, len = 8, typmod = -1, byval = f)
	----
	 1: count = "999"	(typeid = 20, len = 8, typmod = -1, byval = f)
	----
backend> LOG:  shutting down
LOG:  database system is shut down
LOG:  database system was shut down at 2024-02-05 23:08:02 EST
LOG:  checkpoint record is at 0/BEF138
LOG:  redo record is at 0/BEF138; undo record is at 0/0; shutdown TRUE
LOG:  next transaction ID: 4513; next OID: 27152
LOG:  database system is ready

POSTGRES backend interactive interface 
$Revision: 1.375.2.5 $ $Date: 2005/12/14 17:07:00 $

backend> LOG:  QUERY STATISTICS
DETAIL:  ! system usage stats:
	!	0.036359 elapsed 0.002415 user 0.000000 system sec
	!	[0.002415 user 0.004498 sys total]
	!	0/0 [0/56] filesystem blocks in/out
	!	4/63 [51/448] page faults/reclaims, 0 [0] swaps
	!	0 [0] signals rcvd, 0/0 [0/0] messages rcvd/sent
	!	35/0 [81/0] voluntary/involuntary context switches
	! buffer usage stats:
	!	Shared blocks:        226 read,          0 written, buffer hit rate = 59.64%
	!	Local  blocks:          0 read,          0 written, buffer hit rate = 0.00%
	!	Direct blocks:          0 read,          0 written
	 1: count	(typeid = 20, len = 8, typmod = -1, byval = f)
	----
	 1: count = "301"	(typeid = 20, len = 8, typmod = -1, byval = f)
	----
backend> LOG:  shutting down
LOG:  database system is shut down
LOG:  database system was shut down at 2024-02-05 23:08:04 EST
LOG:  checkpoint record is at 0/BEF180
LOG:  redo record is at 0/BEF180; undo record is at 0/0; shutdown TRUE
LOG:  next transaction ID: 4515; next OID: 27152
LOG:  database system is ready

POSTGRES backend interactive interface 
$Revision: 1.375.2.5 $ $Date: 2005/12/14 17:07:00 $

backend> LOG:  QUERY STATISTICS
DETAIL:  ! system usage stats:
	!	0.043624 elapsed 0.002353 user 0.000000 system sec
	!	[0.006780 user 0.000000 sys total]
	!	0/0 [0/64] filesystem blocks in/out
	!	4/61 [51/448] page faults/reclaims, 0 [0] swaps
	!	0 [0] signals rcvd, 0/0 [0/0] messages rcvd/sent
	!	35/0 [80/1] voluntary/involuntary context switches
	! buffer usage stats:
	!	Shared blocks:        224 read,          0 written, buffer hit rate = 37.60%
	!	Local  blocks:          0 read,          0 written, buffer hit rate = 0.00%
	!	Direct blocks:          0 read,          0 written
	 1: count	(typeid = 20, len = 8, typmod = -1, byval = f)
	----
	 1: count = "101"	(typeid = 20, len = 8, typmod = -1, byval = f)
	----
backend> LOG:  shutting down
LOG:  database system is shut down
LOG:  database system was shut down at 2024-02-05 23:08:05 EST
LOG:  checkpoint record is at 0/BEF1C8
LOG:  redo record is at 0/BEF1C8; undo record is at 0/0; shutdown TRUE
LOG:  next transaction ID: 4517; next OID: 27152
LOG:  database system is ready

POSTGRES backend interactive interface 
$Revision: 1.375.2.5 $ $Date: 2005/12/14 17:07:00 $

backend> LOG:  QUERY STATISTICS
DETAIL:  ! system usage stats:
	!	0.036437 elapsed 0.002114 user 0.000000 system sec
	!	[0.006451 user 0.000000 sys total]
	!	0/0 [0/56] filesystem blocks in/out
	!	4/60 [51/450] page faults/reclaims, 0 [0] swaps
	!	0 [0] signals rcvd, 0/0 [0/0] messages rcvd/sent
	!	35/8 [79/16] voluntary/involuntary context switches
	! buffer usage stats:
	!	Shared blocks:        224 read,          0 written, buffer hit rate = 37.60%
	!	Local  blocks:          0 read,          0 written, buffer hit rate = 0.00%
	!	Direct blocks:          0 read,          0 written
	 1: count	(typeid = 20, len = 8, typmod = -1, byval = f)
	----
	 1: count = "101"	(typeid = 20, len = 8, typmod = -1, byval = f)
	----
backend> LOG:  shutting down
LOG:  database system is shut down
LOG:  database system was shut down at 2024-02-05 23:08:06 EST
LOG:  checkpoint record is at 0/BEF210
LOG:  redo record is at 0/BEF210; undo record is at 0/0; shutdown TRUE
LOG:  next transaction ID: 4519; next OID: 27152
LOG:  database system is ready

POSTGRES backend interactive interface 
$Revision: 1.375.2.5 $ $Date: 2005/12/14 17:07:00 $

backend> LOG:  QUERY STATISTICS
DETAIL:  ! system usage stats:
	!	0.034861 elapsed 0.002178 user 0.000000 system sec
	!	[0.006680 user 0.000000 sys total]
	!	0/0 [0/56] filesystem blocks in/out
	!	4/64 [51/451] page faults/reclaims, 0 [0] swaps
	!	0 [0] signals rcvd, 0/0 [0/0] messages rcvd/sent
	!	35/0 [80/1] voluntary/involuntary context switches
	! buffer usage stats:
	!	Shared blocks:        224 read,          0 written, buffer hit rate = 22.76%
	!	Local  blocks:          0 read,          0 written, buffer hit rate = 0.00%
	!	Direct blocks:          0 read,          0 written
	 1: count	(typeid = 20, len = 8, typmod = -1, byval = f)
	----
	 1: count = "31"	(typeid = 20, len = 8, typmod = -1, byval = f)
	----
backend> LOG:  shutting down
LOG:  database system is shut down
