LOG:  database system was shut down at 2024-02-09 19:02:46 EST
LOG:  checkpoint record is at 0/C09960
LOG:  redo record is at 0/C09960; undo record is at 0/0; shutdown TRUE
LOG:  next transaction ID: 40270; next OID: 22147
LOG:  database system is ready

POSTGRES backend interactive interface 
$Revision: 1.375.2.5 $ $Date: 2005/12/14 17:07:00 $

backend> LOG:  QUERY STATISTICS
DETAIL:  ! system usage stats:
	!	0.078209 elapsed 0.002205 user 0.000000 system sec
	!	[0.006660 user 0.000000 sys total]
	!	0/0 [0/56] filesystem blocks in/out
	!	18/61 [65/445] page faults/reclaims, 0 [0] swaps
	!	0 [0] signals rcvd, 0/0 [0/0] messages rcvd/sent
	!	35/0 [84/0] voluntary/involuntary context switches
	! buffer usage stats:
	!	Shared blocks:        216 read,          0 written, buffer hit rate = 27.76%
	!	Local  blocks:          0 read,          0 written, buffer hit rate = 0.00%
	!	Direct blocks:          0 read,          0 written
	 1: count	(typeid = 20, len = 8, typmod = -1, byval = f)
	----
	 1: count = "41"	(typeid = 20, len = 8, typmod = -1, byval = f)
	----
backend> LOG:  shutting down
LOG:  database system is shut down
LOG:  database system was shut down at 2024-02-09 19:02:46 EST
LOG:  checkpoint record is at 0/C099A8
LOG:  redo record is at 0/C099A8; undo record is at 0/0; shutdown TRUE
LOG:  next transaction ID: 40272; next OID: 22147
LOG:  database system is ready

POSTGRES backend interactive interface 
$Revision: 1.375.2.5 $ $Date: 2005/12/14 17:07:00 $

backend> LOG:  QUERY STATISTICS
DETAIL:  ! system usage stats:
	!	0.037585 elapsed 0.001925 user 0.003199 system sec
	!	[0.006398 user 0.003199 sys total]
	!	0/0 [0/56] filesystem blocks in/out
	!	18/53 [65/439] page faults/reclaims, 0 [0] swaps
	!	0 [0] signals rcvd, 0/0 [0/0] messages rcvd/sent
	!	29/0 [78/0] voluntary/involuntary context switches
	! buffer usage stats:
	!	Shared blocks:        215 read,          0 written, buffer hit rate = 16.67%
	!	Local  blocks:          0 read,          0 written, buffer hit rate = 0.00%
	!	Direct blocks:          0 read,          0 written
	 1: count	(typeid = 20, len = 8, typmod = -1, byval = f)
	----
	 1: count = "50"	(typeid = 20, len = 8, typmod = -1, byval = f)
	----
backend> LOG:  shutting down
LOG:  database system is shut down
LOG:  database system was shut down at 2024-02-09 19:02:46 EST
LOG:  checkpoint record is at 0/C099F0
LOG:  redo record is at 0/C099F0; undo record is at 0/0; shutdown TRUE
LOG:  next transaction ID: 40274; next OID: 22147
LOG:  database system is ready

POSTGRES backend interactive interface 
$Revision: 1.375.2.5 $ $Date: 2005/12/14 17:07:00 $

backend> LOG:  QUERY STATISTICS
DETAIL:  ! system usage stats:
	!	0.036625 elapsed 0.002115 user 0.000000 system sec
	!	[0.006345 user 0.000000 sys total]
	!	0/0 [0/56] filesystem blocks in/out
	!	18/61 [65/447] page faults/reclaims, 0 [0] swaps
	!	0 [0] signals rcvd, 0/0 [0/0] messages rcvd/sent
	!	36/0 [85/5] voluntary/involuntary context switches
	! buffer usage stats:
	!	Shared blocks:        217 read,          0 written, buffer hit rate = 39.39%
	!	Local  blocks:          0 read,          0 written, buffer hit rate = 0.00%
	!	Direct blocks:          0 read,          0 written
	 1: count	(typeid = 20, len = 8, typmod = -1, byval = f)
	----
	 1: count = "99"	(typeid = 20, len = 8, typmod = -1, byval = f)
	----
backend> LOG:  shutting down
LOG:  database system is shut down
LOG:  database system was shut down at 2024-02-09 19:02:46 EST
LOG:  checkpoint record is at 0/C09A38
LOG:  redo record is at 0/C09A38; undo record is at 0/0; shutdown TRUE
LOG:  next transaction ID: 40276; next OID: 22147
LOG:  database system is ready

POSTGRES backend interactive interface 
$Revision: 1.375.2.5 $ $Date: 2005/12/14 17:07:00 $

backend> LOG:  QUERY STATISTICS
DETAIL:  ! system usage stats:
	!	0.036925 elapsed 0.000000 user 0.002583 system sec
	!	[0.004130 user 0.002583 sys total]
	!	0/0 [0/56] filesystem blocks in/out
	!	18/60 [65/444] page faults/reclaims, 0 [0] swaps
	!	0 [0] signals rcvd, 0/0 [0/0] messages rcvd/sent
	!	36/9 [84/20] voluntary/involuntary context switches
	! buffer usage stats:
	!	Shared blocks:        225 read,          0 written, buffer hit rate = 82.16%
	!	Local  blocks:          0 read,          0 written, buffer hit rate = 0.00%
	!	Direct blocks:          0 read,          0 written
	 1: count	(typeid = 20, len = 8, typmod = -1, byval = f)
	----
	 1: count = "1000"	(typeid = 20, len = 8, typmod = -1, byval = f)
	----
backend> LOG:  shutting down
LOG:  database system is shut down
LOG:  database system was shut down at 2024-02-09 19:02:47 EST
LOG:  checkpoint record is at 0/C09A80
LOG:  redo record is at 0/C09A80; undo record is at 0/0; shutdown TRUE
LOG:  next transaction ID: 40278; next OID: 22147
LOG:  database system is ready

POSTGRES backend interactive interface 
$Revision: 1.375.2.5 $ $Date: 2005/12/14 17:07:00 $

backend> LOG:  QUERY STATISTICS
DETAIL:  ! system usage stats:
	!	0.033903 elapsed 0.004687 user 0.000717 system sec
	!	[0.004687 user 0.004687 sys total]
	!	0/0 [0/56] filesystem blocks in/out
	!	18/56 [65/442] page faults/reclaims, 0 [0] swaps
	!	0 [0] signals rcvd, 0/0 [0/0] messages rcvd/sent
	!	29/11 [77/15] voluntary/involuntary context switches
	! buffer usage stats:
	!	Shared blocks:        215 read,          0 written, buffer hit rate = 16.67%
	!	Local  blocks:          0 read,          0 written, buffer hit rate = 0.00%
	!	Direct blocks:          0 read,          0 written
	 1: count	(typeid = 20, len = 8, typmod = -1, byval = f)
	----
	 1: count = "2500"	(typeid = 20, len = 8, typmod = -1, byval = f)
	----
backend> LOG:  shutting down
LOG:  database system is shut down
LOG:  database system was shut down at 2024-02-09 19:02:47 EST
LOG:  checkpoint record is at 0/C09AC8
LOG:  redo record is at 0/C09AC8; undo record is at 0/0; shutdown TRUE
LOG:  next transaction ID: 40280; next OID: 22147
LOG:  database system is ready

POSTGRES backend interactive interface 
$Revision: 1.375.2.5 $ $Date: 2005/12/14 17:07:00 $

backend> LOG:  QUERY STATISTICS
DETAIL:  ! system usage stats:
	!	0.037892 elapsed 0.005244 user 0.000000 system sec
	!	[0.009454 user 0.000000 sys total]
	!	0/0 [0/56] filesystem blocks in/out
	!	18/58 [65/443] page faults/reclaims, 0 [0] swaps
	!	0 [0] signals rcvd, 0/0 [0/0] messages rcvd/sent
	!	33/1 [81/1] voluntary/involuntary context switches
	! buffer usage stats:
	!	Shared blocks:        244 read,          0 written, buffer hit rate = 15.28%
	!	Local  blocks:          0 read,          0 written, buffer hit rate = 0.00%
	!	Direct blocks:          0 read,          0 written
	 1: count	(typeid = 20, len = 8, typmod = -1, byval = f)
	----
	 1: count = "999"	(typeid = 20, len = 8, typmod = -1, byval = f)
	----
backend> LOG:  shutting down
LOG:  database system is shut down
LOG:  database system was shut down at 2024-02-09 19:02:47 EST
LOG:  checkpoint record is at 0/C09B10
LOG:  redo record is at 0/C09B10; undo record is at 0/0; shutdown TRUE
LOG:  next transaction ID: 40282; next OID: 22147
LOG:  database system is ready

POSTGRES backend interactive interface 
$Revision: 1.375.2.5 $ $Date: 2005/12/14 17:07:00 $

backend> LOG:  QUERY STATISTICS
DETAIL:  ! system usage stats:
	!	0.037455 elapsed 0.000000 user 0.002087 system sec
	!	[0.000000 user 0.006165 sys total]
	!	0/0 [0/56] filesystem blocks in/out
	!	18/61 [65/449] page faults/reclaims, 0 [0] swaps
	!	0 [0] signals rcvd, 0/0 [0/0] messages rcvd/sent
	!	35/1 [84/2] voluntary/involuntary context switches
	! buffer usage stats:
	!	Shared blocks:        219 read,          0 written, buffer hit rate = 60.89%
	!	Local  blocks:          0 read,          0 written, buffer hit rate = 0.00%
	!	Direct blocks:          0 read,          0 written
	 1: count	(typeid = 20, len = 8, typmod = -1, byval = f)
	----
	 1: count = "301"	(typeid = 20, len = 8, typmod = -1, byval = f)
	----
backend> LOG:  shutting down
LOG:  database system is shut down
LOG:  database system was shut down at 2024-02-09 19:02:47 EST
LOG:  checkpoint record is at 0/C09B58
LOG:  redo record is at 0/C09B58; undo record is at 0/0; shutdown TRUE
LOG:  next transaction ID: 40284; next OID: 22147
LOG:  database system is ready

POSTGRES backend interactive interface 
$Revision: 1.375.2.5 $ $Date: 2005/12/14 17:07:00 $

backend> LOG:  QUERY STATISTICS
DETAIL:  ! system usage stats:
	!	0.037127 elapsed 0.001960 user 0.000000 system sec
	!	[0.006087 user 0.000000 sys total]
	!	0/0 [0/64] filesystem blocks in/out
	!	18/58 [65/446] page faults/reclaims, 0 [0] swaps
	!	0 [0] signals rcvd, 0/0 [0/0] messages rcvd/sent
	!	35/0 [84/4] voluntary/involuntary context switches
	! buffer usage stats:
	!	Shared blocks:        217 read,          0 written, buffer hit rate = 39.55%
	!	Local  blocks:          0 read,          0 written, buffer hit rate = 0.00%
	!	Direct blocks:          0 read,          0 written
	 1: count	(typeid = 20, len = 8, typmod = -1, byval = f)
	----
	 1: count = "101"	(typeid = 20, len = 8, typmod = -1, byval = f)
	----
backend> LOG:  shutting down
LOG:  database system is shut down
LOG:  database system was shut down at 2024-02-09 19:02:47 EST
LOG:  checkpoint record is at 0/C09BA0
LOG:  redo record is at 0/C09BA0; undo record is at 0/0; shutdown TRUE
LOG:  next transaction ID: 40286; next OID: 22147
LOG:  database system is ready

POSTGRES backend interactive interface 
$Revision: 1.375.2.5 $ $Date: 2005/12/14 17:07:00 $

backend> LOG:  QUERY STATISTICS
DETAIL:  ! system usage stats:
	!	0.036582 elapsed 0.002009 user 0.000000 system sec
	!	[0.006210 user 0.000000 sys total]
	!	0/0 [0/56] filesystem blocks in/out
	!	18/59 [65/446] page faults/reclaims, 0 [0] swaps
	!	0 [0] signals rcvd, 0/0 [0/0] messages rcvd/sent
	!	36/6 [85/9] voluntary/involuntary context switches
	! buffer usage stats:
	!	Shared blocks:        217 read,          0 written, buffer hit rate = 39.55%
	!	Local  blocks:          0 read,          0 written, buffer hit rate = 0.00%
	!	Direct blocks:          0 read,          0 written
	 1: count	(typeid = 20, len = 8, typmod = -1, byval = f)
	----
	 1: count = "101"	(typeid = 20, len = 8, typmod = -1, byval = f)
	----
backend> LOG:  shutting down
LOG:  database system is shut down
LOG:  database system was shut down at 2024-02-09 19:02:47 EST
LOG:  checkpoint record is at 0/C09BE8
LOG:  redo record is at 0/C09BE8; undo record is at 0/0; shutdown TRUE
LOG:  next transaction ID: 40288; next OID: 22147
LOG:  database system is ready

POSTGRES backend interactive interface 
$Revision: 1.375.2.5 $ $Date: 2005/12/14 17:07:00 $

backend> LOG:  QUERY STATISTICS
DETAIL:  ! system usage stats:
	!	0.036804 elapsed 0.001833 user 0.000000 system sec
	!	[0.005703 user 0.000000 sys total]
	!	0/0 [0/56] filesystem blocks in/out
	!	18/59 [65/443] page faults/reclaims, 0 [0] swaps
	!	0 [0] signals rcvd, 0/0 [0/0] messages rcvd/sent
	!	35/0 [84/2] voluntary/involuntary context switches
	! buffer usage stats:
	!	Shared blocks:        217 read,          0 written, buffer hit rate = 25.17%
	!	Local  blocks:          0 read,          0 written, buffer hit rate = 0.00%
	!	Direct blocks:          0 read,          0 written
	 1: count	(typeid = 20, len = 8, typmod = -1, byval = f)
	----
	 1: count = "31"	(typeid = 20, len = 8, typmod = -1, byval = f)
	----
backend> LOG:  shutting down
LOG:  database system is shut down
