LOG:  database system was shut down at 2024-02-09 13:30:58 EST
LOG:  checkpoint record is at 0/B6C308
LOG:  redo record is at 0/B6C308; undo record is at 0/0; shutdown TRUE
LOG:  next transaction ID: 16448; next OID: 22147
LOG:  database system is ready

POSTGRES backend interactive interface 
$Revision: 1.375.2.5 $ $Date: 2005/12/14 17:07:00 $

backend> LOG:  QUERY STATISTICS
DETAIL:  ! system usage stats:
	!	0.040096 elapsed 0.000000 user 0.001954 system sec
	!	[0.004081 user 0.001954 sys total]
	!	0/0 [0/56] filesystem blocks in/out
	!	169/60 [223/446] page faults/reclaims, 0 [0] swaps
	!	0 [0] signals rcvd, 0/0 [0/0] messages rcvd/sent
	!	35/0 [80/3] voluntary/involuntary context switches
	! buffer usage stats:
	!	Shared blocks:         84 read,          0 written, buffer hit rate = 71.91%
	!	Local  blocks:          0 read,          0 written, buffer hit rate = 0.00%
	!	Direct blocks:          0 read,          0 written
	 1: count	(typeid = 20, len = 8, typmod = -1, byval = f)
	----
	 1: count = "41"	(typeid = 20, len = 8, typmod = -1, byval = f)
	----
backend> LOG:  shutting down
LOG:  database system is shut down
LOG:  database system was shut down at 2024-02-09 13:30:58 EST
LOG:  checkpoint record is at 0/B6C350
LOG:  redo record is at 0/B6C350; undo record is at 0/0; shutdown TRUE
LOG:  next transaction ID: 16450; next OID: 22147
LOG:  database system is ready

POSTGRES backend interactive interface 
$Revision: 1.375.2.5 $ $Date: 2005/12/14 17:07:00 $

backend> LOG:  QUERY STATISTICS
DETAIL:  ! system usage stats:
	!	0.041688 elapsed 0.004579 user 0.000467 system sec
	!	[0.004579 user 0.004579 sys total]
	!	0/0 [0/56] filesystem blocks in/out
	!	225/54 [279/440] page faults/reclaims, 0 [0] swaps
	!	0 [0] signals rcvd, 0/0 [0/0] messages rcvd/sent
	!	29/8 [76/17] voluntary/involuntary context switches
	! buffer usage stats:
	!	Shared blocks:        112 read,          0 written, buffer hit rate = 56.59%
	!	Local  blocks:          0 read,          0 written, buffer hit rate = 0.00%
	!	Direct blocks:          0 read,          0 written
	 1: count	(typeid = 20, len = 8, typmod = -1, byval = f)
	----
	 1: count = "50"	(typeid = 20, len = 8, typmod = -1, byval = f)
	----
backend> LOG:  shutting down
LOG:  database system is shut down
LOG:  database system was shut down at 2024-02-09 13:30:58 EST
LOG:  checkpoint record is at 0/B6C398
LOG:  redo record is at 0/B6C398; undo record is at 0/0; shutdown TRUE
LOG:  next transaction ID: 16452; next OID: 22147
LOG:  database system is ready

POSTGRES backend interactive interface 
$Revision: 1.375.2.5 $ $Date: 2005/12/14 17:07:00 $

backend> LOG:  QUERY STATISTICS
DETAIL:  ! system usage stats:
	!	0.036371 elapsed 0.002141 user 0.000000 system sec
	!	[0.006478 user 0.000000 sys total]
	!	0/0 [0/56] filesystem blocks in/out
	!	175/62 [229/444] page faults/reclaims, 0 [0] swaps
	!	0 [0] signals rcvd, 0/0 [0/0] messages rcvd/sent
	!	35/0 [82/0] voluntary/involuntary context switches
	! buffer usage stats:
	!	Shared blocks:         87 read,          0 written, buffer hit rate = 75.70%
	!	Local  blocks:          0 read,          0 written, buffer hit rate = 0.00%
	!	Direct blocks:          0 read,          0 written
	 1: count	(typeid = 20, len = 8, typmod = -1, byval = f)
	----
	 1: count = "99"	(typeid = 20, len = 8, typmod = -1, byval = f)
	----
backend> LOG:  shutting down
LOG:  database system is shut down
LOG:  database system was shut down at 2024-02-09 13:30:58 EST
LOG:  checkpoint record is at 0/B6C3E0
LOG:  redo record is at 0/B6C3E0; undo record is at 0/0; shutdown TRUE
LOG:  next transaction ID: 16454; next OID: 22147
LOG:  database system is ready

POSTGRES backend interactive interface 
$Revision: 1.375.2.5 $ $Date: 2005/12/14 17:07:00 $

backend> LOG:  QUERY STATISTICS
DETAIL:  ! system usage stats:
	!	0.048898 elapsed 0.001268 user 0.001268 system sec
	!	[0.003351 user 0.003351 sys total]
	!	0/0 [0/56] filesystem blocks in/out
	!	187/59 [241/444] page faults/reclaims, 0 [0] swaps
	!	0 [0] signals rcvd, 0/0 [0/0] messages rcvd/sent
	!	35/0 [83/3] voluntary/involuntary context switches
	! buffer usage stats:
	!	Shared blocks:         93 read,          0 written, buffer hit rate = 92.62%
	!	Local  blocks:          0 read,          0 written, buffer hit rate = 0.00%
	!	Direct blocks:          0 read,          0 written
	 1: count	(typeid = 20, len = 8, typmod = -1, byval = f)
	----
	 1: count = "1000"	(typeid = 20, len = 8, typmod = -1, byval = f)
	----
backend> LOG:  shutting down
LOG:  database system is shut down
LOG:  database system was shut down at 2024-02-09 13:30:59 EST
LOG:  checkpoint record is at 0/B6C428
LOG:  redo record is at 0/B6C428; undo record is at 0/0; shutdown TRUE
LOG:  next transaction ID: 16456; next OID: 22147
LOG:  database system is ready

POSTGRES backend interactive interface 
$Revision: 1.375.2.5 $ $Date: 2005/12/14 17:07:00 $

backend> LOG:  QUERY STATISTICS
DETAIL:  ! system usage stats:
	!	0.042572 elapsed 0.000000 user 0.005372 system sec
	!	[0.000000 user 0.009653 sys total]
	!	0/0 [0/56] filesystem blocks in/out
	!	225/54 [279/437] page faults/reclaims, 0 [0] swaps
	!	0 [0] signals rcvd, 0/0 [0/0] messages rcvd/sent
	!	29/0 [80/4] voluntary/involuntary context switches
	! buffer usage stats:
	!	Shared blocks:        112 read,          0 written, buffer hit rate = 56.59%
	!	Local  blocks:          0 read,          0 written, buffer hit rate = 0.00%
	!	Direct blocks:          0 read,          0 written
	 1: count	(typeid = 20, len = 8, typmod = -1, byval = f)
	----
	 1: count = "2500"	(typeid = 20, len = 8, typmod = -1, byval = f)
	----
backend> LOG:  shutting down
LOG:  database system is shut down
LOG:  database system was shut down at 2024-02-09 13:30:59 EST
LOG:  checkpoint record is at 0/B6C470
LOG:  redo record is at 0/B6C470; undo record is at 0/0; shutdown TRUE
LOG:  next transaction ID: 16458; next OID: 22147
LOG:  database system is ready

POSTGRES backend interactive interface 
$Revision: 1.375.2.5 $ $Date: 2005/12/14 17:07:00 $

backend> LOG:  QUERY STATISTICS
DETAIL:  ! system usage stats:
	!	0.038102 elapsed 0.005433 user 0.000000 system sec
	!	[0.009590 user 0.000000 sys total]
	!	0/0 [0/56] filesystem blocks in/out
	!	229/58 [283/445] page faults/reclaims, 0 [0] swaps
	!	0 [0] signals rcvd, 0/0 [0/0] messages rcvd/sent
	!	33/0 [81/1] voluntary/involuntary context switches
	! buffer usage stats:
	!	Shared blocks:        114 read,          0 written, buffer hit rate = 60.42%
	!	Local  blocks:          0 read,          0 written, buffer hit rate = 0.00%
	!	Direct blocks:          0 read,          0 written
	 1: count	(typeid = 20, len = 8, typmod = -1, byval = f)
	----
	 1: count = "999"	(typeid = 20, len = 8, typmod = -1, byval = f)
	----
backend> LOG:  shutting down
LOG:  database system is shut down
LOG:  database system was shut down at 2024-02-09 13:30:59 EST
LOG:  checkpoint record is at 0/B6C4B8
LOG:  redo record is at 0/B6C4B8; undo record is at 0/0; shutdown TRUE
LOG:  next transaction ID: 16460; next OID: 22147
LOG:  database system is ready

POSTGRES backend interactive interface 
$Revision: 1.375.2.5 $ $Date: 2005/12/14 17:07:00 $

backend> LOG:  QUERY STATISTICS
DETAIL:  ! system usage stats:
	!	0.037609 elapsed 0.002098 user 0.000011 system sec
	!	[0.004174 user 0.002087 sys total]
	!	0/0 [0/56] filesystem blocks in/out
	!	175/59 [229/446] page faults/reclaims, 0 [0] swaps
	!	0 [0] signals rcvd, 0/0 [0/0] messages rcvd/sent
	!	36/3 [83/4] voluntary/involuntary context switches
	! buffer usage stats:
	!	Shared blocks:         87 read,          0 written, buffer hit rate = 84.46%
	!	Local  blocks:          0 read,          0 written, buffer hit rate = 0.00%
	!	Direct blocks:          0 read,          0 written
	 1: count	(typeid = 20, len = 8, typmod = -1, byval = f)
	----
	 1: count = "301"	(typeid = 20, len = 8, typmod = -1, byval = f)
	----
backend> LOG:  shutting down
LOG:  database system is shut down
LOG:  database system was shut down at 2024-02-09 13:30:59 EST
LOG:  checkpoint record is at 0/B6C500
LOG:  redo record is at 0/B6C500; undo record is at 0/0; shutdown TRUE
LOG:  next transaction ID: 16462; next OID: 22147
LOG:  database system is ready

POSTGRES backend interactive interface 
$Revision: 1.375.2.5 $ $Date: 2005/12/14 17:07:00 $

backend> LOG:  QUERY STATISTICS
DETAIL:  ! system usage stats:
	!	0.038877 elapsed 0.000000 user 0.002088 system sec
	!	[0.004029 user 0.002088 sys total]
	!	0/0 [0/64] filesystem blocks in/out
	!	171/62 [225/447] page faults/reclaims, 0 [0] swaps
	!	0 [0] signals rcvd, 0/0 [0/0] messages rcvd/sent
	!	35/1 [80/4] voluntary/involuntary context switches
	! buffer usage stats:
	!	Shared blocks:         85 read,          0 written, buffer hit rate = 76.32%
	!	Local  blocks:          0 read,          0 written, buffer hit rate = 0.00%
	!	Direct blocks:          0 read,          0 written
	 1: count	(typeid = 20, len = 8, typmod = -1, byval = f)
	----
	 1: count = "101"	(typeid = 20, len = 8, typmod = -1, byval = f)
	----
backend> LOG:  shutting down
LOG:  database system is shut down
LOG:  database system was shut down at 2024-02-09 13:30:59 EST
LOG:  checkpoint record is at 0/B6C548
LOG:  redo record is at 0/B6C548; undo record is at 0/0; shutdown TRUE
LOG:  next transaction ID: 16464; next OID: 22147
LOG:  database system is ready

POSTGRES backend interactive interface 
$Revision: 1.375.2.5 $ $Date: 2005/12/14 17:07:00 $

backend> LOG:  QUERY STATISTICS
DETAIL:  ! system usage stats:
	!	0.038271 elapsed 0.000136 user 0.002304 system sec
	!	[0.004608 user 0.002304 sys total]
	!	0/0 [0/56] filesystem blocks in/out
	!	171/60 [225/446] page faults/reclaims, 0 [0] swaps
	!	0 [0] signals rcvd, 0/0 [0/0] messages rcvd/sent
	!	35/1 [83/4] voluntary/involuntary context switches
	! buffer usage stats:
	!	Shared blocks:         85 read,          0 written, buffer hit rate = 76.32%
	!	Local  blocks:          0 read,          0 written, buffer hit rate = 0.00%
	!	Direct blocks:          0 read,          0 written
	 1: count	(typeid = 20, len = 8, typmod = -1, byval = f)
	----
	 1: count = "101"	(typeid = 20, len = 8, typmod = -1, byval = f)
	----
backend> LOG:  shutting down
LOG:  database system is shut down
LOG:  database system was shut down at 2024-02-09 13:30:59 EST
LOG:  checkpoint record is at 0/B6C590
LOG:  redo record is at 0/B6C590; undo record is at 0/0; shutdown TRUE
LOG:  next transaction ID: 16466; next OID: 22147
LOG:  database system is ready

POSTGRES backend interactive interface 
$Revision: 1.375.2.5 $ $Date: 2005/12/14 17:07:00 $

backend> LOG:  QUERY STATISTICS
DETAIL:  ! system usage stats:
	!	0.043132 elapsed 0.002139 user 0.000000 system sec
	!	[0.006734 user 0.000000 sys total]
	!	0/0 [0/56] filesystem blocks in/out
	!	171/60 [225/447] page faults/reclaims, 0 [0] swaps
	!	0 [0] signals rcvd, 0/0 [0/0] messages rcvd/sent
	!	35/0 [83/2] voluntary/involuntary context switches
	! buffer usage stats:
	!	Shared blocks:         85 read,          0 written, buffer hit rate = 70.69%
	!	Local  blocks:          0 read,          0 written, buffer hit rate = 0.00%
	!	Direct blocks:          0 read,          0 written
	 1: count	(typeid = 20, len = 8, typmod = -1, byval = f)
	----
	 1: count = "31"	(typeid = 20, len = 8, typmod = -1, byval = f)
	----
backend> LOG:  shutting down
LOG:  database system is shut down
