LOG:  database system was shut down at 2024-02-09 15:37:58 EST
LOG:  checkpoint record is at 0/BCE298
LOG:  redo record is at 0/BCE298; undo record is at 0/0; shutdown TRUE
LOG:  next transaction ID: 30808; next OID: 22147
LOG:  database system is ready

POSTGRES backend interactive interface 
$Revision: 1.375.2.5 $ $Date: 2005/12/14 17:07:00 $

backend> LOG:  QUERY STATISTICS
DETAIL:  ! system usage stats:
	!	0.037761 elapsed 0.002007 user 0.000000 system sec
	!	[0.006068 user 0.000000 sys total]
	!	0/0 [0/56] filesystem blocks in/out
	!	30/58 [76/445] page faults/reclaims, 0 [0] swaps
	!	0 [0] signals rcvd, 0/0 [0/0] messages rcvd/sent
	!	35/0 [82/1] voluntary/involuntary context switches
	! buffer usage stats:
	!	Shared blocks:        208 read,          0 written, buffer hit rate = 30.43%
	!	Local  blocks:          0 read,          0 written, buffer hit rate = 0.00%
	!	Direct blocks:          0 read,          0 written
	 1: count	(typeid = 20, len = 8, typmod = -1, byval = f)
	----
	 1: count = "41"	(typeid = 20, len = 8, typmod = -1, byval = f)
	----
backend> LOG:  shutting down
LOG:  database system is shut down
LOG:  database system was shut down at 2024-02-09 15:37:58 EST
LOG:  checkpoint record is at 0/BCE2E0
LOG:  redo record is at 0/BCE2E0; undo record is at 0/0; shutdown TRUE
LOG:  next transaction ID: 30810; next OID: 22147
LOG:  database system is ready

POSTGRES backend interactive interface 
$Revision: 1.375.2.5 $ $Date: 2005/12/14 17:07:00 $

backend> LOG:  QUERY STATISTICS
DETAIL:  ! system usage stats:
	!	0.036612 elapsed 0.004907 user 0.000000 system sec
	!	[0.008995 user 0.000000 sys total]
	!	0/0 [0/56] filesystem blocks in/out
	!	30/54 [76/438] page faults/reclaims, 0 [0] swaps
	!	0 [0] signals rcvd, 0/0 [0/0] messages rcvd/sent
	!	29/0 [75/1] voluntary/involuntary context switches
	! buffer usage stats:
	!	Shared blocks:        207 read,          0 written, buffer hit rate = 19.77%
	!	Local  blocks:          0 read,          0 written, buffer hit rate = 0.00%
	!	Direct blocks:          0 read,          0 written
	 1: count	(typeid = 20, len = 8, typmod = -1, byval = f)
	----
	 1: count = "50"	(typeid = 20, len = 8, typmod = -1, byval = f)
	----
backend> LOG:  shutting down
LOG:  database system is shut down
LOG:  database system was shut down at 2024-02-09 15:37:59 EST
LOG:  checkpoint record is at 0/BCE328
LOG:  redo record is at 0/BCE328; undo record is at 0/0; shutdown TRUE
LOG:  next transaction ID: 30812; next OID: 22147
LOG:  database system is ready

POSTGRES backend interactive interface 
$Revision: 1.375.2.5 $ $Date: 2005/12/14 17:07:00 $

backend> LOG:  QUERY STATISTICS
DETAIL:  ! system usage stats:
	!	0.041458 elapsed 0.002157 user 0.000000 system sec
	!	[0.006371 user 0.000000 sys total]
	!	0/0 [0/56] filesystem blocks in/out
	!	30/59 [76/442] page faults/reclaims, 0 [0] swaps
	!	0 [0] signals rcvd, 0/0 [0/0] messages rcvd/sent
	!	35/2 [82/7] voluntary/involuntary context switches
	! buffer usage stats:
	!	Shared blocks:        209 read,          0 written, buffer hit rate = 41.62%
	!	Local  blocks:          0 read,          0 written, buffer hit rate = 0.00%
	!	Direct blocks:          0 read,          0 written
	 1: count	(typeid = 20, len = 8, typmod = -1, byval = f)
	----
	 1: count = "99"	(typeid = 20, len = 8, typmod = -1, byval = f)
	----
backend> LOG:  shutting down
LOG:  database system is shut down
LOG:  database system was shut down at 2024-02-09 15:37:59 EST
LOG:  checkpoint record is at 0/BCE370
LOG:  redo record is at 0/BCE370; undo record is at 0/0; shutdown TRUE
LOG:  next transaction ID: 30814; next OID: 22147
LOG:  database system is ready

POSTGRES backend interactive interface 
$Revision: 1.375.2.5 $ $Date: 2005/12/14 17:07:00 $

backend> LOG:  QUERY STATISTICS
DETAIL:  ! system usage stats:
	!	0.037330 elapsed 0.002503 user 0.000000 system sec
	!	[0.006641 user 0.000000 sys total]
	!	0/0 [0/56] filesystem blocks in/out
	!	30/60 [76/444] page faults/reclaims, 0 [0] swaps
	!	0 [0] signals rcvd, 0/0 [0/0] messages rcvd/sent
	!	35/1 [83/6] voluntary/involuntary context switches
	! buffer usage stats:
	!	Shared blocks:        217 read,          0 written, buffer hit rate = 82.79%
	!	Local  blocks:          0 read,          0 written, buffer hit rate = 0.00%
	!	Direct blocks:          0 read,          0 written
	 1: count	(typeid = 20, len = 8, typmod = -1, byval = f)
	----
	 1: count = "1000"	(typeid = 20, len = 8, typmod = -1, byval = f)
	----
backend> LOG:  shutting down
LOG:  database system is shut down
LOG:  database system was shut down at 2024-02-09 15:37:59 EST
LOG:  checkpoint record is at 0/BCE3B8
LOG:  redo record is at 0/BCE3B8; undo record is at 0/0; shutdown TRUE
LOG:  next transaction ID: 30816; next OID: 22147
LOG:  database system is ready

POSTGRES backend interactive interface 
$Revision: 1.375.2.5 $ $Date: 2005/12/14 17:07:00 $

backend> LOG:  QUERY STATISTICS
DETAIL:  ! system usage stats:
	!	0.039241 elapsed 0.004861 user 0.000673 system sec
	!	[0.004861 user 0.004861 sys total]
	!	0/0 [0/64] filesystem blocks in/out
	!	30/53 [76/438] page faults/reclaims, 0 [0] swaps
	!	0 [0] signals rcvd, 0/0 [0/0] messages rcvd/sent
	!	29/0 [77/14] voluntary/involuntary context switches
	! buffer usage stats:
	!	Shared blocks:        207 read,          0 written, buffer hit rate = 19.77%
	!	Local  blocks:          0 read,          0 written, buffer hit rate = 0.00%
	!	Direct blocks:          0 read,          0 written
	 1: count	(typeid = 20, len = 8, typmod = -1, byval = f)
	----
	 1: count = "2500"	(typeid = 20, len = 8, typmod = -1, byval = f)
	----
backend> LOG:  shutting down
LOG:  database system is shut down
LOG:  database system was shut down at 2024-02-09 15:37:59 EST
LOG:  checkpoint record is at 0/BCE400
LOG:  redo record is at 0/BCE400; undo record is at 0/0; shutdown TRUE
LOG:  next transaction ID: 30818; next OID: 22147
LOG:  database system is ready

POSTGRES backend interactive interface 
$Revision: 1.375.2.5 $ $Date: 2005/12/14 17:07:00 $

backend> LOG:  QUERY STATISTICS
DETAIL:  ! system usage stats:
	!	0.039241 elapsed 0.004794 user 0.000000 system sec
	!	[0.008861 user 0.000000 sys total]
	!	0/0 [0/56] filesystem blocks in/out
	!	30/57 [76/444] page faults/reclaims, 0 [0] swaps
	!	0 [0] signals rcvd, 0/0 [0/0] messages rcvd/sent
	!	33/0 [80/0] voluntary/involuntary context switches
	! buffer usage stats:
	!	Shared blocks:        236 read,          0 written, buffer hit rate = 18.06%
	!	Local  blocks:          0 read,          0 written, buffer hit rate = 0.00%
	!	Direct blocks:          0 read,          0 written
	 1: count	(typeid = 20, len = 8, typmod = -1, byval = f)
	----
	 1: count = "999"	(typeid = 20, len = 8, typmod = -1, byval = f)
	----
backend> LOG:  shutting down
LOG:  database system is shut down
LOG:  database system was shut down at 2024-02-09 15:37:59 EST
LOG:  checkpoint record is at 0/BCE448
LOG:  redo record is at 0/BCE448; undo record is at 0/0; shutdown TRUE
LOG:  next transaction ID: 30820; next OID: 22147
LOG:  database system is ready

POSTGRES backend interactive interface 
$Revision: 1.375.2.5 $ $Date: 2005/12/14 17:07:00 $

backend> LOG:  QUERY STATISTICS
DETAIL:  ! system usage stats:
	!	0.041402 elapsed 0.001135 user 0.001135 system sec
	!	[0.003154 user 0.003154 sys total]
	!	0/0 [0/56] filesystem blocks in/out
	!	30/59 [76/444] page faults/reclaims, 0 [0] swaps
	!	0 [0] signals rcvd, 0/0 [0/0] messages rcvd/sent
	!	35/2 [81/5] voluntary/involuntary context switches
	! buffer usage stats:
	!	Shared blocks:        211 read,          0 written, buffer hit rate = 62.32%
	!	Local  blocks:          0 read,          0 written, buffer hit rate = 0.00%
	!	Direct blocks:          0 read,          0 written
	 1: count	(typeid = 20, len = 8, typmod = -1, byval = f)
	----
	 1: count = "301"	(typeid = 20, len = 8, typmod = -1, byval = f)
	----
backend> LOG:  shutting down
LOG:  database system is shut down
LOG:  database system was shut down at 2024-02-09 15:37:59 EST
LOG:  checkpoint record is at 0/BCE490
LOG:  redo record is at 0/BCE490; undo record is at 0/0; shutdown TRUE
LOG:  next transaction ID: 30822; next OID: 22147
LOG:  database system is ready

POSTGRES backend interactive interface 
$Revision: 1.375.2.5 $ $Date: 2005/12/14 17:07:00 $

backend> LOG:  QUERY STATISTICS
DETAIL:  ! system usage stats:
	!	0.036417 elapsed 0.000000 user 0.002096 system sec
	!	[0.000000 user 0.006117 sys total]
	!	0/0 [8/64] filesystem blocks in/out
	!	30/59 [76/446] page faults/reclaims, 0 [0] swaps
	!	0 [0] signals rcvd, 0/0 [0/0] messages rcvd/sent
	!	35/0 [83/3] voluntary/involuntary context switches
	! buffer usage stats:
	!	Shared blocks:        209 read,          0 written, buffer hit rate = 41.78%
	!	Local  blocks:          0 read,          0 written, buffer hit rate = 0.00%
	!	Direct blocks:          0 read,          0 written
	 1: count	(typeid = 20, len = 8, typmod = -1, byval = f)
	----
	 1: count = "101"	(typeid = 20, len = 8, typmod = -1, byval = f)
	----
backend> LOG:  shutting down
LOG:  database system is shut down
LOG:  database system was shut down at 2024-02-09 15:37:59 EST
LOG:  checkpoint record is at 0/BCE4D8
LOG:  redo record is at 0/BCE4D8; undo record is at 0/0; shutdown TRUE
LOG:  next transaction ID: 30824; next OID: 22147
LOG:  database system is ready

POSTGRES backend interactive interface 
$Revision: 1.375.2.5 $ $Date: 2005/12/14 17:07:00 $

backend> LOG:  QUERY STATISTICS
DETAIL:  ! system usage stats:
	!	0.041165 elapsed 0.000767 user 0.001534 system sec
	!	[0.002128 user 0.004256 sys total]
	!	0/0 [0/56] filesystem blocks in/out
	!	30/59 [76/445] page faults/reclaims, 0 [0] swaps
	!	0 [0] signals rcvd, 0/0 [0/0] messages rcvd/sent
	!	35/1 [81/5] voluntary/involuntary context switches
	! buffer usage stats:
	!	Shared blocks:        209 read,          0 written, buffer hit rate = 41.78%
	!	Local  blocks:          0 read,          0 written, buffer hit rate = 0.00%
	!	Direct blocks:          0 read,          0 written
	 1: count	(typeid = 20, len = 8, typmod = -1, byval = f)
	----
	 1: count = "101"	(typeid = 20, len = 8, typmod = -1, byval = f)
	----
backend> LOG:  shutting down
LOG:  database system is shut down
LOG:  database system was shut down at 2024-02-09 15:37:59 EST
LOG:  checkpoint record is at 0/BCE520
LOG:  redo record is at 0/BCE520; undo record is at 0/0; shutdown TRUE
LOG:  next transaction ID: 30826; next OID: 22147
LOG:  database system is ready

POSTGRES backend interactive interface 
$Revision: 1.375.2.5 $ $Date: 2005/12/14 17:07:00 $

backend> LOG:  QUERY STATISTICS
DETAIL:  ! system usage stats:
	!	0.038995 elapsed 0.000000 user 0.002032 system sec
	!	[0.004151 user 0.002032 sys total]
	!	0/0 [0/56] filesystem blocks in/out
	!	30/59 [76/443] page faults/reclaims, 0 [0] swaps
	!	0 [0] signals rcvd, 0/0 [0/0] messages rcvd/sent
	!	36/1 [82/5] voluntary/involuntary context switches
	! buffer usage stats:
	!	Shared blocks:        209 read,          0 written, buffer hit rate = 27.93%
	!	Local  blocks:          0 read,          0 written, buffer hit rate = 0.00%
	!	Direct blocks:          0 read,          0 written
	 1: count	(typeid = 20, len = 8, typmod = -1, byval = f)
	----
	 1: count = "31"	(typeid = 20, len = 8, typmod = -1, byval = f)
	----
backend> LOG:  shutting down
LOG:  database system is shut down
