LOG:  database system was shut down at 2024-02-07 02:43:49 EST
LOG:  checkpoint record is at 0/B08F68
LOG:  redo record is at 0/B08F68; undo record is at 0/0; shutdown TRUE
LOG:  next transaction ID: 4936; next OID: 22147
LOG:  database system is ready

POSTGRES backend interactive interface 
$Revision: 1.375.2.5 $ $Date: 2005/12/14 17:07:00 $

backend> LOG:  QUERY STATISTICS
DETAIL:  ! system usage stats:
	!	0.035760 elapsed 0.001283 user 0.002949 system sec
	!	[0.005899 user 0.002949 sys total]
	!	0/0 [0/56] filesystem blocks in/out
	!	4/53 [47/440] page faults/reclaims, 0 [0] swaps
	!	0 [0] signals rcvd, 0/0 [0/0] messages rcvd/sent
	!	31/0 [78/1] voluntary/involuntary context switches
	! buffer usage stats:
	!	Shared blocks:        210 read,          0 written, buffer hit rate = 11.02%
	!	Local  blocks:          0 read,          0 written, buffer hit rate = 0.00%
	!	Direct blocks:          0 read,          0 written
	 1: count	(typeid = 20, len = 8, typmod = -1, byval = f)
	----
	 1: count = "2175"	(typeid = 20, len = 8, typmod = -1, byval = f)
	----
backend> LOG:  shutting down
LOG:  database system is shut down
LOG:  database system was shut down at 2024-02-07 02:43:50 EST
LOG:  checkpoint record is at 0/B08FB0
LOG:  redo record is at 0/B08FB0; undo record is at 0/0; shutdown TRUE
LOG:  next transaction ID: 4938; next OID: 22147
LOG:  database system is ready

POSTGRES backend interactive interface 
$Revision: 1.375.2.5 $ $Date: 2005/12/14 17:07:00 $

backend> LOG:  QUERY STATISTICS
DETAIL:  ! system usage stats:
	!	0.033214 elapsed 0.005074 user 0.000000 system sec
	!	[0.009447 user 0.000000 sys total]
	!	0/0 [0/56] filesystem blocks in/out
	!	4/55 [47/437] page faults/reclaims, 0 [0] swaps
	!	0 [0] signals rcvd, 0/0 [0/0] messages rcvd/sent
	!	29/0 [76/1] voluntary/involuntary context switches
	! buffer usage stats:
	!	Shared blocks:        226 read,          0 written, buffer hit rate = 13.74%
	!	Local  blocks:          0 read,          0 written, buffer hit rate = 0.00%
	!	Direct blocks:          0 read,          0 written
	 1: count	(typeid = 20, len = 8, typmod = -1, byval = f)
	----
	 1: count = "1051"	(typeid = 20, len = 8, typmod = -1, byval = f)
	----
backend> LOG:  shutting down
LOG:  database system is shut down
LOG:  database system was shut down at 2024-02-07 02:43:52 EST
LOG:  checkpoint record is at 0/B08FF8
LOG:  redo record is at 0/B08FF8; undo record is at 0/0; shutdown TRUE
LOG:  next transaction ID: 4940; next OID: 22147
LOG:  database system is ready

POSTGRES backend interactive interface 
$Revision: 1.375.2.5 $ $Date: 2005/12/14 17:07:00 $

backend> LOG:  QUERY STATISTICS
DETAIL:  ! system usage stats:
	!	0.034360 elapsed 0.005106 user 0.000000 system sec
	!	[0.009477 user 0.000000 sys total]
	!	0/0 [0/56] filesystem blocks in/out
	!	4/59 [47/444] page faults/reclaims, 0 [0] swaps
	!	0 [0] signals rcvd, 0/0 [0/0] messages rcvd/sent
	!	31/0 [78/0] voluntary/involuntary context switches
	! buffer usage stats:
	!	Shared blocks:        250 read,          0 written, buffer hit rate = 12.28%
	!	Local  blocks:          0 read,          0 written, buffer hit rate = 0.00%
	!	Direct blocks:          0 read,          0 written
	 1: count	(typeid = 20, len = 8, typmod = -1, byval = f)
	----
	 1: count = "541"	(typeid = 20, len = 8, typmod = -1, byval = f)
	----
backend> LOG:  shutting down
LOG:  database system is shut down
LOG:  database system was shut down at 2024-02-07 02:43:53 EST
LOG:  checkpoint record is at 0/B09040
LOG:  redo record is at 0/B09040; undo record is at 0/0; shutdown TRUE
LOG:  next transaction ID: 4942; next OID: 22147
LOG:  database system is ready

POSTGRES backend interactive interface 
$Revision: 1.375.2.5 $ $Date: 2005/12/14 17:07:00 $

backend> LOG:  QUERY STATISTICS
DETAIL:  ! system usage stats:
	!	0.035933 elapsed 0.004553 user 0.001156 system sec
	!	[0.006793 user 0.003396 sys total]
	!	0/0 [0/56] filesystem blocks in/out
	!	4/60 [47/443] page faults/reclaims, 0 [0] swaps
	!	0 [0] signals rcvd, 0/0 [0/0] messages rcvd/sent
	!	31/2 [78/2] voluntary/involuntary context switches
	! buffer usage stats:
	!	Shared blocks:        261 read,          0 written, buffer hit rate = 12.42%
	!	Local  blocks:          0 read,          0 written, buffer hit rate = 0.00%
	!	Direct blocks:          0 read,          0 written
	 1: count	(typeid = 20, len = 8, typmod = -1, byval = f)
	----
	 1: count = "1326"	(typeid = 20, len = 8, typmod = -1, byval = f)
	----
backend> LOG:  shutting down
LOG:  database system is shut down
LOG:  database system was shut down at 2024-02-07 02:43:54 EST
LOG:  checkpoint record is at 0/B09088
LOG:  redo record is at 0/B09088; undo record is at 0/0; shutdown TRUE
LOG:  next transaction ID: 4944; next OID: 22147
LOG:  database system is ready

POSTGRES backend interactive interface 
$Revision: 1.375.2.5 $ $Date: 2005/12/14 17:07:00 $

backend> LOG:  QUERY STATISTICS
DETAIL:  ! system usage stats:
	!	0.033375 elapsed 0.005270 user 0.000272 system sec
	!	[0.007497 user 0.002499 sys total]
	!	0/0 [0/56] filesystem blocks in/out
	!	4/54 [47/440] page faults/reclaims, 0 [0] swaps
	!	0 [0] signals rcvd, 0/0 [0/0] messages rcvd/sent
	!	29/2 [76/2] voluntary/involuntary context switches
	! buffer usage stats:
	!	Shared blocks:        230 read,          0 written, buffer hit rate = 13.53%
	!	Local  blocks:          0 read,          0 written, buffer hit rate = 0.00%
	!	Direct blocks:          0 read,          0 written
	 1: count	(typeid = 20, len = 8, typmod = -1, byval = f)
	----
	 1: count = "340"	(typeid = 20, len = 8, typmod = -1, byval = f)
	----
backend> LOG:  shutting down
LOG:  database system is shut down
LOG:  database system was shut down at 2024-02-07 02:43:55 EST
LOG:  checkpoint record is at 0/B090D0
LOG:  redo record is at 0/B090D0; undo record is at 0/0; shutdown TRUE
LOG:  next transaction ID: 4946; next OID: 22147
LOG:  database system is ready

POSTGRES backend interactive interface 
$Revision: 1.375.2.5 $ $Date: 2005/12/14 17:07:00 $

backend> LOG:  QUERY STATISTICS
DETAIL:  ! system usage stats:
	!	0.035584 elapsed 0.000505 user 0.004894 system sec
	!	[0.004894 user 0.004894 sys total]
	!	0/0 [8/56] filesystem blocks in/out
	!	4/58 [47/442] page faults/reclaims, 0 [0] swaps
	!	0 [0] signals rcvd, 0/0 [0/0] messages rcvd/sent
	!	31/1 [79/1] voluntary/involuntary context switches
	! buffer usage stats:
	!	Shared blocks:        256 read,          0 written, buffer hit rate = 12.33%
	!	Local  blocks:          0 read,          0 written, buffer hit rate = 0.00%
	!	Direct blocks:          0 read,          0 written
	 1: count	(typeid = 20, len = 8, typmod = -1, byval = f)
	----
	 1: count = "1794"	(typeid = 20, len = 8, typmod = -1, byval = f)
	----
backend> LOG:  shutting down
LOG:  database system is shut down
LOG:  database system was shut down at 2024-02-07 02:43:56 EST
LOG:  checkpoint record is at 0/B09118
LOG:  redo record is at 0/B09118; undo record is at 0/0; shutdown TRUE
LOG:  next transaction ID: 4948; next OID: 22147
LOG:  database system is ready

POSTGRES backend interactive interface 
$Revision: 1.375.2.5 $ $Date: 2005/12/14 17:07:00 $

backend> LOG:  QUERY STATISTICS
DETAIL:  ! system usage stats:
	!	0.035828 elapsed 0.004049 user 0.000000 system sec
	!	[0.008442 user 0.000000 sys total]
	!	0/0 [0/56] filesystem blocks in/out
	!	4/53 [47/438] page faults/reclaims, 0 [0] swaps
	!	0 [0] signals rcvd, 0/0 [0/0] messages rcvd/sent
	!	31/0 [78/0] voluntary/involuntary context switches
	! buffer usage stats:
	!	Shared blocks:        209 read,          0 written, buffer hit rate = 11.44%
	!	Local  blocks:          0 read,          0 written, buffer hit rate = 0.00%
	!	Direct blocks:          0 read,          0 written
	 1: count	(typeid = 20, len = 8, typmod = -1, byval = f)
	----
	 1: count = "729"	(typeid = 20, len = 8, typmod = -1, byval = f)
	----
backend> LOG:  shutting down
LOG:  database system is shut down
LOG:  database system was shut down at 2024-02-07 02:43:57 EST
LOG:  checkpoint record is at 0/B09160
LOG:  redo record is at 0/B09160; undo record is at 0/0; shutdown TRUE
LOG:  next transaction ID: 4950; next OID: 22147
LOG:  database system is ready

POSTGRES backend interactive interface 
$Revision: 1.375.2.5 $ $Date: 2005/12/14 17:07:00 $

backend> LOG:  QUERY STATISTICS
DETAIL:  ! system usage stats:
	!	0.034213 elapsed 0.001484 user 0.002983 system sec
	!	[0.005967 user 0.002983 sys total]
	!	0/0 [0/64] filesystem blocks in/out
	!	4/58 [47/446] page faults/reclaims, 0 [0] swaps
	!	0 [0] signals rcvd, 0/0 [0/0] messages rcvd/sent
	!	31/2 [78/2] voluntary/involuntary context switches
	! buffer usage stats:
	!	Shared blocks:        250 read,          0 written, buffer hit rate = 12.28%
	!	Local  blocks:          0 read,          0 written, buffer hit rate = 0.00%
	!	Direct blocks:          0 read,          0 written
	 1: count	(typeid = 20, len = 8, typmod = -1, byval = f)
	----
	 1: count = "579"	(typeid = 20, len = 8, typmod = -1, byval = f)
	----
backend> LOG:  shutting down
LOG:  database system is shut down
LOG:  database system was shut down at 2024-02-07 02:43:58 EST
LOG:  checkpoint record is at 0/B091A8
LOG:  redo record is at 0/B091A8; undo record is at 0/0; shutdown TRUE
LOG:  next transaction ID: 4952; next OID: 22147
LOG:  database system is ready

POSTGRES backend interactive interface 
$Revision: 1.375.2.5 $ $Date: 2005/12/14 17:07:00 $

backend> LOG:  QUERY STATISTICS
DETAIL:  ! system usage stats:
	!	0.034076 elapsed 0.005232 user 0.000000 system sec
	!	[0.009680 user 0.000000 sys total]
	!	0/0 [0/56] filesystem blocks in/out
	!	4/58 [47/444] page faults/reclaims, 0 [0] swaps
	!	0 [0] signals rcvd, 0/0 [0/0] messages rcvd/sent
	!	31/0 [78/0] voluntary/involuntary context switches
	! buffer usage stats:
	!	Shared blocks:        256 read,          0 written, buffer hit rate = 12.33%
	!	Local  blocks:          0 read,          0 written, buffer hit rate = 0.00%
	!	Direct blocks:          0 read,          0 written
	 1: count	(typeid = 20, len = 8, typmod = -1, byval = f)
	----
	 1: count = "2479"	(typeid = 20, len = 8, typmod = -1, byval = f)
	----
backend> LOG:  shutting down
LOG:  database system is shut down
LOG:  database system was shut down at 2024-02-07 02:43:59 EST
LOG:  checkpoint record is at 0/B091F0
LOG:  redo record is at 0/B091F0; undo record is at 0/0; shutdown TRUE
LOG:  next transaction ID: 4954; next OID: 22147
LOG:  database system is ready

POSTGRES backend interactive interface 
$Revision: 1.375.2.5 $ $Date: 2005/12/14 17:07:00 $

backend> LOG:  QUERY STATISTICS
DETAIL:  ! system usage stats:
	!	0.035446 elapsed 0.005532 user 0.000000 system sec
	!	[0.010006 user 0.000000 sys total]
	!	0/0 [0/56] filesystem blocks in/out
	!	4/60 [47/446] page faults/reclaims, 0 [0] swaps
	!	0 [0] signals rcvd, 0/0 [0/0] messages rcvd/sent
	!	31/1 [78/1] voluntary/involuntary context switches
	! buffer usage stats:
	!	Shared blocks:        250 read,          0 written, buffer hit rate = 12.59%
	!	Local  blocks:          0 read,          0 written, buffer hit rate = 0.00%
	!	Direct blocks:          0 read,          0 written
	 1: count	(typeid = 20, len = 8, typmod = -1, byval = f)
	----
	 1: count = "1473"	(typeid = 20, len = 8, typmod = -1, byval = f)
	----
backend> LOG:  shutting down
LOG:  database system is shut down
