LOG:  database system was shut down at 2024-02-09 13:02:12 EST
LOG:  checkpoint record is at 0/B61E98
LOG:  redo record is at 0/B61E98; undo record is at 0/0; shutdown TRUE
LOG:  next transaction ID: 15282; next OID: 22147
LOG:  database system is ready

POSTGRES backend interactive interface 
$Revision: 1.375.2.5 $ $Date: 2005/12/14 17:07:00 $

backend> LOG:  QUERY STATISTICS
DETAIL:  ! system usage stats:
	!	0.073931 elapsed 0.001946 user 0.000000 system sec
	!	[0.006430 user 0.000000 sys total]
	!	0/0 [0/56] filesystem blocks in/out
	!	69/60 [116/443] page faults/reclaims, 0 [0] swaps
	!	0 [0] signals rcvd, 0/0 [0/0] messages rcvd/sent
	!	35/24 [81/29] voluntary/involuntary context switches
	! buffer usage stats:
	!	Shared blocks:         96 read,          0 written, buffer hit rate = 67.89%
	!	Local  blocks:          0 read,          0 written, buffer hit rate = 0.00%
	!	Direct blocks:          0 read,          0 written
	 1: count	(typeid = 20, len = 8, typmod = -1, byval = f)
	----
	 1: count = "41"	(typeid = 20, len = 8, typmod = -1, byval = f)
	----
backend> LOG:  shutting down
LOG:  database system is shut down
LOG:  database system was shut down at 2024-02-09 13:02:13 EST
LOG:  checkpoint record is at 0/B61EE0
LOG:  redo record is at 0/B61EE0; undo record is at 0/0; shutdown TRUE
LOG:  next transaction ID: 15284; next OID: 22147
LOG:  database system is ready

POSTGRES backend interactive interface 
$Revision: 1.375.2.5 $ $Date: 2005/12/14 17:07:00 $

backend> LOG:  QUERY STATISTICS
DETAIL:  ! system usage stats:
	!	0.036836 elapsed 0.005125 user 0.000000 system sec
	!	[0.010027 user 0.000000 sys total]
	!	0/0 [0/56] filesystem blocks in/out
	!	69/54 [116/434] page faults/reclaims, 0 [0] swaps
	!	0 [0] signals rcvd, 0/0 [0/0] messages rcvd/sent
	!	29/0 [74/6] voluntary/involuntary context switches
	! buffer usage stats:
	!	Shared blocks:        124 read,          0 written, buffer hit rate = 51.94%
	!	Local  blocks:          0 read,          0 written, buffer hit rate = 0.00%
	!	Direct blocks:          0 read,          0 written
	 1: count	(typeid = 20, len = 8, typmod = -1, byval = f)
	----
	 1: count = "50"	(typeid = 20, len = 8, typmod = -1, byval = f)
	----
backend> LOG:  shutting down
LOG:  database system is shut down
LOG:  database system was shut down at 2024-02-09 13:02:15 EST
LOG:  checkpoint record is at 0/B61F28
LOG:  redo record is at 0/B61F28; undo record is at 0/0; shutdown TRUE
LOG:  next transaction ID: 15286; next OID: 22147
LOG:  database system is ready

POSTGRES backend interactive interface 
$Revision: 1.375.2.5 $ $Date: 2005/12/14 17:07:00 $

backend> LOG:  QUERY STATISTICS
DETAIL:  ! system usage stats:
	!	0.042943 elapsed 0.000000 user 0.002093 system sec
	!	[0.000000 user 0.006721 sys total]
	!	0/0 [0/56] filesystem blocks in/out
	!	69/58 [116/443] page faults/reclaims, 0 [0] swaps
	!	0 [0] signals rcvd, 0/0 [0/0] messages rcvd/sent
	!	35/0 [81/0] voluntary/involuntary context switches
	! buffer usage stats:
	!	Shared blocks:         99 read,          0 written, buffer hit rate = 72.35%
	!	Local  blocks:          0 read,          0 written, buffer hit rate = 0.00%
	!	Direct blocks:          0 read,          0 written
	 1: count	(typeid = 20, len = 8, typmod = -1, byval = f)
	----
	 1: count = "99"	(typeid = 20, len = 8, typmod = -1, byval = f)
	----
backend> LOG:  shutting down
LOG:  database system is shut down
LOG:  database system was shut down at 2024-02-09 13:02:16 EST
LOG:  checkpoint record is at 0/B61F70
LOG:  redo record is at 0/B61F70; undo record is at 0/0; shutdown TRUE
LOG:  next transaction ID: 15288; next OID: 22147
LOG:  database system is ready

POSTGRES backend interactive interface 
$Revision: 1.375.2.5 $ $Date: 2005/12/14 17:07:00 $

backend> LOG:  QUERY STATISTICS
DETAIL:  ! system usage stats:
	!	0.040054 elapsed 0.002609 user 0.000000 system sec
	!	[0.007141 user 0.000000 sys total]
	!	0/0 [8/56] filesystem blocks in/out
	!	69/58 [116/443] page faults/reclaims, 0 [0] swaps
	!	0 [0] signals rcvd, 0/0 [0/0] messages rcvd/sent
	!	35/0 [83/2] voluntary/involuntary context switches
	! buffer usage stats:
	!	Shared blocks:        105 read,          0 written, buffer hit rate = 91.67%
	!	Local  blocks:          0 read,          0 written, buffer hit rate = 0.00%
	!	Direct blocks:          0 read,          0 written
	 1: count	(typeid = 20, len = 8, typmod = -1, byval = f)
	----
	 1: count = "1000"	(typeid = 20, len = 8, typmod = -1, byval = f)
	----
backend> LOG:  shutting down
LOG:  database system is shut down
LOG:  database system was shut down at 2024-02-09 13:02:17 EST
LOG:  checkpoint record is at 0/B61FB8
LOG:  redo record is at 0/B61FB8; undo record is at 0/0; shutdown TRUE
LOG:  next transaction ID: 15290; next OID: 22147
LOG:  database system is ready

POSTGRES backend interactive interface 
$Revision: 1.375.2.5 $ $Date: 2005/12/14 17:07:00 $

backend> LOG:  QUERY STATISTICS
DETAIL:  ! system usage stats:
	!	0.034039 elapsed 0.002720 user 0.002720 system sec
	!	[0.004910 user 0.004910 sys total]
	!	0/0 [0/56] filesystem blocks in/out
	!	69/55 [116/436] page faults/reclaims, 0 [0] swaps
	!	0 [0] signals rcvd, 0/0 [0/0] messages rcvd/sent
	!	29/2 [75/3] voluntary/involuntary context switches
	! buffer usage stats:
	!	Shared blocks:        124 read,          0 written, buffer hit rate = 51.94%
	!	Local  blocks:          0 read,          0 written, buffer hit rate = 0.00%
	!	Direct blocks:          0 read,          0 written
	 1: count	(typeid = 20, len = 8, typmod = -1, byval = f)
	----
	 1: count = "2500"	(typeid = 20, len = 8, typmod = -1, byval = f)
	----
backend> LOG:  shutting down
LOG:  database system is shut down
LOG:  database system was shut down at 2024-02-09 13:02:18 EST
LOG:  checkpoint record is at 0/B62010
LOG:  redo record is at 0/B62010; undo record is at 0/0; shutdown TRUE
LOG:  next transaction ID: 15292; next OID: 22147
LOG:  database system is ready

POSTGRES backend interactive interface 
$Revision: 1.375.2.5 $ $Date: 2005/12/14 17:07:00 $

backend> LOG:  QUERY STATISTICS
DETAIL:  ! system usage stats:
	!	0.038575 elapsed 0.004892 user 0.000000 system sec
	!	[0.009478 user 0.000000 sys total]
	!	0/0 [0/56] filesystem blocks in/out
	!	69/57 [116/440] page faults/reclaims, 0 [0] swaps
	!	0 [0] signals rcvd, 0/0 [0/0] messages rcvd/sent
	!	33/1 [78/3] voluntary/involuntary context switches
	! buffer usage stats:
	!	Shared blocks:        126 read,          0 written, buffer hit rate = 56.25%
	!	Local  blocks:          0 read,          0 written, buffer hit rate = 0.00%
	!	Direct blocks:          0 read,          0 written
	 1: count	(typeid = 20, len = 8, typmod = -1, byval = f)
	----
	 1: count = "999"	(typeid = 20, len = 8, typmod = -1, byval = f)
	----
backend> LOG:  shutting down
LOG:  database system is shut down
LOG:  database system was shut down at 2024-02-09 13:02:19 EST
LOG:  checkpoint record is at 0/B62058
LOG:  redo record is at 0/B62058; undo record is at 0/0; shutdown TRUE
LOG:  next transaction ID: 15294; next OID: 22147
LOG:  database system is ready

POSTGRES backend interactive interface 
$Revision: 1.375.2.5 $ $Date: 2005/12/14 17:07:00 $

backend> LOG:  QUERY STATISTICS
DETAIL:  ! system usage stats:
	!	0.038185 elapsed 0.000000 user 0.002255 system sec
	!	[0.000000 user 0.007908 sys total]
	!	0/0 [0/56] filesystem blocks in/out
	!	69/59 [116/442] page faults/reclaims, 0 [0] swaps
	!	0 [0] signals rcvd, 0/0 [0/0] messages rcvd/sent
	!	35/0 [80/14] voluntary/involuntary context switches
	! buffer usage stats:
	!	Shared blocks:         99 read,          0 written, buffer hit rate = 82.32%
	!	Local  blocks:          0 read,          0 written, buffer hit rate = 0.00%
	!	Direct blocks:          0 read,          0 written
	 1: count	(typeid = 20, len = 8, typmod = -1, byval = f)
	----
	 1: count = "301"	(typeid = 20, len = 8, typmod = -1, byval = f)
	----
backend> LOG:  shutting down
LOG:  database system is shut down
LOG:  database system was shut down at 2024-02-09 13:02:20 EST
LOG:  checkpoint record is at 0/B620A0
LOG:  redo record is at 0/B620A0; undo record is at 0/0; shutdown TRUE
LOG:  next transaction ID: 15296; next OID: 22147
LOG:  database system is ready

POSTGRES backend interactive interface 
$Revision: 1.375.2.5 $ $Date: 2005/12/14 17:07:00 $

backend> LOG:  QUERY STATISTICS
DETAIL:  ! system usage stats:
	!	0.037504 elapsed 0.000000 user 0.002043 system sec
	!	[0.000000 user 0.006579 sys total]
	!	0/0 [0/64] filesystem blocks in/out
	!	69/59 [116/442] page faults/reclaims, 0 [0] swaps
	!	0 [0] signals rcvd, 0/0 [0/0] messages rcvd/sent
	!	35/1 [80/5] voluntary/involuntary context switches
	! buffer usage stats:
	!	Shared blocks:         97 read,          0 written, buffer hit rate = 72.98%
	!	Local  blocks:          0 read,          0 written, buffer hit rate = 0.00%
	!	Direct blocks:          0 read,          0 written
	 1: count	(typeid = 20, len = 8, typmod = -1, byval = f)
	----
	 1: count = "101"	(typeid = 20, len = 8, typmod = -1, byval = f)
	----
backend> LOG:  shutting down
LOG:  database system is shut down
LOG:  database system was shut down at 2024-02-09 13:02:21 EST
LOG:  checkpoint record is at 0/B620E8
LOG:  redo record is at 0/B620E8; undo record is at 0/0; shutdown TRUE
LOG:  next transaction ID: 15298; next OID: 22147
LOG:  database system is ready

POSTGRES backend interactive interface 
$Revision: 1.375.2.5 $ $Date: 2005/12/14 17:07:00 $

backend> LOG:  QUERY STATISTICS
DETAIL:  ! system usage stats:
	!	0.037472 elapsed 0.000991 user 0.000991 system sec
	!	[0.003263 user 0.003263 sys total]
	!	0/0 [0/56] filesystem blocks in/out
	!	69/59 [116/438] page faults/reclaims, 0 [0] swaps
	!	0 [0] signals rcvd, 0/0 [0/0] messages rcvd/sent
	!	35/0 [80/4] voluntary/involuntary context switches
	! buffer usage stats:
	!	Shared blocks:         97 read,          0 written, buffer hit rate = 72.98%
	!	Local  blocks:          0 read,          0 written, buffer hit rate = 0.00%
	!	Direct blocks:          0 read,          0 written
	 1: count	(typeid = 20, len = 8, typmod = -1, byval = f)
	----
	 1: count = "101"	(typeid = 20, len = 8, typmod = -1, byval = f)
	----
backend> LOG:  shutting down
LOG:  database system is shut down
LOG:  database system was shut down at 2024-02-09 13:02:23 EST
LOG:  checkpoint record is at 0/B62130
LOG:  redo record is at 0/B62130; undo record is at 0/0; shutdown TRUE
LOG:  next transaction ID: 15300; next OID: 22147
LOG:  database system is ready

POSTGRES backend interactive interface 
$Revision: 1.375.2.5 $ $Date: 2005/12/14 17:07:00 $

backend> LOG:  QUERY STATISTICS
DETAIL:  ! system usage stats:
	!	0.035814 elapsed 0.002042 user 0.000000 system sec
	!	[0.006696 user 0.000000 sys total]
	!	0/0 [0/56] filesystem blocks in/out
	!	69/62 [116/443] page faults/reclaims, 0 [0] swaps
	!	0 [0] signals rcvd, 0/0 [0/0] messages rcvd/sent
	!	35/5 [81/8] voluntary/involuntary context switches
	! buffer usage stats:
	!	Shared blocks:         97 read,          0 written, buffer hit rate = 66.55%
	!	Local  blocks:          0 read,          0 written, buffer hit rate = 0.00%
	!	Direct blocks:          0 read,          0 written
	 1: count	(typeid = 20, len = 8, typmod = -1, byval = f)
	----
	 1: count = "31"	(typeid = 20, len = 8, typmod = -1, byval = f)
	----
backend> LOG:  shutting down
LOG:  database system is shut down
