LOG:  database system was shut down at 2024-02-09 13:52:01 EST
LOG:  checkpoint record is at 0/B741E8
LOG:  redo record is at 0/B741E8; undo record is at 0/0; shutdown TRUE
LOG:  next transaction ID: 17348; next OID: 22147
LOG:  database system is ready

POSTGRES backend interactive interface 
$Revision: 1.375.2.5 $ $Date: 2005/12/14 17:07:00 $

backend> LOG:  QUERY STATISTICS
DETAIL:  ! system usage stats:
	!	0.039016 elapsed 0.000000 user 0.003687 system sec
	!	[0.004015 user 0.003687 sys total]
	!	0/0 [0/56] filesystem blocks in/out
	!	44/52 [91/430] page faults/reclaims, 0 [0] swaps
	!	0 [0] signals rcvd, 0/0 [0/0] messages rcvd/sent
	!	32/0 [79/3] voluntary/involuntary context switches
	! buffer usage stats:
	!	Shared blocks:        188 read,          0 written, buffer hit rate = 20.34%
	!	Local  blocks:          0 read,          0 written, buffer hit rate = 0.00%
	!	Direct blocks:          0 read,          0 written
	 1: count	(typeid = 20, len = 8, typmod = -1, byval = f)
	----
	 1: count = "2175"	(typeid = 20, len = 8, typmod = -1, byval = f)
	----
backend> LOG:  shutting down
LOG:  database system is shut down
LOG:  database system was shut down at 2024-02-09 13:52:01 EST
LOG:  checkpoint record is at 0/B74230
LOG:  redo record is at 0/B74230; undo record is at 0/0; shutdown TRUE
LOG:  next transaction ID: 17350; next OID: 22147
LOG:  database system is ready

POSTGRES backend interactive interface 
$Revision: 1.375.2.5 $ $Date: 2005/12/14 17:07:00 $

backend> LOG:  QUERY STATISTICS
DETAIL:  ! system usage stats:
	!	0.035333 elapsed 0.005454 user 0.000000 system sec
	!	[0.009638 user 0.000000 sys total]
	!	0/0 [0/56] filesystem blocks in/out
	!	44/53 [91/434] page faults/reclaims, 0 [0] swaps
	!	0 [0] signals rcvd, 0/0 [0/0] messages rcvd/sent
	!	30/0 [77/0] voluntary/involuntary context switches
	! buffer usage stats:
	!	Shared blocks:        204 read,          0 written, buffer hit rate = 22.14%
	!	Local  blocks:          0 read,          0 written, buffer hit rate = 0.00%
	!	Direct blocks:          0 read,          0 written
	 1: count	(typeid = 20, len = 8, typmod = -1, byval = f)
	----
	 1: count = "1051"	(typeid = 20, len = 8, typmod = -1, byval = f)
	----
backend> LOG:  shutting down
LOG:  database system is shut down
LOG:  database system was shut down at 2024-02-09 13:52:01 EST
LOG:  checkpoint record is at 0/B74278
LOG:  redo record is at 0/B74278; undo record is at 0/0; shutdown TRUE
LOG:  next transaction ID: 17352; next OID: 22147
LOG:  database system is ready

POSTGRES backend interactive interface 
$Revision: 1.375.2.5 $ $Date: 2005/12/14 17:07:00 $

backend> LOG:  QUERY STATISTICS
DETAIL:  ! system usage stats:
	!	0.097178 elapsed 0.003557 user 0.002115 system sec
	!	[0.004667 user 0.005445 sys total]
	!	0/0 [16/56] filesystem blocks in/out
	!	44/57 [91/436] page faults/reclaims, 0 [0] swaps
	!	0 [0] signals rcvd, 0/0 [0/0] messages rcvd/sent
	!	31/1 [79/5] voluntary/involuntary context switches
	! buffer usage stats:
	!	Shared blocks:        228 read,          0 written, buffer hit rate = 20.00%
	!	Local  blocks:          0 read,          0 written, buffer hit rate = 0.00%
	!	Direct blocks:          0 read,          0 written
	 1: count	(typeid = 20, len = 8, typmod = -1, byval = f)
	----
	 1: count = "541"	(typeid = 20, len = 8, typmod = -1, byval = f)
	----
backend> LOG:  shutting down
LOG:  database system is shut down
LOG:  database system was shut down at 2024-02-09 13:52:02 EST
LOG:  checkpoint record is at 0/B742C0
LOG:  redo record is at 0/B742C0; undo record is at 0/0; shutdown TRUE
LOG:  next transaction ID: 17354; next OID: 22147
LOG:  database system is ready

POSTGRES backend interactive interface 
$Revision: 1.375.2.5 $ $Date: 2005/12/14 17:07:00 $

backend> LOG:  QUERY STATISTICS
DETAIL:  ! system usage stats:
	!	0.036188 elapsed 0.000097 user 0.004807 system sec
	!	[0.002354 user 0.007064 sys total]
	!	0/0 [0/56] filesystem blocks in/out
	!	44/58 [91/438] page faults/reclaims, 0 [0] swaps
	!	0 [0] signals rcvd, 0/0 [0/0] messages rcvd/sent
	!	31/8 [80/10] voluntary/involuntary context switches
	! buffer usage stats:
	!	Shared blocks:        236 read,          0 written, buffer hit rate = 20.81%
	!	Local  blocks:          0 read,          0 written, buffer hit rate = 0.00%
	!	Direct blocks:          0 read,          0 written
	 1: count	(typeid = 20, len = 8, typmod = -1, byval = f)
	----
	 1: count = "1326"	(typeid = 20, len = 8, typmod = -1, byval = f)
	----
backend> LOG:  shutting down
LOG:  database system is shut down
LOG:  database system was shut down at 2024-02-09 13:52:02 EST
LOG:  checkpoint record is at 0/B74308
LOG:  redo record is at 0/B74308; undo record is at 0/0; shutdown TRUE
LOG:  next transaction ID: 17356; next OID: 22147
LOG:  database system is ready

POSTGRES backend interactive interface 
$Revision: 1.375.2.5 $ $Date: 2005/12/14 17:07:00 $

backend> LOG:  QUERY STATISTICS
DETAIL:  ! system usage stats:
	!	0.088124 elapsed 0.005037 user 0.000670 system sec
	!	[0.006583 user 0.003762 sys total]
	!	0/0 [8/56] filesystem blocks in/out
	!	44/56 [91/437] page faults/reclaims, 0 [0] swaps
	!	0 [0] signals rcvd, 0/0 [0/0] messages rcvd/sent
	!	29/3 [77/5] voluntary/involuntary context switches
	! buffer usage stats:
	!	Shared blocks:        208 read,          0 written, buffer hit rate = 21.80%
	!	Local  blocks:          0 read,          0 written, buffer hit rate = 0.00%
	!	Direct blocks:          0 read,          0 written
	 1: count	(typeid = 20, len = 8, typmod = -1, byval = f)
	----
	 1: count = "340"	(typeid = 20, len = 8, typmod = -1, byval = f)
	----
backend> LOG:  shutting down
LOG:  database system is shut down
LOG:  database system was shut down at 2024-02-09 13:52:02 EST
LOG:  checkpoint record is at 0/B74350
LOG:  redo record is at 0/B74350; undo record is at 0/0; shutdown TRUE
LOG:  next transaction ID: 17358; next OID: 22147
LOG:  database system is ready

POSTGRES backend interactive interface 
$Revision: 1.375.2.5 $ $Date: 2005/12/14 17:07:00 $

backend> LOG:  QUERY STATISTICS
DETAIL:  ! system usage stats:
	!	0.033798 elapsed 0.004751 user 0.000000 system sec
	!	[0.009169 user 0.000000 sys total]
	!	0/0 [0/56] filesystem blocks in/out
	!	44/57 [91/437] page faults/reclaims, 0 [0] swaps
	!	0 [0] signals rcvd, 0/0 [0/0] messages rcvd/sent
	!	31/9 [78/19] voluntary/involuntary context switches
	! buffer usage stats:
	!	Shared blocks:        230 read,          0 written, buffer hit rate = 21.23%
	!	Local  blocks:          0 read,          0 written, buffer hit rate = 0.00%
	!	Direct blocks:          0 read,          0 written
	 1: count	(typeid = 20, len = 8, typmod = -1, byval = f)
	----
	 1: count = "1794"	(typeid = 20, len = 8, typmod = -1, byval = f)
	----
backend> LOG:  shutting down
LOG:  database system is shut down
LOG:  database system was shut down at 2024-02-09 13:52:02 EST
LOG:  checkpoint record is at 0/B74398
LOG:  redo record is at 0/B74398; undo record is at 0/0; shutdown TRUE
LOG:  next transaction ID: 17360; next OID: 22147
LOG:  database system is ready

POSTGRES backend interactive interface 
$Revision: 1.375.2.5 $ $Date: 2005/12/14 17:07:00 $

backend> LOG:  QUERY STATISTICS
DETAIL:  ! system usage stats:
	!	0.033215 elapsed 0.003459 user 0.000579 system sec
	!	[0.006879 user 0.001719 sys total]
	!	0/0 [0/56] filesystem blocks in/out
	!	44/50 [91/434] page faults/reclaims, 0 [0] swaps
	!	0 [0] signals rcvd, 0/0 [0/0] messages rcvd/sent
	!	31/2 [77/3] voluntary/involuntary context switches
	! buffer usage stats:
	!	Shared blocks:        187 read,          0 written, buffer hit rate = 20.76%
	!	Local  blocks:          0 read,          0 written, buffer hit rate = 0.00%
	!	Direct blocks:          0 read,          0 written
	 1: count	(typeid = 20, len = 8, typmod = -1, byval = f)
	----
	 1: count = "729"	(typeid = 20, len = 8, typmod = -1, byval = f)
	----
backend> LOG:  shutting down
LOG:  database system is shut down
LOG:  database system was shut down at 2024-02-09 13:52:02 EST
LOG:  checkpoint record is at 0/B743E0
LOG:  redo record is at 0/B743E0; undo record is at 0/0; shutdown TRUE
LOG:  next transaction ID: 17362; next OID: 22147
LOG:  database system is ready

POSTGRES backend interactive interface 
$Revision: 1.375.2.5 $ $Date: 2005/12/14 17:07:00 $

backend> LOG:  QUERY STATISTICS
DETAIL:  ! system usage stats:
	!	0.034326 elapsed 0.004516 user 0.000413 system sec
	!	[0.004516 user 0.004516 sys total]
	!	0/0 [0/64] filesystem blocks in/out
	!	44/57 [91/436] page faults/reclaims, 0 [0] swaps
	!	0 [0] signals rcvd, 0/0 [0/0] messages rcvd/sent
	!	31/9 [78/10] voluntary/involuntary context switches
	! buffer usage stats:
	!	Shared blocks:        228 read,          0 written, buffer hit rate = 20.00%
	!	Local  blocks:          0 read,          0 written, buffer hit rate = 0.00%
	!	Direct blocks:          0 read,          0 written
	 1: count	(typeid = 20, len = 8, typmod = -1, byval = f)
	----
	 1: count = "579"	(typeid = 20, len = 8, typmod = -1, byval = f)
	----
backend> LOG:  shutting down
LOG:  database system is shut down
LOG:  database system was shut down at 2024-02-09 13:52:02 EST
LOG:  checkpoint record is at 0/B74428
LOG:  redo record is at 0/B74428; undo record is at 0/0; shutdown TRUE
LOG:  next transaction ID: 17364; next OID: 22147
LOG:  database system is ready

POSTGRES backend interactive interface 
$Revision: 1.375.2.5 $ $Date: 2005/12/14 17:07:00 $

backend> LOG:  QUERY STATISTICS
DETAIL:  ! system usage stats:
	!	0.034424 elapsed 0.005170 user 0.000000 system sec
	!	[0.009370 user 0.000000 sys total]
	!	0/0 [0/56] filesystem blocks in/out
	!	44/61 [91/441] page faults/reclaims, 0 [0] swaps
	!	0 [0] signals rcvd, 0/0 [0/0] messages rcvd/sent
	!	31/1 [78/2] voluntary/involuntary context switches
	! buffer usage stats:
	!	Shared blocks:        230 read,          0 written, buffer hit rate = 21.23%
	!	Local  blocks:          0 read,          0 written, buffer hit rate = 0.00%
	!	Direct blocks:          0 read,          0 written
	 1: count	(typeid = 20, len = 8, typmod = -1, byval = f)
	----
	 1: count = "2479"	(typeid = 20, len = 8, typmod = -1, byval = f)
	----
backend> LOG:  shutting down
LOG:  database system is shut down
LOG:  database system was shut down at 2024-02-09 13:52:02 EST
LOG:  checkpoint record is at 0/B74470
LOG:  redo record is at 0/B74470; undo record is at 0/0; shutdown TRUE
LOG:  next transaction ID: 17366; next OID: 22147
LOG:  database system is ready

POSTGRES backend interactive interface 
$Revision: 1.375.2.5 $ $Date: 2005/12/14 17:07:00 $

backend> LOG:  QUERY STATISTICS
DETAIL:  ! system usage stats:
	!	0.034173 elapsed 0.000000 user 0.004312 system sec
	!	[0.004341 user 0.004312 sys total]
	!	0/0 [0/56] filesystem blocks in/out
	!	44/59 [91/441] page faults/reclaims, 0 [0] swaps
	!	0 [0] signals rcvd, 0/0 [0/0] messages rcvd/sent
	!	31/0 [78/5] voluntary/involuntary context switches
	! buffer usage stats:
	!	Shared blocks:        228 read,          0 written, buffer hit rate = 20.28%
	!	Local  blocks:          0 read,          0 written, buffer hit rate = 0.00%
	!	Direct blocks:          0 read,          0 written
	 1: count	(typeid = 20, len = 8, typmod = -1, byval = f)
	----
	 1: count = "1473"	(typeid = 20, len = 8, typmod = -1, byval = f)
	----
backend> LOG:  shutting down
LOG:  database system is shut down
