LOG:  database system was shut down at 2024-02-09 13:02:24 EST
LOG:  checkpoint record is at 0/B62178
LOG:  redo record is at 0/B62178; undo record is at 0/0; shutdown TRUE
LOG:  next transaction ID: 15302; next OID: 22147
LOG:  database system is ready

POSTGRES backend interactive interface 
$Revision: 1.375.2.5 $ $Date: 2005/12/14 17:07:00 $

backend> LOG:  QUERY STATISTICS
DETAIL:  ! system usage stats:
	!	0.037980 elapsed 0.002112 user 0.000000 system sec
	!	[0.006518 user 0.000000 sys total]
	!	0/0 [0/56] filesystem blocks in/out
	!	88/62 [136/446] page faults/reclaims, 0 [0] swaps
	!	0 [0] signals rcvd, 0/0 [0/0] messages rcvd/sent
	!	35/0 [80/0] voluntary/involuntary context switches
	! buffer usage stats:
	!	Shared blocks:         90 read,          0 written, buffer hit rate = 69.90%
	!	Local  blocks:          0 read,          0 written, buffer hit rate = 0.00%
	!	Direct blocks:          0 read,          0 written
	 1: count	(typeid = 20, len = 8, typmod = -1, byval = f)
	----
	 1: count = "41"	(typeid = 20, len = 8, typmod = -1, byval = f)
	----
backend> LOG:  shutting down
LOG:  database system is shut down
LOG:  database system was shut down at 2024-02-09 13:02:25 EST
LOG:  checkpoint record is at 0/B621C0
LOG:  redo record is at 0/B621C0; undo record is at 0/0; shutdown TRUE
LOG:  next transaction ID: 15304; next OID: 22147
LOG:  database system is ready

POSTGRES backend interactive interface 
$Revision: 1.375.2.5 $ $Date: 2005/12/14 17:07:00 $

backend> LOG:  QUERY STATISTICS
DETAIL:  ! system usage stats:
	!	0.033789 elapsed 0.005212 user 0.000000 system sec
	!	[0.009968 user 0.000000 sys total]
	!	0/0 [0/56] filesystem blocks in/out
	!	88/52 [136/436] page faults/reclaims, 0 [0] swaps
	!	0 [0] signals rcvd, 0/0 [0/0] messages rcvd/sent
	!	29/0 [74/0] voluntary/involuntary context switches
	! buffer usage stats:
	!	Shared blocks:        121 read,          0 written, buffer hit rate = 53.10%
	!	Local  blocks:          0 read,          0 written, buffer hit rate = 0.00%
	!	Direct blocks:          0 read,          0 written
	 1: count	(typeid = 20, len = 8, typmod = -1, byval = f)
	----
	 1: count = "50"	(typeid = 20, len = 8, typmod = -1, byval = f)
	----
backend> LOG:  shutting down
LOG:  database system is shut down
LOG:  database system was shut down at 2024-02-09 13:02:26 EST
LOG:  checkpoint record is at 0/B62208
LOG:  redo record is at 0/B62208; undo record is at 0/0; shutdown TRUE
LOG:  next transaction ID: 15306; next OID: 22147
LOG:  database system is ready

POSTGRES backend interactive interface 
$Revision: 1.375.2.5 $ $Date: 2005/12/14 17:07:00 $

backend> LOG:  QUERY STATISTICS
DETAIL:  ! system usage stats:
	!	0.079147 elapsed 0.002105 user 0.000000 system sec
	!	[0.006772 user 0.000000 sys total]
	!	0/0 [0/56] filesystem blocks in/out
	!	88/60 [136/443] page faults/reclaims, 0 [0] swaps
	!	0 [0] signals rcvd, 0/0 [0/0] messages rcvd/sent
	!	35/0 [79/0] voluntary/involuntary context switches
	! buffer usage stats:
	!	Shared blocks:         94 read,          0 written, buffer hit rate = 73.74%
	!	Local  blocks:          0 read,          0 written, buffer hit rate = 0.00%
	!	Direct blocks:          0 read,          0 written
	 1: count	(typeid = 20, len = 8, typmod = -1, byval = f)
	----
	 1: count = "99"	(typeid = 20, len = 8, typmod = -1, byval = f)
	----
backend> LOG:  shutting down
LOG:  database system is shut down
LOG:  database system was shut down at 2024-02-09 13:02:27 EST
LOG:  checkpoint record is at 0/B62250
LOG:  redo record is at 0/B62250; undo record is at 0/0; shutdown TRUE
LOG:  next transaction ID: 15308; next OID: 22147
LOG:  database system is ready

POSTGRES backend interactive interface 
$Revision: 1.375.2.5 $ $Date: 2005/12/14 17:07:00 $

backend> LOG:  QUERY STATISTICS
DETAIL:  ! system usage stats:
	!	0.037634 elapsed 0.000000 user 0.002426 system sec
	!	[0.004309 user 0.002426 sys total]
	!	0/0 [0/56] filesystem blocks in/out
	!	88/59 [136/442] page faults/reclaims, 0 [0] swaps
	!	0 [0] signals rcvd, 0/0 [0/0] messages rcvd/sent
	!	35/1 [79/2] voluntary/involuntary context switches
	! buffer usage stats:
	!	Shared blocks:         99 read,          0 written, buffer hit rate = 92.15%
	!	Local  blocks:          0 read,          0 written, buffer hit rate = 0.00%
	!	Direct blocks:          0 read,          0 written
	 1: count	(typeid = 20, len = 8, typmod = -1, byval = f)
	----
	 1: count = "1000"	(typeid = 20, len = 8, typmod = -1, byval = f)
	----
backend> LOG:  shutting down
LOG:  database system is shut down
LOG:  database system was shut down at 2024-02-09 13:02:28 EST
LOG:  checkpoint record is at 0/B62298
LOG:  redo record is at 0/B62298; undo record is at 0/0; shutdown TRUE
LOG:  next transaction ID: 15310; next OID: 22147
LOG:  database system is ready

POSTGRES backend interactive interface 
$Revision: 1.375.2.5 $ $Date: 2005/12/14 17:07:00 $

backend> LOG:  QUERY STATISTICS
DETAIL:  ! system usage stats:
	!	0.035252 elapsed 0.003291 user 0.001785 system sec
	!	[0.004796 user 0.004796 sys total]
	!	0/0 [0/56] filesystem blocks in/out
	!	88/52 [136/436] page faults/reclaims, 0 [0] swaps
	!	0 [0] signals rcvd, 0/0 [0/0] messages rcvd/sent
	!	29/0 [74/0] voluntary/involuntary context switches
	! buffer usage stats:
	!	Shared blocks:        121 read,          0 written, buffer hit rate = 53.10%
	!	Local  blocks:          0 read,          0 written, buffer hit rate = 0.00%
	!	Direct blocks:          0 read,          0 written
	 1: count	(typeid = 20, len = 8, typmod = -1, byval = f)
	----
	 1: count = "2500"	(typeid = 20, len = 8, typmod = -1, byval = f)
	----
backend> LOG:  shutting down
LOG:  database system is shut down
LOG:  database system was shut down at 2024-02-09 13:02:29 EST
LOG:  checkpoint record is at 0/B622E0
LOG:  redo record is at 0/B622E0; undo record is at 0/0; shutdown TRUE
LOG:  next transaction ID: 15312; next OID: 22147
LOG:  database system is ready

POSTGRES backend interactive interface 
$Revision: 1.375.2.5 $ $Date: 2005/12/14 17:07:00 $

backend> LOG:  QUERY STATISTICS
DETAIL:  ! system usage stats:
	!	0.036285 elapsed 0.004921 user 0.000000 system sec
	!	[0.009401 user 0.000000 sys total]
	!	0/0 [0/56] filesystem blocks in/out
	!	88/56 [136/439] page faults/reclaims, 0 [0] swaps
	!	0 [0] signals rcvd, 0/0 [0/0] messages rcvd/sent
	!	33/1 [78/3] voluntary/involuntary context switches
	! buffer usage stats:
	!	Shared blocks:        121 read,          0 written, buffer hit rate = 57.99%
	!	Local  blocks:          0 read,          0 written, buffer hit rate = 0.00%
	!	Direct blocks:          0 read,          0 written
	 1: count	(typeid = 20, len = 8, typmod = -1, byval = f)
	----
	 1: count = "999"	(typeid = 20, len = 8, typmod = -1, byval = f)
	----
backend> LOG:  shutting down
LOG:  database system is shut down
LOG:  database system was shut down at 2024-02-09 13:02:31 EST
LOG:  checkpoint record is at 0/B62328
LOG:  redo record is at 0/B62328; undo record is at 0/0; shutdown TRUE
LOG:  next transaction ID: 15314; next OID: 22147
LOG:  database system is ready

POSTGRES backend interactive interface 
$Revision: 1.375.2.5 $ $Date: 2005/12/14 17:07:00 $

backend> LOG:  QUERY STATISTICS
DETAIL:  ! system usage stats:
	!	0.037739 elapsed 0.002283 user 0.000000 system sec
	!	[0.006833 user 0.000000 sys total]
	!	0/0 [0/56] filesystem blocks in/out
	!	88/59 [136/441] page faults/reclaims, 0 [0] swaps
	!	0 [0] signals rcvd, 0/0 [0/0] messages rcvd/sent
	!	35/0 [80/1] voluntary/involuntary context switches
	! buffer usage stats:
	!	Shared blocks:         93 read,          0 written, buffer hit rate = 83.39%
	!	Local  blocks:          0 read,          0 written, buffer hit rate = 0.00%
	!	Direct blocks:          0 read,          0 written
	 1: count	(typeid = 20, len = 8, typmod = -1, byval = f)
	----
	 1: count = "301"	(typeid = 20, len = 8, typmod = -1, byval = f)
	----
backend> LOG:  shutting down
LOG:  database system is shut down
LOG:  database system was shut down at 2024-02-09 13:02:32 EST
LOG:  checkpoint record is at 0/B62370
LOG:  redo record is at 0/B62370; undo record is at 0/0; shutdown TRUE
LOG:  next transaction ID: 15316; next OID: 22147
LOG:  database system is ready

POSTGRES backend interactive interface 
$Revision: 1.375.2.5 $ $Date: 2005/12/14 17:07:00 $

backend> LOG:  QUERY STATISTICS
DETAIL:  ! system usage stats:
	!	0.035640 elapsed 0.000000 user 0.002057 system sec
	!	[0.004470 user 0.002057 sys total]
	!	0/0 [0/64] filesystem blocks in/out
	!	88/59 [136/441] page faults/reclaims, 0 [0] swaps
	!	0 [0] signals rcvd, 0/0 [0/0] messages rcvd/sent
	!	35/0 [80/3] voluntary/involuntary context switches
	! buffer usage stats:
	!	Shared blocks:         91 read,          0 written, buffer hit rate = 74.65%
	!	Local  blocks:          0 read,          0 written, buffer hit rate = 0.00%
	!	Direct blocks:          0 read,          0 written
	 1: count	(typeid = 20, len = 8, typmod = -1, byval = f)
	----
	 1: count = "101"	(typeid = 20, len = 8, typmod = -1, byval = f)
	----
backend> LOG:  shutting down
LOG:  database system is shut down
LOG:  database system was shut down at 2024-02-09 13:02:33 EST
LOG:  checkpoint record is at 0/B623B8
LOG:  redo record is at 0/B623B8; undo record is at 0/0; shutdown TRUE
LOG:  next transaction ID: 15318; next OID: 22147
LOG:  database system is ready

POSTGRES backend interactive interface 
$Revision: 1.375.2.5 $ $Date: 2005/12/14 17:07:00 $

backend> LOG:  QUERY STATISTICS
DETAIL:  ! system usage stats:
	!	0.036778 elapsed 0.000655 user 0.001310 system sec
	!	[0.002137 user 0.004274 sys total]
	!	0/0 [0/56] filesystem blocks in/out
	!	88/60 [136/440] page faults/reclaims, 0 [0] swaps
	!	0 [0] signals rcvd, 0/0 [0/0] messages rcvd/sent
	!	35/0 [82/2] voluntary/involuntary context switches
	! buffer usage stats:
	!	Shared blocks:         91 read,          0 written, buffer hit rate = 74.65%
	!	Local  blocks:          0 read,          0 written, buffer hit rate = 0.00%
	!	Direct blocks:          0 read,          0 written
	 1: count	(typeid = 20, len = 8, typmod = -1, byval = f)
	----
	 1: count = "101"	(typeid = 20, len = 8, typmod = -1, byval = f)
	----
backend> LOG:  shutting down
LOG:  database system is shut down
LOG:  database system was shut down at 2024-02-09 13:02:34 EST
LOG:  checkpoint record is at 0/B62400
LOG:  redo record is at 0/B62400; undo record is at 0/0; shutdown TRUE
LOG:  next transaction ID: 15320; next OID: 22147
LOG:  database system is ready

POSTGRES backend interactive interface 
$Revision: 1.375.2.5 $ $Date: 2005/12/14 17:07:00 $

backend> LOG:  QUERY STATISTICS
DETAIL:  ! system usage stats:
	!	0.037513 elapsed 0.001855 user 0.000000 system sec
	!	[0.006137 user 0.000000 sys total]
	!	0/0 [0/56] filesystem blocks in/out
	!	88/62 [136/441] page faults/reclaims, 0 [0] swaps
	!	0 [0] signals rcvd, 0/0 [0/0] messages rcvd/sent
	!	35/0 [81/1] voluntary/involuntary context switches
	! buffer usage stats:
	!	Shared blocks:         91 read,          0 written, buffer hit rate = 68.62%
	!	Local  blocks:          0 read,          0 written, buffer hit rate = 0.00%
	!	Direct blocks:          0 read,          0 written
	 1: count	(typeid = 20, len = 8, typmod = -1, byval = f)
	----
	 1: count = "31"	(typeid = 20, len = 8, typmod = -1, byval = f)
	----
backend> LOG:  shutting down
LOG:  database system is shut down
