LOG:  database system was shut down at 2024-02-09 13:52:03 EST
LOG:  checkpoint record is at 0/B744B8
LOG:  redo record is at 0/B744B8; undo record is at 0/0; shutdown TRUE
LOG:  next transaction ID: 17368; next OID: 22147
LOG:  database system is ready

POSTGRES backend interactive interface 
$Revision: 1.375.2.5 $ $Date: 2005/12/14 17:07:00 $

backend> LOG:  QUERY STATISTICS
DETAIL:  ! system usage stats:
	!	0.035154 elapsed 0.003369 user 0.000563 system sec
	!	[0.005612 user 0.002806 sys total]
	!	0/0 [0/56] filesystem blocks in/out
	!	54/49 [102/434] page faults/reclaims, 0 [0] swaps
	!	0 [0] signals rcvd, 0/0 [0/0] messages rcvd/sent
	!	31/0 [80/1] voluntary/involuntary context switches
	! buffer usage stats:
	!	Shared blocks:        183 read,          0 written, buffer hit rate = 22.46%
	!	Local  blocks:          0 read,          0 written, buffer hit rate = 0.00%
	!	Direct blocks:          0 read,          0 written
	 1: count	(typeid = 20, len = 8, typmod = -1, byval = f)
	----
	 1: count = "2175"	(typeid = 20, len = 8, typmod = -1, byval = f)
	----
backend> LOG:  shutting down
LOG:  database system is shut down
LOG:  database system was shut down at 2024-02-09 13:52:03 EST
LOG:  checkpoint record is at 0/B74500
LOG:  redo record is at 0/B74500; undo record is at 0/0; shutdown TRUE
LOG:  next transaction ID: 17370; next OID: 22147
LOG:  database system is ready

POSTGRES backend interactive interface 
$Revision: 1.375.2.5 $ $Date: 2005/12/14 17:07:00 $

backend> LOG:  QUERY STATISTICS
DETAIL:  ! system usage stats:
	!	0.032716 elapsed 0.000390 user 0.004661 system sec
	!	[0.004661 user 0.004661 sys total]
	!	0/0 [0/56] filesystem blocks in/out
	!	54/56 [102/437] page faults/reclaims, 0 [0] swaps
	!	0 [0] signals rcvd, 0/0 [0/0] messages rcvd/sent
	!	29/1 [77/1] voluntary/involuntary context switches
	! buffer usage stats:
	!	Shared blocks:        199 read,          0 written, buffer hit rate = 24.05%
	!	Local  blocks:          0 read,          0 written, buffer hit rate = 0.00%
	!	Direct blocks:          0 read,          0 written
	 1: count	(typeid = 20, len = 8, typmod = -1, byval = f)
	----
	 1: count = "1051"	(typeid = 20, len = 8, typmod = -1, byval = f)
	----
backend> LOG:  shutting down
LOG:  database system is shut down
LOG:  database system was shut down at 2024-02-09 13:52:03 EST
LOG:  checkpoint record is at 0/B74548
LOG:  redo record is at 0/B74548; undo record is at 0/0; shutdown TRUE
LOG:  next transaction ID: 17372; next OID: 22147
LOG:  database system is ready

POSTGRES backend interactive interface 
$Revision: 1.375.2.5 $ $Date: 2005/12/14 17:07:00 $

backend> LOG:  QUERY STATISTICS
DETAIL:  ! system usage stats:
	!	0.036252 elapsed 0.004772 user 0.000000 system sec
	!	[0.008834 user 0.000000 sys total]
	!	0/0 [0/56] filesystem blocks in/out
	!	54/57 [102/439] page faults/reclaims, 0 [0] swaps
	!	0 [0] signals rcvd, 0/0 [0/0] messages rcvd/sent
	!	31/6 [78/14] voluntary/involuntary context switches
	! buffer usage stats:
	!	Shared blocks:        223 read,          0 written, buffer hit rate = 21.75%
	!	Local  blocks:          0 read,          0 written, buffer hit rate = 0.00%
	!	Direct blocks:          0 read,          0 written
	 1: count	(typeid = 20, len = 8, typmod = -1, byval = f)
	----
	 1: count = "541"	(typeid = 20, len = 8, typmod = -1, byval = f)
	----
backend> LOG:  shutting down
LOG:  database system is shut down
LOG:  database system was shut down at 2024-02-09 13:52:03 EST
LOG:  checkpoint record is at 0/B74590
LOG:  redo record is at 0/B74590; undo record is at 0/0; shutdown TRUE
LOG:  next transaction ID: 17374; next OID: 22147
LOG:  database system is ready

POSTGRES backend interactive interface 
$Revision: 1.375.2.5 $ $Date: 2005/12/14 17:07:00 $

backend> LOG:  QUERY STATISTICS
DETAIL:  ! system usage stats:
	!	0.039322 elapsed 0.005763 user 0.000000 system sec
	!	[0.009879 user 0.000000 sys total]
	!	0/0 [0/56] filesystem blocks in/out
	!	54/57 [102/443] page faults/reclaims, 0 [0] swaps
	!	0 [0] signals rcvd, 0/0 [0/0] messages rcvd/sent
	!	32/0 [79/5] voluntary/involuntary context switches
	! buffer usage stats:
	!	Shared blocks:        231 read,          0 written, buffer hit rate = 22.48%
	!	Local  blocks:          0 read,          0 written, buffer hit rate = 0.00%
	!	Direct blocks:          0 read,          0 written
	 1: count	(typeid = 20, len = 8, typmod = -1, byval = f)
	----
	 1: count = "1326"	(typeid = 20, len = 8, typmod = -1, byval = f)
	----
backend> LOG:  shutting down
LOG:  database system is shut down
LOG:  database system was shut down at 2024-02-09 13:52:03 EST
LOG:  checkpoint record is at 0/B745D8
LOG:  redo record is at 0/B745D8; undo record is at 0/0; shutdown TRUE
LOG:  next transaction ID: 17376; next OID: 22147
LOG:  database system is ready

POSTGRES backend interactive interface 
$Revision: 1.375.2.5 $ $Date: 2005/12/14 17:07:00 $

backend> LOG:  QUERY STATISTICS
DETAIL:  ! system usage stats:
	!	0.038582 elapsed 0.004959 user 0.000647 system sec
	!	[0.004959 user 0.004959 sys total]
	!	0/0 [0/56] filesystem blocks in/out
	!	54/58 [102/439] page faults/reclaims, 0 [0] swaps
	!	0 [0] signals rcvd, 0/0 [0/0] messages rcvd/sent
	!	29/0 [75/2] voluntary/involuntary context switches
	! buffer usage stats:
	!	Shared blocks:        203 read,          0 written, buffer hit rate = 23.68%
	!	Local  blocks:          0 read,          0 written, buffer hit rate = 0.00%
	!	Direct blocks:          0 read,          0 written
	 1: count	(typeid = 20, len = 8, typmod = -1, byval = f)
	----
	 1: count = "340"	(typeid = 20, len = 8, typmod = -1, byval = f)
	----
backend> LOG:  shutting down
LOG:  database system is shut down
LOG:  database system was shut down at 2024-02-09 13:52:03 EST
LOG:  checkpoint record is at 0/B74620
LOG:  redo record is at 0/B74620; undo record is at 0/0; shutdown TRUE
LOG:  next transaction ID: 17378; next OID: 22147
LOG:  database system is ready

POSTGRES backend interactive interface 
$Revision: 1.375.2.5 $ $Date: 2005/12/14 17:07:00 $

backend> LOG:  QUERY STATISTICS
DETAIL:  ! system usage stats:
	!	0.039368 elapsed 0.004748 user 0.000000 system sec
	!	[0.009058 user 0.000000 sys total]
	!	0/0 [0/56] filesystem blocks in/out
	!	54/57 [102/442] page faults/reclaims, 0 [0] swaps
	!	0 [0] signals rcvd, 0/0 [0/0] messages rcvd/sent
	!	31/0 [77/0] voluntary/involuntary context switches
	! buffer usage stats:
	!	Shared blocks:        225 read,          0 written, buffer hit rate = 22.95%
	!	Local  blocks:          0 read,          0 written, buffer hit rate = 0.00%
	!	Direct blocks:          0 read,          0 written
	 1: count	(typeid = 20, len = 8, typmod = -1, byval = f)
	----
	 1: count = "1794"	(typeid = 20, len = 8, typmod = -1, byval = f)
	----
backend> LOG:  shutting down
LOG:  database system is shut down
LOG:  database system was shut down at 2024-02-09 13:52:03 EST
LOG:  checkpoint record is at 0/B74668
LOG:  redo record is at 0/B74668; undo record is at 0/0; shutdown TRUE
LOG:  next transaction ID: 17380; next OID: 22147
LOG:  database system is ready

POSTGRES backend interactive interface 
$Revision: 1.375.2.5 $ $Date: 2005/12/14 17:07:00 $

backend> LOG:  QUERY STATISTICS
DETAIL:  ! system usage stats:
	!	0.038406 elapsed 0.003249 user 0.000601 system sec
	!	[0.006142 user 0.002047 sys total]
	!	0/0 [0/56] filesystem blocks in/out
	!	54/51 [102/432] page faults/reclaims, 0 [0] swaps
	!	0 [0] signals rcvd, 0/0 [0/0] messages rcvd/sent
	!	32/0 [80/3] voluntary/involuntary context switches
	! buffer usage stats:
	!	Shared blocks:        182 read,          0 written, buffer hit rate = 22.88%
	!	Local  blocks:          0 read,          0 written, buffer hit rate = 0.00%
	!	Direct blocks:          0 read,          0 written
	 1: count	(typeid = 20, len = 8, typmod = -1, byval = f)
	----
	 1: count = "729"	(typeid = 20, len = 8, typmod = -1, byval = f)
	----
backend> LOG:  shutting down
LOG:  database system is shut down
LOG:  database system was shut down at 2024-02-09 13:52:04 EST
LOG:  checkpoint record is at 0/B746B0
LOG:  redo record is at 0/B746B0; undo record is at 0/0; shutdown TRUE
LOG:  next transaction ID: 17382; next OID: 22147
LOG:  database system is ready

POSTGRES backend interactive interface 
$Revision: 1.375.2.5 $ $Date: 2005/12/14 17:07:00 $

backend> LOG:  QUERY STATISTICS
DETAIL:  ! system usage stats:
	!	0.037739 elapsed 0.004768 user 0.000000 system sec
	!	[0.008860 user 0.000000 sys total]
	!	0/0 [0/64] filesystem blocks in/out
	!	54/58 [102/440] page faults/reclaims, 0 [0] swaps
	!	0 [0] signals rcvd, 0/0 [0/0] messages rcvd/sent
	!	31/5 [78/19] voluntary/involuntary context switches
	! buffer usage stats:
	!	Shared blocks:        223 read,          0 written, buffer hit rate = 21.75%
	!	Local  blocks:          0 read,          0 written, buffer hit rate = 0.00%
	!	Direct blocks:          0 read,          0 written
	 1: count	(typeid = 20, len = 8, typmod = -1, byval = f)
	----
	 1: count = "579"	(typeid = 20, len = 8, typmod = -1, byval = f)
	----
backend> LOG:  shutting down
LOG:  database system is shut down
LOG:  database system was shut down at 2024-02-09 13:52:04 EST
LOG:  checkpoint record is at 0/B746F8
LOG:  redo record is at 0/B746F8; undo record is at 0/0; shutdown TRUE
LOG:  next transaction ID: 17384; next OID: 22147
LOG:  database system is ready

POSTGRES backend interactive interface 
$Revision: 1.375.2.5 $ $Date: 2005/12/14 17:07:00 $

backend> LOG:  QUERY STATISTICS
DETAIL:  ! system usage stats:
	!	0.040830 elapsed 0.004866 user 0.000000 system sec
	!	[0.008929 user 0.000000 sys total]
	!	0/0 [0/56] filesystem blocks in/out
	!	54/60 [102/443] page faults/reclaims, 0 [0] swaps
	!	0 [0] signals rcvd, 0/0 [0/0] messages rcvd/sent
	!	31/16 [79/42] voluntary/involuntary context switches
	! buffer usage stats:
	!	Shared blocks:        225 read,          0 written, buffer hit rate = 22.95%
	!	Local  blocks:          0 read,          0 written, buffer hit rate = 0.00%
	!	Direct blocks:          0 read,          0 written
	 1: count	(typeid = 20, len = 8, typmod = -1, byval = f)
	----
	 1: count = "2479"	(typeid = 20, len = 8, typmod = -1, byval = f)
	----
backend> LOG:  shutting down
LOG:  database system is shut down
LOG:  database system was shut down at 2024-02-09 13:52:04 EST
LOG:  checkpoint record is at 0/B74740
LOG:  redo record is at 0/B74740; undo record is at 0/0; shutdown TRUE
LOG:  next transaction ID: 17386; next OID: 22147
LOG:  database system is ready

POSTGRES backend interactive interface 
$Revision: 1.375.2.5 $ $Date: 2005/12/14 17:07:00 $

backend> LOG:  QUERY STATISTICS
DETAIL:  ! system usage stats:
	!	0.039201 elapsed 0.004809 user 0.000000 system sec
	!	[0.009206 user 0.000000 sys total]
	!	0/0 [0/56] filesystem blocks in/out
	!	54/59 [102/439] page faults/reclaims, 0 [0] swaps
	!	0 [0] signals rcvd, 0/0 [0/0] messages rcvd/sent
	!	32/1 [80/10] voluntary/involuntary context switches
	! buffer usage stats:
	!	Shared blocks:        223 read,          0 written, buffer hit rate = 22.03%
	!	Local  blocks:          0 read,          0 written, buffer hit rate = 0.00%
	!	Direct blocks:          0 read,          0 written
	 1: count	(typeid = 20, len = 8, typmod = -1, byval = f)
	----
	 1: count = "1473"	(typeid = 20, len = 8, typmod = -1, byval = f)
	----
backend> LOG:  shutting down
LOG:  database system is shut down
