LOG:  database system was shut down at 2024-02-09 15:12:49 EST
LOG:  checkpoint record is at 0/BB6D48
LOG:  redo record is at 0/BB6D48; undo record is at 0/0; shutdown TRUE
LOG:  next transaction ID: 27044; next OID: 22147
LOG:  database system is ready

POSTGRES backend interactive interface 
$Revision: 1.375.2.5 $ $Date: 2005/12/14 17:07:00 $

backend> LOG:  QUERY STATISTICS
DETAIL:  ! system usage stats:
	!	0.038936 elapsed 0.002158 user 0.000000 system sec
	!	[0.002158 user 0.004255 sys total]
	!	0/0 [0/56] filesystem blocks in/out
	!	66/59 [113/441] page faults/reclaims, 0 [0] swaps
	!	0 [0] signals rcvd, 0/0 [0/0] messages rcvd/sent
	!	36/0 [84/2] voluntary/involuntary context switches
	! buffer usage stats:
	!	Shared blocks:        185 read,          0 written, buffer hit rate = 38.13%
	!	Local  blocks:          0 read,          0 written, buffer hit rate = 0.00%
	!	Direct blocks:          0 read,          0 written
	 1: count	(typeid = 20, len = 8, typmod = -1, byval = f)
	----
	 1: count = "41"	(typeid = 20, len = 8, typmod = -1, byval = f)
	----
backend> LOG:  shutting down
LOG:  database system is shut down
LOG:  database system was shut down at 2024-02-09 15:12:49 EST
LOG:  checkpoint record is at 0/BB6D90
LOG:  redo record is at 0/BB6D90; undo record is at 0/0; shutdown TRUE
LOG:  next transaction ID: 27046; next OID: 22147
LOG:  database system is ready

POSTGRES backend interactive interface 
$Revision: 1.375.2.5 $ $Date: 2005/12/14 17:07:00 $

backend> LOG:  QUERY STATISTICS
DETAIL:  ! system usage stats:
	!	0.033930 elapsed 0.002376 user 0.002716 system sec
	!	[0.002376 user 0.007128 sys total]
	!	0/0 [0/56] filesystem blocks in/out
	!	66/55 [113/435] page faults/reclaims, 0 [0] swaps
	!	0 [0] signals rcvd, 0/0 [0/0] messages rcvd/sent
	!	30/2 [77/3] voluntary/involuntary context switches
	! buffer usage stats:
	!	Shared blocks:        183 read,          0 written, buffer hit rate = 29.07%
	!	Local  blocks:          0 read,          0 written, buffer hit rate = 0.00%
	!	Direct blocks:          0 read,          0 written
	 1: count	(typeid = 20, len = 8, typmod = -1, byval = f)
	----
	 1: count = "50"	(typeid = 20, len = 8, typmod = -1, byval = f)
	----
backend> LOG:  shutting down
LOG:  database system is shut down
LOG:  database system was shut down at 2024-02-09 15:12:49 EST
LOG:  checkpoint record is at 0/BB6DD8
LOG:  redo record is at 0/BB6DD8; undo record is at 0/0; shutdown TRUE
LOG:  next transaction ID: 27048; next OID: 22147
LOG:  database system is ready

POSTGRES backend interactive interface 
$Revision: 1.375.2.5 $ $Date: 2005/12/14 17:07:00 $

backend> LOG:  QUERY STATISTICS
DETAIL:  ! system usage stats:
	!	0.036462 elapsed 0.002302 user 0.000000 system sec
	!	[0.006475 user 0.000000 sys total]
	!	0/0 [0/56] filesystem blocks in/out
	!	66/59 [113/439] page faults/reclaims, 0 [0] swaps
	!	0 [0] signals rcvd, 0/0 [0/0] messages rcvd/sent
	!	35/2 [82/2] voluntary/involuntary context switches
	! buffer usage stats:
	!	Shared blocks:        185 read,          0 written, buffer hit rate = 48.32%
	!	Local  blocks:          0 read,          0 written, buffer hit rate = 0.00%
	!	Direct blocks:          0 read,          0 written
	 1: count	(typeid = 20, len = 8, typmod = -1, byval = f)
	----
	 1: count = "99"	(typeid = 20, len = 8, typmod = -1, byval = f)
	----
backend> LOG:  shutting down
LOG:  database system is shut down
LOG:  database system was shut down at 2024-02-09 15:12:49 EST
LOG:  checkpoint record is at 0/BB6E20
LOG:  redo record is at 0/BB6E20; undo record is at 0/0; shutdown TRUE
LOG:  next transaction ID: 27050; next OID: 22147
LOG:  database system is ready

POSTGRES backend interactive interface 
$Revision: 1.375.2.5 $ $Date: 2005/12/14 17:07:00 $

backend> LOG:  QUERY STATISTICS
DETAIL:  ! system usage stats:
	!	0.037200 elapsed 0.002530 user 0.000000 system sec
	!	[0.006753 user 0.000000 sys total]
	!	0/0 [0/56] filesystem blocks in/out
	!	66/63 [113/439] page faults/reclaims, 0 [0] swaps
	!	0 [0] signals rcvd, 0/0 [0/0] messages rcvd/sent
	!	35/4 [82/9] voluntary/involuntary context switches
	! buffer usage stats:
	!	Shared blocks:        194 read,          0 written, buffer hit rate = 84.62%
	!	Local  blocks:          0 read,          0 written, buffer hit rate = 0.00%
	!	Direct blocks:          0 read,          0 written
	 1: count	(typeid = 20, len = 8, typmod = -1, byval = f)
	----
	 1: count = "1000"	(typeid = 20, len = 8, typmod = -1, byval = f)
	----
backend> LOG:  shutting down
LOG:  database system is shut down
LOG:  database system was shut down at 2024-02-09 15:12:49 EST
LOG:  checkpoint record is at 0/BB6E68
LOG:  redo record is at 0/BB6E68; undo record is at 0/0; shutdown TRUE
LOG:  next transaction ID: 27052; next OID: 22147
LOG:  database system is ready

POSTGRES backend interactive interface 
$Revision: 1.375.2.5 $ $Date: 2005/12/14 17:07:00 $

backend> LOG:  QUERY STATISTICS
DETAIL:  ! system usage stats:
	!	0.034609 elapsed 0.003288 user 0.002394 system sec
	!	[0.003288 user 0.006577 sys total]
	!	0/0 [0/56] filesystem blocks in/out
	!	66/54 [113/435] page faults/reclaims, 0 [0] swaps
	!	0 [0] signals rcvd, 0/0 [0/0] messages rcvd/sent
	!	29/5 [76/7] voluntary/involuntary context switches
	! buffer usage stats:
	!	Shared blocks:        183 read,          0 written, buffer hit rate = 29.07%
	!	Local  blocks:          0 read,          0 written, buffer hit rate = 0.00%
	!	Direct blocks:          0 read,          0 written
	 1: count	(typeid = 20, len = 8, typmod = -1, byval = f)
	----
	 1: count = "2500"	(typeid = 20, len = 8, typmod = -1, byval = f)
	----
backend> LOG:  shutting down
LOG:  database system is shut down
LOG:  database system was shut down at 2024-02-09 15:12:49 EST
LOG:  checkpoint record is at 0/BB6EB0
LOG:  redo record is at 0/BB6EB0; undo record is at 0/0; shutdown TRUE
LOG:  next transaction ID: 27054; next OID: 22147
LOG:  database system is ready

POSTGRES backend interactive interface 
$Revision: 1.375.2.5 $ $Date: 2005/12/14 17:07:00 $

backend> LOG:  QUERY STATISTICS
DETAIL:  ! system usage stats:
	!	0.044183 elapsed 0.003421 user 0.002006 system sec
	!	[0.004836 user 0.004836 sys total]
	!	0/0 [0/56] filesystem blocks in/out
	!	66/61 [113/438] page faults/reclaims, 0 [0] swaps
	!	0 [0] signals rcvd, 0/0 [0/0] messages rcvd/sent
	!	33/1 [80/1] voluntary/involuntary context switches
	! buffer usage stats:
	!	Shared blocks:        213 read,          0 written, buffer hit rate = 26.04%
	!	Local  blocks:          0 read,          0 written, buffer hit rate = 0.00%
	!	Direct blocks:          0 read,          0 written
	 1: count	(typeid = 20, len = 8, typmod = -1, byval = f)
	----
	 1: count = "999"	(typeid = 20, len = 8, typmod = -1, byval = f)
	----
backend> LOG:  shutting down
LOG:  database system is shut down
LOG:  database system was shut down at 2024-02-09 15:12:49 EST
LOG:  checkpoint record is at 0/BB6EF8
LOG:  redo record is at 0/BB6EF8; undo record is at 0/0; shutdown TRUE
LOG:  next transaction ID: 27056; next OID: 22147
LOG:  database system is ready

POSTGRES backend interactive interface 
$Revision: 1.375.2.5 $ $Date: 2005/12/14 17:07:00 $

backend> LOG:  QUERY STATISTICS
DETAIL:  ! system usage stats:
	!	0.041968 elapsed 0.000000 user 0.002483 system sec
	!	[0.004359 user 0.002483 sys total]
	!	0/0 [0/56] filesystem blocks in/out
	!	66/58 [113/439] page faults/reclaims, 0 [0] swaps
	!	0 [0] signals rcvd, 0/0 [0/0] messages rcvd/sent
	!	35/0 [82/0] voluntary/involuntary context switches
	! buffer usage stats:
	!	Shared blocks:        188 read,          0 written, buffer hit rate = 66.43%
	!	Local  blocks:          0 read,          0 written, buffer hit rate = 0.00%
	!	Direct blocks:          0 read,          0 written
	 1: count	(typeid = 20, len = 8, typmod = -1, byval = f)
	----
	 1: count = "301"	(typeid = 20, len = 8, typmod = -1, byval = f)
	----
backend> LOG:  shutting down
LOG:  database system is shut down
LOG:  database system was shut down at 2024-02-09 15:12:50 EST
LOG:  checkpoint record is at 0/BB6F40
LOG:  redo record is at 0/BB6F40; undo record is at 0/0; shutdown TRUE
LOG:  next transaction ID: 27058; next OID: 22147
LOG:  database system is ready

POSTGRES backend interactive interface 
$Revision: 1.375.2.5 $ $Date: 2005/12/14 17:07:00 $

backend> LOG:  QUERY STATISTICS
DETAIL:  ! system usage stats:
	!	0.037138 elapsed 0.000000 user 0.002015 system sec
	!	[0.000000 user 0.006104 sys total]
	!	0/0 [0/64] filesystem blocks in/out
	!	66/58 [113/441] page faults/reclaims, 0 [0] swaps
	!	0 [0] signals rcvd, 0/0 [0/0] messages rcvd/sent
	!	35/1 [82/9] voluntary/involuntary context switches
	! buffer usage stats:
	!	Shared blocks:        186 read,          0 written, buffer hit rate = 48.19%
	!	Local  blocks:          0 read,          0 written, buffer hit rate = 0.00%
	!	Direct blocks:          0 read,          0 written
	 1: count	(typeid = 20, len = 8, typmod = -1, byval = f)
	----
	 1: count = "101"	(typeid = 20, len = 8, typmod = -1, byval = f)
	----
backend> LOG:  shutting down
LOG:  database system is shut down
LOG:  database system was shut down at 2024-02-09 15:12:50 EST
LOG:  checkpoint record is at 0/BB6F88
LOG:  redo record is at 0/BB6F88; undo record is at 0/0; shutdown TRUE
LOG:  next transaction ID: 27060; next OID: 22147
LOG:  database system is ready

POSTGRES backend interactive interface 
$Revision: 1.375.2.5 $ $Date: 2005/12/14 17:07:00 $

backend> LOG:  QUERY STATISTICS
DETAIL:  ! system usage stats:
	!	0.042982 elapsed 0.000000 user 0.002076 system sec
	!	[0.000000 user 0.006300 sys total]
	!	0/0 [0/56] filesystem blocks in/out
	!	66/61 [113/442] page faults/reclaims, 0 [0] swaps
	!	0 [0] signals rcvd, 0/0 [0/0] messages rcvd/sent
	!	36/0 [85/1] voluntary/involuntary context switches
	! buffer usage stats:
	!	Shared blocks:        186 read,          0 written, buffer hit rate = 48.19%
	!	Local  blocks:          0 read,          0 written, buffer hit rate = 0.00%
	!	Direct blocks:          0 read,          0 written
	 1: count	(typeid = 20, len = 8, typmod = -1, byval = f)
	----
	 1: count = "101"	(typeid = 20, len = 8, typmod = -1, byval = f)
	----
backend> LOG:  shutting down
LOG:  database system is shut down
LOG:  database system was shut down at 2024-02-09 15:12:50 EST
LOG:  checkpoint record is at 0/BB6FD0
LOG:  redo record is at 0/BB6FD0; undo record is at 0/0; shutdown TRUE
LOG:  next transaction ID: 27062; next OID: 22147
LOG:  database system is ready

POSTGRES backend interactive interface 
$Revision: 1.375.2.5 $ $Date: 2005/12/14 17:07:00 $

backend> LOG:  QUERY STATISTICS
DETAIL:  ! system usage stats:
	!	0.036412 elapsed 0.002195 user 0.000000 system sec
	!	[0.006595 user 0.000000 sys total]
	!	0/0 [0/56] filesystem blocks in/out
	!	66/59 [113/440] page faults/reclaims, 0 [0] swaps
	!	0 [0] signals rcvd, 0/0 [0/0] messages rcvd/sent
	!	35/0 [83/0] voluntary/involuntary context switches
	! buffer usage stats:
	!	Shared blocks:        186 read,          0 written, buffer hit rate = 35.86%
	!	Local  blocks:          0 read,          0 written, buffer hit rate = 0.00%
	!	Direct blocks:          0 read,          0 written
	 1: count	(typeid = 20, len = 8, typmod = -1, byval = f)
	----
	 1: count = "31"	(typeid = 20, len = 8, typmod = -1, byval = f)
	----
backend> LOG:  shutting down
LOG:  database system is shut down
