LOG:  database system was shut down at 2024-02-09 14:45:09 EST
LOG:  checkpoint record is at 0/B98980
LOG:  redo record is at 0/B98980; undo record is at 0/0; shutdown TRUE
LOG:  next transaction ID: 22298; next OID: 22147
LOG:  database system is ready

POSTGRES backend interactive interface 
$Revision: 1.375.2.5 $ $Date: 2005/12/14 17:07:00 $

backend> LOG:  QUERY STATISTICS
DETAIL:  ! system usage stats:
	!	0.039418 elapsed 0.000000 user 0.004439 system sec
	!	[0.004380 user 0.004439 sys total]
	!	0/0 [0/56] filesystem blocks in/out
	!	66/52 [113/440] page faults/reclaims, 0 [0] swaps
	!	0 [0] signals rcvd, 0/0 [0/0] messages rcvd/sent
	!	31/1 [78/1] voluntary/involuntary context switches
	! buffer usage stats:
	!	Shared blocks:        175 read,          0 written, buffer hit rate = 25.85%
	!	Local  blocks:          0 read,          0 written, buffer hit rate = 0.00%
	!	Direct blocks:          0 read,          0 written
	 1: count	(typeid = 20, len = 8, typmod = -1, byval = f)
	----
	 1: count = "2175"	(typeid = 20, len = 8, typmod = -1, byval = f)
	----
backend> LOG:  shutting down
LOG:  database system is shut down
LOG:  database system was shut down at 2024-02-09 14:45:09 EST
LOG:  checkpoint record is at 0/B989C8
LOG:  redo record is at 0/B989C8; undo record is at 0/0; shutdown TRUE
LOG:  next transaction ID: 22300; next OID: 22147
LOG:  database system is ready

POSTGRES backend interactive interface 
$Revision: 1.375.2.5 $ $Date: 2005/12/14 17:07:00 $

backend> LOG:  QUERY STATISTICS
DETAIL:  ! system usage stats:
	!	0.037566 elapsed 0.003939 user 0.001867 system sec
	!	[0.006216 user 0.004144 sys total]
	!	0/0 [0/56] filesystem blocks in/out
	!	66/55 [113/442] page faults/reclaims, 0 [0] swaps
	!	0 [0] signals rcvd, 0/0 [0/0] messages rcvd/sent
	!	29/0 [76/0] voluntary/involuntary context switches
	! buffer usage stats:
	!	Shared blocks:        186 read,          0 written, buffer hit rate = 29.01%
	!	Local  blocks:          0 read,          0 written, buffer hit rate = 0.00%
	!	Direct blocks:          0 read,          0 written
	 1: count	(typeid = 20, len = 8, typmod = -1, byval = f)
	----
	 1: count = "1051"	(typeid = 20, len = 8, typmod = -1, byval = f)
	----
backend> LOG:  shutting down
LOG:  database system is shut down
LOG:  database system was shut down at 2024-02-09 14:45:10 EST
LOG:  checkpoint record is at 0/B98A10
LOG:  redo record is at 0/B98A10; undo record is at 0/0; shutdown TRUE
LOG:  next transaction ID: 22302; next OID: 22147
LOG:  database system is ready

POSTGRES backend interactive interface 
$Revision: 1.375.2.5 $ $Date: 2005/12/14 17:07:00 $

backend> LOG:  QUERY STATISTICS
DETAIL:  ! system usage stats:
	!	0.034797 elapsed 0.000000 user 0.004712 system sec
	!	[0.004352 user 0.004712 sys total]
	!	0/0 [0/56] filesystem blocks in/out
	!	66/61 [113/446] page faults/reclaims, 0 [0] swaps
	!	0 [0] signals rcvd, 0/0 [0/0] messages rcvd/sent
	!	31/0 [78/0] voluntary/involuntary context switches
	! buffer usage stats:
	!	Shared blocks:        211 read,          0 written, buffer hit rate = 25.96%
	!	Local  blocks:          0 read,          0 written, buffer hit rate = 0.00%
	!	Direct blocks:          0 read,          0 written
	 1: count	(typeid = 20, len = 8, typmod = -1, byval = f)
	----
	 1: count = "541"	(typeid = 20, len = 8, typmod = -1, byval = f)
	----
backend> LOG:  shutting down
LOG:  database system is shut down
LOG:  database system was shut down at 2024-02-09 14:45:10 EST
LOG:  checkpoint record is at 0/B98A58
LOG:  redo record is at 0/B98A58; undo record is at 0/0; shutdown TRUE
LOG:  next transaction ID: 22304; next OID: 22147
LOG:  database system is ready

POSTGRES backend interactive interface 
$Revision: 1.375.2.5 $ $Date: 2005/12/14 17:07:00 $

backend> LOG:  QUERY STATISTICS
DETAIL:  ! system usage stats:
	!	0.037796 elapsed 0.000000 user 0.005507 system sec
	!	[0.000000 user 0.010174 sys total]
	!	0/0 [0/56] filesystem blocks in/out
	!	66/64 [113/449] page faults/reclaims, 0 [0] swaps
	!	0 [0] signals rcvd, 0/0 [0/0] messages rcvd/sent
	!	31/0 [79/0] voluntary/involuntary context switches
	! buffer usage stats:
	!	Shared blocks:        212 read,          0 written, buffer hit rate = 28.86%
	!	Local  blocks:          0 read,          0 written, buffer hit rate = 0.00%
	!	Direct blocks:          0 read,          0 written
	 1: count	(typeid = 20, len = 8, typmod = -1, byval = f)
	----
	 1: count = "1326"	(typeid = 20, len = 8, typmod = -1, byval = f)
	----
backend> LOG:  shutting down
LOG:  database system is shut down
LOG:  database system was shut down at 2024-02-09 14:45:10 EST
LOG:  checkpoint record is at 0/B98AA0
LOG:  redo record is at 0/B98AA0; undo record is at 0/0; shutdown TRUE
LOG:  next transaction ID: 22306; next OID: 22147
LOG:  database system is ready

POSTGRES backend interactive interface 
$Revision: 1.375.2.5 $ $Date: 2005/12/14 17:07:00 $

backend> LOG:  QUERY STATISTICS
DETAIL:  ! system usage stats:
	!	0.037871 elapsed 0.001266 user 0.004708 system sec
	!	[0.003442 user 0.006884 sys total]
	!	0/0 [0/56] filesystem blocks in/out
	!	66/58 [113/441] page faults/reclaims, 0 [0] swaps
	!	0 [0] signals rcvd, 0/0 [0/0] messages rcvd/sent
	!	29/0 [78/1] voluntary/involuntary context switches
	! buffer usage stats:
	!	Shared blocks:        186 read,          0 written, buffer hit rate = 30.08%
	!	Local  blocks:          0 read,          0 written, buffer hit rate = 0.00%
	!	Direct blocks:          0 read,          0 written
	 1: count	(typeid = 20, len = 8, typmod = -1, byval = f)
	----
	 1: count = "340"	(typeid = 20, len = 8, typmod = -1, byval = f)
	----
backend> LOG:  shutting down
LOG:  database system is shut down
LOG:  database system was shut down at 2024-02-09 14:45:10 EST
LOG:  checkpoint record is at 0/B98AE8
LOG:  redo record is at 0/B98AE8; undo record is at 0/0; shutdown TRUE
LOG:  next transaction ID: 22308; next OID: 22147
LOG:  database system is ready

POSTGRES backend interactive interface 
$Revision: 1.375.2.5 $ $Date: 2005/12/14 17:07:00 $

backend> LOG:  QUERY STATISTICS
DETAIL:  ! system usage stats:
	!	0.035645 elapsed 0.005198 user 0.000000 system sec
	!	[0.009547 user 0.000000 sys total]
	!	0/0 [0/56] filesystem blocks in/out
	!	66/60 [113/448] page faults/reclaims, 0 [0] swaps
	!	0 [0] signals rcvd, 0/0 [0/0] messages rcvd/sent
	!	31/4 [78/7] voluntary/involuntary context switches
	! buffer usage stats:
	!	Shared blocks:        213 read,          0 written, buffer hit rate = 27.05%
	!	Local  blocks:          0 read,          0 written, buffer hit rate = 0.00%
	!	Direct blocks:          0 read,          0 written
	 1: count	(typeid = 20, len = 8, typmod = -1, byval = f)
	----
	 1: count = "1794"	(typeid = 20, len = 8, typmod = -1, byval = f)
	----
backend> LOG:  shutting down
LOG:  database system is shut down
LOG:  database system was shut down at 2024-02-09 14:45:10 EST
LOG:  checkpoint record is at 0/B98B30
LOG:  redo record is at 0/B98B30; undo record is at 0/0; shutdown TRUE
LOG:  next transaction ID: 22310; next OID: 22147
LOG:  database system is ready

POSTGRES backend interactive interface 
$Revision: 1.375.2.5 $ $Date: 2005/12/14 17:07:00 $

backend> LOG:  QUERY STATISTICS
DETAIL:  ! system usage stats:
	!	0.035984 elapsed 0.004014 user 0.000000 system sec
	!	[0.008541 user 0.000000 sys total]
	!	0/0 [0/56] filesystem blocks in/out
	!	66/53 [113/441] page faults/reclaims, 0 [0] swaps
	!	0 [0] signals rcvd, 0/0 [0/0] messages rcvd/sent
	!	31/0 [79/1] voluntary/involuntary context switches
	! buffer usage stats:
	!	Shared blocks:        173 read,          0 written, buffer hit rate = 26.69%
	!	Local  blocks:          0 read,          0 written, buffer hit rate = 0.00%
	!	Direct blocks:          0 read,          0 written
	 1: count	(typeid = 20, len = 8, typmod = -1, byval = f)
	----
	 1: count = "729"	(typeid = 20, len = 8, typmod = -1, byval = f)
	----
backend> LOG:  shutting down
LOG:  database system is shut down
LOG:  database system was shut down at 2024-02-09 14:45:10 EST
LOG:  checkpoint record is at 0/B98B78
LOG:  redo record is at 0/B98B78; undo record is at 0/0; shutdown TRUE
LOG:  next transaction ID: 22312; next OID: 22147
LOG:  database system is ready

POSTGRES backend interactive interface 
$Revision: 1.375.2.5 $ $Date: 2005/12/14 17:07:00 $

backend> LOG:  QUERY STATISTICS
DETAIL:  ! system usage stats:
	!	0.041430 elapsed 0.004614 user 0.000324 system sec
	!	[0.004614 user 0.004614 sys total]
	!	0/0 [0/64] filesystem blocks in/out
	!	66/59 [113/446] page faults/reclaims, 0 [0] swaps
	!	0 [0] signals rcvd, 0/0 [0/0] messages rcvd/sent
	!	31/3 [79/7] voluntary/involuntary context switches
	! buffer usage stats:
	!	Shared blocks:        211 read,          0 written, buffer hit rate = 25.96%
	!	Local  blocks:          0 read,          0 written, buffer hit rate = 0.00%
	!	Direct blocks:          0 read,          0 written
	 1: count	(typeid = 20, len = 8, typmod = -1, byval = f)
	----
	 1: count = "579"	(typeid = 20, len = 8, typmod = -1, byval = f)
	----
backend> LOG:  shutting down
LOG:  database system is shut down
LOG:  database system was shut down at 2024-02-09 14:45:11 EST
LOG:  checkpoint record is at 0/B98BC0
LOG:  redo record is at 0/B98BC0; undo record is at 0/0; shutdown TRUE
LOG:  next transaction ID: 22314; next OID: 22147
LOG:  database system is ready

POSTGRES backend interactive interface 
$Revision: 1.375.2.5 $ $Date: 2005/12/14 17:07:00 $

backend> LOG:  QUERY STATISTICS
DETAIL:  ! system usage stats:
	!	0.034875 elapsed 0.005028 user 0.000000 system sec
	!	[0.009515 user 0.000000 sys total]
	!	0/0 [0/56] filesystem blocks in/out
	!	66/62 [113/448] page faults/reclaims, 0 [0] swaps
	!	0 [0] signals rcvd, 0/0 [0/0] messages rcvd/sent
	!	31/4 [78/4] voluntary/involuntary context switches
	! buffer usage stats:
	!	Shared blocks:        213 read,          0 written, buffer hit rate = 27.05%
	!	Local  blocks:          0 read,          0 written, buffer hit rate = 0.00%
	!	Direct blocks:          0 read,          0 written
	 1: count	(typeid = 20, len = 8, typmod = -1, byval = f)
	----
	 1: count = "2479"	(typeid = 20, len = 8, typmod = -1, byval = f)
	----
backend> LOG:  shutting down
LOG:  database system is shut down
LOG:  database system was shut down at 2024-02-09 14:45:11 EST
LOG:  checkpoint record is at 0/B98C08
LOG:  redo record is at 0/B98C08; undo record is at 0/0; shutdown TRUE
LOG:  next transaction ID: 22316; next OID: 22147
LOG:  database system is ready

POSTGRES backend interactive interface 
$Revision: 1.375.2.5 $ $Date: 2005/12/14 17:07:00 $

backend> LOG:  QUERY STATISTICS
DETAIL:  ! system usage stats:
	!	0.036237 elapsed 0.004852 user 0.000477 system sec
	!	[0.004852 user 0.004852 sys total]
	!	0/0 [0/56] filesystem blocks in/out
	!	66/59 [113/444] page faults/reclaims, 0 [0] swaps
	!	0 [0] signals rcvd, 0/0 [0/0] messages rcvd/sent
	!	31/0 [78/0] voluntary/involuntary context switches
	! buffer usage stats:
	!	Shared blocks:        211 read,          0 written, buffer hit rate = 26.22%
	!	Local  blocks:          0 read,          0 written, buffer hit rate = 0.00%
	!	Direct blocks:          0 read,          0 written
	 1: count	(typeid = 20, len = 8, typmod = -1, byval = f)
	----
	 1: count = "1473"	(typeid = 20, len = 8, typmod = -1, byval = f)
	----
backend> LOG:  shutting down
LOG:  database system is shut down
