LOG:  database system was shut down at 2024-02-09 15:38:03 EST
LOG:  checkpoint record is at 0/BCEB08
LOG:  redo record is at 0/BCEB08; undo record is at 0/0; shutdown TRUE
LOG:  next transaction ID: 30868; next OID: 22147
LOG:  database system is ready

POSTGRES backend interactive interface 
$Revision: 1.375.2.5 $ $Date: 2005/12/14 17:07:00 $

backend> LOG:  QUERY STATISTICS
DETAIL:  ! system usage stats:
	!	0.047016 elapsed 0.000000 user 0.002244 system sec
	!	[0.000000 user 0.006492 sys total]
	!	0/0 [0/56] filesystem blocks in/out
	!	70/59 [117/445] page faults/reclaims, 0 [0] swaps
	!	0 [0] signals rcvd, 0/0 [0/0] messages rcvd/sent
	!	35/0 [82/1] voluntary/involuntary context switches
	! buffer usage stats:
	!	Shared blocks:        175 read,          0 written, buffer hit rate = 41.47%
	!	Local  blocks:          0 read,          0 written, buffer hit rate = 0.00%
	!	Direct blocks:          0 read,          0 written
	 1: count	(typeid = 20, len = 8, typmod = -1, byval = f)
	----
	 1: count = "41"	(typeid = 20, len = 8, typmod = -1, byval = f)
	----
backend> LOG:  shutting down
LOG:  database system is shut down
LOG:  database system was shut down at 2024-02-09 15:38:03 EST
LOG:  checkpoint record is at 0/BCEB50
LOG:  redo record is at 0/BCEB50; undo record is at 0/0; shutdown TRUE
LOG:  next transaction ID: 30870; next OID: 22147
LOG:  database system is ready

POSTGRES backend interactive interface 
$Revision: 1.375.2.5 $ $Date: 2005/12/14 17:07:00 $

backend> LOG:  QUERY STATISTICS
DETAIL:  ! system usage stats:
	!	0.035854 elapsed 0.004530 user 0.000232 system sec
	!	[0.004530 user 0.004530 sys total]
	!	0/0 [0/56] filesystem blocks in/out
	!	70/54 [117/440] page faults/reclaims, 0 [0] swaps
	!	0 [0] signals rcvd, 0/0 [0/0] messages rcvd/sent
	!	29/0 [79/1] voluntary/involuntary context switches
	! buffer usage stats:
	!	Shared blocks:        174 read,          0 written, buffer hit rate = 32.56%
	!	Local  blocks:          0 read,          0 written, buffer hit rate = 0.00%
	!	Direct blocks:          0 read,          0 written
	 1: count	(typeid = 20, len = 8, typmod = -1, byval = f)
	----
	 1: count = "50"	(typeid = 20, len = 8, typmod = -1, byval = f)
	----
backend> LOG:  shutting down
LOG:  database system is shut down
LOG:  database system was shut down at 2024-02-09 15:38:04 EST
LOG:  checkpoint record is at 0/BCEB98
LOG:  redo record is at 0/BCEB98; undo record is at 0/0; shutdown TRUE
LOG:  next transaction ID: 30872; next OID: 22147
LOG:  database system is ready

POSTGRES backend interactive interface 
$Revision: 1.375.2.5 $ $Date: 2005/12/14 17:07:00 $

backend> LOG:  QUERY STATISTICS
DETAIL:  ! system usage stats:
	!	0.045035 elapsed 0.002163 user 0.000000 system sec
	!	[0.006276 user 0.000000 sys total]
	!	0/0 [8/56] filesystem blocks in/out
	!	70/59 [117/446] page faults/reclaims, 0 [0] swaps
	!	0 [0] signals rcvd, 0/0 [0/0] messages rcvd/sent
	!	35/0 [83/2] voluntary/involuntary context switches
	! buffer usage stats:
	!	Shared blocks:        181 read,          0 written, buffer hit rate = 49.44%
	!	Local  blocks:          0 read,          0 written, buffer hit rate = 0.00%
	!	Direct blocks:          0 read,          0 written
	 1: count	(typeid = 20, len = 8, typmod = -1, byval = f)
	----
	 1: count = "99"	(typeid = 20, len = 8, typmod = -1, byval = f)
	----
backend> LOG:  shutting down
LOG:  database system is shut down
LOG:  database system was shut down at 2024-02-09 15:38:04 EST
LOG:  checkpoint record is at 0/BCEBE0
LOG:  redo record is at 0/BCEBE0; undo record is at 0/0; shutdown TRUE
LOG:  next transaction ID: 30874; next OID: 22147
LOG:  database system is ready

POSTGRES backend interactive interface 
$Revision: 1.375.2.5 $ $Date: 2005/12/14 17:07:00 $

backend> LOG:  QUERY STATISTICS
DETAIL:  ! system usage stats:
	!	0.045621 elapsed 0.002550 user 0.000000 system sec
	!	[0.006615 user 0.000000 sys total]
	!	0/0 [0/56] filesystem blocks in/out
	!	70/59 [117/446] page faults/reclaims, 0 [0] swaps
	!	0 [0] signals rcvd, 0/0 [0/0] messages rcvd/sent
	!	35/2 [82/7] voluntary/involuntary context switches
	! buffer usage stats:
	!	Shared blocks:        184 read,          0 written, buffer hit rate = 85.41%
	!	Local  blocks:          0 read,          0 written, buffer hit rate = 0.00%
	!	Direct blocks:          0 read,          0 written
	 1: count	(typeid = 20, len = 8, typmod = -1, byval = f)
	----
	 1: count = "1000"	(typeid = 20, len = 8, typmod = -1, byval = f)
	----
backend> LOG:  shutting down
LOG:  database system is shut down
LOG:  database system was shut down at 2024-02-09 15:38:04 EST
LOG:  checkpoint record is at 0/BCEC28
LOG:  redo record is at 0/BCEC28; undo record is at 0/0; shutdown TRUE
LOG:  next transaction ID: 30876; next OID: 22147
LOG:  database system is ready

POSTGRES backend interactive interface 
$Revision: 1.375.2.5 $ $Date: 2005/12/14 17:07:00 $

backend> LOG:  QUERY STATISTICS
DETAIL:  ! system usage stats:
	!	0.033760 elapsed 0.005465 user 0.000000 system sec
	!	[0.009704 user 0.000000 sys total]
	!	0/0 [0/56] filesystem blocks in/out
	!	70/55 [117/439] page faults/reclaims, 0 [0] swaps
	!	0 [0] signals rcvd, 0/0 [0/0] messages rcvd/sent
	!	29/6 [76/7] voluntary/involuntary context switches
	! buffer usage stats:
	!	Shared blocks:        174 read,          0 written, buffer hit rate = 32.56%
	!	Local  blocks:          0 read,          0 written, buffer hit rate = 0.00%
	!	Direct blocks:          0 read,          0 written
	 1: count	(typeid = 20, len = 8, typmod = -1, byval = f)
	----
	 1: count = "2500"	(typeid = 20, len = 8, typmod = -1, byval = f)
	----
backend> LOG:  shutting down
LOG:  database system is shut down
LOG:  database system was shut down at 2024-02-09 15:38:04 EST
LOG:  checkpoint record is at 0/BCEC70
LOG:  redo record is at 0/BCEC70; undo record is at 0/0; shutdown TRUE
LOG:  next transaction ID: 30878; next OID: 22147
LOG:  database system is ready

POSTGRES backend interactive interface 
$Revision: 1.375.2.5 $ $Date: 2005/12/14 17:07:00 $

backend> LOG:  QUERY STATISTICS
DETAIL:  ! system usage stats:
	!	0.039222 elapsed 0.004747 user 0.000000 system sec
	!	[0.009067 user 0.000000 sys total]
	!	0/0 [0/56] filesystem blocks in/out
	!	70/60 [117/442] page faults/reclaims, 0 [0] swaps
	!	0 [0] signals rcvd, 0/0 [0/0] messages rcvd/sent
	!	34/1 [78/3] voluntary/involuntary context switches
	! buffer usage stats:
	!	Shared blocks:        208 read,          0 written, buffer hit rate = 27.78%
	!	Local  blocks:          0 read,          0 written, buffer hit rate = 0.00%
	!	Direct blocks:          0 read,          0 written
	 1: count	(typeid = 20, len = 8, typmod = -1, byval = f)
	----
	 1: count = "999"	(typeid = 20, len = 8, typmod = -1, byval = f)
	----
backend> LOG:  shutting down
LOG:  database system is shut down
LOG:  database system was shut down at 2024-02-09 15:38:04 EST
LOG:  checkpoint record is at 0/BCECB8
LOG:  redo record is at 0/BCECB8; undo record is at 0/0; shutdown TRUE
LOG:  next transaction ID: 30880; next OID: 22147
LOG:  database system is ready

POSTGRES backend interactive interface 
$Revision: 1.375.2.5 $ $Date: 2005/12/14 17:07:00 $

backend> LOG:  QUERY STATISTICS
DETAIL:  ! system usage stats:
	!	0.041411 elapsed 0.002262 user 0.000000 system sec
	!	[0.002262 user 0.004145 sys total]
	!	0/0 [0/56] filesystem blocks in/out
	!	70/58 [117/446] page faults/reclaims, 0 [0] swaps
	!	0 [0] signals rcvd, 0/0 [0/0] messages rcvd/sent
	!	35/3 [78/7] voluntary/involuntary context switches
	! buffer usage stats:
	!	Shared blocks:        178 read,          0 written, buffer hit rate = 68.21%
	!	Local  blocks:          0 read,          0 written, buffer hit rate = 0.00%
	!	Direct blocks:          0 read,          0 written
	 1: count	(typeid = 20, len = 8, typmod = -1, byval = f)
	----
	 1: count = "301"	(typeid = 20, len = 8, typmod = -1, byval = f)
	----
backend> LOG:  shutting down
LOG:  database system is shut down
LOG:  database system was shut down at 2024-02-09 15:38:04 EST
LOG:  checkpoint record is at 0/BCED00
LOG:  redo record is at 0/BCED00; undo record is at 0/0; shutdown TRUE
LOG:  next transaction ID: 30882; next OID: 22147
LOG:  database system is ready

POSTGRES backend interactive interface 
$Revision: 1.375.2.5 $ $Date: 2005/12/14 17:07:00 $

backend> LOG:  QUERY STATISTICS
DETAIL:  ! system usage stats:
	!	0.045617 elapsed 0.002173 user 0.000119 system sec
	!	[0.002173 user 0.004347 sys total]
	!	0/0 [0/64] filesystem blocks in/out
	!	70/59 [117/445] page faults/reclaims, 0 [0] swaps
	!	0 [0] signals rcvd, 0/0 [0/0] messages rcvd/sent
	!	35/1 [78/5] voluntary/involuntary context switches
	! buffer usage stats:
	!	Shared blocks:        176 read,          0 written, buffer hit rate = 50.97%
	!	Local  blocks:          0 read,          0 written, buffer hit rate = 0.00%
	!	Direct blocks:          0 read,          0 written
	 1: count	(typeid = 20, len = 8, typmod = -1, byval = f)
	----
	 1: count = "101"	(typeid = 20, len = 8, typmod = -1, byval = f)
	----
backend> LOG:  shutting down
LOG:  database system is shut down
LOG:  database system was shut down at 2024-02-09 15:38:05 EST
LOG:  checkpoint record is at 0/BCED48
LOG:  redo record is at 0/BCED48; undo record is at 0/0; shutdown TRUE
LOG:  next transaction ID: 30884; next OID: 22147
LOG:  database system is ready

POSTGRES backend interactive interface 
$Revision: 1.375.2.5 $ $Date: 2005/12/14 17:07:00 $

backend> LOG:  QUERY STATISTICS
DETAIL:  ! system usage stats:
	!	0.037065 elapsed 0.000000 user 0.002018 system sec
	!	[0.004085 user 0.002018 sys total]
	!	0/0 [0/56] filesystem blocks in/out
	!	70/60 [117/445] page faults/reclaims, 0 [0] swaps
	!	0 [0] signals rcvd, 0/0 [0/0] messages rcvd/sent
	!	36/1 [79/3] voluntary/involuntary context switches
	! buffer usage stats:
	!	Shared blocks:        176 read,          0 written, buffer hit rate = 50.97%
	!	Local  blocks:          0 read,          0 written, buffer hit rate = 0.00%
	!	Direct blocks:          0 read,          0 written
	 1: count	(typeid = 20, len = 8, typmod = -1, byval = f)
	----
	 1: count = "101"	(typeid = 20, len = 8, typmod = -1, byval = f)
	----
backend> LOG:  shutting down
LOG:  database system is shut down
LOG:  database system was shut down at 2024-02-09 15:38:05 EST
LOG:  checkpoint record is at 0/BCED90
LOG:  redo record is at 0/BCED90; undo record is at 0/0; shutdown TRUE
LOG:  next transaction ID: 30886; next OID: 22147
LOG:  database system is ready

POSTGRES backend interactive interface 
$Revision: 1.375.2.5 $ $Date: 2005/12/14 17:07:00 $

backend> LOG:  QUERY STATISTICS
DETAIL:  ! system usage stats:
	!	0.036444 elapsed 0.000000 user 0.002107 system sec
	!	[0.002147 user 0.004254 sys total]
	!	0/0 [0/56] filesystem blocks in/out
	!	70/59 [117/444] page faults/reclaims, 0 [0] swaps
	!	0 [0] signals rcvd, 0/0 [0/0] messages rcvd/sent
	!	35/0 [79/0] voluntary/involuntary context switches
	! buffer usage stats:
	!	Shared blocks:        176 read,          0 written, buffer hit rate = 39.31%
	!	Local  blocks:          0 read,          0 written, buffer hit rate = 0.00%
	!	Direct blocks:          0 read,          0 written
	 1: count	(typeid = 20, len = 8, typmod = -1, byval = f)
	----
	 1: count = "31"	(typeid = 20, len = 8, typmod = -1, byval = f)
	----
backend> LOG:  shutting down
LOG:  database system is shut down
