LOG:  database system was shut down at 2024-02-09 15:37:49 EST
LOG:  checkpoint record is at 0/BCCED8
LOG:  redo record is at 0/BCCED8; undo record is at 0/0; shutdown TRUE
LOG:  next transaction ID: 30668; next OID: 22147
LOG:  database system is ready

POSTGRES backend interactive interface 
$Revision: 1.375.2.5 $ $Date: 2005/12/14 17:07:00 $

backend> LOG:  QUERY STATISTICS
DETAIL:  ! system usage stats:
	!	0.034401 elapsed 0.001939 user 0.001939 system sec
	!	[0.004021 user 0.004021 sys total]
	!	0/0 [0/56] filesystem blocks in/out
	!	70/50 [117/435] page faults/reclaims, 0 [0] swaps
	!	0 [0] signals rcvd, 0/0 [0/0] messages rcvd/sent
	!	31/1 [80/1] voluntary/involuntary context switches
	! buffer usage stats:
	!	Shared blocks:        172 read,          0 written, buffer hit rate = 27.12%
	!	Local  blocks:          0 read,          0 written, buffer hit rate = 0.00%
	!	Direct blocks:          0 read,          0 written
	 1: count	(typeid = 20, len = 8, typmod = -1, byval = f)
	----
	 1: count = "2175"	(typeid = 20, len = 8, typmod = -1, byval = f)
	----
backend> LOG:  shutting down
LOG:  database system is shut down
LOG:  database system was shut down at 2024-02-09 15:37:49 EST
LOG:  checkpoint record is at 0/BCCF20
LOG:  redo record is at 0/BCCF20; undo record is at 0/0; shutdown TRUE
LOG:  next transaction ID: 30670; next OID: 22147
LOG:  database system is ready

POSTGRES backend interactive interface 
$Revision: 1.375.2.5 $ $Date: 2005/12/14 17:07:00 $

backend> LOG:  QUERY STATISTICS
DETAIL:  ! system usage stats:
	!	0.032963 elapsed 0.004780 user 0.000000 system sec
	!	[0.008933 user 0.000000 sys total]
	!	0/0 [0/56] filesystem blocks in/out
	!	70/57 [117/443] page faults/reclaims, 0 [0] swaps
	!	0 [0] signals rcvd, 0/0 [0/0] messages rcvd/sent
	!	29/0 [77/5] voluntary/involuntary context switches
	! buffer usage stats:
	!	Shared blocks:        177 read,          0 written, buffer hit rate = 32.44%
	!	Local  blocks:          0 read,          0 written, buffer hit rate = 0.00%
	!	Direct blocks:          0 read,          0 written
	 1: count	(typeid = 20, len = 8, typmod = -1, byval = f)
	----
	 1: count = "1051"	(typeid = 20, len = 8, typmod = -1, byval = f)
	----
backend> LOG:  shutting down
LOG:  database system is shut down
LOG:  database system was shut down at 2024-02-09 15:37:49 EST
LOG:  checkpoint record is at 0/BCCF68
LOG:  redo record is at 0/BCCF68; undo record is at 0/0; shutdown TRUE
LOG:  next transaction ID: 30672; next OID: 22147
LOG:  database system is ready

POSTGRES backend interactive interface 
$Revision: 1.375.2.5 $ $Date: 2005/12/14 17:07:00 $

backend> LOG:  QUERY STATISTICS
DETAIL:  ! system usage stats:
	!	0.035398 elapsed 0.005371 user 0.000000 system sec
	!	[0.009557 user 0.000000 sys total]
	!	0/0 [0/56] filesystem blocks in/out
	!	70/57 [117/443] page faults/reclaims, 0 [0] swaps
	!	0 [0] signals rcvd, 0/0 [0/0] messages rcvd/sent
	!	31/1 [78/2] voluntary/involuntary context switches
	! buffer usage stats:
	!	Shared blocks:        201 read,          0 written, buffer hit rate = 29.47%
	!	Local  blocks:          0 read,          0 written, buffer hit rate = 0.00%
	!	Direct blocks:          0 read,          0 written
	 1: count	(typeid = 20, len = 8, typmod = -1, byval = f)
	----
	 1: count = "541"	(typeid = 20, len = 8, typmod = -1, byval = f)
	----
backend> LOG:  shutting down
LOG:  database system is shut down
LOG:  database system was shut down at 2024-02-09 15:37:49 EST
LOG:  checkpoint record is at 0/BCCFB0
LOG:  redo record is at 0/BCCFB0; undo record is at 0/0; shutdown TRUE
LOG:  next transaction ID: 30674; next OID: 22147
LOG:  database system is ready

POSTGRES backend interactive interface 
$Revision: 1.375.2.5 $ $Date: 2005/12/14 17:07:00 $

backend> LOG:  QUERY STATISTICS
DETAIL:  ! system usage stats:
	!	0.036090 elapsed 0.000000 user 0.004958 system sec
	!	[0.004148 user 0.004958 sys total]
	!	0/0 [0/56] filesystem blocks in/out
	!	70/60 [117/443] page faults/reclaims, 0 [0] swaps
	!	0 [0] signals rcvd, 0/0 [0/0] messages rcvd/sent
	!	31/0 [78/0] voluntary/involuntary context switches
	! buffer usage stats:
	!	Shared blocks:        210 read,          0 written, buffer hit rate = 29.53%
	!	Local  blocks:          0 read,          0 written, buffer hit rate = 0.00%
	!	Direct blocks:          0 read,          0 written
	 1: count	(typeid = 20, len = 8, typmod = -1, byval = f)
	----
	 1: count = "1326"	(typeid = 20, len = 8, typmod = -1, byval = f)
	----
backend> LOG:  shutting down
LOG:  database system is shut down
LOG:  database system was shut down at 2024-02-09 15:37:49 EST
LOG:  checkpoint record is at 0/BCCFF8
LOG:  redo record is at 0/BCCFF8; undo record is at 0/0; shutdown TRUE
LOG:  next transaction ID: 30676; next OID: 22147
LOG:  database system is ready

POSTGRES backend interactive interface 
$Revision: 1.375.2.5 $ $Date: 2005/12/14 17:07:00 $

backend> LOG:  QUERY STATISTICS
DETAIL:  ! system usage stats:
	!	0.035016 elapsed 0.005033 user 0.000831 system sec
	!	[0.005033 user 0.005033 sys total]
	!	0/0 [0/56] filesystem blocks in/out
	!	70/58 [117/443] page faults/reclaims, 0 [0] swaps
	!	0 [0] signals rcvd, 0/0 [0/0] messages rcvd/sent
	!	29/0 [76/1] voluntary/involuntary context switches
	! buffer usage stats:
	!	Shared blocks:        177 read,          0 written, buffer hit rate = 33.46%
	!	Local  blocks:          0 read,          0 written, buffer hit rate = 0.00%
	!	Direct blocks:          0 read,          0 written
	 1: count	(typeid = 20, len = 8, typmod = -1, byval = f)
	----
	 1: count = "340"	(typeid = 20, len = 8, typmod = -1, byval = f)
	----
backend> LOG:  shutting down
LOG:  database system is shut down
LOG:  database system was shut down at 2024-02-09 15:37:50 EST
LOG:  checkpoint record is at 0/BCD040
LOG:  redo record is at 0/BCD040; undo record is at 0/0; shutdown TRUE
LOG:  next transaction ID: 30678; next OID: 22147
LOG:  database system is ready

POSTGRES backend interactive interface 
$Revision: 1.375.2.5 $ $Date: 2005/12/14 17:07:00 $

backend> LOG:  QUERY STATISTICS
DETAIL:  ! system usage stats:
	!	0.035238 elapsed 0.005250 user 0.000000 system sec
	!	[0.009472 user 0.000000 sys total]
	!	0/0 [0/56] filesystem blocks in/out
	!	70/59 [117/444] page faults/reclaims, 0 [0] swaps
	!	0 [0] signals rcvd, 0/0 [0/0] messages rcvd/sent
	!	31/1 [79/2] voluntary/involuntary context switches
	! buffer usage stats:
	!	Shared blocks:        208 read,          0 written, buffer hit rate = 28.77%
	!	Local  blocks:          0 read,          0 written, buffer hit rate = 0.00%
	!	Direct blocks:          0 read,          0 written
	 1: count	(typeid = 20, len = 8, typmod = -1, byval = f)
	----
	 1: count = "1794"	(typeid = 20, len = 8, typmod = -1, byval = f)
	----
backend> LOG:  shutting down
LOG:  database system is shut down
LOG:  database system was shut down at 2024-02-09 15:37:50 EST
LOG:  checkpoint record is at 0/BCD088
LOG:  redo record is at 0/BCD088; undo record is at 0/0; shutdown TRUE
LOG:  next transaction ID: 30680; next OID: 22147
LOG:  database system is ready

POSTGRES backend interactive interface 
$Revision: 1.375.2.5 $ $Date: 2005/12/14 17:07:00 $

backend> LOG:  QUERY STATISTICS
DETAIL:  ! system usage stats:
	!	0.038105 elapsed 0.003844 user 0.000000 system sec
	!	[0.007927 user 0.000000 sys total]
	!	0/0 [0/56] filesystem blocks in/out
	!	70/54 [117/437] page faults/reclaims, 0 [0] swaps
	!	0 [0] signals rcvd, 0/0 [0/0] messages rcvd/sent
	!	32/0 [79/5] voluntary/involuntary context switches
	! buffer usage stats:
	!	Shared blocks:        173 read,          0 written, buffer hit rate = 26.69%
	!	Local  blocks:          0 read,          0 written, buffer hit rate = 0.00%
	!	Direct blocks:          0 read,          0 written
	 1: count	(typeid = 20, len = 8, typmod = -1, byval = f)
	----
	 1: count = "729"	(typeid = 20, len = 8, typmod = -1, byval = f)
	----
backend> LOG:  shutting down
LOG:  database system is shut down
LOG:  database system was shut down at 2024-02-09 15:37:50 EST
LOG:  checkpoint record is at 0/BCD0D0
LOG:  redo record is at 0/BCD0D0; undo record is at 0/0; shutdown TRUE
LOG:  next transaction ID: 30682; next OID: 22147
LOG:  database system is ready

POSTGRES backend interactive interface 
$Revision: 1.375.2.5 $ $Date: 2005/12/14 17:07:00 $

backend> LOG:  QUERY STATISTICS
DETAIL:  ! system usage stats:
	!	0.036831 elapsed 0.000467 user 0.004519 system sec
	!	[0.004519 user 0.004519 sys total]
	!	0/0 [0/64] filesystem blocks in/out
	!	70/61 [117/446] page faults/reclaims, 0 [0] swaps
	!	0 [0] signals rcvd, 0/0 [0/0] messages rcvd/sent
	!	31/0 [78/5] voluntary/involuntary context switches
	! buffer usage stats:
	!	Shared blocks:        201 read,          0 written, buffer hit rate = 29.47%
	!	Local  blocks:          0 read,          0 written, buffer hit rate = 0.00%
	!	Direct blocks:          0 read,          0 written
	 1: count	(typeid = 20, len = 8, typmod = -1, byval = f)
	----
	 1: count = "579"	(typeid = 20, len = 8, typmod = -1, byval = f)
	----
backend> LOG:  shutting down
LOG:  database system is shut down
LOG:  database system was shut down at 2024-02-09 15:37:50 EST
LOG:  checkpoint record is at 0/BCD118
LOG:  redo record is at 0/BCD118; undo record is at 0/0; shutdown TRUE
LOG:  next transaction ID: 30684; next OID: 22147
LOG:  database system is ready

POSTGRES backend interactive interface 
$Revision: 1.375.2.5 $ $Date: 2005/12/14 17:07:00 $

backend> LOG:  QUERY STATISTICS
DETAIL:  ! system usage stats:
	!	0.036001 elapsed 0.000000 user 0.004909 system sec
	!	[0.000000 user 0.009231 sys total]
	!	0/0 [0/56] filesystem blocks in/out
	!	70/59 [117/442] page faults/reclaims, 0 [0] swaps
	!	0 [0] signals rcvd, 0/0 [0/0] messages rcvd/sent
	!	32/1 [79/4] voluntary/involuntary context switches
	! buffer usage stats:
	!	Shared blocks:        208 read,          0 written, buffer hit rate = 28.77%
	!	Local  blocks:          0 read,          0 written, buffer hit rate = 0.00%
	!	Direct blocks:          0 read,          0 written
	 1: count	(typeid = 20, len = 8, typmod = -1, byval = f)
	----
	 1: count = "2479"	(typeid = 20, len = 8, typmod = -1, byval = f)
	----
backend> LOG:  shutting down
LOG:  database system is shut down
LOG:  database system was shut down at 2024-02-09 15:37:50 EST
LOG:  checkpoint record is at 0/BCD160
LOG:  redo record is at 0/BCD160; undo record is at 0/0; shutdown TRUE
LOG:  next transaction ID: 30686; next OID: 22147
LOG:  database system is ready

POSTGRES backend interactive interface 
$Revision: 1.375.2.5 $ $Date: 2005/12/14 17:07:00 $

backend> LOG:  QUERY STATISTICS
DETAIL:  ! system usage stats:
	!	0.039349 elapsed 0.003059 user 0.001809 system sec
	!	[0.007237 user 0.001809 sys total]
	!	0/0 [0/56] filesystem blocks in/out
	!	70/57 [117/445] page faults/reclaims, 0 [0] swaps
	!	0 [0] signals rcvd, 0/0 [0/0] messages rcvd/sent
	!	31/1 [77/10] voluntary/involuntary context switches
	! buffer usage stats:
	!	Shared blocks:        206 read,          0 written, buffer hit rate = 27.97%
	!	Local  blocks:          0 read,          0 written, buffer hit rate = 0.00%
	!	Direct blocks:          0 read,          0 written
	 1: count	(typeid = 20, len = 8, typmod = -1, byval = f)
	----
	 1: count = "1473"	(typeid = 20, len = 8, typmod = -1, byval = f)
	----
backend> LOG:  shutting down
LOG:  database system is shut down
