LOG:  database system was shut down at 2024-02-09 15:38:05 EST
LOG:  checkpoint record is at 0/BCEDD8
LOG:  redo record is at 0/BCEDD8; undo record is at 0/0; shutdown TRUE
LOG:  next transaction ID: 30888; next OID: 22147
LOG:  database system is ready

POSTGRES backend interactive interface 
$Revision: 1.375.2.5 $ $Date: 2005/12/14 17:07:00 $

backend> LOG:  QUERY STATISTICS
DETAIL:  ! system usage stats:
	!	0.035686 elapsed 0.000000 user 0.001962 system sec
	!	[0.004213 user 0.001962 sys total]
	!	0/0 [0/56] filesystem blocks in/out
	!	72/59 [119/446] page faults/reclaims, 0 [0] swaps
	!	0 [0] signals rcvd, 0/0 [0/0] messages rcvd/sent
	!	35/0 [77/0] voluntary/involuntary context switches
	! buffer usage stats:
	!	Shared blocks:        169 read,          0 written, buffer hit rate = 43.48%
	!	Local  blocks:          0 read,          0 written, buffer hit rate = 0.00%
	!	Direct blocks:          0 read,          0 written
	 1: count	(typeid = 20, len = 8, typmod = -1, byval = f)
	----
	 1: count = "41"	(typeid = 20, len = 8, typmod = -1, byval = f)
	----
backend> LOG:  shutting down
LOG:  database system is shut down
LOG:  database system was shut down at 2024-02-09 15:38:05 EST
LOG:  checkpoint record is at 0/BCEE20
LOG:  redo record is at 0/BCEE20; undo record is at 0/0; shutdown TRUE
LOG:  next transaction ID: 30890; next OID: 22147
LOG:  database system is ready

POSTGRES backend interactive interface 
$Revision: 1.375.2.5 $ $Date: 2005/12/14 17:07:00 $

backend> LOG:  QUERY STATISTICS
DETAIL:  ! system usage stats:
	!	0.033696 elapsed 0.004410 user 0.000349 system sec
	!	[0.004410 user 0.004410 sys total]
	!	0/0 [0/56] filesystem blocks in/out
	!	72/57 [119/443] page faults/reclaims, 0 [0] swaps
	!	0 [0] signals rcvd, 0/0 [0/0] messages rcvd/sent
	!	29/6 [72/6] voluntary/involuntary context switches
	! buffer usage stats:
	!	Shared blocks:        173 read,          0 written, buffer hit rate = 32.95%
	!	Local  blocks:          0 read,          0 written, buffer hit rate = 0.00%
	!	Direct blocks:          0 read,          0 written
	 1: count	(typeid = 20, len = 8, typmod = -1, byval = f)
	----
	 1: count = "50"	(typeid = 20, len = 8, typmod = -1, byval = f)
	----
backend> LOG:  shutting down
LOG:  database system is shut down
LOG:  database system was shut down at 2024-02-09 15:38:05 EST
LOG:  checkpoint record is at 0/BCEE68
LOG:  redo record is at 0/BCEE68; undo record is at 0/0; shutdown TRUE
LOG:  next transaction ID: 30892; next OID: 22147
LOG:  database system is ready

POSTGRES backend interactive interface 
$Revision: 1.375.2.5 $ $Date: 2005/12/14 17:07:00 $

backend> LOG:  QUERY STATISTICS
DETAIL:  ! system usage stats:
	!	0.036702 elapsed 0.002138 user 0.000000 system sec
	!	[0.002138 user 0.004096 sys total]
	!	0/0 [0/56] filesystem blocks in/out
	!	72/63 [119/447] page faults/reclaims, 0 [0] swaps
	!	0 [0] signals rcvd, 0/0 [0/0] messages rcvd/sent
	!	35/3 [80/6] voluntary/involuntary context switches
	! buffer usage stats:
	!	Shared blocks:        176 read,          0 written, buffer hit rate = 50.84%
	!	Local  blocks:          0 read,          0 written, buffer hit rate = 0.00%
	!	Direct blocks:          0 read,          0 written
	 1: count	(typeid = 20, len = 8, typmod = -1, byval = f)
	----
	 1: count = "99"	(typeid = 20, len = 8, typmod = -1, byval = f)
	----
backend> LOG:  shutting down
LOG:  database system is shut down
LOG:  database system was shut down at 2024-02-09 15:38:05 EST
LOG:  checkpoint record is at 0/BCEEB0
LOG:  redo record is at 0/BCEEB0; undo record is at 0/0; shutdown TRUE
LOG:  next transaction ID: 30894; next OID: 22147
LOG:  database system is ready

POSTGRES backend interactive interface 
$Revision: 1.375.2.5 $ $Date: 2005/12/14 17:07:00 $

backend> LOG:  QUERY STATISTICS
DETAIL:  ! system usage stats:
	!	0.036707 elapsed 0.002409 user 0.000000 system sec
	!	[0.006427 user 0.000000 sys total]
	!	0/0 [0/56] filesystem blocks in/out
	!	72/59 [119/445] page faults/reclaims, 0 [0] swaps
	!	0 [0] signals rcvd, 0/0 [0/0] messages rcvd/sent
	!	35/0 [82/0] voluntary/involuntary context switches
	! buffer usage stats:
	!	Shared blocks:        178 read,          0 written, buffer hit rate = 85.88%
	!	Local  blocks:          0 read,          0 written, buffer hit rate = 0.00%
	!	Direct blocks:          0 read,          0 written
	 1: count	(typeid = 20, len = 8, typmod = -1, byval = f)
	----
	 1: count = "1000"	(typeid = 20, len = 8, typmod = -1, byval = f)
	----
backend> LOG:  shutting down
LOG:  database system is shut down
LOG:  database system was shut down at 2024-02-09 15:38:05 EST
LOG:  checkpoint record is at 0/BCEEF8
LOG:  redo record is at 0/BCEEF8; undo record is at 0/0; shutdown TRUE
LOG:  next transaction ID: 30896; next OID: 22147
LOG:  database system is ready

POSTGRES backend interactive interface 
$Revision: 1.375.2.5 $ $Date: 2005/12/14 17:07:00 $

backend> LOG:  QUERY STATISTICS
DETAIL:  ! system usage stats:
	!	0.033601 elapsed 0.005011 user 0.000000 system sec
	!	[0.009183 user 0.000000 sys total]
	!	0/0 [0/56] filesystem blocks in/out
	!	72/55 [119/439] page faults/reclaims, 0 [0] swaps
	!	0 [0] signals rcvd, 0/0 [0/0] messages rcvd/sent
	!	29/1 [76/4] voluntary/involuntary context switches
	! buffer usage stats:
	!	Shared blocks:        173 read,          0 written, buffer hit rate = 32.95%
	!	Local  blocks:          0 read,          0 written, buffer hit rate = 0.00%
	!	Direct blocks:          0 read,          0 written
	 1: count	(typeid = 20, len = 8, typmod = -1, byval = f)
	----
	 1: count = "2500"	(typeid = 20, len = 8, typmod = -1, byval = f)
	----
backend> LOG:  shutting down
LOG:  database system is shut down
LOG:  database system was shut down at 2024-02-09 15:38:05 EST
LOG:  checkpoint record is at 0/BCEF40
LOG:  redo record is at 0/BCEF40; undo record is at 0/0; shutdown TRUE
LOG:  next transaction ID: 30898; next OID: 22147
LOG:  database system is ready

POSTGRES backend interactive interface 
$Revision: 1.375.2.5 $ $Date: 2005/12/14 17:07:00 $

backend> LOG:  QUERY STATISTICS
DETAIL:  ! system usage stats:
	!	0.039878 elapsed 0.000000 user 0.005166 system sec
	!	[0.000000 user 0.009292 sys total]
	!	0/0 [0/56] filesystem blocks in/out
	!	72/58 [119/446] page faults/reclaims, 0 [0] swaps
	!	0 [0] signals rcvd, 0/0 [0/0] messages rcvd/sent
	!	34/2 [80/5] voluntary/involuntary context switches
	! buffer usage stats:
	!	Shared blocks:        202 read,          0 written, buffer hit rate = 29.86%
	!	Local  blocks:          0 read,          0 written, buffer hit rate = 0.00%
	!	Direct blocks:          0 read,          0 written
	 1: count	(typeid = 20, len = 8, typmod = -1, byval = f)
	----
	 1: count = "999"	(typeid = 20, len = 8, typmod = -1, byval = f)
	----
backend> LOG:  shutting down
LOG:  database system is shut down
LOG:  database system was shut down at 2024-02-09 15:38:06 EST
LOG:  checkpoint record is at 0/BCEF88
LOG:  redo record is at 0/BCEF88; undo record is at 0/0; shutdown TRUE
LOG:  next transaction ID: 30900; next OID: 22147
LOG:  database system is ready

POSTGRES backend interactive interface 
$Revision: 1.375.2.5 $ $Date: 2005/12/14 17:07:00 $

backend> LOG:  QUERY STATISTICS
DETAIL:  ! system usage stats:
	!	0.038308 elapsed 0.000000 user 0.002138 system sec
	!	[0.000000 user 0.006236 sys total]
	!	0/0 [0/56] filesystem blocks in/out
	!	72/59 [119/447] page faults/reclaims, 0 [0] swaps
	!	0 [0] signals rcvd, 0/0 [0/0] messages rcvd/sent
	!	35/1 [80/6] voluntary/involuntary context switches
	! buffer usage stats:
	!	Shared blocks:        172 read,          0 written, buffer hit rate = 69.29%
	!	Local  blocks:          0 read,          0 written, buffer hit rate = 0.00%
	!	Direct blocks:          0 read,          0 written
	 1: count	(typeid = 20, len = 8, typmod = -1, byval = f)
	----
	 1: count = "301"	(typeid = 20, len = 8, typmod = -1, byval = f)
	----
backend> LOG:  shutting down
LOG:  database system is shut down
LOG:  database system was shut down at 2024-02-09 15:38:06 EST
LOG:  checkpoint record is at 0/BCEFD0
LOG:  redo record is at 0/BCEFD0; undo record is at 0/0; shutdown TRUE
LOG:  next transaction ID: 30902; next OID: 22147
LOG:  database system is ready

POSTGRES backend interactive interface 
$Revision: 1.375.2.5 $ $Date: 2005/12/14 17:07:00 $

backend> LOG:  QUERY STATISTICS
DETAIL:  ! system usage stats:
	!	0.037282 elapsed 0.001312 user 0.000656 system sec
	!	[0.003986 user 0.001993 sys total]
	!	0/0 [0/64] filesystem blocks in/out
	!	72/59 [119/443] page faults/reclaims, 0 [0] swaps
	!	0 [0] signals rcvd, 0/0 [0/0] messages rcvd/sent
	!	35/2 [82/4] voluntary/involuntary context switches
	! buffer usage stats:
	!	Shared blocks:        170 read,          0 written, buffer hit rate = 52.65%
	!	Local  blocks:          0 read,          0 written, buffer hit rate = 0.00%
	!	Direct blocks:          0 read,          0 written
	 1: count	(typeid = 20, len = 8, typmod = -1, byval = f)
	----
	 1: count = "101"	(typeid = 20, len = 8, typmod = -1, byval = f)
	----
backend> LOG:  shutting down
LOG:  database system is shut down
LOG:  database system was shut down at 2024-02-09 15:38:06 EST
LOG:  checkpoint record is at 0/BCF018
LOG:  redo record is at 0/BCF018; undo record is at 0/0; shutdown TRUE
LOG:  next transaction ID: 30904; next OID: 22147
LOG:  database system is ready

POSTGRES backend interactive interface 
$Revision: 1.375.2.5 $ $Date: 2005/12/14 17:07:00 $

backend> LOG:  QUERY STATISTICS
DETAIL:  ! system usage stats:
	!	0.040738 elapsed 0.000000 user 0.002063 system sec
	!	[0.004016 user 0.002063 sys total]
	!	0/0 [0/56] filesystem blocks in/out
	!	72/59 [119/445] page faults/reclaims, 0 [0] swaps
	!	0 [0] signals rcvd, 0/0 [0/0] messages rcvd/sent
	!	35/0 [80/2] voluntary/involuntary context switches
	! buffer usage stats:
	!	Shared blocks:        170 read,          0 written, buffer hit rate = 52.65%
	!	Local  blocks:          0 read,          0 written, buffer hit rate = 0.00%
	!	Direct blocks:          0 read,          0 written
	 1: count	(typeid = 20, len = 8, typmod = -1, byval = f)
	----
	 1: count = "101"	(typeid = 20, len = 8, typmod = -1, byval = f)
	----
backend> LOG:  shutting down
LOG:  database system is shut down
LOG:  database system was shut down at 2024-02-09 15:38:06 EST
LOG:  checkpoint record is at 0/BCF060
LOG:  redo record is at 0/BCF060; undo record is at 0/0; shutdown TRUE
LOG:  next transaction ID: 30906; next OID: 22147
LOG:  database system is ready

POSTGRES backend interactive interface 
$Revision: 1.375.2.5 $ $Date: 2005/12/14 17:07:00 $

backend> LOG:  QUERY STATISTICS
DETAIL:  ! system usage stats:
	!	0.036762 elapsed 0.000000 user 0.001990 system sec
	!	[0.004155 user 0.001990 sys total]
	!	0/0 [0/56] filesystem blocks in/out
	!	72/59 [119/444] page faults/reclaims, 0 [0] swaps
	!	0 [0] signals rcvd, 0/0 [0/0] messages rcvd/sent
	!	35/0 [82/0] voluntary/involuntary context switches
	! buffer usage stats:
	!	Shared blocks:        170 read,          0 written, buffer hit rate = 41.38%
	!	Local  blocks:          0 read,          0 written, buffer hit rate = 0.00%
	!	Direct blocks:          0 read,          0 written
	 1: count	(typeid = 20, len = 8, typmod = -1, byval = f)
	----
	 1: count = "31"	(typeid = 20, len = 8, typmod = -1, byval = f)
	----
backend> LOG:  shutting down
LOG:  database system is shut down
