LOG:  database system was shut down at 2024-02-09 15:37:50 EST
LOG:  checkpoint record is at 0/BCD1A8
LOG:  redo record is at 0/BCD1A8; undo record is at 0/0; shutdown TRUE
LOG:  next transaction ID: 30688; next OID: 22147
LOG:  database system is ready

POSTGRES backend interactive interface 
$Revision: 1.375.2.5 $ $Date: 2005/12/14 17:07:00 $

backend> LOG:  QUERY STATISTICS
DETAIL:  ! system usage stats:
	!	0.039721 elapsed 0.003866 user 0.000000 system sec
	!	[0.008252 user 0.000000 sys total]
	!	0/0 [0/56] filesystem blocks in/out
	!	72/51 [119/434] page faults/reclaims, 0 [0] swaps
	!	0 [0] signals rcvd, 0/0 [0/0] messages rcvd/sent
	!	32/1 [79/1] voluntary/involuntary context switches
	! buffer usage stats:
	!	Shared blocks:        168 read,          0 written, buffer hit rate = 28.81%
	!	Local  blocks:          0 read,          0 written, buffer hit rate = 0.00%
	!	Direct blocks:          0 read,          0 written
	 1: count	(typeid = 20, len = 8, typmod = -1, byval = f)
	----
	 1: count = "2175"	(typeid = 20, len = 8, typmod = -1, byval = f)
	----
backend> LOG:  shutting down
LOG:  database system is shut down
LOG:  database system was shut down at 2024-02-09 15:37:50 EST
LOG:  checkpoint record is at 0/BCD1F0
LOG:  redo record is at 0/BCD1F0; undo record is at 0/0; shutdown TRUE
LOG:  next transaction ID: 30690; next OID: 22147
LOG:  database system is ready

POSTGRES backend interactive interface 
$Revision: 1.375.2.5 $ $Date: 2005/12/14 17:07:00 $

backend> LOG:  QUERY STATISTICS
DETAIL:  ! system usage stats:
	!	0.041699 elapsed 0.005106 user 0.000000 system sec
	!	[0.009428 user 0.000000 sys total]
	!	0/0 [0/56] filesystem blocks in/out
	!	72/54 [119/440] page faults/reclaims, 0 [0] swaps
	!	0 [0] signals rcvd, 0/0 [0/0] messages rcvd/sent
	!	29/0 [76/1] voluntary/involuntary context switches
	! buffer usage stats:
	!	Shared blocks:        176 read,          0 written, buffer hit rate = 32.82%
	!	Local  blocks:          0 read,          0 written, buffer hit rate = 0.00%
	!	Direct blocks:          0 read,          0 written
	 1: count	(typeid = 20, len = 8, typmod = -1, byval = f)
	----
	 1: count = "1051"	(typeid = 20, len = 8, typmod = -1, byval = f)
	----
backend> LOG:  shutting down
LOG:  database system is shut down
LOG:  database system was shut down at 2024-02-09 15:37:51 EST
LOG:  checkpoint record is at 0/BCD238
LOG:  redo record is at 0/BCD238; undo record is at 0/0; shutdown TRUE
LOG:  next transaction ID: 30692; next OID: 22147
LOG:  database system is ready

POSTGRES backend interactive interface 
$Revision: 1.375.2.5 $ $Date: 2005/12/14 17:07:00 $

backend> LOG:  QUERY STATISTICS
DETAIL:  ! system usage stats:
	!	0.042336 elapsed 0.005114 user 0.000000 system sec
	!	[0.009570 user 0.000000 sys total]
	!	0/0 [0/56] filesystem blocks in/out
	!	72/57 [119/446] page faults/reclaims, 0 [0] swaps
	!	0 [0] signals rcvd, 0/0 [0/0] messages rcvd/sent
	!	31/0 [78/2] voluntary/involuntary context switches
	! buffer usage stats:
	!	Shared blocks:        195 read,          0 written, buffer hit rate = 31.58%
	!	Local  blocks:          0 read,          0 written, buffer hit rate = 0.00%
	!	Direct blocks:          0 read,          0 written
	 1: count	(typeid = 20, len = 8, typmod = -1, byval = f)
	----
	 1: count = "541"	(typeid = 20, len = 8, typmod = -1, byval = f)
	----
backend> LOG:  shutting down
LOG:  database system is shut down
LOG:  database system was shut down at 2024-02-09 15:37:51 EST
LOG:  checkpoint record is at 0/BCD280
LOG:  redo record is at 0/BCD280; undo record is at 0/0; shutdown TRUE
LOG:  next transaction ID: 30694; next OID: 22147
LOG:  database system is ready

POSTGRES backend interactive interface 
$Revision: 1.375.2.5 $ $Date: 2005/12/14 17:07:00 $

backend> LOG:  QUERY STATISTICS
DETAIL:  ! system usage stats:
	!	0.035950 elapsed 0.005630 user 0.000000 system sec
	!	[0.010136 user 0.000000 sys total]
	!	0/0 [0/56] filesystem blocks in/out
	!	72/59 [119/444] page faults/reclaims, 0 [0] swaps
	!	0 [0] signals rcvd, 0/0 [0/0] messages rcvd/sent
	!	32/0 [81/0] voluntary/involuntary context switches
	! buffer usage stats:
	!	Shared blocks:        205 read,          0 written, buffer hit rate = 31.21%
	!	Local  blocks:          0 read,          0 written, buffer hit rate = 0.00%
	!	Direct blocks:          0 read,          0 written
	 1: count	(typeid = 20, len = 8, typmod = -1, byval = f)
	----
	 1: count = "1326"	(typeid = 20, len = 8, typmod = -1, byval = f)
	----
backend> LOG:  shutting down
LOG:  database system is shut down
LOG:  database system was shut down at 2024-02-09 15:37:51 EST
LOG:  checkpoint record is at 0/BCD2C8
LOG:  redo record is at 0/BCD2C8; undo record is at 0/0; shutdown TRUE
LOG:  next transaction ID: 30696; next OID: 22147
LOG:  database system is ready

POSTGRES backend interactive interface 
$Revision: 1.375.2.5 $ $Date: 2005/12/14 17:07:00 $

backend> LOG:  QUERY STATISTICS
DETAIL:  ! system usage stats:
	!	0.044135 elapsed 0.004922 user 0.000653 system sec
	!	[0.004922 user 0.004922 sys total]
	!	0/0 [0/56] filesystem blocks in/out
	!	72/56 [119/443] page faults/reclaims, 0 [0] swaps
	!	0 [0] signals rcvd, 0/0 [0/0] messages rcvd/sent
	!	29/1 [76/1] voluntary/involuntary context switches
	! buffer usage stats:
	!	Shared blocks:        176 read,          0 written, buffer hit rate = 33.83%
	!	Local  blocks:          0 read,          0 written, buffer hit rate = 0.00%
	!	Direct blocks:          0 read,          0 written
	 1: count	(typeid = 20, len = 8, typmod = -1, byval = f)
	----
	 1: count = "340"	(typeid = 20, len = 8, typmod = -1, byval = f)
	----
backend> LOG:  shutting down
LOG:  database system is shut down
LOG:  database system was shut down at 2024-02-09 15:37:51 EST
LOG:  checkpoint record is at 0/BCD310
LOG:  redo record is at 0/BCD310; undo record is at 0/0; shutdown TRUE
LOG:  next transaction ID: 30698; next OID: 22147
LOG:  database system is ready

POSTGRES backend interactive interface 
$Revision: 1.375.2.5 $ $Date: 2005/12/14 17:07:00 $

backend> LOG:  QUERY STATISTICS
DETAIL:  ! system usage stats:
	!	0.035484 elapsed 0.004959 user 0.000000 system sec
	!	[0.009152 user 0.000000 sys total]
	!	0/0 [0/56] filesystem blocks in/out
	!	72/58 [119/442] page faults/reclaims, 0 [0] swaps
	!	0 [0] signals rcvd, 0/0 [0/0] messages rcvd/sent
	!	31/2 [77/3] voluntary/involuntary context switches
	! buffer usage stats:
	!	Shared blocks:        202 read,          0 written, buffer hit rate = 30.82%
	!	Local  blocks:          0 read,          0 written, buffer hit rate = 0.00%
	!	Direct blocks:          0 read,          0 written
	 1: count	(typeid = 20, len = 8, typmod = -1, byval = f)
	----
	 1: count = "1794"	(typeid = 20, len = 8, typmod = -1, byval = f)
	----
backend> LOG:  shutting down
LOG:  database system is shut down
LOG:  database system was shut down at 2024-02-09 15:37:51 EST
LOG:  checkpoint record is at 0/BCD358
LOG:  redo record is at 0/BCD358; undo record is at 0/0; shutdown TRUE
LOG:  next transaction ID: 30700; next OID: 22147
LOG:  database system is ready

POSTGRES backend interactive interface 
$Revision: 1.375.2.5 $ $Date: 2005/12/14 17:07:00 $

backend> LOG:  QUERY STATISTICS
DETAIL:  ! system usage stats:
	!	0.038777 elapsed 0.000000 user 0.003846 system sec
	!	[0.004214 user 0.003846 sys total]
	!	0/0 [0/56] filesystem blocks in/out
	!	72/52 [119/436] page faults/reclaims, 0 [0] swaps
	!	0 [0] signals rcvd, 0/0 [0/0] messages rcvd/sent
	!	31/0 [78/0] voluntary/involuntary context switches
	! buffer usage stats:
	!	Shared blocks:        169 read,          0 written, buffer hit rate = 28.39%
	!	Local  blocks:          0 read,          0 written, buffer hit rate = 0.00%
	!	Direct blocks:          0 read,          0 written
	 1: count	(typeid = 20, len = 8, typmod = -1, byval = f)
	----
	 1: count = "729"	(typeid = 20, len = 8, typmod = -1, byval = f)
	----
backend> LOG:  shutting down
LOG:  database system is shut down
LOG:  database system was shut down at 2024-02-09 15:37:51 EST
LOG:  checkpoint record is at 0/BCD3A0
LOG:  redo record is at 0/BCD3A0; undo record is at 0/0; shutdown TRUE
LOG:  next transaction ID: 30702; next OID: 22147
LOG:  database system is ready

POSTGRES backend interactive interface 
$Revision: 1.375.2.5 $ $Date: 2005/12/14 17:07:00 $

backend> LOG:  QUERY STATISTICS
DETAIL:  ! system usage stats:
	!	0.036368 elapsed 0.004607 user 0.000000 system sec
	!	[0.008705 user 0.000000 sys total]
	!	0/0 [0/64] filesystem blocks in/out
	!	72/57 [119/444] page faults/reclaims, 0 [0] swaps
	!	0 [0] signals rcvd, 0/0 [0/0] messages rcvd/sent
	!	31/1 [78/6] voluntary/involuntary context switches
	! buffer usage stats:
	!	Shared blocks:        195 read,          0 written, buffer hit rate = 31.58%
	!	Local  blocks:          0 read,          0 written, buffer hit rate = 0.00%
	!	Direct blocks:          0 read,          0 written
	 1: count	(typeid = 20, len = 8, typmod = -1, byval = f)
	----
	 1: count = "579"	(typeid = 20, len = 8, typmod = -1, byval = f)
	----
backend> LOG:  shutting down
LOG:  database system is shut down
LOG:  database system was shut down at 2024-02-09 15:37:51 EST
LOG:  checkpoint record is at 0/BCD3E8
LOG:  redo record is at 0/BCD3E8; undo record is at 0/0; shutdown TRUE
LOG:  next transaction ID: 30704; next OID: 22147
LOG:  database system is ready

POSTGRES backend interactive interface 
$Revision: 1.375.2.5 $ $Date: 2005/12/14 17:07:00 $

backend> LOG:  QUERY STATISTICS
DETAIL:  ! system usage stats:
	!	0.041965 elapsed 0.004476 user 0.001213 system sec
	!	[0.006525 user 0.003262 sys total]
	!	0/0 [0/56] filesystem blocks in/out
	!	72/58 [119/443] page faults/reclaims, 0 [0] swaps
	!	0 [0] signals rcvd, 0/0 [0/0] messages rcvd/sent
	!	31/0 [78/0] voluntary/involuntary context switches
	! buffer usage stats:
	!	Shared blocks:        202 read,          0 written, buffer hit rate = 30.82%
	!	Local  blocks:          0 read,          0 written, buffer hit rate = 0.00%
	!	Direct blocks:          0 read,          0 written
	 1: count	(typeid = 20, len = 8, typmod = -1, byval = f)
	----
	 1: count = "2479"	(typeid = 20, len = 8, typmod = -1, byval = f)
	----
backend> LOG:  shutting down
LOG:  database system is shut down
LOG:  database system was shut down at 2024-02-09 15:37:51 EST
LOG:  checkpoint record is at 0/BCD430
LOG:  redo record is at 0/BCD430; undo record is at 0/0; shutdown TRUE
LOG:  next transaction ID: 30706; next OID: 22147
LOG:  database system is ready

POSTGRES backend interactive interface 
$Revision: 1.375.2.5 $ $Date: 2005/12/14 17:07:00 $

backend> LOG:  QUERY STATISTICS
DETAIL:  ! system usage stats:
	!	0.036815 elapsed 0.004856 user 0.000000 system sec
	!	[0.009046 user 0.000000 sys total]
	!	0/0 [0/56] filesystem blocks in/out
	!	72/58 [119/442] page faults/reclaims, 0 [0] swaps
	!	0 [0] signals rcvd, 0/0 [0/0] messages rcvd/sent
	!	31/2 [79/7] voluntary/involuntary context switches
	! buffer usage stats:
	!	Shared blocks:        200 read,          0 written, buffer hit rate = 30.07%
	!	Local  blocks:          0 read,          0 written, buffer hit rate = 0.00%
	!	Direct blocks:          0 read,          0 written
	 1: count	(typeid = 20, len = 8, typmod = -1, byval = f)
	----
	 1: count = "1473"	(typeid = 20, len = 8, typmod = -1, byval = f)
	----
backend> LOG:  shutting down
LOG:  database system is shut down
