LOG:  database system was shut down at 2024-02-09 15:12:51 EST
LOG:  checkpoint record is at 0/BB72E8
LOG:  redo record is at 0/BB72E8; undo record is at 0/0; shutdown TRUE
LOG:  next transaction ID: 27084; next OID: 22147
LOG:  database system is ready

POSTGRES backend interactive interface 
$Revision: 1.375.2.5 $ $Date: 2005/12/14 17:07:00 $

backend> LOG:  QUERY STATISTICS
DETAIL:  ! system usage stats:
	!	0.036047 elapsed 0.002094 user 0.000000 system sec
	!	[0.006373 user 0.000000 sys total]
	!	0/0 [0/56] filesystem blocks in/out
	!	74/59 [121/438] page faults/reclaims, 0 [0] swaps
	!	0 [0] signals rcvd, 0/0 [0/0] messages rcvd/sent
	!	35/0 [79/0] voluntary/involuntary context switches
	! buffer usage stats:
	!	Shared blocks:        161 read,          0 written, buffer hit rate = 46.15%
	!	Local  blocks:          0 read,          0 written, buffer hit rate = 0.00%
	!	Direct blocks:          0 read,          0 written
	 1: count	(typeid = 20, len = 8, typmod = -1, byval = f)
	----
	 1: count = "41"	(typeid = 20, len = 8, typmod = -1, byval = f)
	----
backend> LOG:  shutting down
LOG:  database system is shut down
LOG:  database system was shut down at 2024-02-09 15:12:51 EST
LOG:  checkpoint record is at 0/BB7330
LOG:  redo record is at 0/BB7330; undo record is at 0/0; shutdown TRUE
LOG:  next transaction ID: 27086; next OID: 22147
LOG:  database system is ready

POSTGRES backend interactive interface 
$Revision: 1.375.2.5 $ $Date: 2005/12/14 17:07:00 $

backend> LOG:  QUERY STATISTICS
DETAIL:  ! system usage stats:
	!	0.039079 elapsed 0.001937 user 0.003165 system sec
	!	[0.006331 user 0.003165 sys total]
	!	0/0 [0/56] filesystem blocks in/out
	!	74/53 [121/434] page faults/reclaims, 0 [0] swaps
	!	0 [0] signals rcvd, 0/0 [0/0] messages rcvd/sent
	!	29/0 [72/0] voluntary/involuntary context switches
	! buffer usage stats:
	!	Shared blocks:        171 read,          0 written, buffer hit rate = 33.72%
	!	Local  blocks:          0 read,          0 written, buffer hit rate = 0.00%
	!	Direct blocks:          0 read,          0 written
	 1: count	(typeid = 20, len = 8, typmod = -1, byval = f)
	----
	 1: count = "50"	(typeid = 20, len = 8, typmod = -1, byval = f)
	----
backend> LOG:  shutting down
LOG:  database system is shut down
LOG:  database system was shut down at 2024-02-09 15:12:52 EST
LOG:  checkpoint record is at 0/BB7378
LOG:  redo record is at 0/BB7378; undo record is at 0/0; shutdown TRUE
LOG:  next transaction ID: 27088; next OID: 22147
LOG:  database system is ready

POSTGRES backend interactive interface 
$Revision: 1.375.2.5 $ $Date: 2005/12/14 17:07:00 $

backend> LOG:  QUERY STATISTICS
DETAIL:  ! system usage stats:
	!	0.036775 elapsed 0.000000 user 0.002134 system sec
	!	[0.000000 user 0.006391 sys total]
	!	0/0 [0/56] filesystem blocks in/out
	!	74/59 [121/441] page faults/reclaims, 0 [0] swaps
	!	0 [0] signals rcvd, 0/0 [0/0] messages rcvd/sent
	!	35/0 [79/1] voluntary/involuntary context switches
	! buffer usage stats:
	!	Shared blocks:        170 read,          0 written, buffer hit rate = 52.51%
	!	Local  blocks:          0 read,          0 written, buffer hit rate = 0.00%
	!	Direct blocks:          0 read,          0 written
	 1: count	(typeid = 20, len = 8, typmod = -1, byval = f)
	----
	 1: count = "99"	(typeid = 20, len = 8, typmod = -1, byval = f)
	----
backend> LOG:  shutting down
LOG:  database system is shut down
LOG:  database system was shut down at 2024-02-09 15:12:52 EST
LOG:  checkpoint record is at 0/BB73C0
LOG:  redo record is at 0/BB73C0; undo record is at 0/0; shutdown TRUE
LOG:  next transaction ID: 27090; next OID: 22147
LOG:  database system is ready

POSTGRES backend interactive interface 
$Revision: 1.375.2.5 $ $Date: 2005/12/14 17:07:00 $

backend> LOG:  QUERY STATISTICS
DETAIL:  ! system usage stats:
	!	0.038973 elapsed 0.002271 user 0.000097 system sec
	!	[0.004348 user 0.002174 sys total]
	!	0/0 [8/56] filesystem blocks in/out
	!	74/60 [121/439] page faults/reclaims, 0 [0] swaps
	!	0 [0] signals rcvd, 0/0 [0/0] messages rcvd/sent
	!	35/0 [80/0] voluntary/involuntary context switches
	! buffer usage stats:
	!	Shared blocks:        170 read,          0 written, buffer hit rate = 86.52%
	!	Local  blocks:          0 read,          0 written, buffer hit rate = 0.00%
	!	Direct blocks:          0 read,          0 written
	 1: count	(typeid = 20, len = 8, typmod = -1, byval = f)
	----
	 1: count = "1000"	(typeid = 20, len = 8, typmod = -1, byval = f)
	----
backend> LOG:  shutting down
LOG:  database system is shut down
LOG:  database system was shut down at 2024-02-09 15:12:52 EST
LOG:  checkpoint record is at 0/BB7408
LOG:  redo record is at 0/BB7408; undo record is at 0/0; shutdown TRUE
LOG:  next transaction ID: 27092; next OID: 22147
LOG:  database system is ready

POSTGRES backend interactive interface 
$Revision: 1.375.2.5 $ $Date: 2005/12/14 17:07:00 $

backend> LOG:  QUERY STATISTICS
DETAIL:  ! system usage stats:
	!	0.034346 elapsed 0.005317 user 0.000000 system sec
	!	[0.009385 user 0.000000 sys total]
	!	0/0 [0/56] filesystem blocks in/out
	!	74/52 [121/432] page faults/reclaims, 0 [0] swaps
	!	0 [0] signals rcvd, 0/0 [0/0] messages rcvd/sent
	!	29/2 [73/3] voluntary/involuntary context switches
	! buffer usage stats:
	!	Shared blocks:        171 read,          0 written, buffer hit rate = 33.72%
	!	Local  blocks:          0 read,          0 written, buffer hit rate = 0.00%
	!	Direct blocks:          0 read,          0 written
	 1: count	(typeid = 20, len = 8, typmod = -1, byval = f)
	----
	 1: count = "2500"	(typeid = 20, len = 8, typmod = -1, byval = f)
	----
backend> LOG:  shutting down
LOG:  database system is shut down
LOG:  database system was shut down at 2024-02-09 15:12:52 EST
LOG:  checkpoint record is at 0/BB7450
LOG:  redo record is at 0/BB7450; undo record is at 0/0; shutdown TRUE
LOG:  next transaction ID: 27094; next OID: 22147
LOG:  database system is ready

POSTGRES backend interactive interface 
$Revision: 1.375.2.5 $ $Date: 2005/12/14 17:07:00 $

backend> LOG:  QUERY STATISTICS
DETAIL:  ! system usage stats:
	!	0.038332 elapsed 0.003069 user 0.002000 system sec
	!	[0.003069 user 0.006139 sys total]
	!	0/0 [0/56] filesystem blocks in/out
	!	74/58 [121/441] page faults/reclaims, 0 [0] swaps
	!	0 [0] signals rcvd, 0/0 [0/0] messages rcvd/sent
	!	33/2 [76/2] voluntary/involuntary context switches
	! buffer usage stats:
	!	Shared blocks:        194 read,          0 written, buffer hit rate = 32.64%
	!	Local  blocks:          0 read,          0 written, buffer hit rate = 0.00%
	!	Direct blocks:          0 read,          0 written
	 1: count	(typeid = 20, len = 8, typmod = -1, byval = f)
	----
	 1: count = "999"	(typeid = 20, len = 8, typmod = -1, byval = f)
	----
backend> LOG:  shutting down
LOG:  database system is shut down
LOG:  database system was shut down at 2024-02-09 15:12:52 EST
LOG:  checkpoint record is at 0/BB7498
LOG:  redo record is at 0/BB7498; undo record is at 0/0; shutdown TRUE
LOG:  next transaction ID: 27096; next OID: 22147
LOG:  database system is ready

POSTGRES backend interactive interface 
$Revision: 1.375.2.5 $ $Date: 2005/12/14 17:07:00 $

backend> LOG:  QUERY STATISTICS
DETAIL:  ! system usage stats:
	!	0.036939 elapsed 0.002228 user 0.000000 system sec
	!	[0.006445 user 0.000000 sys total]
	!	0/0 [0/56] filesystem blocks in/out
	!	74/59 [121/441] page faults/reclaims, 0 [0] swaps
	!	0 [0] signals rcvd, 0/0 [0/0] messages rcvd/sent
	!	36/2 [79/2] voluntary/involuntary context switches
	! buffer usage stats:
	!	Shared blocks:        164 read,          0 written, buffer hit rate = 70.71%
	!	Local  blocks:          0 read,          0 written, buffer hit rate = 0.00%
	!	Direct blocks:          0 read,          0 written
	 1: count	(typeid = 20, len = 8, typmod = -1, byval = f)
	----
	 1: count = "301"	(typeid = 20, len = 8, typmod = -1, byval = f)
	----
backend> LOG:  shutting down
LOG:  database system is shut down
LOG:  database system was shut down at 2024-02-09 15:12:52 EST
LOG:  checkpoint record is at 0/BB74E0
LOG:  redo record is at 0/BB74E0; undo record is at 0/0; shutdown TRUE
LOG:  next transaction ID: 27098; next OID: 22147
LOG:  database system is ready

POSTGRES backend interactive interface 
$Revision: 1.375.2.5 $ $Date: 2005/12/14 17:07:00 $

backend> LOG:  QUERY STATISTICS
DETAIL:  ! system usage stats:
	!	0.036866 elapsed 0.001020 user 0.001020 system sec
	!	[0.003044 user 0.003044 sys total]
	!	0/0 [8/64] filesystem blocks in/out
	!	74/59 [121/443] page faults/reclaims, 0 [0] swaps
	!	0 [0] signals rcvd, 0/0 [0/0] messages rcvd/sent
	!	35/6 [78/11] voluntary/involuntary context switches
	! buffer usage stats:
	!	Shared blocks:        162 read,          0 written, buffer hit rate = 54.87%
	!	Local  blocks:          0 read,          0 written, buffer hit rate = 0.00%
	!	Direct blocks:          0 read,          0 written
	 1: count	(typeid = 20, len = 8, typmod = -1, byval = f)
	----
	 1: count = "101"	(typeid = 20, len = 8, typmod = -1, byval = f)
	----
backend> LOG:  shutting down
LOG:  database system is shut down
LOG:  database system was shut down at 2024-02-09 15:12:52 EST
LOG:  checkpoint record is at 0/BB7528
LOG:  redo record is at 0/BB7528; undo record is at 0/0; shutdown TRUE
LOG:  next transaction ID: 27100; next OID: 22147
LOG:  database system is ready

POSTGRES backend interactive interface 
$Revision: 1.375.2.5 $ $Date: 2005/12/14 17:07:00 $

backend> LOG:  QUERY STATISTICS
DETAIL:  ! system usage stats:
	!	0.037944 elapsed 0.002091 user 0.000000 system sec
	!	[0.006167 user 0.000000 sys total]
	!	0/0 [0/56] filesystem blocks in/out
	!	74/63 [121/442] page faults/reclaims, 0 [0] swaps
	!	0 [0] signals rcvd, 0/0 [0/0] messages rcvd/sent
	!	35/0 [79/0] voluntary/involuntary context switches
	! buffer usage stats:
	!	Shared blocks:        162 read,          0 written, buffer hit rate = 54.87%
	!	Local  blocks:          0 read,          0 written, buffer hit rate = 0.00%
	!	Direct blocks:          0 read,          0 written
	 1: count	(typeid = 20, len = 8, typmod = -1, byval = f)
	----
	 1: count = "101"	(typeid = 20, len = 8, typmod = -1, byval = f)
	----
backend> LOG:  shutting down
LOG:  database system is shut down
LOG:  database system was shut down at 2024-02-09 15:12:52 EST
LOG:  checkpoint record is at 0/BB7570
LOG:  redo record is at 0/BB7570; undo record is at 0/0; shutdown TRUE
LOG:  next transaction ID: 27102; next OID: 22147
LOG:  database system is ready

POSTGRES backend interactive interface 
$Revision: 1.375.2.5 $ $Date: 2005/12/14 17:07:00 $

backend> LOG:  QUERY STATISTICS
DETAIL:  ! system usage stats:
	!	0.037231 elapsed 0.000000 user 0.002005 system sec
	!	[0.004117 user 0.002005 sys total]
	!	0/0 [0/56] filesystem blocks in/out
	!	74/61 [121/440] page faults/reclaims, 0 [0] swaps
	!	0 [0] signals rcvd, 0/0 [0/0] messages rcvd/sent
	!	36/0 [78/6] voluntary/involuntary context switches
	! buffer usage stats:
	!	Shared blocks:        162 read,          0 written, buffer hit rate = 44.14%
	!	Local  blocks:          0 read,          0 written, buffer hit rate = 0.00%
	!	Direct blocks:          0 read,          0 written
	 1: count	(typeid = 20, len = 8, typmod = -1, byval = f)
	----
	 1: count = "31"	(typeid = 20, len = 8, typmod = -1, byval = f)
	----
backend> LOG:  shutting down
LOG:  database system is shut down
