LOG:  database system was shut down at 2024-02-09 14:45:11 EST
LOG:  checkpoint record is at 0/B98C50
LOG:  redo record is at 0/B98C50; undo record is at 0/0; shutdown TRUE
LOG:  next transaction ID: 22318; next OID: 22147
LOG:  database system is ready

POSTGRES backend interactive interface 
$Revision: 1.375.2.5 $ $Date: 2005/12/14 17:07:00 $

backend> LOG:  QUERY STATISTICS
DETAIL:  ! system usage stats:
	!	0.054342 elapsed 0.003427 user 0.000645 system sec
	!	[0.005563 user 0.002781 sys total]
	!	0/0 [0/56] filesystem blocks in/out
	!	74/52 [121/439] page faults/reclaims, 0 [0] swaps
	!	0 [0] signals rcvd, 0/0 [0/0] messages rcvd/sent
	!	31/2 [76/8] voluntary/involuntary context switches
	! buffer usage stats:
	!	Shared blocks:        165 read,          0 written, buffer hit rate = 30.08%
	!	Local  blocks:          0 read,          0 written, buffer hit rate = 0.00%
	!	Direct blocks:          0 read,          0 written
	 1: count	(typeid = 20, len = 8, typmod = -1, byval = f)
	----
	 1: count = "2175"	(typeid = 20, len = 8, typmod = -1, byval = f)
	----
backend> LOG:  shutting down
LOG:  database system is shut down
LOG:  database system was shut down at 2024-02-09 14:45:11 EST
LOG:  checkpoint record is at 0/B98C98
LOG:  redo record is at 0/B98C98; undo record is at 0/0; shutdown TRUE
LOG:  next transaction ID: 22320; next OID: 22147
LOG:  database system is ready

POSTGRES backend interactive interface 
$Revision: 1.375.2.5 $ $Date: 2005/12/14 17:07:00 $

backend> LOG:  QUERY STATISTICS
DETAIL:  ! system usage stats:
	!	0.033979 elapsed 0.001765 user 0.003529 system sec
	!	[0.003321 user 0.006642 sys total]
	!	0/0 [0/56] filesystem blocks in/out
	!	74/52 [121/441] page faults/reclaims, 0 [0] swaps
	!	0 [0] signals rcvd, 0/0 [0/0] messages rcvd/sent
	!	29/0 [77/0] voluntary/involuntary context switches
	! buffer usage stats:
	!	Shared blocks:        174 read,          0 written, buffer hit rate = 33.59%
	!	Local  blocks:          0 read,          0 written, buffer hit rate = 0.00%
	!	Direct blocks:          0 read,          0 written
	 1: count	(typeid = 20, len = 8, typmod = -1, byval = f)
	----
	 1: count = "1051"	(typeid = 20, len = 8, typmod = -1, byval = f)
	----
backend> LOG:  shutting down
LOG:  database system is shut down
LOG:  database system was shut down at 2024-02-09 14:45:11 EST
LOG:  checkpoint record is at 0/B98CE0
LOG:  redo record is at 0/B98CE0; undo record is at 0/0; shutdown TRUE
LOG:  next transaction ID: 22322; next OID: 22147
LOG:  database system is ready

POSTGRES backend interactive interface 
$Revision: 1.375.2.5 $ $Date: 2005/12/14 17:07:00 $

backend> LOG:  QUERY STATISTICS
DETAIL:  ! system usage stats:
	!	0.085568 elapsed 0.001816 user 0.003794 system sec
	!	[0.003955 user 0.005933 sys total]
	!	0/0 [0/56] filesystem blocks in/out
	!	74/57 [121/445] page faults/reclaims, 0 [0] swaps
	!	0 [0] signals rcvd, 0/0 [0/0] messages rcvd/sent
	!	31/1 [78/2] voluntary/involuntary context switches
	! buffer usage stats:
	!	Shared blocks:        187 read,          0 written, buffer hit rate = 34.39%
	!	Local  blocks:          0 read,          0 written, buffer hit rate = 0.00%
	!	Direct blocks:          0 read,          0 written
	 1: count	(typeid = 20, len = 8, typmod = -1, byval = f)
	----
	 1: count = "541"	(typeid = 20, len = 8, typmod = -1, byval = f)
	----
backend> LOG:  shutting down
LOG:  database system is shut down
LOG:  database system was shut down at 2024-02-09 14:45:11 EST
LOG:  checkpoint record is at 0/B98D28
LOG:  redo record is at 0/B98D28; undo record is at 0/0; shutdown TRUE
LOG:  next transaction ID: 22324; next OID: 22147
LOG:  database system is ready

POSTGRES backend interactive interface 
$Revision: 1.375.2.5 $ $Date: 2005/12/14 17:07:00 $

backend> LOG:  QUERY STATISTICS
DETAIL:  ! system usage stats:
	!	0.034975 elapsed 0.002814 user 0.002457 system sec
	!	[0.007371 user 0.002457 sys total]
	!	0/0 [0/56] filesystem blocks in/out
	!	74/60 [121/445] page faults/reclaims, 0 [0] swaps
	!	0 [0] signals rcvd, 0/0 [0/0] messages rcvd/sent
	!	31/2 [78/4] voluntary/involuntary context switches
	! buffer usage stats:
	!	Shared blocks:        199 read,          0 written, buffer hit rate = 33.22%
	!	Local  blocks:          0 read,          0 written, buffer hit rate = 0.00%
	!	Direct blocks:          0 read,          0 written
	 1: count	(typeid = 20, len = 8, typmod = -1, byval = f)
	----
	 1: count = "1326"	(typeid = 20, len = 8, typmod = -1, byval = f)
	----
backend> LOG:  shutting down
LOG:  database system is shut down
LOG:  database system was shut down at 2024-02-09 14:45:11 EST
LOG:  checkpoint record is at 0/B98D70
LOG:  redo record is at 0/B98D70; undo record is at 0/0; shutdown TRUE
LOG:  next transaction ID: 22326; next OID: 22147
LOG:  database system is ready

POSTGRES backend interactive interface 
$Revision: 1.375.2.5 $ $Date: 2005/12/14 17:07:00 $

backend> LOG:  QUERY STATISTICS
DETAIL:  ! system usage stats:
	!	0.067675 elapsed 0.000000 user 0.005369 system sec
	!	[0.000000 user 0.009689 sys total]
	!	0/0 [0/56] filesystem blocks in/out
	!	74/54 [121/441] page faults/reclaims, 0 [0] swaps
	!	0 [0] signals rcvd, 0/0 [0/0] messages rcvd/sent
	!	29/0 [77/0] voluntary/involuntary context switches
	! buffer usage stats:
	!	Shared blocks:        174 read,          0 written, buffer hit rate = 34.59%
	!	Local  blocks:          0 read,          0 written, buffer hit rate = 0.00%
	!	Direct blocks:          0 read,          0 written
	 1: count	(typeid = 20, len = 8, typmod = -1, byval = f)
	----
	 1: count = "340"	(typeid = 20, len = 8, typmod = -1, byval = f)
	----
backend> LOG:  shutting down
LOG:  database system is shut down
LOG:  database system was shut down at 2024-02-09 14:45:12 EST
LOG:  checkpoint record is at 0/B98DB8
LOG:  redo record is at 0/B98DB8; undo record is at 0/0; shutdown TRUE
LOG:  next transaction ID: 22328; next OID: 22147
LOG:  database system is ready

POSTGRES backend interactive interface 
$Revision: 1.375.2.5 $ $Date: 2005/12/14 17:07:00 $

backend> LOG:  QUERY STATISTICS
DETAIL:  ! system usage stats:
	!	0.035053 elapsed 0.002256 user 0.002614 system sec
	!	[0.003797 user 0.005696 sys total]
	!	0/0 [0/56] filesystem blocks in/out
	!	74/57 [121/445] page faults/reclaims, 0 [0] swaps
	!	0 [0] signals rcvd, 0/0 [0/0] messages rcvd/sent
	!	31/1 [78/2] voluntary/involuntary context switches
	! buffer usage stats:
	!	Shared blocks:        194 read,          0 written, buffer hit rate = 33.56%
	!	Local  blocks:          0 read,          0 written, buffer hit rate = 0.00%
	!	Direct blocks:          0 read,          0 written
	 1: count	(typeid = 20, len = 8, typmod = -1, byval = f)
	----
	 1: count = "1794"	(typeid = 20, len = 8, typmod = -1, byval = f)
	----
backend> LOG:  shutting down
LOG:  database system is shut down
LOG:  database system was shut down at 2024-02-09 14:45:12 EST
LOG:  checkpoint record is at 0/B98E00
LOG:  redo record is at 0/B98E00; undo record is at 0/0; shutdown TRUE
LOG:  next transaction ID: 22330; next OID: 22147
LOG:  database system is ready

POSTGRES backend interactive interface 
$Revision: 1.375.2.5 $ $Date: 2005/12/14 17:07:00 $

backend> LOG:  QUERY STATISTICS
DETAIL:  ! system usage stats:
	!	0.034834 elapsed 0.003815 user 0.000000 system sec
	!	[0.008150 user 0.000000 sys total]
	!	0/0 [0/56] filesystem blocks in/out
	!	74/52 [121/439] page faults/reclaims, 0 [0] swaps
	!	0 [0] signals rcvd, 0/0 [0/0] messages rcvd/sent
	!	31/1 [79/4] voluntary/involuntary context switches
	! buffer usage stats:
	!	Shared blocks:        165 read,          0 written, buffer hit rate = 30.08%
	!	Local  blocks:          0 read,          0 written, buffer hit rate = 0.00%
	!	Direct blocks:          0 read,          0 written
	 1: count	(typeid = 20, len = 8, typmod = -1, byval = f)
	----
	 1: count = "729"	(typeid = 20, len = 8, typmod = -1, byval = f)
	----
backend> LOG:  shutting down
LOG:  database system is shut down
LOG:  database system was shut down at 2024-02-09 14:45:12 EST
LOG:  checkpoint record is at 0/B98E48
LOG:  redo record is at 0/B98E48; undo record is at 0/0; shutdown TRUE
LOG:  next transaction ID: 22332; next OID: 22147
LOG:  database system is ready

POSTGRES backend interactive interface 
$Revision: 1.375.2.5 $ $Date: 2005/12/14 17:07:00 $

backend> LOG:  QUERY STATISTICS
DETAIL:  ! system usage stats:
	!	0.036499 elapsed 0.005433 user 0.000000 system sec
	!	[0.010553 user 0.000000 sys total]
	!	0/0 [0/64] filesystem blocks in/out
	!	74/57 [121/443] page faults/reclaims, 0 [0] swaps
	!	0 [0] signals rcvd, 0/0 [0/0] messages rcvd/sent
	!	31/1 [78/5] voluntary/involuntary context switches
	! buffer usage stats:
	!	Shared blocks:        187 read,          0 written, buffer hit rate = 34.39%
	!	Local  blocks:          0 read,          0 written, buffer hit rate = 0.00%
	!	Direct blocks:          0 read,          0 written
	 1: count	(typeid = 20, len = 8, typmod = -1, byval = f)
	----
	 1: count = "579"	(typeid = 20, len = 8, typmod = -1, byval = f)
	----
backend> LOG:  shutting down
LOG:  database system is shut down
LOG:  database system was shut down at 2024-02-09 14:45:12 EST
LOG:  checkpoint record is at 0/B98E90
LOG:  redo record is at 0/B98E90; undo record is at 0/0; shutdown TRUE
LOG:  next transaction ID: 22334; next OID: 22147
LOG:  database system is ready

POSTGRES backend interactive interface 
$Revision: 1.375.2.5 $ $Date: 2005/12/14 17:07:00 $

backend> LOG:  QUERY STATISTICS
DETAIL:  ! system usage stats:
	!	0.034982 elapsed 0.001641 user 0.003037 system sec
	!	[0.006075 user 0.003037 sys total]
	!	0/0 [0/56] filesystem blocks in/out
	!	74/59 [121/448] page faults/reclaims, 0 [0] swaps
	!	0 [0] signals rcvd, 0/0 [0/0] messages rcvd/sent
	!	32/1 [79/5] voluntary/involuntary context switches
	! buffer usage stats:
	!	Shared blocks:        194 read,          0 written, buffer hit rate = 33.56%
	!	Local  blocks:          0 read,          0 written, buffer hit rate = 0.00%
	!	Direct blocks:          0 read,          0 written
	 1: count	(typeid = 20, len = 8, typmod = -1, byval = f)
	----
	 1: count = "2479"	(typeid = 20, len = 8, typmod = -1, byval = f)
	----
backend> LOG:  shutting down
LOG:  database system is shut down
LOG:  database system was shut down at 2024-02-09 14:45:12 EST
LOG:  checkpoint record is at 0/B98ED8
LOG:  redo record is at 0/B98ED8; undo record is at 0/0; shutdown TRUE
LOG:  next transaction ID: 22336; next OID: 22147
LOG:  database system is ready

POSTGRES backend interactive interface 
$Revision: 1.375.2.5 $ $Date: 2005/12/14 17:07:00 $

backend> LOG:  QUERY STATISTICS
DETAIL:  ! system usage stats:
	!	0.039462 elapsed 0.002617 user 0.002617 system sec
	!	[0.004984 user 0.004984 sys total]
	!	0/0 [0/56] filesystem blocks in/out
	!	74/58 [121/445] page faults/reclaims, 0 [0] swaps
	!	0 [0] signals rcvd, 0/0 [0/0] messages rcvd/sent
	!	31/1 [79/1] voluntary/involuntary context switches
	! buffer usage stats:
	!	Shared blocks:        192 read,          0 written, buffer hit rate = 32.87%
	!	Local  blocks:          0 read,          0 written, buffer hit rate = 0.00%
	!	Direct blocks:          0 read,          0 written
	 1: count	(typeid = 20, len = 8, typmod = -1, byval = f)
	----
	 1: count = "1473"	(typeid = 20, len = 8, typmod = -1, byval = f)
	----
backend> LOG:  shutting down
LOG:  database system is shut down
