LOG:  database system was shut down at 2024-02-07 02:41:29 EST
LOG:  checkpoint record is at 0/B089C8
LOG:  redo record is at 0/B089C8; undo record is at 0/0; shutdown TRUE
LOG:  next transaction ID: 4896; next OID: 22147
LOG:  database system is ready

POSTGRES backend interactive interface 
$Revision: 1.375.2.5 $ $Date: 2005/12/14 17:07:00 $

backend> LOG:  QUERY STATISTICS
DETAIL:  ! system usage stats:
	!	0.034535 elapsed 0.001099 user 0.001099 system sec
	!	[0.003400 user 0.003400 sys total]
	!	0/0 [0/56] filesystem blocks in/out
	!	169/62 [220/449] page faults/reclaims, 0 [0] swaps
	!	0 [0] signals rcvd, 0/0 [0/0] messages rcvd/sent
	!	35/3 [80/6] voluntary/involuntary context switches
	! buffer usage stats:
	!	Shared blocks:         84 read,          0 written, buffer hit rate = 71.91%
	!	Local  blocks:          0 read,          0 written, buffer hit rate = 0.00%
	!	Direct blocks:          0 read,          0 written
	 1: count	(typeid = 20, len = 8, typmod = -1, byval = f)
	----
	 1: count = "41"	(typeid = 20, len = 8, typmod = -1, byval = f)
	----
backend> LOG:  shutting down
LOG:  database system is shut down
LOG:  database system was shut down at 2024-02-07 02:41:30 EST
LOG:  checkpoint record is at 0/B08A10
LOG:  redo record is at 0/B08A10; undo record is at 0/0; shutdown TRUE
LOG:  next transaction ID: 4898; next OID: 22147
LOG:  database system is ready

POSTGRES backend interactive interface 
$Revision: 1.375.2.5 $ $Date: 2005/12/14 17:07:00 $

backend> LOG:  QUERY STATISTICS
DETAIL:  ! system usage stats:
	!	0.033099 elapsed 0.003116 user 0.001876 system sec
	!	[0.003116 user 0.006232 sys total]
	!	0/0 [0/56] filesystem blocks in/out
	!	189/53 [240/441] page faults/reclaims, 0 [0] swaps
	!	0 [0] signals rcvd, 0/0 [0/0] messages rcvd/sent
	!	29/2 [76/3] voluntary/involuntary context switches
	! buffer usage stats:
	!	Shared blocks:        112 read,          0 written, buffer hit rate = 56.59%
	!	Local  blocks:          0 read,          0 written, buffer hit rate = 0.00%
	!	Direct blocks:          0 read,          0 written
	 1: count	(typeid = 20, len = 8, typmod = -1, byval = f)
	----
	 1: count = "50"	(typeid = 20, len = 8, typmod = -1, byval = f)
	----
backend> LOG:  shutting down
LOG:  database system is shut down
LOG:  database system was shut down at 2024-02-07 02:41:31 EST
LOG:  checkpoint record is at 0/B08A58
LOG:  redo record is at 0/B08A58; undo record is at 0/0; shutdown TRUE
LOG:  next transaction ID: 4900; next OID: 22147
LOG:  database system is ready

POSTGRES backend interactive interface 
$Revision: 1.375.2.5 $ $Date: 2005/12/14 17:07:00 $

backend> LOG:  QUERY STATISTICS
DETAIL:  ! system usage stats:
	!	0.036887 elapsed 0.002272 user 0.000000 system sec
	!	[0.006935 user 0.000000 sys total]
	!	0/0 [0/56] filesystem blocks in/out
	!	175/59 [226/448] page faults/reclaims, 0 [0] swaps
	!	0 [0] signals rcvd, 0/0 [0/0] messages rcvd/sent
	!	37/0 [82/1] voluntary/involuntary context switches
	! buffer usage stats:
	!	Shared blocks:         87 read,          0 written, buffer hit rate = 75.70%
	!	Local  blocks:          0 read,          0 written, buffer hit rate = 0.00%
	!	Direct blocks:          0 read,          0 written
	 1: count	(typeid = 20, len = 8, typmod = -1, byval = f)
	----
	 1: count = "99"	(typeid = 20, len = 8, typmod = -1, byval = f)
	----
backend> LOG:  shutting down
LOG:  database system is shut down
LOG:  database system was shut down at 2024-02-07 02:41:32 EST
LOG:  checkpoint record is at 0/B08AA0
LOG:  redo record is at 0/B08AA0; undo record is at 0/0; shutdown TRUE
LOG:  next transaction ID: 4902; next OID: 22147
LOG:  database system is ready

POSTGRES backend interactive interface 
$Revision: 1.375.2.5 $ $Date: 2005/12/14 17:07:00 $

backend> LOG:  QUERY STATISTICS
DETAIL:  ! system usage stats:
	!	0.036267 elapsed 0.000000 user 0.002738 system sec
	!	[0.000000 user 0.007288 sys total]
	!	0/0 [0/56] filesystem blocks in/out
	!	187/60 [238/447] page faults/reclaims, 0 [0] swaps
	!	0 [0] signals rcvd, 0/0 [0/0] messages rcvd/sent
	!	35/0 [80/0] voluntary/involuntary context switches
	! buffer usage stats:
	!	Shared blocks:         93 read,          0 written, buffer hit rate = 92.62%
	!	Local  blocks:          0 read,          0 written, buffer hit rate = 0.00%
	!	Direct blocks:          0 read,          0 written
	 1: count	(typeid = 20, len = 8, typmod = -1, byval = f)
	----
	 1: count = "1000"	(typeid = 20, len = 8, typmod = -1, byval = f)
	----
backend> LOG:  shutting down
LOG:  database system is shut down
LOG:  database system was shut down at 2024-02-07 02:41:33 EST
LOG:  checkpoint record is at 0/B08AE8
LOG:  redo record is at 0/B08AE8; undo record is at 0/0; shutdown TRUE
LOG:  next transaction ID: 4904; next OID: 22147
LOG:  database system is ready

POSTGRES backend interactive interface 
$Revision: 1.375.2.5 $ $Date: 2005/12/14 17:07:00 $

backend> LOG:  QUERY STATISTICS
DETAIL:  ! system usage stats:
	!	0.032683 elapsed 0.005342 user 0.000000 system sec
	!	[0.009701 user 0.000000 sys total]
	!	0/0 [0/56] filesystem blocks in/out
	!	189/53 [240/439] page faults/reclaims, 0 [0] swaps
	!	0 [0] signals rcvd, 0/0 [0/0] messages rcvd/sent
	!	29/1 [74/1] voluntary/involuntary context switches
	! buffer usage stats:
	!	Shared blocks:        112 read,          0 written, buffer hit rate = 56.59%
	!	Local  blocks:          0 read,          0 written, buffer hit rate = 0.00%
	!	Direct blocks:          0 read,          0 written
	 1: count	(typeid = 20, len = 8, typmod = -1, byval = f)
	----
	 1: count = "2500"	(typeid = 20, len = 8, typmod = -1, byval = f)
	----
backend> LOG:  shutting down
LOG:  database system is shut down
LOG:  database system was shut down at 2024-02-07 02:41:34 EST
LOG:  checkpoint record is at 0/B08B30
LOG:  redo record is at 0/B08B30; undo record is at 0/0; shutdown TRUE
LOG:  next transaction ID: 4906; next OID: 22147
LOG:  database system is ready

POSTGRES backend interactive interface 
$Revision: 1.375.2.5 $ $Date: 2005/12/14 17:07:00 $

backend> LOG:  QUERY STATISTICS
DETAIL:  ! system usage stats:
	!	0.036309 elapsed 0.005041 user 0.000000 system sec
	!	[0.009438 user 0.000000 sys total]
	!	0/0 [0/56] filesystem blocks in/out
	!	189/58 [240/447] page faults/reclaims, 0 [0] swaps
	!	0 [0] signals rcvd, 0/0 [0/0] messages rcvd/sent
	!	33/1 [78/2] voluntary/involuntary context switches
	! buffer usage stats:
	!	Shared blocks:        114 read,          0 written, buffer hit rate = 60.42%
	!	Local  blocks:          0 read,          0 written, buffer hit rate = 0.00%
	!	Direct blocks:          0 read,          0 written
	 1: count	(typeid = 20, len = 8, typmod = -1, byval = f)
	----
	 1: count = "999"	(typeid = 20, len = 8, typmod = -1, byval = f)
	----
backend> LOG:  shutting down
LOG:  database system is shut down
LOG:  database system was shut down at 2024-02-07 02:41:36 EST
LOG:  checkpoint record is at 0/B08B78
LOG:  redo record is at 0/B08B78; undo record is at 0/0; shutdown TRUE
LOG:  next transaction ID: 4908; next OID: 22147
LOG:  database system is ready

POSTGRES backend interactive interface 
$Revision: 1.375.2.5 $ $Date: 2005/12/14 17:07:00 $

backend> LOG:  QUERY STATISTICS
DETAIL:  ! system usage stats:
	!	0.035398 elapsed 0.002181 user 0.000000 system sec
	!	[0.006537 user 0.000000 sys total]
	!	0/0 [0/56] filesystem blocks in/out
	!	175/60 [226/450] page faults/reclaims, 0 [0] swaps
	!	0 [0] signals rcvd, 0/0 [0/0] messages rcvd/sent
	!	35/2 [80/5] voluntary/involuntary context switches
	! buffer usage stats:
	!	Shared blocks:         87 read,          0 written, buffer hit rate = 84.46%
	!	Local  blocks:          0 read,          0 written, buffer hit rate = 0.00%
	!	Direct blocks:          0 read,          0 written
	 1: count	(typeid = 20, len = 8, typmod = -1, byval = f)
	----
	 1: count = "301"	(typeid = 20, len = 8, typmod = -1, byval = f)
	----
backend> LOG:  shutting down
LOG:  database system is shut down
LOG:  database system was shut down at 2024-02-07 02:41:37 EST
LOG:  checkpoint record is at 0/B08BC0
LOG:  redo record is at 0/B08BC0; undo record is at 0/0; shutdown TRUE
LOG:  next transaction ID: 4910; next OID: 22147
LOG:  database system is ready

POSTGRES backend interactive interface 
$Revision: 1.375.2.5 $ $Date: 2005/12/14 17:07:00 $

backend> LOG:  QUERY STATISTICS
DETAIL:  ! system usage stats:
	!	0.035401 elapsed 0.002096 user 0.000000 system sec
	!	[0.006801 user 0.000000 sys total]
	!	0/0 [0/64] filesystem blocks in/out
	!	171/62 [222/449] page faults/reclaims, 0 [0] swaps
	!	0 [0] signals rcvd, 0/0 [0/0] messages rcvd/sent
	!	35/0 [80/0] voluntary/involuntary context switches
	! buffer usage stats:
	!	Shared blocks:         85 read,          0 written, buffer hit rate = 76.32%
	!	Local  blocks:          0 read,          0 written, buffer hit rate = 0.00%
	!	Direct blocks:          0 read,          0 written
	 1: count	(typeid = 20, len = 8, typmod = -1, byval = f)
	----
	 1: count = "101"	(typeid = 20, len = 8, typmod = -1, byval = f)
	----
backend> LOG:  shutting down
LOG:  database system is shut down
LOG:  database system was shut down at 2024-02-07 02:41:38 EST
LOG:  checkpoint record is at 0/B08C08
LOG:  redo record is at 0/B08C08; undo record is at 0/0; shutdown TRUE
LOG:  next transaction ID: 4912; next OID: 22147
LOG:  database system is ready

POSTGRES backend interactive interface 
$Revision: 1.375.2.5 $ $Date: 2005/12/14 17:07:00 $

backend> LOG:  QUERY STATISTICS
DETAIL:  ! system usage stats:
	!	0.035944 elapsed 0.002206 user 0.000000 system sec
	!	[0.006651 user 0.000000 sys total]
	!	0/0 [0/56] filesystem blocks in/out
	!	171/60 [222/447] page faults/reclaims, 0 [0] swaps
	!	0 [0] signals rcvd, 0/0 [0/0] messages rcvd/sent
	!	35/2 [79/3] voluntary/involuntary context switches
	! buffer usage stats:
	!	Shared blocks:         85 read,          0 written, buffer hit rate = 76.32%
	!	Local  blocks:          0 read,          0 written, buffer hit rate = 0.00%
	!	Direct blocks:          0 read,          0 written
	 1: count	(typeid = 20, len = 8, typmod = -1, byval = f)
	----
	 1: count = "101"	(typeid = 20, len = 8, typmod = -1, byval = f)
	----
backend> LOG:  shutting down
LOG:  database system is shut down
LOG:  database system was shut down at 2024-02-07 02:41:39 EST
LOG:  checkpoint record is at 0/B08C50
LOG:  redo record is at 0/B08C50; undo record is at 0/0; shutdown TRUE
LOG:  next transaction ID: 4914; next OID: 22147
LOG:  database system is ready

POSTGRES backend interactive interface 
$Revision: 1.375.2.5 $ $Date: 2005/12/14 17:07:00 $

backend> LOG:  QUERY STATISTICS
DETAIL:  ! system usage stats:
	!	0.036041 elapsed 0.000000 user 0.002214 system sec
	!	[0.004595 user 0.002214 sys total]
	!	0/0 [0/56] filesystem blocks in/out
	!	171/63 [222/450] page faults/reclaims, 0 [0] swaps
	!	0 [0] signals rcvd, 0/0 [0/0] messages rcvd/sent
	!	35/1 [80/2] voluntary/involuntary context switches
	! buffer usage stats:
	!	Shared blocks:         85 read,          0 written, buffer hit rate = 70.69%
	!	Local  blocks:          0 read,          0 written, buffer hit rate = 0.00%
	!	Direct blocks:          0 read,          0 written
	 1: count	(typeid = 20, len = 8, typmod = -1, byval = f)
	----
	 1: count = "31"	(typeid = 20, len = 8, typmod = -1, byval = f)
	----
backend> LOG:  shutting down
LOG:  database system is shut down
