LOG:  database system was shut down at 2024-02-09 13:37:45 EST
LOG:  checkpoint record is at 0/B6D988
LOG:  redo record is at 0/B6D988; undo record is at 0/0; shutdown TRUE
LOG:  next transaction ID: 16608; next OID: 22147
LOG:  database system is ready

POSTGRES backend interactive interface 
$Revision: 1.375.2.5 $ $Date: 2005/12/14 17:07:00 $

backend> LOG:  QUERY STATISTICS
DETAIL:  ! system usage stats:
	!	0.038434 elapsed 0.000000 user 0.001938 system sec
	!	[0.000000 user 0.006208 sys total]
	!	0/0 [0/56] filesystem blocks in/out
	!	28/60 [75/440] page faults/reclaims, 0 [0] swaps
	!	0 [0] signals rcvd, 0/0 [0/0] messages rcvd/sent
	!	35/5 [82/13] voluntary/involuntary context switches
	! buffer usage stats:
	!	Shared blocks:        135 read,          0 written, buffer hit rate = 54.85%
	!	Local  blocks:          0 read,          0 written, buffer hit rate = 0.00%
	!	Direct blocks:          0 read,          0 written
	 1: count	(typeid = 20, len = 8, typmod = -1, byval = f)
	----
	 1: count = "41"	(typeid = 20, len = 8, typmod = -1, byval = f)
	----
backend> LOG:  shutting down
LOG:  database system is shut down
LOG:  database system was shut down at 2024-02-09 13:37:45 EST
LOG:  checkpoint record is at 0/B6D9D0
LOG:  redo record is at 0/B6D9D0; undo record is at 0/0; shutdown TRUE
LOG:  next transaction ID: 16610; next OID: 22147
LOG:  database system is ready

POSTGRES backend interactive interface 
$Revision: 1.375.2.5 $ $Date: 2005/12/14 17:07:00 $

backend> LOG:  QUERY STATISTICS
DETAIL:  ! system usage stats:
	!	0.034810 elapsed 0.004966 user 0.000000 system sec
	!	[0.009275 user 0.000000 sys total]
	!	0/0 [0/56] filesystem blocks in/out
	!	28/53 [75/435] page faults/reclaims, 0 [0] swaps
	!	0 [0] signals rcvd, 0/0 [0/0] messages rcvd/sent
	!	29/3 [76/9] voluntary/involuntary context switches
	! buffer usage stats:
	!	Shared blocks:        149 read,          0 written, buffer hit rate = 42.25%
	!	Local  blocks:          0 read,          0 written, buffer hit rate = 0.00%
	!	Direct blocks:          0 read,          0 written
	 1: count	(typeid = 20, len = 8, typmod = -1, byval = f)
	----
	 1: count = "50"	(typeid = 20, len = 8, typmod = -1, byval = f)
	----
backend> LOG:  shutting down
LOG:  database system is shut down
LOG:  database system was shut down at 2024-02-09 13:37:46 EST
LOG:  checkpoint record is at 0/B6DA18
LOG:  redo record is at 0/B6DA18; undo record is at 0/0; shutdown TRUE
LOG:  next transaction ID: 16612; next OID: 22147
LOG:  database system is ready

POSTGRES backend interactive interface 
$Revision: 1.375.2.5 $ $Date: 2005/12/14 17:07:00 $

backend> LOG:  QUERY STATISTICS
DETAIL:  ! system usage stats:
	!	0.041400 elapsed 0.000997 user 0.000997 system sec
	!	[0.003198 user 0.003198 sys total]
	!	0/0 [0/56] filesystem blocks in/out
	!	28/60 [75/443] page faults/reclaims, 0 [0] swaps
	!	0 [0] signals rcvd, 0/0 [0/0] messages rcvd/sent
	!	35/0 [83/12] voluntary/involuntary context switches
	! buffer usage stats:
	!	Shared blocks:        136 read,          0 written, buffer hit rate = 62.01%
	!	Local  blocks:          0 read,          0 written, buffer hit rate = 0.00%
	!	Direct blocks:          0 read,          0 written
	 1: count	(typeid = 20, len = 8, typmod = -1, byval = f)
	----
	 1: count = "99"	(typeid = 20, len = 8, typmod = -1, byval = f)
	----
backend> LOG:  shutting down
LOG:  database system is shut down
LOG:  database system was shut down at 2024-02-09 13:37:46 EST
LOG:  checkpoint record is at 0/B6DA60
LOG:  redo record is at 0/B6DA60; undo record is at 0/0; shutdown TRUE
LOG:  next transaction ID: 16614; next OID: 22147
LOG:  database system is ready

POSTGRES backend interactive interface 
$Revision: 1.375.2.5 $ $Date: 2005/12/14 17:07:00 $

backend> LOG:  QUERY STATISTICS
DETAIL:  ! system usage stats:
	!	0.039228 elapsed 0.001207 user 0.001207 system sec
	!	[0.003351 user 0.003351 sys total]
	!	0/0 [0/56] filesystem blocks in/out
	!	28/58 [75/444] page faults/reclaims, 0 [0] swaps
	!	0 [0] signals rcvd, 0/0 [0/0] messages rcvd/sent
	!	35/0 [82/2] voluntary/involuntary context switches
	! buffer usage stats:
	!	Shared blocks:        144 read,          0 written, buffer hit rate = 88.58%
	!	Local  blocks:          0 read,          0 written, buffer hit rate = 0.00%
	!	Direct blocks:          0 read,          0 written
	 1: count	(typeid = 20, len = 8, typmod = -1, byval = f)
	----
	 1: count = "1000"	(typeid = 20, len = 8, typmod = -1, byval = f)
	----
backend> LOG:  shutting down
LOG:  database system is shut down
LOG:  database system was shut down at 2024-02-09 13:37:46 EST
LOG:  checkpoint record is at 0/B6DAA8
LOG:  redo record is at 0/B6DAA8; undo record is at 0/0; shutdown TRUE
LOG:  next transaction ID: 16616; next OID: 22147
LOG:  database system is ready

POSTGRES backend interactive interface 
$Revision: 1.375.2.5 $ $Date: 2005/12/14 17:07:00 $

backend> LOG:  QUERY STATISTICS
DETAIL:  ! system usage stats:
	!	0.034359 elapsed 0.001960 user 0.003131 system sec
	!	[0.006263 user 0.003131 sys total]
	!	0/0 [0/56] filesystem blocks in/out
	!	28/55 [75/438] page faults/reclaims, 0 [0] swaps
	!	0 [0] signals rcvd, 0/0 [0/0] messages rcvd/sent
	!	29/0 [76/4] voluntary/involuntary context switches
	! buffer usage stats:
	!	Shared blocks:        149 read,          0 written, buffer hit rate = 42.25%
	!	Local  blocks:          0 read,          0 written, buffer hit rate = 0.00%
	!	Direct blocks:          0 read,          0 written
	 1: count	(typeid = 20, len = 8, typmod = -1, byval = f)
	----
	 1: count = "2500"	(typeid = 20, len = 8, typmod = -1, byval = f)
	----
backend> LOG:  shutting down
LOG:  database system is shut down
LOG:  database system was shut down at 2024-02-09 13:37:46 EST
LOG:  checkpoint record is at 0/B6DAF0
LOG:  redo record is at 0/B6DAF0; undo record is at 0/0; shutdown TRUE
LOG:  next transaction ID: 16618; next OID: 22147
LOG:  database system is ready

POSTGRES backend interactive interface 
$Revision: 1.375.2.5 $ $Date: 2005/12/14 17:07:00 $

backend> LOG:  QUERY STATISTICS
DETAIL:  ! system usage stats:
	!	0.038847 elapsed 0.004821 user 0.000000 system sec
	!	[0.009130 user 0.000000 sys total]
	!	0/0 [0/56] filesystem blocks in/out
	!	28/58 [75/442] page faults/reclaims, 0 [0] swaps
	!	0 [0] signals rcvd, 0/0 [0/0] messages rcvd/sent
	!	34/0 [81/0] voluntary/involuntary context switches
	! buffer usage stats:
	!	Shared blocks:        164 read,          0 written, buffer hit rate = 43.06%
	!	Local  blocks:          0 read,          0 written, buffer hit rate = 0.00%
	!	Direct blocks:          0 read,          0 written
	 1: count	(typeid = 20, len = 8, typmod = -1, byval = f)
	----
	 1: count = "999"	(typeid = 20, len = 8, typmod = -1, byval = f)
	----
backend> LOG:  shutting down
LOG:  database system is shut down
LOG:  database system was shut down at 2024-02-09 13:37:46 EST
LOG:  checkpoint record is at 0/B6DB38
LOG:  redo record is at 0/B6DB38; undo record is at 0/0; shutdown TRUE
LOG:  next transaction ID: 16620; next OID: 22147
LOG:  database system is ready

POSTGRES backend interactive interface 
$Revision: 1.375.2.5 $ $Date: 2005/12/14 17:07:00 $

backend> LOG:  QUERY STATISTICS
DETAIL:  ! system usage stats:
	!	0.112146 elapsed 0.002393 user 0.000000 system sec
	!	[0.006912 user 0.000000 sys total]
	!	0/0 [0/56] filesystem blocks in/out
	!	28/61 [75/441] page faults/reclaims, 0 [0] swaps
	!	0 [0] signals rcvd, 0/0 [0/0] messages rcvd/sent
	!	35/0 [81/1] voluntary/involuntary context switches
	! buffer usage stats:
	!	Shared blocks:        138 read,          0 written, buffer hit rate = 75.36%
	!	Local  blocks:          0 read,          0 written, buffer hit rate = 0.00%
	!	Direct blocks:          0 read,          0 written
	 1: count	(typeid = 20, len = 8, typmod = -1, byval = f)
	----
	 1: count = "301"	(typeid = 20, len = 8, typmod = -1, byval = f)
	----
backend> LOG:  shutting down
LOG:  database system is shut down
LOG:  database system was shut down at 2024-02-09 13:37:46 EST
LOG:  checkpoint record is at 0/B6DB80
LOG:  redo record is at 0/B6DB80; undo record is at 0/0; shutdown TRUE
LOG:  next transaction ID: 16622; next OID: 22147
LOG:  database system is ready

POSTGRES backend interactive interface 
$Revision: 1.375.2.5 $ $Date: 2005/12/14 17:07:00 $

backend> LOG:  QUERY STATISTICS
DETAIL:  ! system usage stats:
	!	0.105523 elapsed 0.000000 user 0.002346 system sec
	!	[0.000000 user 0.007196 sys total]
	!	0/0 [0/64] filesystem blocks in/out
	!	28/58 [75/444] page faults/reclaims, 0 [0] swaps
	!	0 [0] signals rcvd, 0/0 [0/0] messages rcvd/sent
	!	35/0 [83/2] voluntary/involuntary context switches
	! buffer usage stats:
	!	Shared blocks:        136 read,          0 written, buffer hit rate = 62.12%
	!	Local  blocks:          0 read,          0 written, buffer hit rate = 0.00%
	!	Direct blocks:          0 read,          0 written
	 1: count	(typeid = 20, len = 8, typmod = -1, byval = f)
	----
	 1: count = "101"	(typeid = 20, len = 8, typmod = -1, byval = f)
	----
backend> LOG:  shutting down
LOG:  database system is shut down
LOG:  database system was shut down at 2024-02-09 13:37:47 EST
LOG:  checkpoint record is at 0/B6DBC8
LOG:  redo record is at 0/B6DBC8; undo record is at 0/0; shutdown TRUE
LOG:  next transaction ID: 16624; next OID: 22147
LOG:  database system is ready

POSTGRES backend interactive interface 
$Revision: 1.375.2.5 $ $Date: 2005/12/14 17:07:00 $

backend> LOG:  QUERY STATISTICS
DETAIL:  ! system usage stats:
	!	0.110893 elapsed 0.000000 user 0.002267 system sec
	!	[0.002328 user 0.004595 sys total]
	!	0/0 [0/56] filesystem blocks in/out
	!	28/59 [75/440] page faults/reclaims, 0 [0] swaps
	!	0 [0] signals rcvd, 0/0 [0/0] messages rcvd/sent
	!	35/0 [82/1] voluntary/involuntary context switches
	! buffer usage stats:
	!	Shared blocks:        136 read,          0 written, buffer hit rate = 62.12%
	!	Local  blocks:          0 read,          0 written, buffer hit rate = 0.00%
	!	Direct blocks:          0 read,          0 written
	 1: count	(typeid = 20, len = 8, typmod = -1, byval = f)
	----
	 1: count = "101"	(typeid = 20, len = 8, typmod = -1, byval = f)
	----
backend> LOG:  shutting down
LOG:  database system is shut down
LOG:  database system was shut down at 2024-02-09 13:37:47 EST
LOG:  checkpoint record is at 0/B6DC10
LOG:  redo record is at 0/B6DC10; undo record is at 0/0; shutdown TRUE
LOG:  next transaction ID: 16626; next OID: 22147
LOG:  database system is ready

POSTGRES backend interactive interface 
$Revision: 1.375.2.5 $ $Date: 2005/12/14 17:07:00 $

backend> LOG:  QUERY STATISTICS
DETAIL:  ! system usage stats:
	!	0.041352 elapsed 0.000000 user 0.002177 system sec
	!	[0.000000 user 0.006865 sys total]
	!	0/0 [0/56] filesystem blocks in/out
	!	28/61 [75/443] page faults/reclaims, 0 [0] swaps
	!	0 [0] signals rcvd, 0/0 [0/0] messages rcvd/sent
	!	35/0 [83/1] voluntary/involuntary context switches
	! buffer usage stats:
	!	Shared blocks:        136 read,          0 written, buffer hit rate = 53.10%
	!	Local  blocks:          0 read,          0 written, buffer hit rate = 0.00%
	!	Direct blocks:          0 read,          0 written
	 1: count	(typeid = 20, len = 8, typmod = -1, byval = f)
	----
	 1: count = "31"	(typeid = 20, len = 8, typmod = -1, byval = f)
	----
backend> LOG:  shutting down
LOG:  database system is shut down
