LOG:  database system was shut down at 2024-02-06 16:59:48 EST
LOG:  checkpoint record is at 0/C1DB38
LOG:  redo record is at 0/C1DB38; undo record is at 0/0; shutdown TRUE
LOG:  next transaction ID: 9836; next OID: 27152
LOG:  database system is ready

POSTGRES backend interactive interface 
$Revision: 1.375.2.5 $ $Date: 2005/12/14 17:07:00 $

backend> LOG:  QUERY STATISTICS
DETAIL:  ! system usage stats:
	!	0.042559 elapsed 0.000000 user 0.004467 system sec
	!	[0.000000 user 0.010523 sys total]
	!	1200/0 [7056/56] filesystem blocks in/out
	!	43/46 [120/403] page faults/reclaims, 0 [0] swaps
	!	0 [0] signals rcvd, 0/0 [0/0] messages rcvd/sent
	!	42/6 [122/11] voluntary/involuntary context switches
	! buffer usage stats:
	!	Shared blocks:        146 read,          0 written, buffer hit rate = 38.14%
	!	Local  blocks:          0 read,          0 written, buffer hit rate = 0.00%
	!	Direct blocks:          0 read,          0 written
	 1: count	(typeid = 20, len = 8, typmod = -1, byval = f)
	----
	 1: count = "2175"	(typeid = 20, len = 8, typmod = -1, byval = f)
	----
backend> LOG:  shutting down
LOG:  database system is shut down
LOG:  database system was shut down at 2024-02-06 18:45:21 EST
LOG:  checkpoint record is at 0/C1DB80
LOG:  redo record is at 0/C1DB80; undo record is at 0/0; shutdown TRUE
LOG:  next transaction ID: 9838; next OID: 27152
LOG:  database system is ready

POSTGRES backend interactive interface 
$Revision: 1.375.2.5 $ $Date: 2005/12/14 17:07:00 $

backend> LOG:  QUERY STATISTICS
DETAIL:  ! system usage stats:
	!	0.038015 elapsed 0.004638 user 0.000222 system sec
	!	[0.004638 user 0.004638 sys total]
	!	80/0 [80/56] filesystem blocks in/out
	!	28/54 [76/436] page faults/reclaims, 0 [0] swaps
	!	0 [0] signals rcvd, 0/0 [0/0] messages rcvd/sent
	!	30/0 [79/3] voluntary/involuntary context switches
	! buffer usage stats:
	!	Shared blocks:        152 read,          0 written, buffer hit rate = 41.98%
	!	Local  blocks:          0 read,          0 written, buffer hit rate = 0.00%
	!	Direct blocks:          0 read,          0 written
	 1: count	(typeid = 20, len = 8, typmod = -1, byval = f)
	----
	 1: count = "1051"	(typeid = 20, len = 8, typmod = -1, byval = f)
	----
backend> LOG:  shutting down
LOG:  database system is shut down
LOG:  database system was shut down at 2024-02-06 18:45:22 EST
LOG:  checkpoint record is at 0/C1DBC8
LOG:  redo record is at 0/C1DBC8; undo record is at 0/0; shutdown TRUE
LOG:  next transaction ID: 9840; next OID: 27152
LOG:  database system is ready

POSTGRES backend interactive interface 
$Revision: 1.375.2.5 $ $Date: 2005/12/14 17:07:00 $

backend> LOG:  QUERY STATISTICS
DETAIL:  ! system usage stats:
	!	0.034262 elapsed 0.004616 user 0.000231 system sec
	!	[0.004616 user 0.004616 sys total]
	!	0/0 [0/56] filesystem blocks in/out
	!	28/59 [76/438] page faults/reclaims, 0 [0] swaps
	!	0 [0] signals rcvd, 0/0 [0/0] messages rcvd/sent
	!	31/1 [80/3] voluntary/involuntary context switches
	! buffer usage stats:
	!	Shared blocks:        165 read,          0 written, buffer hit rate = 42.11%
	!	Local  blocks:          0 read,          0 written, buffer hit rate = 0.00%
	!	Direct blocks:          0 read,          0 written
	 1: count	(typeid = 20, len = 8, typmod = -1, byval = f)
	----
	 1: count = "541"	(typeid = 20, len = 8, typmod = -1, byval = f)
	----
backend> LOG:  shutting down
LOG:  database system is shut down
LOG:  database system was shut down at 2024-02-06 18:45:24 EST
LOG:  checkpoint record is at 0/C1DC10
LOG:  redo record is at 0/C1DC10; undo record is at 0/0; shutdown TRUE
LOG:  next transaction ID: 9842; next OID: 27152
LOG:  database system is ready

POSTGRES backend interactive interface 
$Revision: 1.375.2.5 $ $Date: 2005/12/14 17:07:00 $

backend> LOG:  QUERY STATISTICS
DETAIL:  ! system usage stats:
	!	0.033610 elapsed 0.000000 user 0.004829 system sec
	!	[0.000000 user 0.009303 sys total]
	!	0/0 [0/56] filesystem blocks in/out
	!	28/59 [76/440] page faults/reclaims, 0 [0] swaps
	!	0 [0] signals rcvd, 0/0 [0/0] messages rcvd/sent
	!	31/0 [80/1] voluntary/involuntary context switches
	! buffer usage stats:
	!	Shared blocks:        172 read,          0 written, buffer hit rate = 42.28%
	!	Local  blocks:          0 read,          0 written, buffer hit rate = 0.00%
	!	Direct blocks:          0 read,          0 written
	 1: count	(typeid = 20, len = 8, typmod = -1, byval = f)
	----
	 1: count = "1326"	(typeid = 20, len = 8, typmod = -1, byval = f)
	----
backend> LOG:  shutting down
LOG:  database system is shut down
LOG:  database system was shut down at 2024-02-06 18:45:25 EST
LOG:  checkpoint record is at 0/C1DC58
LOG:  redo record is at 0/C1DC58; undo record is at 0/0; shutdown TRUE
LOG:  next transaction ID: 9844; next OID: 27152
LOG:  database system is ready

POSTGRES backend interactive interface 
$Revision: 1.375.2.5 $ $Date: 2005/12/14 17:07:00 $

backend> LOG:  QUERY STATISTICS
DETAIL:  ! system usage stats:
	!	0.032575 elapsed 0.005753 user 0.000000 system sec
	!	[0.010114 user 0.000000 sys total]
	!	0/0 [0/56] filesystem blocks in/out
	!	28/55 [76/434] page faults/reclaims, 0 [0] swaps
	!	0 [0] signals rcvd, 0/0 [0/0] messages rcvd/sent
	!	29/0 [78/1] voluntary/involuntary context switches
	! buffer usage stats:
	!	Shared blocks:        154 read,          0 written, buffer hit rate = 42.11%
	!	Local  blocks:          0 read,          0 written, buffer hit rate = 0.00%
	!	Direct blocks:          0 read,          0 written
	 1: count	(typeid = 20, len = 8, typmod = -1, byval = f)
	----
	 1: count = "340"	(typeid = 20, len = 8, typmod = -1, byval = f)
	----
backend> LOG:  shutting down
LOG:  database system is shut down
LOG:  database system was shut down at 2024-02-06 18:45:26 EST
LOG:  checkpoint record is at 0/C1DCA0
LOG:  redo record is at 0/C1DCA0; undo record is at 0/0; shutdown TRUE
LOG:  next transaction ID: 9846; next OID: 27152
LOG:  database system is ready

POSTGRES backend interactive interface 
$Revision: 1.375.2.5 $ $Date: 2005/12/14 17:07:00 $

backend> LOG:  QUERY STATISTICS
DETAIL:  ! system usage stats:
	!	0.037530 elapsed 0.004932 user 0.000000 system sec
	!	[0.009429 user 0.000000 sys total]
	!	0/0 [0/56] filesystem blocks in/out
	!	28/57 [76/440] page faults/reclaims, 0 [0] swaps
	!	0 [0] signals rcvd, 0/0 [0/0] messages rcvd/sent
	!	31/1 [80/3] voluntary/involuntary context switches
	! buffer usage stats:
	!	Shared blocks:        172 read,          0 written, buffer hit rate = 41.10%
	!	Local  blocks:          0 read,          0 written, buffer hit rate = 0.00%
	!	Direct blocks:          0 read,          0 written
	 1: count	(typeid = 20, len = 8, typmod = -1, byval = f)
	----
	 1: count = "1794"	(typeid = 20, len = 8, typmod = -1, byval = f)
	----
backend> LOG:  shutting down
LOG:  database system is shut down
LOG:  database system was shut down at 2024-02-06 18:45:27 EST
LOG:  checkpoint record is at 0/C1DCE8
LOG:  redo record is at 0/C1DCE8; undo record is at 0/0; shutdown TRUE
LOG:  next transaction ID: 9848; next OID: 27152
LOG:  database system is ready

POSTGRES backend interactive interface 
$Revision: 1.375.2.5 $ $Date: 2005/12/14 17:07:00 $

backend> LOG:  QUERY STATISTICS
DETAIL:  ! system usage stats:
	!	0.034756 elapsed 0.003681 user 0.000000 system sec
	!	[0.008223 user 0.000000 sys total]
	!	0/0 [0/56] filesystem blocks in/out
	!	28/52 [76/431] page faults/reclaims, 0 [0] swaps
	!	0 [0] signals rcvd, 0/0 [0/0] messages rcvd/sent
	!	31/1 [80/2] voluntary/involuntary context switches
	! buffer usage stats:
	!	Shared blocks:        146 read,          0 written, buffer hit rate = 38.14%
	!	Local  blocks:          0 read,          0 written, buffer hit rate = 0.00%
	!	Direct blocks:          0 read,          0 written
	 1: count	(typeid = 20, len = 8, typmod = -1, byval = f)
	----
	 1: count = "729"	(typeid = 20, len = 8, typmod = -1, byval = f)
	----
backend> LOG:  shutting down
LOG:  database system is shut down
LOG:  database system was shut down at 2024-02-06 18:45:28 EST
LOG:  checkpoint record is at 0/C1DD30
LOG:  redo record is at 0/C1DD30; undo record is at 0/0; shutdown TRUE
LOG:  next transaction ID: 9850; next OID: 27152
LOG:  database system is ready

POSTGRES backend interactive interface 
$Revision: 1.375.2.5 $ $Date: 2005/12/14 17:07:00 $

backend> LOG:  QUERY STATISTICS
DETAIL:  ! system usage stats:
	!	0.033337 elapsed 0.004327 user 0.000000 system sec
	!	[0.008765 user 0.000000 sys total]
	!	0/0 [0/64] filesystem blocks in/out
	!	28/58 [76/438] page faults/reclaims, 0 [0] swaps
	!	0 [0] signals rcvd, 0/0 [0/0] messages rcvd/sent
	!	31/1 [80/2] voluntary/involuntary context switches
	! buffer usage stats:
	!	Shared blocks:        165 read,          0 written, buffer hit rate = 42.11%
	!	Local  blocks:          0 read,          0 written, buffer hit rate = 0.00%
	!	Direct blocks:          0 read,          0 written
	 1: count	(typeid = 20, len = 8, typmod = -1, byval = f)
	----
	 1: count = "579"	(typeid = 20, len = 8, typmod = -1, byval = f)
	----
backend> LOG:  shutting down
LOG:  database system is shut down
LOG:  database system was shut down at 2024-02-06 18:45:29 EST
LOG:  checkpoint record is at 0/C1DD78
LOG:  redo record is at 0/C1DD78; undo record is at 0/0; shutdown TRUE
LOG:  next transaction ID: 9852; next OID: 27152
LOG:  database system is ready

POSTGRES backend interactive interface 
$Revision: 1.375.2.5 $ $Date: 2005/12/14 17:07:00 $

backend> LOG:  QUERY STATISTICS
DETAIL:  ! system usage stats:
	!	0.033472 elapsed 0.004609 user 0.000000 system sec
	!	[0.008986 user 0.000000 sys total]
	!	0/0 [0/56] filesystem blocks in/out
	!	28/62 [76/440] page faults/reclaims, 0 [0] swaps
	!	0 [0] signals rcvd, 0/0 [0/0] messages rcvd/sent
	!	31/1 [80/1] voluntary/involuntary context switches
	! buffer usage stats:
	!	Shared blocks:        172 read,          0 written, buffer hit rate = 41.10%
	!	Local  blocks:          0 read,          0 written, buffer hit rate = 0.00%
	!	Direct blocks:          0 read,          0 written
	 1: count	(typeid = 20, len = 8, typmod = -1, byval = f)
	----
	 1: count = "2479"	(typeid = 20, len = 8, typmod = -1, byval = f)
	----
backend> LOG:  shutting down
LOG:  database system is shut down
LOG:  database system was shut down at 2024-02-06 18:45:30 EST
LOG:  checkpoint record is at 0/C1DDC0
LOG:  redo record is at 0/C1DDC0; undo record is at 0/0; shutdown TRUE
LOG:  next transaction ID: 9854; next OID: 27152
LOG:  database system is ready

POSTGRES backend interactive interface 
$Revision: 1.375.2.5 $ $Date: 2005/12/14 17:07:00 $

backend> LOG:  QUERY STATISTICS
DETAIL:  ! system usage stats:
	!	0.033310 elapsed 0.004731 user 0.000143 system sec
	!	[0.004731 user 0.004731 sys total]
	!	0/0 [0/56] filesystem blocks in/out
	!	28/60 [76/439] page faults/reclaims, 0 [0] swaps
	!	0 [0] signals rcvd, 0/0 [0/0] messages rcvd/sent
	!	31/0 [79/2] voluntary/involuntary context switches
	! buffer usage stats:
	!	Shared blocks:        166 read,          0 written, buffer hit rate = 41.96%
	!	Local  blocks:          0 read,          0 written, buffer hit rate = 0.00%
	!	Direct blocks:          0 read,          0 written
	 1: count	(typeid = 20, len = 8, typmod = -1, byval = f)
	----
	 1: count = "1473"	(typeid = 20, len = 8, typmod = -1, byval = f)
	----
backend> LOG:  shutting down
LOG:  database system is shut down
