LOG:  database system was shut down at 2024-02-09 14:42:45 EST
LOG:  checkpoint record is at 0/B95F28
LOG:  redo record is at 0/B95F28; undo record is at 0/0; shutdown TRUE
LOG:  next transaction ID: 21818; next OID: 22147
LOG:  database system is ready

POSTGRES backend interactive interface 
$Revision: 1.375.2.5 $ $Date: 2005/12/14 17:07:00 $

backend> LOG:  QUERY STATISTICS
DETAIL:  ! system usage stats:
	!	0.036796 elapsed 0.001779 user 0.000000 system sec
	!	[0.006221 user 0.000000 sys total]
	!	0/0 [0/56] filesystem blocks in/out
	!	48/58 [94/441] page faults/reclaims, 0 [0] swaps
	!	0 [0] signals rcvd, 0/0 [0/0] messages rcvd/sent
	!	35/0 [82/3] voluntary/involuntary context switches
	! buffer usage stats:
	!	Shared blocks:        100 read,          0 written, buffer hit rate = 66.56%
	!	Local  blocks:          0 read,          0 written, buffer hit rate = 0.00%
	!	Direct blocks:          0 read,          0 written
	 1: count	(typeid = 20, len = 8, typmod = -1, byval = f)
	----
	 1: count = "41"	(typeid = 20, len = 8, typmod = -1, byval = f)
	----
backend> LOG:  shutting down
LOG:  database system is shut down
LOG:  database system was shut down at 2024-02-09 14:42:46 EST
LOG:  checkpoint record is at 0/B95F70
LOG:  redo record is at 0/B95F70; undo record is at 0/0; shutdown TRUE
LOG:  next transaction ID: 21820; next OID: 22147
LOG:  database system is ready

POSTGRES backend interactive interface 
$Revision: 1.375.2.5 $ $Date: 2005/12/14 17:07:00 $

backend> LOG:  QUERY STATISTICS
DETAIL:  ! system usage stats:
	!	0.035489 elapsed 0.004690 user 0.000000 system sec
	!	[0.009092 user 0.000000 sys total]
	!	0/0 [0/56] filesystem blocks in/out
	!	48/54 [94/435] page faults/reclaims, 0 [0] swaps
	!	0 [0] signals rcvd, 0/0 [0/0] messages rcvd/sent
	!	29/1 [75/1] voluntary/involuntary context switches
	! buffer usage stats:
	!	Shared blocks:        128 read,          0 written, buffer hit rate = 50.39%
	!	Local  blocks:          0 read,          0 written, buffer hit rate = 0.00%
	!	Direct blocks:          0 read,          0 written
	 1: count	(typeid = 20, len = 8, typmod = -1, byval = f)
	----
	 1: count = "50"	(typeid = 20, len = 8, typmod = -1, byval = f)
	----
backend> LOG:  shutting down
LOG:  database system is shut down
LOG:  database system was shut down at 2024-02-09 14:42:46 EST
LOG:  checkpoint record is at 0/B95FB8
LOG:  redo record is at 0/B95FB8; undo record is at 0/0; shutdown TRUE
LOG:  next transaction ID: 21822; next OID: 22147
LOG:  database system is ready

POSTGRES backend interactive interface 
$Revision: 1.375.2.5 $ $Date: 2005/12/14 17:07:00 $

backend> LOG:  QUERY STATISTICS
DETAIL:  ! system usage stats:
	!	0.039983 elapsed 0.002017 user 0.000000 system sec
	!	[0.006661 user 0.000000 sys total]
	!	0/0 [0/56] filesystem blocks in/out
	!	48/59 [94/442] page faults/reclaims, 0 [0] swaps
	!	0 [0] signals rcvd, 0/0 [0/0] messages rcvd/sent
	!	35/0 [82/1] voluntary/involuntary context switches
	! buffer usage stats:
	!	Shared blocks:        103 read,          0 written, buffer hit rate = 71.23%
	!	Local  blocks:          0 read,          0 written, buffer hit rate = 0.00%
	!	Direct blocks:          0 read,          0 written
	 1: count	(typeid = 20, len = 8, typmod = -1, byval = f)
	----
	 1: count = "99"	(typeid = 20, len = 8, typmod = -1, byval = f)
	----
backend> LOG:  shutting down
LOG:  database system is shut down
LOG:  database system was shut down at 2024-02-09 14:42:46 EST
LOG:  checkpoint record is at 0/B96010
LOG:  redo record is at 0/B96010; undo record is at 0/0; shutdown TRUE
LOG:  next transaction ID: 21824; next OID: 22147
LOG:  database system is ready

POSTGRES backend interactive interface 
$Revision: 1.375.2.5 $ $Date: 2005/12/14 17:07:00 $

backend> LOG:  QUERY STATISTICS
DETAIL:  ! system usage stats:
	!	0.038311 elapsed 0.002465 user 0.000000 system sec
	!	[0.007004 user 0.000000 sys total]
	!	0/0 [0/56] filesystem blocks in/out
	!	48/60 [94/444] page faults/reclaims, 0 [0] swaps
	!	0 [0] signals rcvd, 0/0 [0/0] messages rcvd/sent
	!	35/0 [82/1] voluntary/involuntary context switches
	! buffer usage stats:
	!	Shared blocks:        109 read,          0 written, buffer hit rate = 91.36%
	!	Local  blocks:          0 read,          0 written, buffer hit rate = 0.00%
	!	Direct blocks:          0 read,          0 written
	 1: count	(typeid = 20, len = 8, typmod = -1, byval = f)
	----
	 1: count = "1000"	(typeid = 20, len = 8, typmod = -1, byval = f)
	----
backend> LOG:  shutting down
LOG:  database system is shut down
LOG:  database system was shut down at 2024-02-09 14:42:46 EST
LOG:  checkpoint record is at 0/B96058
LOG:  redo record is at 0/B96058; undo record is at 0/0; shutdown TRUE
LOG:  next transaction ID: 21826; next OID: 22147
LOG:  database system is ready

POSTGRES backend interactive interface 
$Revision: 1.375.2.5 $ $Date: 2005/12/14 17:07:00 $

backend> LOG:  QUERY STATISTICS
DETAIL:  ! system usage stats:
	!	0.033849 elapsed 0.002250 user 0.002250 system sec
	!	[0.004453 user 0.004453 sys total]
	!	0/0 [0/56] filesystem blocks in/out
	!	48/53 [94/436] page faults/reclaims, 0 [0] swaps
	!	0 [0] signals rcvd, 0/0 [0/0] messages rcvd/sent
	!	29/0 [76/1] voluntary/involuntary context switches
	! buffer usage stats:
	!	Shared blocks:        128 read,          0 written, buffer hit rate = 50.39%
	!	Local  blocks:          0 read,          0 written, buffer hit rate = 0.00%
	!	Direct blocks:          0 read,          0 written
	 1: count	(typeid = 20, len = 8, typmod = -1, byval = f)
	----
	 1: count = "2500"	(typeid = 20, len = 8, typmod = -1, byval = f)
	----
backend> LOG:  shutting down
LOG:  database system is shut down
LOG:  database system was shut down at 2024-02-09 14:42:46 EST
LOG:  checkpoint record is at 0/B960A0
LOG:  redo record is at 0/B960A0; undo record is at 0/0; shutdown TRUE
LOG:  next transaction ID: 21828; next OID: 22147
LOG:  database system is ready

POSTGRES backend interactive interface 
$Revision: 1.375.2.5 $ $Date: 2005/12/14 17:07:00 $

backend> LOG:  QUERY STATISTICS
DETAIL:  ! system usage stats:
	!	0.056972 elapsed 0.004958 user 0.000000 system sec
	!	[0.009344 user 0.000000 sys total]
	!	0/0 [0/56] filesystem blocks in/out
	!	48/58 [94/438] page faults/reclaims, 0 [0] swaps
	!	0 [0] signals rcvd, 0/0 [0/0] messages rcvd/sent
	!	33/1 [80/2] voluntary/involuntary context switches
	! buffer usage stats:
	!	Shared blocks:        130 read,          0 written, buffer hit rate = 54.86%
	!	Local  blocks:          0 read,          0 written, buffer hit rate = 0.00%
	!	Direct blocks:          0 read,          0 written
	 1: count	(typeid = 20, len = 8, typmod = -1, byval = f)
	----
	 1: count = "999"	(typeid = 20, len = 8, typmod = -1, byval = f)
	----
backend> LOG:  shutting down
LOG:  database system is shut down
LOG:  database system was shut down at 2024-02-09 14:42:47 EST
LOG:  checkpoint record is at 0/B960E8
LOG:  redo record is at 0/B960E8; undo record is at 0/0; shutdown TRUE
LOG:  next transaction ID: 21830; next OID: 22147
LOG:  database system is ready

POSTGRES backend interactive interface 
$Revision: 1.375.2.5 $ $Date: 2005/12/14 17:07:00 $

backend> LOG:  QUERY STATISTICS
DETAIL:  ! system usage stats:
	!	0.038029 elapsed 0.002305 user 0.000000 system sec
	!	[0.004648 user 0.002343 sys total]
	!	0/0 [0/56] filesystem blocks in/out
	!	48/63 [94/444] page faults/reclaims, 0 [0] swaps
	!	0 [0] signals rcvd, 0/0 [0/0] messages rcvd/sent
	!	35/1 [82/2] voluntary/involuntary context switches
	! buffer usage stats:
	!	Shared blocks:        103 read,          0 written, buffer hit rate = 81.61%
	!	Local  blocks:          0 read,          0 written, buffer hit rate = 0.00%
	!	Direct blocks:          0 read,          0 written
	 1: count	(typeid = 20, len = 8, typmod = -1, byval = f)
	----
	 1: count = "301"	(typeid = 20, len = 8, typmod = -1, byval = f)
	----
backend> LOG:  shutting down
LOG:  database system is shut down
LOG:  database system was shut down at 2024-02-09 14:42:47 EST
LOG:  checkpoint record is at 0/B96130
LOG:  redo record is at 0/B96130; undo record is at 0/0; shutdown TRUE
LOG:  next transaction ID: 21832; next OID: 22147
LOG:  database system is ready

POSTGRES backend interactive interface 
$Revision: 1.375.2.5 $ $Date: 2005/12/14 17:07:00 $

backend> LOG:  QUERY STATISTICS
DETAIL:  ! system usage stats:
	!	0.036330 elapsed 0.000000 user 0.001828 system sec
	!	[0.000000 user 0.006253 sys total]
	!	0/0 [8/64] filesystem blocks in/out
	!	48/59 [94/440] page faults/reclaims, 0 [0] swaps
	!	0 [0] signals rcvd, 0/0 [0/0] messages rcvd/sent
	!	35/0 [86/1] voluntary/involuntary context switches
	! buffer usage stats:
	!	Shared blocks:        101 read,          0 written, buffer hit rate = 71.87%
	!	Local  blocks:          0 read,          0 written, buffer hit rate = 0.00%
	!	Direct blocks:          0 read,          0 written
	 1: count	(typeid = 20, len = 8, typmod = -1, byval = f)
	----
	 1: count = "101"	(typeid = 20, len = 8, typmod = -1, byval = f)
	----
backend> LOG:  shutting down
LOG:  database system is shut down
LOG:  database system was shut down at 2024-02-09 14:42:47 EST
LOG:  checkpoint record is at 0/B96178
LOG:  redo record is at 0/B96178; undo record is at 0/0; shutdown TRUE
LOG:  next transaction ID: 21834; next OID: 22147
LOG:  database system is ready

POSTGRES backend interactive interface 
$Revision: 1.375.2.5 $ $Date: 2005/12/14 17:07:00 $

backend> LOG:  QUERY STATISTICS
DETAIL:  ! system usage stats:
	!	0.047502 elapsed 0.000620 user 0.001240 system sec
	!	[0.002068 user 0.004136 sys total]
	!	0/0 [0/56] filesystem blocks in/out
	!	48/63 [94/442] page faults/reclaims, 0 [0] swaps
	!	0 [0] signals rcvd, 0/0 [0/0] messages rcvd/sent
	!	35/0 [82/2] voluntary/involuntary context switches
	! buffer usage stats:
	!	Shared blocks:        101 read,          0 written, buffer hit rate = 71.87%
	!	Local  blocks:          0 read,          0 written, buffer hit rate = 0.00%
	!	Direct blocks:          0 read,          0 written
	 1: count	(typeid = 20, len = 8, typmod = -1, byval = f)
	----
	 1: count = "101"	(typeid = 20, len = 8, typmod = -1, byval = f)
	----
backend> LOG:  shutting down
LOG:  database system is shut down
LOG:  database system was shut down at 2024-02-09 14:42:47 EST
LOG:  checkpoint record is at 0/B961C0
LOG:  redo record is at 0/B961C0; undo record is at 0/0; shutdown TRUE
LOG:  next transaction ID: 21836; next OID: 22147
LOG:  database system is ready

POSTGRES backend interactive interface 
$Revision: 1.375.2.5 $ $Date: 2005/12/14 17:07:00 $

backend> LOG:  QUERY STATISTICS
DETAIL:  ! system usage stats:
	!	0.036773 elapsed 0.001827 user 0.000000 system sec
	!	[0.006265 user 0.000000 sys total]
	!	0/0 [0/56] filesystem blocks in/out
	!	48/59 [94/440] page faults/reclaims, 0 [0] swaps
	!	0 [0] signals rcvd, 0/0 [0/0] messages rcvd/sent
	!	35/0 [82/0] voluntary/involuntary context switches
	! buffer usage stats:
	!	Shared blocks:        101 read,          0 written, buffer hit rate = 65.17%
	!	Local  blocks:          0 read,          0 written, buffer hit rate = 0.00%
	!	Direct blocks:          0 read,          0 written
	 1: count	(typeid = 20, len = 8, typmod = -1, byval = f)
	----
	 1: count = "31"	(typeid = 20, len = 8, typmod = -1, byval = f)
	----
backend> LOG:  shutting down
LOG:  database system is shut down
