LOG:  database system was shut down at 2024-02-09 13:37:37 EST
LOG:  checkpoint record is at 0/B6C8A8
LOG:  redo record is at 0/B6C8A8; undo record is at 0/0; shutdown TRUE
LOG:  next transaction ID: 16488; next OID: 22147
LOG:  database system is ready

POSTGRES backend interactive interface 
$Revision: 1.375.2.5 $ $Date: 2005/12/14 17:07:00 $

backend> LOG:  QUERY STATISTICS
DETAIL:  ! system usage stats:
	!	0.035478 elapsed 0.003725 user 0.000000 system sec
	!	[0.005820 user 0.002095 sys total]
	!	0/0 [0/56] filesystem blocks in/out
	!	48/51 [94/431] page faults/reclaims, 0 [0] swaps
	!	0 [0] signals rcvd, 0/0 [0/0] messages rcvd/sent
	!	31/0 [77/6] voluntary/involuntary context switches
	! buffer usage stats:
	!	Shared blocks:        126 read,          0 written, buffer hit rate = 46.61%
	!	Local  blocks:          0 read,          0 written, buffer hit rate = 0.00%
	!	Direct blocks:          0 read,          0 written
	 1: count	(typeid = 20, len = 8, typmod = -1, byval = f)
	----
	 1: count = "2175"	(typeid = 20, len = 8, typmod = -1, byval = f)
	----
backend> LOG:  shutting down
LOG:  database system is shut down
LOG:  database system was shut down at 2024-02-09 13:37:37 EST
LOG:  checkpoint record is at 0/B6C8F0
LOG:  redo record is at 0/B6C8F0; undo record is at 0/0; shutdown TRUE
LOG:  next transaction ID: 16490; next OID: 22147
LOG:  database system is ready

POSTGRES backend interactive interface 
$Revision: 1.375.2.5 $ $Date: 2005/12/14 17:07:00 $

backend> LOG:  QUERY STATISTICS
DETAIL:  ! system usage stats:
	!	0.033269 elapsed 0.004643 user 0.000215 system sec
	!	[0.004643 user 0.004643 sys total]
	!	0/0 [0/56] filesystem blocks in/out
	!	48/53 [94/432] page faults/reclaims, 0 [0] swaps
	!	0 [0] signals rcvd, 0/0 [0/0] messages rcvd/sent
	!	29/0 [76/0] voluntary/involuntary context switches
	! buffer usage stats:
	!	Shared blocks:        129 read,          0 written, buffer hit rate = 50.76%
	!	Local  blocks:          0 read,          0 written, buffer hit rate = 0.00%
	!	Direct blocks:          0 read,          0 written
	 1: count	(typeid = 20, len = 8, typmod = -1, byval = f)
	----
	 1: count = "1051"	(typeid = 20, len = 8, typmod = -1, byval = f)
	----
backend> LOG:  shutting down
LOG:  database system is shut down
LOG:  database system was shut down at 2024-02-09 13:37:37 EST
LOG:  checkpoint record is at 0/B6C938
LOG:  redo record is at 0/B6C938; undo record is at 0/0; shutdown TRUE
LOG:  next transaction ID: 16492; next OID: 22147
LOG:  database system is ready

POSTGRES backend interactive interface 
$Revision: 1.375.2.5 $ $Date: 2005/12/14 17:07:00 $

backend> LOG:  QUERY STATISTICS
DETAIL:  ! system usage stats:
	!	0.048601 elapsed 0.005294 user 0.000000 system sec
	!	[0.009754 user 0.000000 sys total]
	!	0/0 [0/56] filesystem blocks in/out
	!	48/60 [94/438] page faults/reclaims, 0 [0] swaps
	!	0 [0] signals rcvd, 0/0 [0/0] messages rcvd/sent
	!	32/3 [78/4] voluntary/involuntary context switches
	! buffer usage stats:
	!	Shared blocks:        127 read,          0 written, buffer hit rate = 55.44%
	!	Local  blocks:          0 read,          0 written, buffer hit rate = 0.00%
	!	Direct blocks:          0 read,          0 written
	 1: count	(typeid = 20, len = 8, typmod = -1, byval = f)
	----
	 1: count = "541"	(typeid = 20, len = 8, typmod = -1, byval = f)
	----
backend> LOG:  shutting down
LOG:  database system is shut down
LOG:  database system was shut down at 2024-02-09 13:37:37 EST
LOG:  checkpoint record is at 0/B6C980
LOG:  redo record is at 0/B6C980; undo record is at 0/0; shutdown TRUE
LOG:  next transaction ID: 16494; next OID: 22147
LOG:  database system is ready

POSTGRES backend interactive interface 
$Revision: 1.375.2.5 $ $Date: 2005/12/14 17:07:00 $

backend> LOG:  QUERY STATISTICS
DETAIL:  ! system usage stats:
	!	0.056474 elapsed 0.005107 user 0.000632 system sec
	!	[0.005107 user 0.005107 sys total]
	!	0/0 [0/56] filesystem blocks in/out
	!	48/58 [94/440] page faults/reclaims, 0 [0] swaps
	!	0 [0] signals rcvd, 0/0 [0/0] messages rcvd/sent
	!	31/0 [78/9] voluntary/involuntary context switches
	! buffer usage stats:
	!	Shared blocks:        129 read,          0 written, buffer hit rate = 56.71%
	!	Local  blocks:          0 read,          0 written, buffer hit rate = 0.00%
	!	Direct blocks:          0 read,          0 written
	 1: count	(typeid = 20, len = 8, typmod = -1, byval = f)
	----
	 1: count = "1326"	(typeid = 20, len = 8, typmod = -1, byval = f)
	----
backend> LOG:  shutting down
LOG:  database system is shut down
LOG:  database system was shut down at 2024-02-09 13:37:37 EST
LOG:  checkpoint record is at 0/B6C9C8
LOG:  redo record is at 0/B6C9C8; undo record is at 0/0; shutdown TRUE
LOG:  next transaction ID: 16496; next OID: 22147
LOG:  database system is ready

POSTGRES backend interactive interface 
$Revision: 1.375.2.5 $ $Date: 2005/12/14 17:07:00 $

backend> LOG:  QUERY STATISTICS
DETAIL:  ! system usage stats:
	!	0.033485 elapsed 0.005023 user 0.000000 system sec
	!	[0.009412 user 0.000000 sys total]
	!	0/0 [0/56] filesystem blocks in/out
	!	48/54 [94/433] page faults/reclaims, 0 [0] swaps
	!	0 [0] signals rcvd, 0/0 [0/0] messages rcvd/sent
	!	29/0 [76/5] voluntary/involuntary context switches
	! buffer usage stats:
	!	Shared blocks:        130 read,          0 written, buffer hit rate = 51.13%
	!	Local  blocks:          0 read,          0 written, buffer hit rate = 0.00%
	!	Direct blocks:          0 read,          0 written
	 1: count	(typeid = 20, len = 8, typmod = -1, byval = f)
	----
	 1: count = "340"	(typeid = 20, len = 8, typmod = -1, byval = f)
	----
backend> LOG:  shutting down
LOG:  database system is shut down
LOG:  database system was shut down at 2024-02-09 13:37:37 EST
LOG:  checkpoint record is at 0/B6CA10
LOG:  redo record is at 0/B6CA10; undo record is at 0/0; shutdown TRUE
LOG:  next transaction ID: 16498; next OID: 22147
LOG:  database system is ready

POSTGRES backend interactive interface 
$Revision: 1.375.2.5 $ $Date: 2005/12/14 17:07:00 $

backend> LOG:  QUERY STATISTICS
DETAIL:  ! system usage stats:
	!	0.037621 elapsed 0.002386 user 0.002278 system sec
	!	[0.006836 user 0.002278 sys total]
	!	0/0 [0/56] filesystem blocks in/out
	!	48/58 [94/440] page faults/reclaims, 0 [0] swaps
	!	0 [0] signals rcvd, 0/0 [0/0] messages rcvd/sent
	!	31/1 [78/3] voluntary/involuntary context switches
	! buffer usage stats:
	!	Shared blocks:        129 read,          0 written, buffer hit rate = 55.82%
	!	Local  blocks:          0 read,          0 written, buffer hit rate = 0.00%
	!	Direct blocks:          0 read,          0 written
	 1: count	(typeid = 20, len = 8, typmod = -1, byval = f)
	----
	 1: count = "1794"	(typeid = 20, len = 8, typmod = -1, byval = f)
	----
backend> LOG:  shutting down
LOG:  database system is shut down
LOG:  database system was shut down at 2024-02-09 13:37:37 EST
LOG:  checkpoint record is at 0/B6CA58
LOG:  redo record is at 0/B6CA58; undo record is at 0/0; shutdown TRUE
LOG:  next transaction ID: 16500; next OID: 22147
LOG:  database system is ready

POSTGRES backend interactive interface 
$Revision: 1.375.2.5 $ $Date: 2005/12/14 17:07:00 $

backend> LOG:  QUERY STATISTICS
DETAIL:  ! system usage stats:
	!	0.034366 elapsed 0.001708 user 0.001708 system sec
	!	[0.003852 user 0.003852 sys total]
	!	0/0 [8/56] filesystem blocks in/out
	!	48/51 [94/433] page faults/reclaims, 0 [0] swaps
	!	0 [0] signals rcvd, 0/0 [0/0] messages rcvd/sent
	!	31/2 [80/10] voluntary/involuntary context switches
	! buffer usage stats:
	!	Shared blocks:        126 read,          0 written, buffer hit rate = 46.61%
	!	Local  blocks:          0 read,          0 written, buffer hit rate = 0.00%
	!	Direct blocks:          0 read,          0 written
	 1: count	(typeid = 20, len = 8, typmod = -1, byval = f)
	----
	 1: count = "729"	(typeid = 20, len = 8, typmod = -1, byval = f)
	----
backend> LOG:  shutting down
LOG:  database system is shut down
LOG:  database system was shut down at 2024-02-09 13:37:38 EST
LOG:  checkpoint record is at 0/B6CAA0
LOG:  redo record is at 0/B6CAA0; undo record is at 0/0; shutdown TRUE
LOG:  next transaction ID: 16502; next OID: 22147
LOG:  database system is ready

POSTGRES backend interactive interface 
$Revision: 1.375.2.5 $ $Date: 2005/12/14 17:07:00 $

backend> LOG:  QUERY STATISTICS
DETAIL:  ! system usage stats:
	!	0.040292 elapsed 0.003922 user 0.000828 system sec
	!	[0.006188 user 0.003094 sys total]
	!	0/0 [0/64] filesystem blocks in/out
	!	48/58 [94/440] page faults/reclaims, 0 [0] swaps
	!	0 [0] signals rcvd, 0/0 [0/0] messages rcvd/sent
	!	31/0 [79/0] voluntary/involuntary context switches
	! buffer usage stats:
	!	Shared blocks:        127 read,          0 written, buffer hit rate = 55.44%
	!	Local  blocks:          0 read,          0 written, buffer hit rate = 0.00%
	!	Direct blocks:          0 read,          0 written
	 1: count	(typeid = 20, len = 8, typmod = -1, byval = f)
	----
	 1: count = "579"	(typeid = 20, len = 8, typmod = -1, byval = f)
	----
backend> LOG:  shutting down
LOG:  database system is shut down
LOG:  database system was shut down at 2024-02-09 13:37:38 EST
LOG:  checkpoint record is at 0/B6CAE8
LOG:  redo record is at 0/B6CAE8; undo record is at 0/0; shutdown TRUE
LOG:  next transaction ID: 16504; next OID: 22147
LOG:  database system is ready

POSTGRES backend interactive interface 
$Revision: 1.375.2.5 $ $Date: 2005/12/14 17:07:00 $

backend> LOG:  QUERY STATISTICS
DETAIL:  ! system usage stats:
	!	0.037331 elapsed 0.004880 user 0.000000 system sec
	!	[0.009150 user 0.000000 sys total]
	!	0/0 [8/56] filesystem blocks in/out
	!	48/60 [94/440] page faults/reclaims, 0 [0] swaps
	!	0 [0] signals rcvd, 0/0 [0/0] messages rcvd/sent
	!	31/0 [79/0] voluntary/involuntary context switches
	! buffer usage stats:
	!	Shared blocks:        129 read,          0 written, buffer hit rate = 55.82%
	!	Local  blocks:          0 read,          0 written, buffer hit rate = 0.00%
	!	Direct blocks:          0 read,          0 written
	 1: count	(typeid = 20, len = 8, typmod = -1, byval = f)
	----
	 1: count = "2479"	(typeid = 20, len = 8, typmod = -1, byval = f)
	----
backend> LOG:  shutting down
LOG:  database system is shut down
LOG:  database system was shut down at 2024-02-09 13:37:38 EST
LOG:  checkpoint record is at 0/B6CB30
LOG:  redo record is at 0/B6CB30; undo record is at 0/0; shutdown TRUE
LOG:  next transaction ID: 16506; next OID: 22147
LOG:  database system is ready

POSTGRES backend interactive interface 
$Revision: 1.375.2.5 $ $Date: 2005/12/14 17:07:00 $

backend> LOG:  QUERY STATISTICS
DETAIL:  ! system usage stats:
	!	0.036049 elapsed 0.002983 user 0.001760 system sec
	!	[0.002983 user 0.005966 sys total]
	!	0/0 [0/56] filesystem blocks in/out
	!	48/60 [94/438] page faults/reclaims, 0 [0] swaps
	!	0 [0] signals rcvd, 0/0 [0/0] messages rcvd/sent
	!	31/1 [78/3] voluntary/involuntary context switches
	! buffer usage stats:
	!	Shared blocks:        129 read,          0 written, buffer hit rate = 54.90%
	!	Local  blocks:          0 read,          0 written, buffer hit rate = 0.00%
	!	Direct blocks:          0 read,          0 written
	 1: count	(typeid = 20, len = 8, typmod = -1, byval = f)
	----
	 1: count = "1473"	(typeid = 20, len = 8, typmod = -1, byval = f)
	----
backend> LOG:  shutting down
LOG:  database system is shut down
