LOG:  database system was shut down at 2024-02-07 02:40:54 EST
LOG:  checkpoint record is at 0/B08158
LOG:  redo record is at 0/B08158; undo record is at 0/0; shutdown TRUE
LOG:  next transaction ID: 4836; next OID: 22147
LOG:  database system is ready

POSTGRES backend interactive interface 
$Revision: 1.375.2.5 $ $Date: 2005/12/14 17:07:00 $

backend> LOG:  QUERY STATISTICS
DETAIL:  ! system usage stats:
	!	0.039488 elapsed 0.000000 user 0.002140 system sec
	!	[0.000000 user 0.006736 sys total]
	!	0/0 [0/56] filesystem blocks in/out
	!	68/58 [117/445] page faults/reclaims, 0 [0] swaps
	!	0 [0] signals rcvd, 0/0 [0/0] messages rcvd/sent
	!	35/0 [80/2] voluntary/involuntary context switches
	! buffer usage stats:
	!	Shared blocks:         96 read,          0 written, buffer hit rate = 67.89%
	!	Local  blocks:          0 read,          0 written, buffer hit rate = 0.00%
	!	Direct blocks:          0 read,          0 written
	 1: count	(typeid = 20, len = 8, typmod = -1, byval = f)
	----
	 1: count = "41"	(typeid = 20, len = 8, typmod = -1, byval = f)
	----
backend> LOG:  shutting down
LOG:  database system is shut down
LOG:  database system was shut down at 2024-02-07 02:40:55 EST
LOG:  checkpoint record is at 0/B081A0
LOG:  redo record is at 0/B081A0; undo record is at 0/0; shutdown TRUE
LOG:  next transaction ID: 4838; next OID: 22147
LOG:  database system is ready

POSTGRES backend interactive interface 
$Revision: 1.375.2.5 $ $Date: 2005/12/14 17:07:00 $

backend> LOG:  QUERY STATISTICS
DETAIL:  ! system usage stats:
	!	0.070651 elapsed 0.005444 user 0.000000 system sec
	!	[0.009992 user 0.000000 sys total]
	!	0/0 [0/56] filesystem blocks in/out
	!	68/53 [117/438] page faults/reclaims, 0 [0] swaps
	!	0 [0] signals rcvd, 0/0 [0/0] messages rcvd/sent
	!	29/0 [74/0] voluntary/involuntary context switches
	! buffer usage stats:
	!	Shared blocks:        124 read,          0 written, buffer hit rate = 51.94%
	!	Local  blocks:          0 read,          0 written, buffer hit rate = 0.00%
	!	Direct blocks:          0 read,          0 written
	 1: count	(typeid = 20, len = 8, typmod = -1, byval = f)
	----
	 1: count = "50"	(typeid = 20, len = 8, typmod = -1, byval = f)
	----
backend> LOG:  shutting down
LOG:  database system is shut down
LOG:  database system was shut down at 2024-02-07 02:40:56 EST
LOG:  checkpoint record is at 0/B081E8
LOG:  redo record is at 0/B081E8; undo record is at 0/0; shutdown TRUE
LOG:  next transaction ID: 4840; next OID: 22147
LOG:  database system is ready

POSTGRES backend interactive interface 
$Revision: 1.375.2.5 $ $Date: 2005/12/14 17:07:00 $

backend> LOG:  QUERY STATISTICS
DETAIL:  ! system usage stats:
	!	0.040714 elapsed 0.001955 user 0.000000 system sec
	!	[0.001955 user 0.004306 sys total]
	!	0/0 [0/56] filesystem blocks in/out
	!	68/60 [117/444] page faults/reclaims, 0 [0] swaps
	!	0 [0] signals rcvd, 0/0 [0/0] messages rcvd/sent
	!	35/7 [80/7] voluntary/involuntary context switches
	! buffer usage stats:
	!	Shared blocks:         99 read,          0 written, buffer hit rate = 72.35%
	!	Local  blocks:          0 read,          0 written, buffer hit rate = 0.00%
	!	Direct blocks:          0 read,          0 written
	 1: count	(typeid = 20, len = 8, typmod = -1, byval = f)
	----
	 1: count = "99"	(typeid = 20, len = 8, typmod = -1, byval = f)
	----
backend> LOG:  shutting down
LOG:  database system is shut down
LOG:  database system was shut down at 2024-02-07 02:40:58 EST
LOG:  checkpoint record is at 0/B08230
LOG:  redo record is at 0/B08230; undo record is at 0/0; shutdown TRUE
LOG:  next transaction ID: 4842; next OID: 22147
LOG:  database system is ready

POSTGRES backend interactive interface 
$Revision: 1.375.2.5 $ $Date: 2005/12/14 17:07:00 $

backend> LOG:  QUERY STATISTICS
DETAIL:  ! system usage stats:
	!	0.041570 elapsed 0.000000 user 0.002637 system sec
	!	[0.004524 user 0.002637 sys total]
	!	0/0 [0/56] filesystem blocks in/out
	!	68/61 [117/443] page faults/reclaims, 0 [0] swaps
	!	0 [0] signals rcvd, 0/0 [0/0] messages rcvd/sent
	!	35/0 [80/0] voluntary/involuntary context switches
	! buffer usage stats:
	!	Shared blocks:        105 read,          0 written, buffer hit rate = 91.67%
	!	Local  blocks:          0 read,          0 written, buffer hit rate = 0.00%
	!	Direct blocks:          0 read,          0 written
	 1: count	(typeid = 20, len = 8, typmod = -1, byval = f)
	----
	 1: count = "1000"	(typeid = 20, len = 8, typmod = -1, byval = f)
	----
backend> LOG:  shutting down
LOG:  database system is shut down
LOG:  database system was shut down at 2024-02-07 02:40:59 EST
LOG:  checkpoint record is at 0/B08278
LOG:  redo record is at 0/B08278; undo record is at 0/0; shutdown TRUE
LOG:  next transaction ID: 4844; next OID: 22147
LOG:  database system is ready

POSTGRES backend interactive interface 
$Revision: 1.375.2.5 $ $Date: 2005/12/14 17:07:00 $

backend> LOG:  QUERY STATISTICS
DETAIL:  ! system usage stats:
	!	0.034570 elapsed 0.004902 user 0.000283 system sec
	!	[0.004902 user 0.004902 sys total]
	!	0/0 [8/56] filesystem blocks in/out
	!	68/53 [117/436] page faults/reclaims, 0 [0] swaps
	!	0 [0] signals rcvd, 0/0 [0/0] messages rcvd/sent
	!	29/0 [75/0] voluntary/involuntary context switches
	! buffer usage stats:
	!	Shared blocks:        124 read,          0 written, buffer hit rate = 51.94%
	!	Local  blocks:          0 read,          0 written, buffer hit rate = 0.00%
	!	Direct blocks:          0 read,          0 written
	 1: count	(typeid = 20, len = 8, typmod = -1, byval = f)
	----
	 1: count = "2500"	(typeid = 20, len = 8, typmod = -1, byval = f)
	----
backend> LOG:  shutting down
LOG:  database system is shut down
LOG:  database system was shut down at 2024-02-07 02:41:00 EST
LOG:  checkpoint record is at 0/B082C0
LOG:  redo record is at 0/B082C0; undo record is at 0/0; shutdown TRUE
LOG:  next transaction ID: 4846; next OID: 22147
LOG:  database system is ready

POSTGRES backend interactive interface 
$Revision: 1.375.2.5 $ $Date: 2005/12/14 17:07:00 $

backend> LOG:  QUERY STATISTICS
DETAIL:  ! system usage stats:
	!	0.038277 elapsed 0.005219 user 0.000000 system sec
	!	[0.009703 user 0.000000 sys total]
	!	0/0 [0/56] filesystem blocks in/out
	!	68/61 [117/442] page faults/reclaims, 0 [0] swaps
	!	0 [0] signals rcvd, 0/0 [0/0] messages rcvd/sent
	!	33/2 [78/2] voluntary/involuntary context switches
	! buffer usage stats:
	!	Shared blocks:        126 read,          0 written, buffer hit rate = 56.25%
	!	Local  blocks:          0 read,          0 written, buffer hit rate = 0.00%
	!	Direct blocks:          0 read,          0 written
	 1: count	(typeid = 20, len = 8, typmod = -1, byval = f)
	----
	 1: count = "999"	(typeid = 20, len = 8, typmod = -1, byval = f)
	----
backend> LOG:  shutting down
LOG:  database system is shut down
LOG:  database system was shut down at 2024-02-07 02:41:01 EST
LOG:  checkpoint record is at 0/B08308
LOG:  redo record is at 0/B08308; undo record is at 0/0; shutdown TRUE
LOG:  next transaction ID: 4848; next OID: 22147
LOG:  database system is ready

POSTGRES backend interactive interface 
$Revision: 1.375.2.5 $ $Date: 2005/12/14 17:07:00 $

backend> LOG:  QUERY STATISTICS
DETAIL:  ! system usage stats:
	!	0.117582 elapsed 0.000000 user 0.002297 system sec
	!	[0.000000 user 0.006890 sys total]
	!	0/0 [0/56] filesystem blocks in/out
	!	68/59 [117/444] page faults/reclaims, 0 [0] swaps
	!	0 [0] signals rcvd, 0/0 [0/0] messages rcvd/sent
	!	35/0 [83/1] voluntary/involuntary context switches
	! buffer usage stats:
	!	Shared blocks:         99 read,          0 written, buffer hit rate = 82.32%
	!	Local  blocks:          0 read,          0 written, buffer hit rate = 0.00%
	!	Direct blocks:          0 read,          0 written
	 1: count	(typeid = 20, len = 8, typmod = -1, byval = f)
	----
	 1: count = "301"	(typeid = 20, len = 8, typmod = -1, byval = f)
	----
backend> LOG:  shutting down
LOG:  database system is shut down
LOG:  database system was shut down at 2024-02-07 02:41:02 EST
LOG:  checkpoint record is at 0/B08350
LOG:  redo record is at 0/B08350; undo record is at 0/0; shutdown TRUE
LOG:  next transaction ID: 4850; next OID: 22147
LOG:  database system is ready

POSTGRES backend interactive interface 
$Revision: 1.375.2.5 $ $Date: 2005/12/14 17:07:00 $

backend> LOG:  QUERY STATISTICS
DETAIL:  ! system usage stats:
	!	0.037227 elapsed 0.002156 user 0.000000 system sec
	!	[0.002156 user 0.004754 sys total]
	!	0/0 [0/64] filesystem blocks in/out
	!	68/62 [117/446] page faults/reclaims, 0 [0] swaps
	!	0 [0] signals rcvd, 0/0 [0/0] messages rcvd/sent
	!	35/0 [81/1] voluntary/involuntary context switches
	! buffer usage stats:
	!	Shared blocks:         97 read,          0 written, buffer hit rate = 72.98%
	!	Local  blocks:          0 read,          0 written, buffer hit rate = 0.00%
	!	Direct blocks:          0 read,          0 written
	 1: count	(typeid = 20, len = 8, typmod = -1, byval = f)
	----
	 1: count = "101"	(typeid = 20, len = 8, typmod = -1, byval = f)
	----
backend> LOG:  shutting down
LOG:  database system is shut down
LOG:  database system was shut down at 2024-02-07 02:41:03 EST
LOG:  checkpoint record is at 0/B08398
LOG:  redo record is at 0/B08398; undo record is at 0/0; shutdown TRUE
LOG:  next transaction ID: 4852; next OID: 22147
LOG:  database system is ready

POSTGRES backend interactive interface 
$Revision: 1.375.2.5 $ $Date: 2005/12/14 17:07:00 $

backend> LOG:  QUERY STATISTICS
DETAIL:  ! system usage stats:
	!	0.034631 elapsed 0.001301 user 0.000651 system sec
	!	[0.004856 user 0.002428 sys total]
	!	0/0 [0/56] filesystem blocks in/out
	!	68/59 [117/444] page faults/reclaims, 0 [0] swaps
	!	0 [0] signals rcvd, 0/0 [0/0] messages rcvd/sent
	!	35/0 [80/2] voluntary/involuntary context switches
	! buffer usage stats:
	!	Shared blocks:         97 read,          0 written, buffer hit rate = 72.98%
	!	Local  blocks:          0 read,          0 written, buffer hit rate = 0.00%
	!	Direct blocks:          0 read,          0 written
	 1: count	(typeid = 20, len = 8, typmod = -1, byval = f)
	----
	 1: count = "101"	(typeid = 20, len = 8, typmod = -1, byval = f)
	----
backend> LOG:  shutting down
LOG:  database system is shut down
LOG:  database system was shut down at 2024-02-07 02:41:05 EST
LOG:  checkpoint record is at 0/B083E0
LOG:  redo record is at 0/B083E0; undo record is at 0/0; shutdown TRUE
LOG:  next transaction ID: 4854; next OID: 22147
LOG:  database system is ready

POSTGRES backend interactive interface 
$Revision: 1.375.2.5 $ $Date: 2005/12/14 17:07:00 $

backend> LOG:  QUERY STATISTICS
DETAIL:  ! system usage stats:
	!	0.037881 elapsed 0.000000 user 0.002086 system sec
	!	[0.000000 user 0.006839 sys total]
	!	0/0 [8/56] filesystem blocks in/out
	!	68/59 [117/441] page faults/reclaims, 0 [0] swaps
	!	0 [0] signals rcvd, 0/0 [0/0] messages rcvd/sent
	!	35/2 [81/3] voluntary/involuntary context switches
	! buffer usage stats:
	!	Shared blocks:         97 read,          0 written, buffer hit rate = 66.55%
	!	Local  blocks:          0 read,          0 written, buffer hit rate = 0.00%
	!	Direct blocks:          0 read,          0 written
	 1: count	(typeid = 20, len = 8, typmod = -1, byval = f)
	----
	 1: count = "31"	(typeid = 20, len = 8, typmod = -1, byval = f)
	----
backend> LOG:  shutting down
LOG:  database system is shut down
