LOG:  database system was shut down at 2024-02-09 15:09:55 EST
LOG:  checkpoint record is at 0/BB0470
LOG:  redo record is at 0/BB0470; undo record is at 0/0; shutdown TRUE
LOG:  next transaction ID: 26102; next OID: 22147
LOG:  database system is ready

POSTGRES backend interactive interface 
$Revision: 1.375.2.5 $ $Date: 2005/12/14 17:07:00 $

backend> LOG:  QUERY STATISTICS
DETAIL:  ! system usage stats:
	!	0.033631 elapsed 0.004207 user 0.000000 system sec
	!	[0.004207 user 0.004510 sys total]
	!	0/0 [0/56] filesystem blocks in/out
	!	69/50 [116/430] page faults/reclaims, 0 [0] swaps
	!	0 [0] signals rcvd, 0/0 [0/0] messages rcvd/sent
	!	31/0 [79/0] voluntary/involuntary context switches
	! buffer usage stats:
	!	Shared blocks:        122 read,          0 written, buffer hit rate = 48.31%
	!	Local  blocks:          0 read,          0 written, buffer hit rate = 0.00%
	!	Direct blocks:          0 read,          0 written
	 1: count	(typeid = 20, len = 8, typmod = -1, byval = f)
	----
	 1: count = "2175"	(typeid = 20, len = 8, typmod = -1, byval = f)
	----
backend> LOG:  shutting down
LOG:  database system is shut down
LOG:  database system was shut down at 2024-02-09 15:09:55 EST
LOG:  checkpoint record is at 0/BB04B8
LOG:  redo record is at 0/BB04B8; undo record is at 0/0; shutdown TRUE
LOG:  next transaction ID: 26104; next OID: 22147
LOG:  database system is ready

POSTGRES backend interactive interface 
$Revision: 1.375.2.5 $ $Date: 2005/12/14 17:07:00 $

backend> LOG:  QUERY STATISTICS
DETAIL:  ! system usage stats:
	!	0.034098 elapsed 0.004738 user 0.000000 system sec
	!	[0.008759 user 0.000000 sys total]
	!	0/0 [0/56] filesystem blocks in/out
	!	69/54 [116/432] page faults/reclaims, 0 [0] swaps
	!	0 [0] signals rcvd, 0/0 [0/0] messages rcvd/sent
	!	29/0 [76/1] voluntary/involuntary context switches
	! buffer usage stats:
	!	Shared blocks:        125 read,          0 written, buffer hit rate = 52.29%
	!	Local  blocks:          0 read,          0 written, buffer hit rate = 0.00%
	!	Direct blocks:          0 read,          0 written
	 1: count	(typeid = 20, len = 8, typmod = -1, byval = f)
	----
	 1: count = "1051"	(typeid = 20, len = 8, typmod = -1, byval = f)
	----
backend> LOG:  shutting down
LOG:  database system is shut down
LOG:  database system was shut down at 2024-02-09 15:09:55 EST
LOG:  checkpoint record is at 0/BB0500
LOG:  redo record is at 0/BB0500; undo record is at 0/0; shutdown TRUE
LOG:  next transaction ID: 26106; next OID: 22147
LOG:  database system is ready

POSTGRES backend interactive interface 
$Revision: 1.375.2.5 $ $Date: 2005/12/14 17:07:00 $

backend> LOG:  QUERY STATISTICS
DETAIL:  ! system usage stats:
	!	0.036147 elapsed 0.004247 user 0.000048 system sec
	!	[0.004247 user 0.004247 sys total]
	!	0/0 [0/56] filesystem blocks in/out
	!	69/58 [116/435] page faults/reclaims, 0 [0] swaps
	!	0 [0] signals rcvd, 0/0 [0/0] messages rcvd/sent
	!	32/0 [79/4] voluntary/involuntary context switches
	! buffer usage stats:
	!	Shared blocks:        123 read,          0 written, buffer hit rate = 56.84%
	!	Local  blocks:          0 read,          0 written, buffer hit rate = 0.00%
	!	Direct blocks:          0 read,          0 written
	 1: count	(typeid = 20, len = 8, typmod = -1, byval = f)
	----
	 1: count = "541"	(typeid = 20, len = 8, typmod = -1, byval = f)
	----
backend> LOG:  shutting down
LOG:  database system is shut down
LOG:  database system was shut down at 2024-02-09 15:09:56 EST
LOG:  checkpoint record is at 0/BB0548
LOG:  redo record is at 0/BB0548; undo record is at 0/0; shutdown TRUE
LOG:  next transaction ID: 26108; next OID: 22147
LOG:  database system is ready

POSTGRES backend interactive interface 
$Revision: 1.375.2.5 $ $Date: 2005/12/14 17:07:00 $

backend> LOG:  QUERY STATISTICS
DETAIL:  ! system usage stats:
	!	0.036054 elapsed 0.002586 user 0.002250 system sec
	!	[0.006752 user 0.002250 sys total]
	!	0/0 [0/56] filesystem blocks in/out
	!	69/58 [116/434] page faults/reclaims, 0 [0] swaps
	!	0 [0] signals rcvd, 0/0 [0/0] messages rcvd/sent
	!	31/1 [79/9] voluntary/involuntary context switches
	! buffer usage stats:
	!	Shared blocks:        125 read,          0 written, buffer hit rate = 58.05%
	!	Local  blocks:          0 read,          0 written, buffer hit rate = 0.00%
	!	Direct blocks:          0 read,          0 written
	 1: count	(typeid = 20, len = 8, typmod = -1, byval = f)
	----
	 1: count = "1326"	(typeid = 20, len = 8, typmod = -1, byval = f)
	----
backend> LOG:  shutting down
LOG:  database system is shut down
LOG:  database system was shut down at 2024-02-09 15:09:56 EST
LOG:  checkpoint record is at 0/BB0590
LOG:  redo record is at 0/BB0590; undo record is at 0/0; shutdown TRUE
LOG:  next transaction ID: 26110; next OID: 22147
LOG:  database system is ready

POSTGRES backend interactive interface 
$Revision: 1.375.2.5 $ $Date: 2005/12/14 17:07:00 $

backend> LOG:  QUERY STATISTICS
DETAIL:  ! system usage stats:
	!	0.034290 elapsed 0.000952 user 0.005073 system sec
	!	[0.005073 user 0.005073 sys total]
	!	0/0 [0/56] filesystem blocks in/out
	!	69/54 [116/431] page faults/reclaims, 0 [0] swaps
	!	0 [0] signals rcvd, 0/0 [0/0] messages rcvd/sent
	!	29/19 [77/33] voluntary/involuntary context switches
	! buffer usage stats:
	!	Shared blocks:        123 read,          0 written, buffer hit rate = 53.76%
	!	Local  blocks:          0 read,          0 written, buffer hit rate = 0.00%
	!	Direct blocks:          0 read,          0 written
	 1: count	(typeid = 20, len = 8, typmod = -1, byval = f)
	----
	 1: count = "340"	(typeid = 20, len = 8, typmod = -1, byval = f)
	----
backend> LOG:  shutting down
LOG:  database system is shut down
LOG:  database system was shut down at 2024-02-09 15:09:56 EST
LOG:  checkpoint record is at 0/BB05D8
LOG:  redo record is at 0/BB05D8; undo record is at 0/0; shutdown TRUE
LOG:  next transaction ID: 26112; next OID: 22147
LOG:  database system is ready

POSTGRES backend interactive interface 
$Revision: 1.375.2.5 $ $Date: 2005/12/14 17:07:00 $

backend> LOG:  QUERY STATISTICS
DETAIL:  ! system usage stats:
	!	0.037346 elapsed 0.001911 user 0.003148 system sec
	!	[0.006297 user 0.003148 sys total]
	!	0/0 [0/56] filesystem blocks in/out
	!	69/58 [116/434] page faults/reclaims, 0 [0] swaps
	!	0 [0] signals rcvd, 0/0 [0/0] messages rcvd/sent
	!	31/1 [78/11] voluntary/involuntary context switches
	! buffer usage stats:
	!	Shared blocks:        125 read,          0 written, buffer hit rate = 57.19%
	!	Local  blocks:          0 read,          0 written, buffer hit rate = 0.00%
	!	Direct blocks:          0 read,          0 written
	 1: count	(typeid = 20, len = 8, typmod = -1, byval = f)
	----
	 1: count = "1794"	(typeid = 20, len = 8, typmod = -1, byval = f)
	----
backend> LOG:  shutting down
LOG:  database system is shut down
LOG:  database system was shut down at 2024-02-09 15:09:56 EST
LOG:  checkpoint record is at 0/BB0620
LOG:  redo record is at 0/BB0620; undo record is at 0/0; shutdown TRUE
LOG:  next transaction ID: 26114; next OID: 22147
LOG:  database system is ready

POSTGRES backend interactive interface 
$Revision: 1.375.2.5 $ $Date: 2005/12/14 17:07:00 $

backend> LOG:  QUERY STATISTICS
DETAIL:  ! system usage stats:
	!	0.111668 elapsed 0.003964 user 0.000000 system sec
	!	[0.003964 user 0.004463 sys total]
	!	0/0 [0/56] filesystem blocks in/out
	!	69/51 [116/426] page faults/reclaims, 0 [0] swaps
	!	0 [0] signals rcvd, 0/0 [0/0] messages rcvd/sent
	!	32/0 [79/0] voluntary/involuntary context switches
	! buffer usage stats:
	!	Shared blocks:        122 read,          0 written, buffer hit rate = 48.31%
	!	Local  blocks:          0 read,          0 written, buffer hit rate = 0.00%
	!	Direct blocks:          0 read,          0 written
	 1: count	(typeid = 20, len = 8, typmod = -1, byval = f)
	----
	 1: count = "729"	(typeid = 20, len = 8, typmod = -1, byval = f)
	----
backend> LOG:  shutting down
LOG:  database system is shut down
LOG:  database system was shut down at 2024-02-09 15:09:56 EST
LOG:  checkpoint record is at 0/BB0668
LOG:  redo record is at 0/BB0668; undo record is at 0/0; shutdown TRUE
LOG:  next transaction ID: 26116; next OID: 22147
LOG:  database system is ready

POSTGRES backend interactive interface 
$Revision: 1.375.2.5 $ $Date: 2005/12/14 17:07:00 $

backend> LOG:  QUERY STATISTICS
DETAIL:  ! system usage stats:
	!	0.103078 elapsed 0.003036 user 0.001728 system sec
	!	[0.003036 user 0.006072 sys total]
	!	0/0 [0/64] filesystem blocks in/out
	!	69/60 [116/435] page faults/reclaims, 0 [0] swaps
	!	0 [0] signals rcvd, 0/0 [0/0] messages rcvd/sent
	!	31/0 [78/0] voluntary/involuntary context switches
	! buffer usage stats:
	!	Shared blocks:        123 read,          0 written, buffer hit rate = 56.84%
	!	Local  blocks:          0 read,          0 written, buffer hit rate = 0.00%
	!	Direct blocks:          0 read,          0 written
	 1: count	(typeid = 20, len = 8, typmod = -1, byval = f)
	----
	 1: count = "579"	(typeid = 20, len = 8, typmod = -1, byval = f)
	----
backend> LOG:  shutting down
LOG:  database system is shut down
LOG:  database system was shut down at 2024-02-09 15:09:57 EST
LOG:  checkpoint record is at 0/BB06B0
LOG:  redo record is at 0/BB06B0; undo record is at 0/0; shutdown TRUE
LOG:  next transaction ID: 26118; next OID: 22147
LOG:  database system is ready

POSTGRES backend interactive interface 
$Revision: 1.375.2.5 $ $Date: 2005/12/14 17:07:00 $

backend> LOG:  QUERY STATISTICS
DETAIL:  ! system usage stats:
	!	0.063638 elapsed 0.005474 user 0.000000 system sec
	!	[0.010078 user 0.000000 sys total]
	!	0/0 [0/56] filesystem blocks in/out
	!	69/59 [116/437] page faults/reclaims, 0 [0] swaps
	!	0 [0] signals rcvd, 0/0 [0/0] messages rcvd/sent
	!	32/0 [83/1] voluntary/involuntary context switches
	! buffer usage stats:
	!	Shared blocks:        125 read,          0 written, buffer hit rate = 57.19%
	!	Local  blocks:          0 read,          0 written, buffer hit rate = 0.00%
	!	Direct blocks:          0 read,          0 written
	 1: count	(typeid = 20, len = 8, typmod = -1, byval = f)
	----
	 1: count = "2479"	(typeid = 20, len = 8, typmod = -1, byval = f)
	----
backend> LOG:  shutting down
LOG:  database system is shut down
LOG:  database system was shut down at 2024-02-09 15:09:57 EST
LOG:  checkpoint record is at 0/BB06F8
LOG:  redo record is at 0/BB06F8; undo record is at 0/0; shutdown TRUE
LOG:  next transaction ID: 26120; next OID: 22147
LOG:  database system is ready

POSTGRES backend interactive interface 
$Revision: 1.375.2.5 $ $Date: 2005/12/14 17:07:00 $

backend> LOG:  QUERY STATISTICS
DETAIL:  ! system usage stats:
	!	0.037195 elapsed 0.005005 user 0.000000 system sec
	!	[0.009279 user 0.000000 sys total]
	!	0/0 [0/56] filesystem blocks in/out
	!	69/60 [116/435] page faults/reclaims, 0 [0] swaps
	!	0 [0] signals rcvd, 0/0 [0/0] messages rcvd/sent
	!	31/1 [78/1] voluntary/involuntary context switches
	! buffer usage stats:
	!	Shared blocks:        125 read,          0 written, buffer hit rate = 56.29%
	!	Local  blocks:          0 read,          0 written, buffer hit rate = 0.00%
	!	Direct blocks:          0 read,          0 written
	 1: count	(typeid = 20, len = 8, typmod = -1, byval = f)
	----
	 1: count = "1473"	(typeid = 20, len = 8, typmod = -1, byval = f)
	----
backend> LOG:  shutting down
LOG:  database system is shut down
