LOG:  database system was shut down at 2024-02-09 19:00:14 EST
LOG:  checkpoint record is at 0/C05888
LOG:  redo record is at 0/C05888; undo record is at 0/0; shutdown TRUE
LOG:  next transaction ID: 39630; next OID: 22147
LOG:  database system is ready

POSTGRES backend interactive interface 
$Revision: 1.375.2.5 $ $Date: 2005/12/14 17:07:00 $

backend> LOG:  QUERY STATISTICS
DETAIL:  ! system usage stats:
	!	0.037443 elapsed 0.001854 user 0.000000 system sec
	!	[0.005972 user 0.000000 sys total]
	!	0/0 [0/56] filesystem blocks in/out
	!	88/63 [136/441] page faults/reclaims, 0 [0] swaps
	!	0 [0] signals rcvd, 0/0 [0/0] messages rcvd/sent
	!	35/1 [86/2] voluntary/involuntary context switches
	! buffer usage stats:
	!	Shared blocks:         90 read,          0 written, buffer hit rate = 69.90%
	!	Local  blocks:          0 read,          0 written, buffer hit rate = 0.00%
	!	Direct blocks:          0 read,          0 written
	 1: count	(typeid = 20, len = 8, typmod = -1, byval = f)
	----
	 1: count = "41"	(typeid = 20, len = 8, typmod = -1, byval = f)
	----
backend> LOG:  shutting down
LOG:  database system is shut down
LOG:  database system was shut down at 2024-02-09 19:00:14 EST
LOG:  checkpoint record is at 0/C058D0
LOG:  redo record is at 0/C058D0; undo record is at 0/0; shutdown TRUE
LOG:  next transaction ID: 39632; next OID: 22147
LOG:  database system is ready

POSTGRES backend interactive interface 
$Revision: 1.375.2.5 $ $Date: 2005/12/14 17:07:00 $

backend> LOG:  QUERY STATISTICS
DETAIL:  ! system usage stats:
	!	0.034273 elapsed 0.000000 user 0.004986 system sec
	!	[0.000000 user 0.009121 sys total]
	!	0/0 [0/56] filesystem blocks in/out
	!	88/52 [136/434] page faults/reclaims, 0 [0] swaps
	!	0 [0] signals rcvd, 0/0 [0/0] messages rcvd/sent
	!	29/2 [80/5] voluntary/involuntary context switches
	! buffer usage stats:
	!	Shared blocks:        121 read,          0 written, buffer hit rate = 53.10%
	!	Local  blocks:          0 read,          0 written, buffer hit rate = 0.00%
	!	Direct blocks:          0 read,          0 written
	 1: count	(typeid = 20, len = 8, typmod = -1, byval = f)
	----
	 1: count = "50"	(typeid = 20, len = 8, typmod = -1, byval = f)
	----
backend> LOG:  shutting down
LOG:  database system is shut down
LOG:  database system was shut down at 2024-02-09 19:00:14 EST
LOG:  checkpoint record is at 0/C05918
LOG:  redo record is at 0/C05918; undo record is at 0/0; shutdown TRUE
LOG:  next transaction ID: 39634; next OID: 22147
LOG:  database system is ready

POSTGRES backend interactive interface 
$Revision: 1.375.2.5 $ $Date: 2005/12/14 17:07:00 $

backend> LOG:  QUERY STATISTICS
DETAIL:  ! system usage stats:
	!	0.038190 elapsed 0.001783 user 0.000000 system sec
	!	[0.005838 user 0.000000 sys total]
	!	0/0 [0/56] filesystem blocks in/out
	!	88/60 [136/441] page faults/reclaims, 0 [0] swaps
	!	0 [0] signals rcvd, 0/0 [0/0] messages rcvd/sent
	!	36/0 [85/1] voluntary/involuntary context switches
	! buffer usage stats:
	!	Shared blocks:         94 read,          0 written, buffer hit rate = 73.74%
	!	Local  blocks:          0 read,          0 written, buffer hit rate = 0.00%
	!	Direct blocks:          0 read,          0 written
	 1: count	(typeid = 20, len = 8, typmod = -1, byval = f)
	----
	 1: count = "99"	(typeid = 20, len = 8, typmod = -1, byval = f)
	----
backend> LOG:  shutting down
LOG:  database system is shut down
LOG:  database system was shut down at 2024-02-09 19:00:14 EST
LOG:  checkpoint record is at 0/C05960
LOG:  redo record is at 0/C05960; undo record is at 0/0; shutdown TRUE
LOG:  next transaction ID: 39636; next OID: 22147
LOG:  database system is ready

POSTGRES backend interactive interface 
$Revision: 1.375.2.5 $ $Date: 2005/12/14 17:07:00 $

backend> LOG:  QUERY STATISTICS
DETAIL:  ! system usage stats:
	!	0.044247 elapsed 0.001190 user 0.001190 system sec
	!	[0.003238 user 0.003238 sys total]
	!	0/0 [0/56] filesystem blocks in/out
	!	88/59 [136/438] page faults/reclaims, 0 [0] swaps
	!	0 [0] signals rcvd, 0/0 [0/0] messages rcvd/sent
	!	36/2 [86/6] voluntary/involuntary context switches
	! buffer usage stats:
	!	Shared blocks:         99 read,          0 written, buffer hit rate = 92.15%
	!	Local  blocks:          0 read,          0 written, buffer hit rate = 0.00%
	!	Direct blocks:          0 read,          0 written
	 1: count	(typeid = 20, len = 8, typmod = -1, byval = f)
	----
	 1: count = "1000"	(typeid = 20, len = 8, typmod = -1, byval = f)
	----
backend> LOG:  shutting down
LOG:  database system is shut down
LOG:  database system was shut down at 2024-02-09 19:00:14 EST
LOG:  checkpoint record is at 0/C059A8
LOG:  redo record is at 0/C059A8; undo record is at 0/0; shutdown TRUE
LOG:  next transaction ID: 39638; next OID: 22147
LOG:  database system is ready

POSTGRES backend interactive interface 
$Revision: 1.375.2.5 $ $Date: 2005/12/14 17:07:00 $

backend> LOG:  QUERY STATISTICS
DETAIL:  ! system usage stats:
	!	0.035963 elapsed 0.004650 user 0.000321 system sec
	!	[0.006138 user 0.003069 sys total]
	!	0/0 [0/56] filesystem blocks in/out
	!	88/52 [136/436] page faults/reclaims, 0 [0] swaps
	!	0 [0] signals rcvd, 0/0 [0/0] messages rcvd/sent
	!	29/0 [77/0] voluntary/involuntary context switches
	! buffer usage stats:
	!	Shared blocks:        121 read,          0 written, buffer hit rate = 53.10%
	!	Local  blocks:          0 read,          0 written, buffer hit rate = 0.00%
	!	Direct blocks:          0 read,          0 written
	 1: count	(typeid = 20, len = 8, typmod = -1, byval = f)
	----
	 1: count = "2500"	(typeid = 20, len = 8, typmod = -1, byval = f)
	----
backend> LOG:  shutting down
LOG:  database system is shut down
LOG:  database system was shut down at 2024-02-09 19:00:15 EST
LOG:  checkpoint record is at 0/C059F0
LOG:  redo record is at 0/C059F0; undo record is at 0/0; shutdown TRUE
LOG:  next transaction ID: 39640; next OID: 22147
LOG:  database system is ready

POSTGRES backend interactive interface 
$Revision: 1.375.2.5 $ $Date: 2005/12/14 17:07:00 $

backend> LOG:  QUERY STATISTICS
DETAIL:  ! system usage stats:
	!	0.038013 elapsed 0.002995 user 0.001788 system sec
	!	[0.002995 user 0.005990 sys total]
	!	0/0 [0/56] filesystem blocks in/out
	!	88/59 [136/442] page faults/reclaims, 0 [0] swaps
	!	0 [0] signals rcvd, 0/0 [0/0] messages rcvd/sent
	!	34/1 [83/3] voluntary/involuntary context switches
	! buffer usage stats:
	!	Shared blocks:        121 read,          0 written, buffer hit rate = 57.99%
	!	Local  blocks:          0 read,          0 written, buffer hit rate = 0.00%
	!	Direct blocks:          0 read,          0 written
	 1: count	(typeid = 20, len = 8, typmod = -1, byval = f)
	----
	 1: count = "999"	(typeid = 20, len = 8, typmod = -1, byval = f)
	----
backend> LOG:  shutting down
LOG:  database system is shut down
LOG:  database system was shut down at 2024-02-09 19:00:15 EST
LOG:  checkpoint record is at 0/C05A38
LOG:  redo record is at 0/C05A38; undo record is at 0/0; shutdown TRUE
LOG:  next transaction ID: 39642; next OID: 22147
LOG:  database system is ready

POSTGRES backend interactive interface 
$Revision: 1.375.2.5 $ $Date: 2005/12/14 17:07:00 $

backend> LOG:  QUERY STATISTICS
DETAIL:  ! system usage stats:
	!	0.038468 elapsed 0.000000 user 0.002045 system sec
	!	[0.004296 user 0.002045 sys total]
	!	0/0 [0/56] filesystem blocks in/out
	!	88/61 [136/442] page faults/reclaims, 0 [0] swaps
	!	0 [0] signals rcvd, 0/0 [0/0] messages rcvd/sent
	!	35/1 [84/2] voluntary/involuntary context switches
	! buffer usage stats:
	!	Shared blocks:         93 read,          0 written, buffer hit rate = 83.39%
	!	Local  blocks:          0 read,          0 written, buffer hit rate = 0.00%
	!	Direct blocks:          0 read,          0 written
	 1: count	(typeid = 20, len = 8, typmod = -1, byval = f)
	----
	 1: count = "301"	(typeid = 20, len = 8, typmod = -1, byval = f)
	----
backend> LOG:  shutting down
LOG:  database system is shut down
LOG:  database system was shut down at 2024-02-09 19:00:15 EST
LOG:  checkpoint record is at 0/C05A80
LOG:  redo record is at 0/C05A80; undo record is at 0/0; shutdown TRUE
LOG:  next transaction ID: 39644; next OID: 22147
LOG:  database system is ready

POSTGRES backend interactive interface 
$Revision: 1.375.2.5 $ $Date: 2005/12/14 17:07:00 $

backend> LOG:  QUERY STATISTICS
DETAIL:  ! system usage stats:
	!	0.038005 elapsed 0.000906 user 0.000906 system sec
	!	[0.002923 user 0.002923 sys total]
	!	0/0 [0/64] filesystem blocks in/out
	!	88/59 [136/443] page faults/reclaims, 0 [0] swaps
	!	0 [0] signals rcvd, 0/0 [0/0] messages rcvd/sent
	!	35/4 [83/7] voluntary/involuntary context switches
	! buffer usage stats:
	!	Shared blocks:         91 read,          0 written, buffer hit rate = 74.65%
	!	Local  blocks:          0 read,          0 written, buffer hit rate = 0.00%
	!	Direct blocks:          0 read,          0 written
	 1: count	(typeid = 20, len = 8, typmod = -1, byval = f)
	----
	 1: count = "101"	(typeid = 20, len = 8, typmod = -1, byval = f)
	----
backend> LOG:  shutting down
LOG:  database system is shut down
LOG:  database system was shut down at 2024-02-09 19:00:15 EST
LOG:  checkpoint record is at 0/C05AC8
LOG:  redo record is at 0/C05AC8; undo record is at 0/0; shutdown TRUE
LOG:  next transaction ID: 39646; next OID: 22147
LOG:  database system is ready

POSTGRES backend interactive interface 
$Revision: 1.375.2.5 $ $Date: 2005/12/14 17:07:00 $

backend> LOG:  QUERY STATISTICS
DETAIL:  ! system usage stats:
	!	0.038314 elapsed 0.000000 user 0.001741 system sec
	!	[0.004233 user 0.001741 sys total]
	!	0/0 [0/56] filesystem blocks in/out
	!	88/59 [136/443] page faults/reclaims, 0 [0] swaps
	!	0 [0] signals rcvd, 0/0 [0/0] messages rcvd/sent
	!	35/0 [85/2] voluntary/involuntary context switches
	! buffer usage stats:
	!	Shared blocks:         91 read,          0 written, buffer hit rate = 74.65%
	!	Local  blocks:          0 read,          0 written, buffer hit rate = 0.00%
	!	Direct blocks:          0 read,          0 written
	 1: count	(typeid = 20, len = 8, typmod = -1, byval = f)
	----
	 1: count = "101"	(typeid = 20, len = 8, typmod = -1, byval = f)
	----
backend> LOG:  shutting down
LOG:  database system is shut down
LOG:  database system was shut down at 2024-02-09 19:00:15 EST
LOG:  checkpoint record is at 0/C05B10
LOG:  redo record is at 0/C05B10; undo record is at 0/0; shutdown TRUE
LOG:  next transaction ID: 39648; next OID: 22147
LOG:  database system is ready

POSTGRES backend interactive interface 
$Revision: 1.375.2.5 $ $Date: 2005/12/14 17:07:00 $

backend> LOG:  QUERY STATISTICS
DETAIL:  ! system usage stats:
	!	0.036724 elapsed 0.001706 user 0.000000 system sec
	!	[0.005900 user 0.000000 sys total]
	!	0/0 [0/56] filesystem blocks in/out
	!	88/61 [136/442] page faults/reclaims, 0 [0] swaps
	!	0 [0] signals rcvd, 0/0 [0/0] messages rcvd/sent
	!	35/1 [84/3] voluntary/involuntary context switches
	! buffer usage stats:
	!	Shared blocks:         91 read,          0 written, buffer hit rate = 68.62%
	!	Local  blocks:          0 read,          0 written, buffer hit rate = 0.00%
	!	Direct blocks:          0 read,          0 written
	 1: count	(typeid = 20, len = 8, typmod = -1, byval = f)
	----
	 1: count = "31"	(typeid = 20, len = 8, typmod = -1, byval = f)
	----
backend> LOG:  shutting down
LOG:  database system is shut down
