LOG:  database system was shut down at 2024-02-06 18:45:54 EST
LOG:  checkpoint record is at 0/C1E3B8
LOG:  redo record is at 0/C1E3B8; undo record is at 0/0; shutdown TRUE
LOG:  next transaction ID: 9896; next OID: 27152
LOG:  database system is ready

POSTGRES backend interactive interface 
$Revision: 1.375.2.5 $ $Date: 2005/12/14 17:07:00 $

backend> LOG:  QUERY STATISTICS
DETAIL:  ! system usage stats:
	!	0.032804 elapsed 0.003361 user 0.000561 system sec
	!	[0.005600 user 0.002800 sys total]
	!	0/0 [0/56] filesystem blocks in/out
	!	88/53 [137/433] page faults/reclaims, 0 [0] swaps
	!	0 [0] signals rcvd, 0/0 [0/0] messages rcvd/sent
	!	31/0 [81/1] voluntary/involuntary context switches
	! buffer usage stats:
	!	Shared blocks:        113 read,          0 written, buffer hit rate = 52.12%
	!	Local  blocks:          0 read,          0 written, buffer hit rate = 0.00%
	!	Direct blocks:          0 read,          0 written
	 1: count	(typeid = 20, len = 8, typmod = -1, byval = f)
	----
	 1: count = "2175"	(typeid = 20, len = 8, typmod = -1, byval = f)
	----
backend> LOG:  shutting down
LOG:  database system is shut down
LOG:  database system was shut down at 2024-02-06 18:45:55 EST
LOG:  checkpoint record is at 0/C1E400
LOG:  redo record is at 0/C1E400; undo record is at 0/0; shutdown TRUE
LOG:  next transaction ID: 9898; next OID: 27152
LOG:  database system is ready

POSTGRES backend interactive interface 
$Revision: 1.375.2.5 $ $Date: 2005/12/14 17:07:00 $

backend> LOG:  QUERY STATISTICS
DETAIL:  ! system usage stats:
	!	0.031767 elapsed 0.004790 user 0.000000 system sec
	!	[0.009043 user 0.000000 sys total]
	!	0/0 [0/56] filesystem blocks in/out
	!	88/57 [137/437] page faults/reclaims, 0 [0] swaps
	!	0 [0] signals rcvd, 0/0 [0/0] messages rcvd/sent
	!	29/0 [78/1] voluntary/involuntary context switches
	! buffer usage stats:
	!	Shared blocks:        120 read,          0 written, buffer hit rate = 54.20%
	!	Local  blocks:          0 read,          0 written, buffer hit rate = 0.00%
	!	Direct blocks:          0 read,          0 written
	 1: count	(typeid = 20, len = 8, typmod = -1, byval = f)
	----
	 1: count = "1051"	(typeid = 20, len = 8, typmod = -1, byval = f)
	----
backend> LOG:  shutting down
LOG:  database system is shut down
LOG:  database system was shut down at 2024-02-06 18:45:56 EST
LOG:  checkpoint record is at 0/C1E448
LOG:  redo record is at 0/C1E448; undo record is at 0/0; shutdown TRUE
LOG:  next transaction ID: 9900; next OID: 27152
LOG:  database system is ready

POSTGRES backend interactive interface 
$Revision: 1.375.2.5 $ $Date: 2005/12/14 17:07:00 $

backend> LOG:  QUERY STATISTICS
DETAIL:  ! system usage stats:
	!	0.036276 elapsed 0.002382 user 0.002693 system sec
	!	[0.002382 user 0.007146 sys total]
	!	0/0 [0/56] filesystem blocks in/out
	!	88/61 [137/441] page faults/reclaims, 0 [0] swaps
	!	0 [0] signals rcvd, 0/0 [0/0] messages rcvd/sent
	!	31/0 [80/1] voluntary/involuntary context switches
	! buffer usage stats:
	!	Shared blocks:        114 read,          0 written, buffer hit rate = 60.00%
	!	Local  blocks:          0 read,          0 written, buffer hit rate = 0.00%
	!	Direct blocks:          0 read,          0 written
	 1: count	(typeid = 20, len = 8, typmod = -1, byval = f)
	----
	 1: count = "541"	(typeid = 20, len = 8, typmod = -1, byval = f)
	----
backend> LOG:  shutting down
LOG:  database system is shut down
LOG:  database system was shut down at 2024-02-06 18:45:57 EST
LOG:  checkpoint record is at 0/C1E490
LOG:  redo record is at 0/C1E490; undo record is at 0/0; shutdown TRUE
LOG:  next transaction ID: 9902; next OID: 27152
LOG:  database system is ready

POSTGRES backend interactive interface 
$Revision: 1.375.2.5 $ $Date: 2005/12/14 17:07:00 $

backend> LOG:  QUERY STATISTICS
DETAIL:  ! system usage stats:
	!	0.034416 elapsed 0.004860 user 0.000498 system sec
	!	[0.004860 user 0.004860 sys total]
	!	0/0 [0/56] filesystem blocks in/out
	!	88/58 [137/440] page faults/reclaims, 0 [0] swaps
	!	0 [0] signals rcvd, 0/0 [0/0] messages rcvd/sent
	!	31/0 [80/1] voluntary/involuntary context switches
	! buffer usage stats:
	!	Shared blocks:        116 read,          0 written, buffer hit rate = 61.07%
	!	Local  blocks:          0 read,          0 written, buffer hit rate = 0.00%
	!	Direct blocks:          0 read,          0 written
	 1: count	(typeid = 20, len = 8, typmod = -1, byval = f)
	----
	 1: count = "1326"	(typeid = 20, len = 8, typmod = -1, byval = f)
	----
backend> LOG:  shutting down
LOG:  database system is shut down
LOG:  database system was shut down at 2024-02-06 18:45:58 EST
LOG:  checkpoint record is at 0/C1E4D8
LOG:  redo record is at 0/C1E4D8; undo record is at 0/0; shutdown TRUE
LOG:  next transaction ID: 9904; next OID: 27152
LOG:  database system is ready

POSTGRES backend interactive interface 
$Revision: 1.375.2.5 $ $Date: 2005/12/14 17:07:00 $

backend> LOG:  QUERY STATISTICS
DETAIL:  ! system usage stats:
	!	0.032951 elapsed 0.005438 user 0.000000 system sec
	!	[0.010029 user 0.000000 sys total]
	!	0/0 [0/56] filesystem blocks in/out
	!	88/56 [137/436] page faults/reclaims, 0 [0] swaps
	!	0 [0] signals rcvd, 0/0 [0/0] messages rcvd/sent
	!	29/2 [79/3] voluntary/involuntary context switches
	! buffer usage stats:
	!	Shared blocks:        118 read,          0 written, buffer hit rate = 55.64%
	!	Local  blocks:          0 read,          0 written, buffer hit rate = 0.00%
	!	Direct blocks:          0 read,          0 written
	 1: count	(typeid = 20, len = 8, typmod = -1, byval = f)
	----
	 1: count = "340"	(typeid = 20, len = 8, typmod = -1, byval = f)
	----
backend> LOG:  shutting down
LOG:  database system is shut down
LOG:  database system was shut down at 2024-02-06 18:46:00 EST
LOG:  checkpoint record is at 0/C1E520
LOG:  redo record is at 0/C1E520; undo record is at 0/0; shutdown TRUE
LOG:  next transaction ID: 9906; next OID: 27152
LOG:  database system is ready

POSTGRES backend interactive interface 
$Revision: 1.375.2.5 $ $Date: 2005/12/14 17:07:00 $

backend> LOG:  QUERY STATISTICS
DETAIL:  ! system usage stats:
	!	0.036283 elapsed 0.000000 user 0.005026 system sec
	!	[0.004604 user 0.005026 sys total]
	!	0/0 [0/56] filesystem blocks in/out
	!	88/57 [137/439] page faults/reclaims, 0 [0] swaps
	!	0 [0] signals rcvd, 0/0 [0/0] messages rcvd/sent
	!	31/1 [80/2] voluntary/involuntary context switches
	! buffer usage stats:
	!	Shared blocks:        116 read,          0 written, buffer hit rate = 60.27%
	!	Local  blocks:          0 read,          0 written, buffer hit rate = 0.00%
	!	Direct blocks:          0 read,          0 written
	 1: count	(typeid = 20, len = 8, typmod = -1, byval = f)
	----
	 1: count = "1794"	(typeid = 20, len = 8, typmod = -1, byval = f)
	----
backend> LOG:  shutting down
LOG:  database system is shut down
LOG:  database system was shut down at 2024-02-06 18:46:01 EST
LOG:  checkpoint record is at 0/C1E568
LOG:  redo record is at 0/C1E568; undo record is at 0/0; shutdown TRUE
LOG:  next transaction ID: 9908; next OID: 27152
LOG:  database system is ready

POSTGRES backend interactive interface 
$Revision: 1.375.2.5 $ $Date: 2005/12/14 17:07:00 $

backend> LOG:  QUERY STATISTICS
DETAIL:  ! system usage stats:
	!	0.033894 elapsed 0.000000 user 0.003571 system sec
	!	[0.000000 user 0.008001 sys total]
	!	0/0 [0/56] filesystem blocks in/out
	!	88/51 [137/431] page faults/reclaims, 0 [0] swaps
	!	0 [0] signals rcvd, 0/0 [0/0] messages rcvd/sent
	!	31/1 [80/1] voluntary/involuntary context switches
	! buffer usage stats:
	!	Shared blocks:        113 read,          0 written, buffer hit rate = 52.12%
	!	Local  blocks:          0 read,          0 written, buffer hit rate = 0.00%
	!	Direct blocks:          0 read,          0 written
	 1: count	(typeid = 20, len = 8, typmod = -1, byval = f)
	----
	 1: count = "729"	(typeid = 20, len = 8, typmod = -1, byval = f)
	----
backend> LOG:  shutting down
LOG:  database system is shut down
LOG:  database system was shut down at 2024-02-06 18:46:02 EST
LOG:  checkpoint record is at 0/C1E5B0
LOG:  redo record is at 0/C1E5B0; undo record is at 0/0; shutdown TRUE
LOG:  next transaction ID: 9910; next OID: 27152
LOG:  database system is ready

POSTGRES backend interactive interface 
$Revision: 1.375.2.5 $ $Date: 2005/12/14 17:07:00 $

backend> LOG:  QUERY STATISTICS
DETAIL:  ! system usage stats:
	!	0.034268 elapsed 0.003013 user 0.001515 system sec
	!	[0.004511 user 0.004511 sys total]
	!	0/0 [0/64] filesystem blocks in/out
	!	88/60 [137/438] page faults/reclaims, 0 [0] swaps
	!	0 [0] signals rcvd, 0/0 [0/0] messages rcvd/sent
	!	31/0 [80/1] voluntary/involuntary context switches
	! buffer usage stats:
	!	Shared blocks:        114 read,          0 written, buffer hit rate = 60.00%
	!	Local  blocks:          0 read,          0 written, buffer hit rate = 0.00%
	!	Direct blocks:          0 read,          0 written
	 1: count	(typeid = 20, len = 8, typmod = -1, byval = f)
	----
	 1: count = "579"	(typeid = 20, len = 8, typmod = -1, byval = f)
	----
backend> LOG:  shutting down
LOG:  database system is shut down
LOG:  database system was shut down at 2024-02-06 18:46:03 EST
LOG:  checkpoint record is at 0/C1E5F8
LOG:  redo record is at 0/C1E5F8; undo record is at 0/0; shutdown TRUE
LOG:  next transaction ID: 9912; next OID: 27152
LOG:  database system is ready

POSTGRES backend interactive interface 
$Revision: 1.375.2.5 $ $Date: 2005/12/14 17:07:00 $

backend> LOG:  QUERY STATISTICS
DETAIL:  ! system usage stats:
	!	0.034484 elapsed 0.005003 user 0.000000 system sec
	!	[0.009546 user 0.000000 sys total]
	!	0/0 [0/56] filesystem blocks in/out
	!	88/58 [137/439] page faults/reclaims, 0 [0] swaps
	!	0 [0] signals rcvd, 0/0 [0/0] messages rcvd/sent
	!	31/1 [79/2] voluntary/involuntary context switches
	! buffer usage stats:
	!	Shared blocks:        116 read,          0 written, buffer hit rate = 60.27%
	!	Local  blocks:          0 read,          0 written, buffer hit rate = 0.00%
	!	Direct blocks:          0 read,          0 written
	 1: count	(typeid = 20, len = 8, typmod = -1, byval = f)
	----
	 1: count = "2479"	(typeid = 20, len = 8, typmod = -1, byval = f)
	----
backend> LOG:  shutting down
LOG:  database system is shut down
LOG:  database system was shut down at 2024-02-06 18:46:04 EST
LOG:  checkpoint record is at 0/C1E640
LOG:  redo record is at 0/C1E640; undo record is at 0/0; shutdown TRUE
LOG:  next transaction ID: 9914; next OID: 27152
LOG:  database system is ready

POSTGRES backend interactive interface 
$Revision: 1.375.2.5 $ $Date: 2005/12/14 17:07:00 $

backend> LOG:  QUERY STATISTICS
DETAIL:  ! system usage stats:
	!	0.036076 elapsed 0.005309 user 0.000000 system sec
	!	[0.009812 user 0.000000 sys total]
	!	0/0 [0/56] filesystem blocks in/out
	!	88/60 [137/441] page faults/reclaims, 0 [0] swaps
	!	0 [0] signals rcvd, 0/0 [0/0] messages rcvd/sent
	!	31/2 [80/4] voluntary/involuntary context switches
	! buffer usage stats:
	!	Shared blocks:        118 read,          0 written, buffer hit rate = 58.74%
	!	Local  blocks:          0 read,          0 written, buffer hit rate = 0.00%
	!	Direct blocks:          0 read,          0 written
	 1: count	(typeid = 20, len = 8, typmod = -1, byval = f)
	----
	 1: count = "1473"	(typeid = 20, len = 8, typmod = -1, byval = f)
	----
backend> LOG:  shutting down
LOG:  database system is shut down
