LOG:  database system was shut down at 2024-02-09 15:10:14 EST
LOG:  checkpoint record is at 0/BB2910
LOG:  redo record is at 0/BB2910; undo record is at 0/0; shutdown TRUE
LOG:  next transaction ID: 26362; next OID: 22147
LOG:  database system is ready

POSTGRES backend interactive interface 
$Revision: 1.375.2.5 $ $Date: 2005/12/14 17:07:00 $

backend> LOG:  QUERY STATISTICS
DETAIL:  ! system usage stats:
	!	0.036409 elapsed 0.000000 user 0.001834 system sec
	!	[0.000000 user 0.005867 sys total]
	!	0/0 [0/56] filesystem blocks in/out
	!	108/60 [156/437] page faults/reclaims, 0 [0] swaps
	!	0 [0] signals rcvd, 0/0 [0/0] messages rcvd/sent
	!	35/1 [78/3] voluntary/involuntary context switches
	! buffer usage stats:
	!	Shared blocks:         89 read,          0 written, buffer hit rate = 70.23%
	!	Local  blocks:          0 read,          0 written, buffer hit rate = 0.00%
	!	Direct blocks:          0 read,          0 written
	 1: count	(typeid = 20, len = 8, typmod = -1, byval = f)
	----
	 1: count = "41"	(typeid = 20, len = 8, typmod = -1, byval = f)
	----
backend> LOG:  shutting down
LOG:  database system is shut down
LOG:  database system was shut down at 2024-02-09 15:10:14 EST
LOG:  checkpoint record is at 0/BB2958
LOG:  redo record is at 0/BB2958; undo record is at 0/0; shutdown TRUE
LOG:  next transaction ID: 26364; next OID: 22147
LOG:  database system is ready

POSTGRES backend interactive interface 
$Revision: 1.375.2.5 $ $Date: 2005/12/14 17:07:00 $

backend> LOG:  QUERY STATISTICS
DETAIL:  ! system usage stats:
	!	0.035613 elapsed 0.005221 user 0.000000 system sec
	!	[0.009352 user 0.000000 sys total]
	!	0/0 [0/56] filesystem blocks in/out
	!	108/52 [156/430] page faults/reclaims, 0 [0] swaps
	!	0 [0] signals rcvd, 0/0 [0/0] messages rcvd/sent
	!	29/7 [71/9] voluntary/involuntary context switches
	! buffer usage stats:
	!	Shared blocks:        117 read,          0 written, buffer hit rate = 54.65%
	!	Local  blocks:          0 read,          0 written, buffer hit rate = 0.00%
	!	Direct blocks:          0 read,          0 written
	 1: count	(typeid = 20, len = 8, typmod = -1, byval = f)
	----
	 1: count = "50"	(typeid = 20, len = 8, typmod = -1, byval = f)
	----
backend> LOG:  shutting down
LOG:  database system is shut down
LOG:  database system was shut down at 2024-02-09 15:10:14 EST
LOG:  checkpoint record is at 0/BB29A0
LOG:  redo record is at 0/BB29A0; undo record is at 0/0; shutdown TRUE
LOG:  next transaction ID: 26366; next OID: 22147
LOG:  database system is ready

POSTGRES backend interactive interface 
$Revision: 1.375.2.5 $ $Date: 2005/12/14 17:07:00 $

backend> LOG:  QUERY STATISTICS
DETAIL:  ! system usage stats:
	!	0.038584 elapsed 0.002018 user 0.000000 system sec
	!	[0.006144 user 0.000000 sys total]
	!	0/0 [0/56] filesystem blocks in/out
	!	108/59 [156/439] page faults/reclaims, 0 [0] swaps
	!	0 [0] signals rcvd, 0/0 [0/0] messages rcvd/sent
	!	35/1 [79/8] voluntary/involuntary context switches
	! buffer usage stats:
	!	Shared blocks:         93 read,          0 written, buffer hit rate = 74.02%
	!	Local  blocks:          0 read,          0 written, buffer hit rate = 0.00%
	!	Direct blocks:          0 read,          0 written
	 1: count	(typeid = 20, len = 8, typmod = -1, byval = f)
	----
	 1: count = "99"	(typeid = 20, len = 8, typmod = -1, byval = f)
	----
backend> LOG:  shutting down
LOG:  database system is shut down
LOG:  database system was shut down at 2024-02-09 15:10:15 EST
LOG:  checkpoint record is at 0/BB29E8
LOG:  redo record is at 0/BB29E8; undo record is at 0/0; shutdown TRUE
LOG:  next transaction ID: 26368; next OID: 22147
LOG:  database system is ready

POSTGRES backend interactive interface 
$Revision: 1.375.2.5 $ $Date: 2005/12/14 17:07:00 $

backend> LOG:  QUERY STATISTICS
DETAIL:  ! system usage stats:
	!	0.040890 elapsed 0.003004 user 0.000000 system sec
	!	[0.007166 user 0.000000 sys total]
	!	0/0 [0/56] filesystem blocks in/out
	!	108/62 [156/437] page faults/reclaims, 0 [0] swaps
	!	0 [0] signals rcvd, 0/0 [0/0] messages rcvd/sent
	!	35/1 [79/2] voluntary/involuntary context switches
	! buffer usage stats:
	!	Shared blocks:         98 read,          0 written, buffer hit rate = 92.23%
	!	Local  blocks:          0 read,          0 written, buffer hit rate = 0.00%
	!	Direct blocks:          0 read,          0 written
	 1: count	(typeid = 20, len = 8, typmod = -1, byval = f)
	----
	 1: count = "1000"	(typeid = 20, len = 8, typmod = -1, byval = f)
	----
backend> LOG:  shutting down
LOG:  database system is shut down
LOG:  database system was shut down at 2024-02-09 15:10:15 EST
LOG:  checkpoint record is at 0/BB2A30
LOG:  redo record is at 0/BB2A30; undo record is at 0/0; shutdown TRUE
LOG:  next transaction ID: 26370; next OID: 22147
LOG:  database system is ready

POSTGRES backend interactive interface 
$Revision: 1.375.2.5 $ $Date: 2005/12/14 17:07:00 $

backend> LOG:  QUERY STATISTICS
DETAIL:  ! system usage stats:
	!	0.034324 elapsed 0.003168 user 0.002144 system sec
	!	[0.003168 user 0.006337 sys total]
	!	0/0 [0/56] filesystem blocks in/out
	!	108/53 [156/429] page faults/reclaims, 0 [0] swaps
	!	0 [0] signals rcvd, 0/0 [0/0] messages rcvd/sent
	!	29/3 [73/7] voluntary/involuntary context switches
	! buffer usage stats:
	!	Shared blocks:        117 read,          0 written, buffer hit rate = 54.65%
	!	Local  blocks:          0 read,          0 written, buffer hit rate = 0.00%
	!	Direct blocks:          0 read,          0 written
	 1: count	(typeid = 20, len = 8, typmod = -1, byval = f)
	----
	 1: count = "2500"	(typeid = 20, len = 8, typmod = -1, byval = f)
	----
backend> LOG:  shutting down
LOG:  database system is shut down
LOG:  database system was shut down at 2024-02-09 15:10:15 EST
LOG:  checkpoint record is at 0/BB2A78
LOG:  redo record is at 0/BB2A78; undo record is at 0/0; shutdown TRUE
LOG:  next transaction ID: 26372; next OID: 22147
LOG:  database system is ready

POSTGRES backend interactive interface 
$Revision: 1.375.2.5 $ $Date: 2005/12/14 17:07:00 $

backend> LOG:  QUERY STATISTICS
DETAIL:  ! system usage stats:
	!	0.064492 elapsed 0.000000 user 0.004884 system sec
	!	[0.000000 user 0.009283 sys total]
	!	0/0 [0/56] filesystem blocks in/out
	!	108/57 [156/437] page faults/reclaims, 0 [0] swaps
	!	0 [0] signals rcvd, 0/0 [0/0] messages rcvd/sent
	!	33/0 [82/1] voluntary/involuntary context switches
	! buffer usage stats:
	!	Shared blocks:        120 read,          0 written, buffer hit rate = 58.33%
	!	Local  blocks:          0 read,          0 written, buffer hit rate = 0.00%
	!	Direct blocks:          0 read,          0 written
	 1: count	(typeid = 20, len = 8, typmod = -1, byval = f)
	----
	 1: count = "999"	(typeid = 20, len = 8, typmod = -1, byval = f)
	----
backend> LOG:  shutting down
LOG:  database system is shut down
LOG:  database system was shut down at 2024-02-09 15:10:15 EST
LOG:  checkpoint record is at 0/BB2AC0
LOG:  redo record is at 0/BB2AC0; undo record is at 0/0; shutdown TRUE
LOG:  next transaction ID: 26374; next OID: 22147
LOG:  database system is ready

POSTGRES backend interactive interface 
$Revision: 1.375.2.5 $ $Date: 2005/12/14 17:07:00 $

backend> LOG:  QUERY STATISTICS
DETAIL:  ! system usage stats:
	!	0.037788 elapsed 0.002160 user 0.000000 system sec
	!	[0.006499 user 0.000000 sys total]
	!	0/0 [0/56] filesystem blocks in/out
	!	108/60 [156/437] page faults/reclaims, 0 [0] swaps
	!	0 [0] signals rcvd, 0/0 [0/0] messages rcvd/sent
	!	36/0 [83/0] voluntary/involuntary context switches
	! buffer usage stats:
	!	Shared blocks:         92 read,          0 written, buffer hit rate = 83.57%
	!	Local  blocks:          0 read,          0 written, buffer hit rate = 0.00%
	!	Direct blocks:          0 read,          0 written
	 1: count	(typeid = 20, len = 8, typmod = -1, byval = f)
	----
	 1: count = "301"	(typeid = 20, len = 8, typmod = -1, byval = f)
	----
backend> LOG:  shutting down
LOG:  database system is shut down
LOG:  database system was shut down at 2024-02-09 15:10:15 EST
LOG:  checkpoint record is at 0/BB2B08
LOG:  redo record is at 0/BB2B08; undo record is at 0/0; shutdown TRUE
LOG:  next transaction ID: 26376; next OID: 22147
LOG:  database system is ready

POSTGRES backend interactive interface 
$Revision: 1.375.2.5 $ $Date: 2005/12/14 17:07:00 $

backend> LOG:  QUERY STATISTICS
DETAIL:  ! system usage stats:
	!	0.043398 elapsed 0.002086 user 0.000000 system sec
	!	[0.002086 user 0.004267 sys total]
	!	0/0 [0/64] filesystem blocks in/out
	!	108/59 [156/440] page faults/reclaims, 0 [0] swaps
	!	0 [0] signals rcvd, 0/0 [0/0] messages rcvd/sent
	!	35/0 [82/0] voluntary/involuntary context switches
	! buffer usage stats:
	!	Shared blocks:         90 read,          0 written, buffer hit rate = 74.93%
	!	Local  blocks:          0 read,          0 written, buffer hit rate = 0.00%
	!	Direct blocks:          0 read,          0 written
	 1: count	(typeid = 20, len = 8, typmod = -1, byval = f)
	----
	 1: count = "101"	(typeid = 20, len = 8, typmod = -1, byval = f)
	----
backend> LOG:  shutting down
LOG:  database system is shut down
LOG:  database system was shut down at 2024-02-09 15:10:15 EST
LOG:  checkpoint record is at 0/BB2B50
LOG:  redo record is at 0/BB2B50; undo record is at 0/0; shutdown TRUE
LOG:  next transaction ID: 26378; next OID: 22147
LOG:  database system is ready

POSTGRES backend interactive interface 
$Revision: 1.375.2.5 $ $Date: 2005/12/14 17:07:00 $

backend> LOG:  QUERY STATISTICS
DETAIL:  ! system usage stats:
	!	0.039311 elapsed 0.002170 user 0.000000 system sec
	!	[0.006490 user 0.000000 sys total]
	!	0/0 [0/56] filesystem blocks in/out
	!	108/59 [156/438] page faults/reclaims, 0 [0] swaps
	!	0 [0] signals rcvd, 0/0 [0/0] messages rcvd/sent
	!	35/0 [82/0] voluntary/involuntary context switches
	! buffer usage stats:
	!	Shared blocks:         90 read,          0 written, buffer hit rate = 74.93%
	!	Local  blocks:          0 read,          0 written, buffer hit rate = 0.00%
	!	Direct blocks:          0 read,          0 written
	 1: count	(typeid = 20, len = 8, typmod = -1, byval = f)
	----
	 1: count = "101"	(typeid = 20, len = 8, typmod = -1, byval = f)
	----
backend> LOG:  shutting down
LOG:  database system is shut down
LOG:  database system was shut down at 2024-02-09 15:10:15 EST
LOG:  checkpoint record is at 0/BB2B98
LOG:  redo record is at 0/BB2B98; undo record is at 0/0; shutdown TRUE
LOG:  next transaction ID: 26380; next OID: 22147
LOG:  database system is ready

POSTGRES backend interactive interface 
$Revision: 1.375.2.5 $ $Date: 2005/12/14 17:07:00 $

backend> LOG:  QUERY STATISTICS
DETAIL:  ! system usage stats:
	!	0.042517 elapsed 0.001918 user 0.000000 system sec
	!	[0.006211 user 0.000000 sys total]
	!	0/0 [0/56] filesystem blocks in/out
	!	108/58 [156/440] page faults/reclaims, 0 [0] swaps
	!	0 [0] signals rcvd, 0/0 [0/0] messages rcvd/sent
	!	35/0 [82/1] voluntary/involuntary context switches
	! buffer usage stats:
	!	Shared blocks:         90 read,          0 written, buffer hit rate = 68.97%
	!	Local  blocks:          0 read,          0 written, buffer hit rate = 0.00%
	!	Direct blocks:          0 read,          0 written
	 1: count	(typeid = 20, len = 8, typmod = -1, byval = f)
	----
	 1: count = "31"	(typeid = 20, len = 8, typmod = -1, byval = f)
	----
backend> LOG:  shutting down
LOG:  database system is shut down
