LOG:  database system was shut down at 2024-02-09 15:09:58 EST
LOG:  checkpoint record is at 0/BB0A10
LOG:  redo record is at 0/BB0A10; undo record is at 0/0; shutdown TRUE
LOG:  next transaction ID: 26142; next OID: 22147
LOG:  database system is ready

POSTGRES backend interactive interface 
$Revision: 1.375.2.5 $ $Date: 2005/12/14 17:07:00 $

backend> LOG:  QUERY STATISTICS
DETAIL:  ! system usage stats:
	!	0.036332 elapsed 0.003892 user 0.000000 system sec
	!	[0.008341 user 0.000000 sys total]
	!	0/0 [0/56] filesystem blocks in/out
	!	108/52 [156/429] page faults/reclaims, 0 [0] swaps
	!	0 [0] signals rcvd, 0/0 [0/0] messages rcvd/sent
	!	31/0 [79/1] voluntary/involuntary context switches
	! buffer usage stats:
	!	Shared blocks:        112 read,          0 written, buffer hit rate = 52.54%
	!	Local  blocks:          0 read,          0 written, buffer hit rate = 0.00%
	!	Direct blocks:          0 read,          0 written
	 1: count	(typeid = 20, len = 8, typmod = -1, byval = f)
	----
	 1: count = "2175"	(typeid = 20, len = 8, typmod = -1, byval = f)
	----
backend> LOG:  shutting down
LOG:  database system is shut down
LOG:  database system was shut down at 2024-02-09 15:09:58 EST
LOG:  checkpoint record is at 0/BB0A58
LOG:  redo record is at 0/BB0A58; undo record is at 0/0; shutdown TRUE
LOG:  next transaction ID: 26144; next OID: 22147
LOG:  database system is ready

POSTGRES backend interactive interface 
$Revision: 1.375.2.5 $ $Date: 2005/12/14 17:07:00 $

backend> LOG:  QUERY STATISTICS
DETAIL:  ! system usage stats:
	!	0.035125 elapsed 0.005433 user 0.000000 system sec
	!	[0.005433 user 0.004354 sys total]
	!	0/0 [0/56] filesystem blocks in/out
	!	108/52 [156/430] page faults/reclaims, 0 [0] swaps
	!	0 [0] signals rcvd, 0/0 [0/0] messages rcvd/sent
	!	30/1 [77/1] voluntary/involuntary context switches
	! buffer usage stats:
	!	Shared blocks:        117 read,          0 written, buffer hit rate = 55.34%
	!	Local  blocks:          0 read,          0 written, buffer hit rate = 0.00%
	!	Direct blocks:          0 read,          0 written
	 1: count	(typeid = 20, len = 8, typmod = -1, byval = f)
	----
	 1: count = "1051"	(typeid = 20, len = 8, typmod = -1, byval = f)
	----
backend> LOG:  shutting down
LOG:  database system is shut down
LOG:  database system was shut down at 2024-02-09 15:09:58 EST
LOG:  checkpoint record is at 0/BB0AA0
LOG:  redo record is at 0/BB0AA0; undo record is at 0/0; shutdown TRUE
LOG:  next transaction ID: 26146; next OID: 22147
LOG:  database system is ready

POSTGRES backend interactive interface 
$Revision: 1.375.2.5 $ $Date: 2005/12/14 17:07:00 $

backend> LOG:  QUERY STATISTICS
DETAIL:  ! system usage stats:
	!	0.034919 elapsed 0.003840 user 0.000845 system sec
	!	[0.005990 user 0.002995 sys total]
	!	0/0 [0/56] filesystem blocks in/out
	!	108/57 [156/435] page faults/reclaims, 0 [0] swaps
	!	0 [0] signals rcvd, 0/0 [0/0] messages rcvd/sent
	!	32/0 [79/0] voluntary/involuntary context switches
	! buffer usage stats:
	!	Shared blocks:        113 read,          0 written, buffer hit rate = 60.35%
	!	Local  blocks:          0 read,          0 written, buffer hit rate = 0.00%
	!	Direct blocks:          0 read,          0 written
	 1: count	(typeid = 20, len = 8, typmod = -1, byval = f)
	----
	 1: count = "541"	(typeid = 20, len = 8, typmod = -1, byval = f)
	----
backend> LOG:  shutting down
LOG:  database system is shut down
LOG:  database system was shut down at 2024-02-09 15:09:59 EST
LOG:  checkpoint record is at 0/BB0AE8
LOG:  redo record is at 0/BB0AE8; undo record is at 0/0; shutdown TRUE
LOG:  next transaction ID: 26148; next OID: 22147
LOG:  database system is ready

POSTGRES backend interactive interface 
$Revision: 1.375.2.5 $ $Date: 2005/12/14 17:07:00 $

backend> LOG:  QUERY STATISTICS
DETAIL:  ! system usage stats:
	!	0.033912 elapsed 0.004965 user 0.000000 system sec
	!	[0.009190 user 0.000000 sys total]
	!	0/0 [0/56] filesystem blocks in/out
	!	108/58 [156/438] page faults/reclaims, 0 [0] swaps
	!	0 [0] signals rcvd, 0/0 [0/0] messages rcvd/sent
	!	31/1 [78/1] voluntary/involuntary context switches
	! buffer usage stats:
	!	Shared blocks:        117 read,          0 written, buffer hit rate = 60.74%
	!	Local  blocks:          0 read,          0 written, buffer hit rate = 0.00%
	!	Direct blocks:          0 read,          0 written
	 1: count	(typeid = 20, len = 8, typmod = -1, byval = f)
	----
	 1: count = "1326"	(typeid = 20, len = 8, typmod = -1, byval = f)
	----
backend> LOG:  shutting down
LOG:  database system is shut down
LOG:  database system was shut down at 2024-02-09 15:09:59 EST
LOG:  checkpoint record is at 0/BB0B30
LOG:  redo record is at 0/BB0B30; undo record is at 0/0; shutdown TRUE
LOG:  next transaction ID: 26150; next OID: 22147
LOG:  database system is ready

POSTGRES backend interactive interface 
$Revision: 1.375.2.5 $ $Date: 2005/12/14 17:07:00 $

backend> LOG:  QUERY STATISTICS
DETAIL:  ! system usage stats:
	!	0.034255 elapsed 0.005784 user 0.000000 system sec
	!	[0.010165 user 0.000000 sys total]
	!	0/0 [0/56] filesystem blocks in/out
	!	108/54 [156/434] page faults/reclaims, 0 [0] swaps
	!	0 [0] signals rcvd, 0/0 [0/0] messages rcvd/sent
	!	29/0 [76/0] voluntary/involuntary context switches
	! buffer usage stats:
	!	Shared blocks:        117 read,          0 written, buffer hit rate = 56.02%
	!	Local  blocks:          0 read,          0 written, buffer hit rate = 0.00%
	!	Direct blocks:          0 read,          0 written
	 1: count	(typeid = 20, len = 8, typmod = -1, byval = f)
	----
	 1: count = "340"	(typeid = 20, len = 8, typmod = -1, byval = f)
	----
backend> LOG:  shutting down
LOG:  database system is shut down
LOG:  database system was shut down at 2024-02-09 15:09:59 EST
LOG:  checkpoint record is at 0/BB0B78
LOG:  redo record is at 0/BB0B78; undo record is at 0/0; shutdown TRUE
LOG:  next transaction ID: 26152; next OID: 22147
LOG:  database system is ready

POSTGRES backend interactive interface 
$Revision: 1.375.2.5 $ $Date: 2005/12/14 17:07:00 $

backend> LOG:  QUERY STATISTICS
DETAIL:  ! system usage stats:
	!	0.035989 elapsed 0.001597 user 0.003193 system sec
	!	[0.003010 user 0.006020 sys total]
	!	0/0 [0/56] filesystem blocks in/out
	!	108/59 [156/434] page faults/reclaims, 0 [0] swaps
	!	0 [0] signals rcvd, 0/0 [0/0] messages rcvd/sent
	!	31/0 [81/0] voluntary/involuntary context switches
	! buffer usage stats:
	!	Shared blocks:        117 read,          0 written, buffer hit rate = 59.93%
	!	Local  blocks:          0 read,          0 written, buffer hit rate = 0.00%
	!	Direct blocks:          0 read,          0 written
	 1: count	(typeid = 20, len = 8, typmod = -1, byval = f)
	----
	 1: count = "1794"	(typeid = 20, len = 8, typmod = -1, byval = f)
	----
backend> LOG:  shutting down
LOG:  database system is shut down
LOG:  database system was shut down at 2024-02-09 15:09:59 EST
LOG:  checkpoint record is at 0/BB0BC0
LOG:  redo record is at 0/BB0BC0; undo record is at 0/0; shutdown TRUE
LOG:  next transaction ID: 26154; next OID: 22147
LOG:  database system is ready

POSTGRES backend interactive interface 
$Revision: 1.375.2.5 $ $Date: 2005/12/14 17:07:00 $

backend> LOG:  QUERY STATISTICS
DETAIL:  ! system usage stats:
	!	0.038998 elapsed 0.001241 user 0.002481 system sec
	!	[0.002666 user 0.005332 sys total]
	!	0/0 [0/56] filesystem blocks in/out
	!	108/50 [156/429] page faults/reclaims, 0 [0] swaps
	!	0 [0] signals rcvd, 0/0 [0/0] messages rcvd/sent
	!	32/0 [79/4] voluntary/involuntary context switches
	! buffer usage stats:
	!	Shared blocks:        112 read,          0 written, buffer hit rate = 52.54%
	!	Local  blocks:          0 read,          0 written, buffer hit rate = 0.00%
	!	Direct blocks:          0 read,          0 written
	 1: count	(typeid = 20, len = 8, typmod = -1, byval = f)
	----
	 1: count = "729"	(typeid = 20, len = 8, typmod = -1, byval = f)
	----
backend> LOG:  shutting down
LOG:  database system is shut down
LOG:  database system was shut down at 2024-02-09 15:09:59 EST
LOG:  checkpoint record is at 0/BB0C08
LOG:  redo record is at 0/BB0C08; undo record is at 0/0; shutdown TRUE
LOG:  next transaction ID: 26156; next OID: 22147
LOG:  database system is ready

POSTGRES backend interactive interface 
$Revision: 1.375.2.5 $ $Date: 2005/12/14 17:07:00 $

backend> LOG:  QUERY STATISTICS
DETAIL:  ! system usage stats:
	!	0.036789 elapsed 0.000101 user 0.004305 system sec
	!	[0.004305 user 0.004305 sys total]
	!	0/0 [0/64] filesystem blocks in/out
	!	108/59 [156/435] page faults/reclaims, 0 [0] swaps
	!	0 [0] signals rcvd, 0/0 [0/0] messages rcvd/sent
	!	31/1 [78/1] voluntary/involuntary context switches
	! buffer usage stats:
	!	Shared blocks:        113 read,          0 written, buffer hit rate = 60.35%
	!	Local  blocks:          0 read,          0 written, buffer hit rate = 0.00%
	!	Direct blocks:          0 read,          0 written
	 1: count	(typeid = 20, len = 8, typmod = -1, byval = f)
	----
	 1: count = "579"	(typeid = 20, len = 8, typmod = -1, byval = f)
	----
backend> LOG:  shutting down
LOG:  database system is shut down
LOG:  database system was shut down at 2024-02-09 15:09:59 EST
LOG:  checkpoint record is at 0/BB0C50
LOG:  redo record is at 0/BB0C50; undo record is at 0/0; shutdown TRUE
LOG:  next transaction ID: 26158; next OID: 22147
LOG:  database system is ready

POSTGRES backend interactive interface 
$Revision: 1.375.2.5 $ $Date: 2005/12/14 17:07:00 $

backend> LOG:  QUERY STATISTICS
DETAIL:  ! system usage stats:
	!	0.036499 elapsed 0.004964 user 0.000000 system sec
	!	[0.009288 user 0.000000 sys total]
	!	0/0 [8/56] filesystem blocks in/out
	!	108/57 [156/436] page faults/reclaims, 0 [0] swaps
	!	0 [0] signals rcvd, 0/0 [0/0] messages rcvd/sent
	!	32/0 [80/1] voluntary/involuntary context switches
	! buffer usage stats:
	!	Shared blocks:        117 read,          0 written, buffer hit rate = 59.93%
	!	Local  blocks:          0 read,          0 written, buffer hit rate = 0.00%
	!	Direct blocks:          0 read,          0 written
	 1: count	(typeid = 20, len = 8, typmod = -1, byval = f)
	----
	 1: count = "2479"	(typeid = 20, len = 8, typmod = -1, byval = f)
	----
backend> LOG:  shutting down
LOG:  database system is shut down
LOG:  database system was shut down at 2024-02-09 15:09:59 EST
LOG:  checkpoint record is at 0/BB0C98
LOG:  redo record is at 0/BB0C98; undo record is at 0/0; shutdown TRUE
LOG:  next transaction ID: 26160; next OID: 22147
LOG:  database system is ready

POSTGRES backend interactive interface 
$Revision: 1.375.2.5 $ $Date: 2005/12/14 17:07:00 $

backend> LOG:  QUERY STATISTICS
DETAIL:  ! system usage stats:
	!	0.035839 elapsed 0.004877 user 0.000000 system sec
	!	[0.009029 user 0.000000 sys total]
	!	0/0 [0/56] filesystem blocks in/out
	!	108/58 [156/435] page faults/reclaims, 0 [0] swaps
	!	0 [0] signals rcvd, 0/0 [0/0] messages rcvd/sent
	!	32/8 [79/13] voluntary/involuntary context switches
	! buffer usage stats:
	!	Shared blocks:        117 read,          0 written, buffer hit rate = 59.09%
	!	Local  blocks:          0 read,          0 written, buffer hit rate = 0.00%
	!	Direct blocks:          0 read,          0 written
	 1: count	(typeid = 20, len = 8, typmod = -1, byval = f)
	----
	 1: count = "1473"	(typeid = 20, len = 8, typmod = -1, byval = f)
	----
backend> LOG:  shutting down
LOG:  database system is shut down
