LOG:  database system was shut down at 2024-02-09 15:35:32 EST
LOG:  checkpoint record is at 0/BCAD00
LOG:  redo record is at 0/BCAD00; undo record is at 0/0; shutdown TRUE
LOG:  next transaction ID: 30248; next OID: 22147
LOG:  database system is ready

POSTGRES backend interactive interface 
$Revision: 1.375.2.5 $ $Date: 2005/12/14 17:07:00 $

backend> LOG:  QUERY STATISTICS
DETAIL:  ! system usage stats:
	!	0.037681 elapsed 0.000958 user 0.000958 system sec
	!	[0.003063 user 0.003063 sys total]
	!	0/0 [0/56] filesystem blocks in/out
	!	112/59 [160/445] page faults/reclaims, 0 [0] swaps
	!	0 [0] signals rcvd, 0/0 [0/0] messages rcvd/sent
	!	35/0 [83/1] voluntary/involuntary context switches
	! buffer usage stats:
	!	Shared blocks:         86 read,          0 written, buffer hit rate = 71.24%
	!	Local  blocks:          0 read,          0 written, buffer hit rate = 0.00%
	!	Direct blocks:          0 read,          0 written
	 1: count	(typeid = 20, len = 8, typmod = -1, byval = f)
	----
	 1: count = "41"	(typeid = 20, len = 8, typmod = -1, byval = f)
	----
backend> LOG:  shutting down
LOG:  database system is shut down
LOG:  database system was shut down at 2024-02-09 15:35:32 EST
LOG:  checkpoint record is at 0/BCAD48
LOG:  redo record is at 0/BCAD48; undo record is at 0/0; shutdown TRUE
LOG:  next transaction ID: 30250; next OID: 22147
LOG:  database system is ready

POSTGRES backend interactive interface 
$Revision: 1.375.2.5 $ $Date: 2005/12/14 17:07:00 $

backend> LOG:  QUERY STATISTICS
DETAIL:  ! system usage stats:
	!	0.035113 elapsed 0.001731 user 0.003054 system sec
	!	[0.006109 user 0.003054 sys total]
	!	0/0 [0/56] filesystem blocks in/out
	!	112/52 [160/435] page faults/reclaims, 0 [0] swaps
	!	0 [0] signals rcvd, 0/0 [0/0] messages rcvd/sent
	!	29/6 [77/9] voluntary/involuntary context switches
	! buffer usage stats:
	!	Shared blocks:        115 read,          0 written, buffer hit rate = 55.43%
	!	Local  blocks:          0 read,          0 written, buffer hit rate = 0.00%
	!	Direct blocks:          0 read,          0 written
	 1: count	(typeid = 20, len = 8, typmod = -1, byval = f)
	----
	 1: count = "50"	(typeid = 20, len = 8, typmod = -1, byval = f)
	----
backend> LOG:  shutting down
LOG:  database system is shut down
LOG:  database system was shut down at 2024-02-09 15:35:33 EST
LOG:  checkpoint record is at 0/BCAD90
LOG:  redo record is at 0/BCAD90; undo record is at 0/0; shutdown TRUE
LOG:  next transaction ID: 30252; next OID: 22147
LOG:  database system is ready

POSTGRES backend interactive interface 
$Revision: 1.375.2.5 $ $Date: 2005/12/14 17:07:00 $

backend> LOG:  QUERY STATISTICS
DETAIL:  ! system usage stats:
	!	0.042733 elapsed 0.002053 user 0.000000 system sec
	!	[0.006481 user 0.000000 sys total]
	!	0/0 [0/56] filesystem blocks in/out
	!	112/59 [160/445] page faults/reclaims, 0 [0] swaps
	!	0 [0] signals rcvd, 0/0 [0/0] messages rcvd/sent
	!	35/0 [82/1] voluntary/involuntary context switches
	! buffer usage stats:
	!	Shared blocks:         92 read,          0 written, buffer hit rate = 74.30%
	!	Local  blocks:          0 read,          0 written, buffer hit rate = 0.00%
	!	Direct blocks:          0 read,          0 written
	 1: count	(typeid = 20, len = 8, typmod = -1, byval = f)
	----
	 1: count = "99"	(typeid = 20, len = 8, typmod = -1, byval = f)
	----
backend> LOG:  shutting down
LOG:  database system is shut down
LOG:  database system was shut down at 2024-02-09 15:35:33 EST
LOG:  checkpoint record is at 0/BCADD8
LOG:  redo record is at 0/BCADD8; undo record is at 0/0; shutdown TRUE
LOG:  next transaction ID: 30254; next OID: 22147
LOG:  database system is ready

POSTGRES backend interactive interface 
$Revision: 1.375.2.5 $ $Date: 2005/12/14 17:07:00 $

backend> LOG:  QUERY STATISTICS
DETAIL:  ! system usage stats:
	!	0.036552 elapsed 0.002475 user 0.000000 system sec
	!	[0.006893 user 0.000000 sys total]
	!	0/0 [0/56] filesystem blocks in/out
	!	112/59 [160/444] page faults/reclaims, 0 [0] swaps
	!	0 [0] signals rcvd, 0/0 [0/0] messages rcvd/sent
	!	35/0 [82/0] voluntary/involuntary context switches
	! buffer usage stats:
	!	Shared blocks:         95 read,          0 written, buffer hit rate = 92.47%
	!	Local  blocks:          0 read,          0 written, buffer hit rate = 0.00%
	!	Direct blocks:          0 read,          0 written
	 1: count	(typeid = 20, len = 8, typmod = -1, byval = f)
	----
	 1: count = "1000"	(typeid = 20, len = 8, typmod = -1, byval = f)
	----
backend> LOG:  shutting down
LOG:  database system is shut down
LOG:  database system was shut down at 2024-02-09 15:35:33 EST
LOG:  checkpoint record is at 0/BCAE20
LOG:  redo record is at 0/BCAE20; undo record is at 0/0; shutdown TRUE
LOG:  next transaction ID: 30256; next OID: 22147
LOG:  database system is ready

POSTGRES backend interactive interface 
$Revision: 1.375.2.5 $ $Date: 2005/12/14 17:07:00 $

backend> LOG:  QUERY STATISTICS
DETAIL:  ! system usage stats:
	!	0.038598 elapsed 0.004769 user 0.000505 system sec
	!	[0.004769 user 0.004769 sys total]
	!	0/0 [0/56] filesystem blocks in/out
	!	112/52 [160/435] page faults/reclaims, 0 [0] swaps
	!	0 [0] signals rcvd, 0/0 [0/0] messages rcvd/sent
	!	29/0 [76/0] voluntary/involuntary context switches
	! buffer usage stats:
	!	Shared blocks:        115 read,          0 written, buffer hit rate = 55.43%
	!	Local  blocks:          0 read,          0 written, buffer hit rate = 0.00%
	!	Direct blocks:          0 read,          0 written
	 1: count	(typeid = 20, len = 8, typmod = -1, byval = f)
	----
	 1: count = "2500"	(typeid = 20, len = 8, typmod = -1, byval = f)
	----
backend> LOG:  shutting down
LOG:  database system is shut down
LOG:  database system was shut down at 2024-02-09 15:35:33 EST
LOG:  checkpoint record is at 0/BCAE68
LOG:  redo record is at 0/BCAE68; undo record is at 0/0; shutdown TRUE
LOG:  next transaction ID: 30258; next OID: 22147
LOG:  database system is ready

POSTGRES backend interactive interface 
$Revision: 1.375.2.5 $ $Date: 2005/12/14 17:07:00 $

backend> LOG:  QUERY STATISTICS
DETAIL:  ! system usage stats:
	!	0.038632 elapsed 0.004930 user 0.000000 system sec
	!	[0.009040 user 0.000000 sys total]
	!	0/0 [0/56] filesystem blocks in/out
	!	112/57 [160/440] page faults/reclaims, 0 [0] swaps
	!	0 [0] signals rcvd, 0/0 [0/0] messages rcvd/sent
	!	33/0 [83/0] voluntary/involuntary context switches
	! buffer usage stats:
	!	Shared blocks:        119 read,          0 written, buffer hit rate = 58.68%
	!	Local  blocks:          0 read,          0 written, buffer hit rate = 0.00%
	!	Direct blocks:          0 read,          0 written
	 1: count	(typeid = 20, len = 8, typmod = -1, byval = f)
	----
	 1: count = "999"	(typeid = 20, len = 8, typmod = -1, byval = f)
	----
backend> LOG:  shutting down
LOG:  database system is shut down
LOG:  database system was shut down at 2024-02-09 15:35:33 EST
LOG:  checkpoint record is at 0/BCAEB0
LOG:  redo record is at 0/BCAEB0; undo record is at 0/0; shutdown TRUE
LOG:  next transaction ID: 30260; next OID: 22147
LOG:  database system is ready

POSTGRES backend interactive interface 
$Revision: 1.375.2.5 $ $Date: 2005/12/14 17:07:00 $

backend> LOG:  QUERY STATISTICS
DETAIL:  ! system usage stats:
	!	0.040849 elapsed 0.000000 user 0.002064 system sec
	!	[0.004226 user 0.002064 sys total]
	!	0/0 [0/56] filesystem blocks in/out
	!	112/62 [160/446] page faults/reclaims, 0 [0] swaps
	!	0 [0] signals rcvd, 0/0 [0/0] messages rcvd/sent
	!	35/0 [82/1] voluntary/involuntary context switches
	! buffer usage stats:
	!	Shared blocks:         89 read,          0 written, buffer hit rate = 84.11%
	!	Local  blocks:          0 read,          0 written, buffer hit rate = 0.00%
	!	Direct blocks:          0 read,          0 written
	 1: count	(typeid = 20, len = 8, typmod = -1, byval = f)
	----
	 1: count = "301"	(typeid = 20, len = 8, typmod = -1, byval = f)
	----
backend> LOG:  shutting down
LOG:  database system is shut down
LOG:  database system was shut down at 2024-02-09 15:35:33 EST
LOG:  checkpoint record is at 0/BCAEF8
LOG:  redo record is at 0/BCAEF8; undo record is at 0/0; shutdown TRUE
LOG:  next transaction ID: 30262; next OID: 22147
LOG:  database system is ready

POSTGRES backend interactive interface 
$Revision: 1.375.2.5 $ $Date: 2005/12/14 17:07:00 $

backend> LOG:  QUERY STATISTICS
DETAIL:  ! system usage stats:
	!	0.039004 elapsed 0.000000 user 0.001820 system sec
	!	[0.003974 user 0.001820 sys total]
	!	0/0 [0/64] filesystem blocks in/out
	!	112/59 [160/442] page faults/reclaims, 0 [0] swaps
	!	0 [0] signals rcvd, 0/0 [0/0] messages rcvd/sent
	!	35/2 [85/6] voluntary/involuntary context switches
	! buffer usage stats:
	!	Shared blocks:         87 read,          0 written, buffer hit rate = 75.77%
	!	Local  blocks:          0 read,          0 written, buffer hit rate = 0.00%
	!	Direct blocks:          0 read,          0 written
	 1: count	(typeid = 20, len = 8, typmod = -1, byval = f)
	----
	 1: count = "101"	(typeid = 20, len = 8, typmod = -1, byval = f)
	----
backend> LOG:  shutting down
LOG:  database system is shut down
LOG:  database system was shut down at 2024-02-09 15:35:33 EST
LOG:  checkpoint record is at 0/BCAF40
LOG:  redo record is at 0/BCAF40; undo record is at 0/0; shutdown TRUE
LOG:  next transaction ID: 30264; next OID: 22147
LOG:  database system is ready

POSTGRES backend interactive interface 
$Revision: 1.375.2.5 $ $Date: 2005/12/14 17:07:00 $

backend> LOG:  QUERY STATISTICS
DETAIL:  ! system usage stats:
	!	0.073916 elapsed 0.002380 user 0.000000 system sec
	!	[0.006660 user 0.000000 sys total]
	!	0/0 [0/56] filesystem blocks in/out
	!	112/62 [160/444] page faults/reclaims, 0 [0] swaps
	!	0 [0] signals rcvd, 0/0 [0/0] messages rcvd/sent
	!	36/0 [83/0] voluntary/involuntary context switches
	! buffer usage stats:
	!	Shared blocks:         87 read,          0 written, buffer hit rate = 75.77%
	!	Local  blocks:          0 read,          0 written, buffer hit rate = 0.00%
	!	Direct blocks:          0 read,          0 written
	 1: count	(typeid = 20, len = 8, typmod = -1, byval = f)
	----
	 1: count = "101"	(typeid = 20, len = 8, typmod = -1, byval = f)
	----
backend> LOG:  shutting down
LOG:  database system is shut down
LOG:  database system was shut down at 2024-02-09 15:35:33 EST
LOG:  checkpoint record is at 0/BCAF88
LOG:  redo record is at 0/BCAF88; undo record is at 0/0; shutdown TRUE
LOG:  next transaction ID: 30266; next OID: 22147
LOG:  database system is ready

POSTGRES backend interactive interface 
$Revision: 1.375.2.5 $ $Date: 2005/12/14 17:07:00 $

backend> LOG:  QUERY STATISTICS
DETAIL:  ! system usage stats:
	!	0.036504 elapsed 0.000000 user 0.001831 system sec
	!	[0.000000 user 0.006009 sys total]
	!	0/0 [0/56] filesystem blocks in/out
	!	112/59 [160/442] page faults/reclaims, 0 [0] swaps
	!	0 [0] signals rcvd, 0/0 [0/0] messages rcvd/sent
	!	35/0 [83/1] voluntary/involuntary context switches
	! buffer usage stats:
	!	Shared blocks:         87 read,          0 written, buffer hit rate = 70.00%
	!	Local  blocks:          0 read,          0 written, buffer hit rate = 0.00%
	!	Direct blocks:          0 read,          0 written
	 1: count	(typeid = 20, len = 8, typmod = -1, byval = f)
	----
	 1: count = "31"	(typeid = 20, len = 8, typmod = -1, byval = f)
	----
backend> LOG:  shutting down
LOG:  database system is shut down
