LOG:  database system was shut down at 2024-02-09 15:10:16 EST
LOG:  checkpoint record is at 0/BB2BE0
LOG:  redo record is at 0/BB2BE0; undo record is at 0/0; shutdown TRUE
LOG:  next transaction ID: 26382; next OID: 22147
LOG:  database system is ready

POSTGRES backend interactive interface 
$Revision: 1.375.2.5 $ $Date: 2005/12/14 17:07:00 $

backend> LOG:  QUERY STATISTICS
DETAIL:  ! system usage stats:
	!	0.039226 elapsed 0.001790 user 0.000000 system sec
	!	[0.005834 user 0.000000 sys total]
	!	0/0 [0/56] filesystem blocks in/out
	!	114/59 [162/439] page faults/reclaims, 0 [0] swaps
	!	0 [0] signals rcvd, 0/0 [0/0] messages rcvd/sent
	!	36/7 [84/9] voluntary/involuntary context switches
	! buffer usage stats:
	!	Shared blocks:         85 read,          0 written, buffer hit rate = 71.57%
	!	Local  blocks:          0 read,          0 written, buffer hit rate = 0.00%
	!	Direct blocks:          0 read,          0 written
	 1: count	(typeid = 20, len = 8, typmod = -1, byval = f)
	----
	 1: count = "41"	(typeid = 20, len = 8, typmod = -1, byval = f)
	----
backend> LOG:  shutting down
LOG:  database system is shut down
LOG:  database system was shut down at 2024-02-09 15:10:16 EST
LOG:  checkpoint record is at 0/BB2C28
LOG:  redo record is at 0/BB2C28; undo record is at 0/0; shutdown TRUE
LOG:  next transaction ID: 26384; next OID: 22147
LOG:  database system is ready

POSTGRES backend interactive interface 
$Revision: 1.375.2.5 $ $Date: 2005/12/14 17:07:00 $

backend> LOG:  QUERY STATISTICS
DETAIL:  ! system usage stats:
	!	0.039367 elapsed 0.004225 user 0.000000 system sec
	!	[0.008370 user 0.000000 sys total]
	!	0/0 [0/56] filesystem blocks in/out
	!	114/54 [162/432] page faults/reclaims, 0 [0] swaps
	!	0 [0] signals rcvd, 0/0 [0/0] messages rcvd/sent
	!	29/4 [76/13] voluntary/involuntary context switches
	! buffer usage stats:
	!	Shared blocks:        115 read,          0 written, buffer hit rate = 55.43%
	!	Local  blocks:          0 read,          0 written, buffer hit rate = 0.00%
	!	Direct blocks:          0 read,          0 written
	 1: count	(typeid = 20, len = 8, typmod = -1, byval = f)
	----
	 1: count = "50"	(typeid = 20, len = 8, typmod = -1, byval = f)
	----
backend> LOG:  shutting down
LOG:  database system is shut down
LOG:  database system was shut down at 2024-02-09 15:10:16 EST
LOG:  checkpoint record is at 0/BB2C70
LOG:  redo record is at 0/BB2C70; undo record is at 0/0; shutdown TRUE
LOG:  next transaction ID: 26386; next OID: 22147
LOG:  database system is ready

POSTGRES backend interactive interface 
$Revision: 1.375.2.5 $ $Date: 2005/12/14 17:07:00 $

backend> LOG:  QUERY STATISTICS
DETAIL:  ! system usage stats:
	!	0.072958 elapsed 0.000777 user 0.001359 system sec
	!	[0.000777 user 0.005359 sys total]
	!	0/0 [0/56] filesystem blocks in/out
	!	114/60 [162/438] page faults/reclaims, 0 [0] swaps
	!	0 [0] signals rcvd, 0/0 [0/0] messages rcvd/sent
	!	36/0 [83/5] voluntary/involuntary context switches
	! buffer usage stats:
	!	Shared blocks:         91 read,          0 written, buffer hit rate = 74.58%
	!	Local  blocks:          0 read,          0 written, buffer hit rate = 0.00%
	!	Direct blocks:          0 read,          0 written
	 1: count	(typeid = 20, len = 8, typmod = -1, byval = f)
	----
	 1: count = "99"	(typeid = 20, len = 8, typmod = -1, byval = f)
	----
backend> LOG:  shutting down
LOG:  database system is shut down
LOG:  database system was shut down at 2024-02-09 15:10:16 EST
LOG:  checkpoint record is at 0/BB2CB8
LOG:  redo record is at 0/BB2CB8; undo record is at 0/0; shutdown TRUE
LOG:  next transaction ID: 26388; next OID: 22147
LOG:  database system is ready

POSTGRES backend interactive interface 
$Revision: 1.375.2.5 $ $Date: 2005/12/14 17:07:00 $

backend> LOG:  QUERY STATISTICS
DETAIL:  ! system usage stats:
	!	0.038765 elapsed 0.002676 user 0.000000 system sec
	!	[0.007037 user 0.000000 sys total]
	!	0/0 [0/56] filesystem blocks in/out
	!	114/59 [162/440] page faults/reclaims, 0 [0] swaps
	!	0 [0] signals rcvd, 0/0 [0/0] messages rcvd/sent
	!	35/0 [82/1] voluntary/involuntary context switches
	! buffer usage stats:
	!	Shared blocks:         94 read,          0 written, buffer hit rate = 92.55%
	!	Local  blocks:          0 read,          0 written, buffer hit rate = 0.00%
	!	Direct blocks:          0 read,          0 written
	 1: count	(typeid = 20, len = 8, typmod = -1, byval = f)
	----
	 1: count = "1000"	(typeid = 20, len = 8, typmod = -1, byval = f)
	----
backend> LOG:  shutting down
LOG:  database system is shut down
LOG:  database system was shut down at 2024-02-09 15:10:16 EST
LOG:  checkpoint record is at 0/BB2D00
LOG:  redo record is at 0/BB2D00; undo record is at 0/0; shutdown TRUE
LOG:  next transaction ID: 26390; next OID: 22147
LOG:  database system is ready

POSTGRES backend interactive interface 
$Revision: 1.375.2.5 $ $Date: 2005/12/14 17:07:00 $

backend> LOG:  QUERY STATISTICS
DETAIL:  ! system usage stats:
	!	0.037154 elapsed 0.005230 user 0.000000 system sec
	!	[0.009558 user 0.000000 sys total]
	!	0/0 [0/56] filesystem blocks in/out
	!	114/52 [162/431] page faults/reclaims, 0 [0] swaps
	!	0 [0] signals rcvd, 0/0 [0/0] messages rcvd/sent
	!	29/2 [76/6] voluntary/involuntary context switches
	! buffer usage stats:
	!	Shared blocks:        115 read,          0 written, buffer hit rate = 55.43%
	!	Local  blocks:          0 read,          0 written, buffer hit rate = 0.00%
	!	Direct blocks:          0 read,          0 written
	 1: count	(typeid = 20, len = 8, typmod = -1, byval = f)
	----
	 1: count = "2500"	(typeid = 20, len = 8, typmod = -1, byval = f)
	----
backend> LOG:  shutting down
LOG:  database system is shut down
LOG:  database system was shut down at 2024-02-09 15:10:16 EST
LOG:  checkpoint record is at 0/BB2D48
LOG:  redo record is at 0/BB2D48; undo record is at 0/0; shutdown TRUE
LOG:  next transaction ID: 26392; next OID: 22147
LOG:  database system is ready

POSTGRES backend interactive interface 
$Revision: 1.375.2.5 $ $Date: 2005/12/14 17:07:00 $

backend> LOG:  QUERY STATISTICS
DETAIL:  ! system usage stats:
	!	0.045693 elapsed 0.000459 user 0.004534 system sec
	!	[0.004534 user 0.004534 sys total]
	!	0/0 [0/56] filesystem blocks in/out
	!	114/57 [162/434] page faults/reclaims, 0 [0] swaps
	!	0 [0] signals rcvd, 0/0 [0/0] messages rcvd/sent
	!	33/3 [80/3] voluntary/involuntary context switches
	! buffer usage stats:
	!	Shared blocks:        118 read,          0 written, buffer hit rate = 59.03%
	!	Local  blocks:          0 read,          0 written, buffer hit rate = 0.00%
	!	Direct blocks:          0 read,          0 written
	 1: count	(typeid = 20, len = 8, typmod = -1, byval = f)
	----
	 1: count = "999"	(typeid = 20, len = 8, typmod = -1, byval = f)
	----
backend> LOG:  shutting down
LOG:  database system is shut down
LOG:  database system was shut down at 2024-02-09 15:10:16 EST
LOG:  checkpoint record is at 0/BB2D90
LOG:  redo record is at 0/BB2D90; undo record is at 0/0; shutdown TRUE
LOG:  next transaction ID: 26394; next OID: 22147
LOG:  database system is ready

POSTGRES backend interactive interface 
$Revision: 1.375.2.5 $ $Date: 2005/12/14 17:07:00 $

backend> LOG:  QUERY STATISTICS
DETAIL:  ! system usage stats:
	!	0.038554 elapsed 0.000960 user 0.000960 system sec
	!	[0.003016 user 0.003016 sys total]
	!	0/0 [0/56] filesystem blocks in/out
	!	114/59 [162/438] page faults/reclaims, 0 [0] swaps
	!	0 [0] signals rcvd, 0/0 [0/0] messages rcvd/sent
	!	35/1 [82/5] voluntary/involuntary context switches
	! buffer usage stats:
	!	Shared blocks:         88 read,          0 written, buffer hit rate = 84.29%
	!	Local  blocks:          0 read,          0 written, buffer hit rate = 0.00%
	!	Direct blocks:          0 read,          0 written
	 1: count	(typeid = 20, len = 8, typmod = -1, byval = f)
	----
	 1: count = "301"	(typeid = 20, len = 8, typmod = -1, byval = f)
	----
backend> LOG:  shutting down
LOG:  database system is shut down
LOG:  database system was shut down at 2024-02-09 15:10:17 EST
LOG:  checkpoint record is at 0/BB2DD8
LOG:  redo record is at 0/BB2DD8; undo record is at 0/0; shutdown TRUE
LOG:  next transaction ID: 26396; next OID: 22147
LOG:  database system is ready

POSTGRES backend interactive interface 
$Revision: 1.375.2.5 $ $Date: 2005/12/14 17:07:00 $

backend> LOG:  QUERY STATISTICS
DETAIL:  ! system usage stats:
	!	0.038307 elapsed 0.001808 user 0.000000 system sec
	!	[0.005788 user 0.000000 sys total]
	!	0/0 [0/64] filesystem blocks in/out
	!	114/61 [162/437] page faults/reclaims, 0 [0] swaps
	!	0 [0] signals rcvd, 0/0 [0/0] messages rcvd/sent
	!	35/4 [82/6] voluntary/involuntary context switches
	! buffer usage stats:
	!	Shared blocks:         86 read,          0 written, buffer hit rate = 76.04%
	!	Local  blocks:          0 read,          0 written, buffer hit rate = 0.00%
	!	Direct blocks:          0 read,          0 written
	 1: count	(typeid = 20, len = 8, typmod = -1, byval = f)
	----
	 1: count = "101"	(typeid = 20, len = 8, typmod = -1, byval = f)
	----
backend> LOG:  shutting down
LOG:  database system is shut down
LOG:  database system was shut down at 2024-02-09 15:10:17 EST
LOG:  checkpoint record is at 0/BB2E20
LOG:  redo record is at 0/BB2E20; undo record is at 0/0; shutdown TRUE
LOG:  next transaction ID: 26398; next OID: 22147
LOG:  database system is ready

POSTGRES backend interactive interface 
$Revision: 1.375.2.5 $ $Date: 2005/12/14 17:07:00 $

backend> LOG:  QUERY STATISTICS
DETAIL:  ! system usage stats:
	!	0.037148 elapsed 0.001813 user 0.000000 system sec
	!	[0.005890 user 0.000000 sys total]
	!	0/0 [0/56] filesystem blocks in/out
	!	114/60 [162/438] page faults/reclaims, 0 [0] swaps
	!	0 [0] signals rcvd, 0/0 [0/0] messages rcvd/sent
	!	40/0 [87/3] voluntary/involuntary context switches
	! buffer usage stats:
	!	Shared blocks:         86 read,          0 written, buffer hit rate = 76.04%
	!	Local  blocks:          0 read,          0 written, buffer hit rate = 0.00%
	!	Direct blocks:          0 read,          0 written
	 1: count	(typeid = 20, len = 8, typmod = -1, byval = f)
	----
	 1: count = "101"	(typeid = 20, len = 8, typmod = -1, byval = f)
	----
backend> LOG:  shutting down
LOG:  database system is shut down
LOG:  database system was shut down at 2024-02-09 15:10:17 EST
LOG:  checkpoint record is at 0/BB2E68
LOG:  redo record is at 0/BB2E68; undo record is at 0/0; shutdown TRUE
LOG:  next transaction ID: 26400; next OID: 22147
LOG:  database system is ready

POSTGRES backend interactive interface 
$Revision: 1.375.2.5 $ $Date: 2005/12/14 17:07:00 $

backend> LOG:  QUERY STATISTICS
DETAIL:  ! system usage stats:
	!	0.041761 elapsed 0.000000 user 0.001863 system sec
	!	[0.004145 user 0.001863 sys total]
	!	0/0 [0/64] filesystem blocks in/out
	!	114/60 [162/437] page faults/reclaims, 0 [0] swaps
	!	0 [0] signals rcvd, 0/0 [0/0] messages rcvd/sent
	!	35/1 [84/10] voluntary/involuntary context switches
	! buffer usage stats:
	!	Shared blocks:         86 read,          0 written, buffer hit rate = 70.34%
	!	Local  blocks:          0 read,          0 written, buffer hit rate = 0.00%
	!	Direct blocks:          0 read,          0 written
	 1: count	(typeid = 20, len = 8, typmod = -1, byval = f)
	----
	 1: count = "31"	(typeid = 20, len = 8, typmod = -1, byval = f)
	----
backend> LOG:  shutting down
LOG:  database system is shut down
