LOG:  database system was shut down at 2024-02-09 15:09:59 EST
LOG:  checkpoint record is at 0/BB0CE0
LOG:  redo record is at 0/BB0CE0; undo record is at 0/0; shutdown TRUE
LOG:  next transaction ID: 26162; next OID: 22147
LOG:  database system is ready

POSTGRES backend interactive interface 
$Revision: 1.375.2.5 $ $Date: 2005/12/14 17:07:00 $

backend> LOG:  QUERY STATISTICS
DETAIL:  ! system usage stats:
	!	0.038210 elapsed 0.004110 user 0.000000 system sec
	!	[0.008332 user 0.000000 sys total]
	!	0/0 [0/56] filesystem blocks in/out
	!	114/50 [162/430] page faults/reclaims, 0 [0] swaps
	!	0 [0] signals rcvd, 0/0 [0/0] messages rcvd/sent
	!	31/2 [79/7] voluntary/involuntary context switches
	! buffer usage stats:
	!	Shared blocks:        110 read,          0 written, buffer hit rate = 53.39%
	!	Local  blocks:          0 read,          0 written, buffer hit rate = 0.00%
	!	Direct blocks:          0 read,          0 written
	 1: count	(typeid = 20, len = 8, typmod = -1, byval = f)
	----
	 1: count = "2175"	(typeid = 20, len = 8, typmod = -1, byval = f)
	----
backend> LOG:  shutting down
LOG:  database system is shut down
LOG:  database system was shut down at 2024-02-09 15:10:00 EST
LOG:  checkpoint record is at 0/BB0D28
LOG:  redo record is at 0/BB0D28; undo record is at 0/0; shutdown TRUE
LOG:  next transaction ID: 26164; next OID: 22147
LOG:  database system is ready

POSTGRES backend interactive interface 
$Revision: 1.375.2.5 $ $Date: 2005/12/14 17:07:00 $

backend> LOG:  QUERY STATISTICS
DETAIL:  ! system usage stats:
	!	0.040285 elapsed 0.004812 user 0.000399 system sec
	!	[0.004812 user 0.004812 sys total]
	!	0/0 [0/56] filesystem blocks in/out
	!	114/53 [162/429] page faults/reclaims, 0 [0] swaps
	!	0 [0] signals rcvd, 0/0 [0/0] messages rcvd/sent
	!	29/3 [76/8] voluntary/involuntary context switches
	! buffer usage stats:
	!	Shared blocks:        115 read,          0 written, buffer hit rate = 56.11%
	!	Local  blocks:          0 read,          0 written, buffer hit rate = 0.00%
	!	Direct blocks:          0 read,          0 written
	 1: count	(typeid = 20, len = 8, typmod = -1, byval = f)
	----
	 1: count = "1051"	(typeid = 20, len = 8, typmod = -1, byval = f)
	----
backend> LOG:  shutting down
LOG:  database system is shut down
LOG:  database system was shut down at 2024-02-09 15:10:00 EST
LOG:  checkpoint record is at 0/BB0D70
LOG:  redo record is at 0/BB0D70; undo record is at 0/0; shutdown TRUE
LOG:  next transaction ID: 26166; next OID: 22147
LOG:  database system is ready

POSTGRES backend interactive interface 
$Revision: 1.375.2.5 $ $Date: 2005/12/14 17:07:00 $

backend> LOG:  QUERY STATISTICS
DETAIL:  ! system usage stats:
	!	0.037276 elapsed 0.001858 user 0.003198 system sec
	!	[0.006397 user 0.003198 sys total]
	!	0/0 [0/56] filesystem blocks in/out
	!	114/57 [162/435] page faults/reclaims, 0 [0] swaps
	!	0 [0] signals rcvd, 0/0 [0/0] messages rcvd/sent
	!	31/8 [78/10] voluntary/involuntary context switches
	! buffer usage stats:
	!	Shared blocks:        111 read,          0 written, buffer hit rate = 61.05%
	!	Local  blocks:          0 read,          0 written, buffer hit rate = 0.00%
	!	Direct blocks:          0 read,          0 written
	 1: count	(typeid = 20, len = 8, typmod = -1, byval = f)
	----
	 1: count = "541"	(typeid = 20, len = 8, typmod = -1, byval = f)
	----
backend> LOG:  shutting down
LOG:  database system is shut down
LOG:  database system was shut down at 2024-02-09 15:10:00 EST
LOG:  checkpoint record is at 0/BB0DB8
LOG:  redo record is at 0/BB0DB8; undo record is at 0/0; shutdown TRUE
LOG:  next transaction ID: 26168; next OID: 22147
LOG:  database system is ready

POSTGRES backend interactive interface 
$Revision: 1.375.2.5 $ $Date: 2005/12/14 17:07:00 $

backend> LOG:  QUERY STATISTICS
DETAIL:  ! system usage stats:
	!	0.038230 elapsed 0.002561 user 0.002561 system sec
	!	[0.004712 user 0.004712 sys total]
	!	0/0 [0/56] filesystem blocks in/out
	!	114/60 [162/436] page faults/reclaims, 0 [0] swaps
	!	0 [0] signals rcvd, 0/0 [0/0] messages rcvd/sent
	!	31/1 [78/7] voluntary/involuntary context switches
	! buffer usage stats:
	!	Shared blocks:        115 read,          0 written, buffer hit rate = 61.41%
	!	Local  blocks:          0 read,          0 written, buffer hit rate = 0.00%
	!	Direct blocks:          0 read,          0 written
	 1: count	(typeid = 20, len = 8, typmod = -1, byval = f)
	----
	 1: count = "1326"	(typeid = 20, len = 8, typmod = -1, byval = f)
	----
backend> LOG:  shutting down
LOG:  database system is shut down
LOG:  database system was shut down at 2024-02-09 15:10:00 EST
LOG:  checkpoint record is at 0/BB0E00
LOG:  redo record is at 0/BB0E00; undo record is at 0/0; shutdown TRUE
LOG:  next transaction ID: 26170; next OID: 22147
LOG:  database system is ready

POSTGRES backend interactive interface 
$Revision: 1.375.2.5 $ $Date: 2005/12/14 17:07:00 $

backend> LOG:  QUERY STATISTICS
DETAIL:  ! system usage stats:
	!	0.041289 elapsed 0.004774 user 0.000676 system sec
	!	[0.004774 user 0.004774 sys total]
	!	0/0 [0/56] filesystem blocks in/out
	!	114/55 [162/434] page faults/reclaims, 0 [0] swaps
	!	0 [0] signals rcvd, 0/0 [0/0] messages rcvd/sent
	!	29/0 [76/1] voluntary/involuntary context switches
	! buffer usage stats:
	!	Shared blocks:        115 read,          0 written, buffer hit rate = 56.77%
	!	Local  blocks:          0 read,          0 written, buffer hit rate = 0.00%
	!	Direct blocks:          0 read,          0 written
	 1: count	(typeid = 20, len = 8, typmod = -1, byval = f)
	----
	 1: count = "340"	(typeid = 20, len = 8, typmod = -1, byval = f)
	----
backend> LOG:  shutting down
LOG:  database system is shut down
LOG:  database system was shut down at 2024-02-09 15:10:00 EST
LOG:  checkpoint record is at 0/BB0E48
LOG:  redo record is at 0/BB0E48; undo record is at 0/0; shutdown TRUE
LOG:  next transaction ID: 26172; next OID: 22147
LOG:  database system is ready

POSTGRES backend interactive interface 
$Revision: 1.375.2.5 $ $Date: 2005/12/14 17:07:00 $

backend> LOG:  QUERY STATISTICS
DETAIL:  ! system usage stats:
	!	0.036576 elapsed 0.000322 user 0.004615 system sec
	!	[0.004615 user 0.004615 sys total]
	!	0/0 [0/56] filesystem blocks in/out
	!	114/57 [162/435] page faults/reclaims, 0 [0] swaps
	!	0 [0] signals rcvd, 0/0 [0/0] messages rcvd/sent
	!	31/0 [78/0] voluntary/involuntary context switches
	! buffer usage stats:
	!	Shared blocks:        115 read,          0 written, buffer hit rate = 60.62%
	!	Local  blocks:          0 read,          0 written, buffer hit rate = 0.00%
	!	Direct blocks:          0 read,          0 written
	 1: count	(typeid = 20, len = 8, typmod = -1, byval = f)
	----
	 1: count = "1794"	(typeid = 20, len = 8, typmod = -1, byval = f)
	----
backend> LOG:  shutting down
LOG:  database system is shut down
LOG:  database system was shut down at 2024-02-09 15:10:00 EST
LOG:  checkpoint record is at 0/BB0E90
LOG:  redo record is at 0/BB0E90; undo record is at 0/0; shutdown TRUE
LOG:  next transaction ID: 26174; next OID: 22147
LOG:  database system is ready

POSTGRES backend interactive interface 
$Revision: 1.375.2.5 $ $Date: 2005/12/14 17:07:00 $

backend> LOG:  QUERY STATISTICS
DETAIL:  ! system usage stats:
	!	0.035127 elapsed 0.004105 user 0.000000 system sec
	!	[0.008665 user 0.000000 sys total]
	!	0/0 [0/56] filesystem blocks in/out
	!	114/50 [162/428] page faults/reclaims, 0 [0] swaps
	!	0 [0] signals rcvd, 0/0 [0/0] messages rcvd/sent
	!	31/0 [78/0] voluntary/involuntary context switches
	! buffer usage stats:
	!	Shared blocks:        110 read,          0 written, buffer hit rate = 53.39%
	!	Local  blocks:          0 read,          0 written, buffer hit rate = 0.00%
	!	Direct blocks:          0 read,          0 written
	 1: count	(typeid = 20, len = 8, typmod = -1, byval = f)
	----
	 1: count = "729"	(typeid = 20, len = 8, typmod = -1, byval = f)
	----
backend> LOG:  shutting down
LOG:  database system is shut down
LOG:  database system was shut down at 2024-02-09 15:10:00 EST
LOG:  checkpoint record is at 0/BB0ED8
LOG:  redo record is at 0/BB0ED8; undo record is at 0/0; shutdown TRUE
LOG:  next transaction ID: 26176; next OID: 22147
LOG:  database system is ready

POSTGRES backend interactive interface 
$Revision: 1.375.2.5 $ $Date: 2005/12/14 17:07:00 $

backend> LOG:  QUERY STATISTICS
DETAIL:  ! system usage stats:
	!	0.036768 elapsed 0.004456 user 0.000164 system sec
	!	[0.004456 user 0.004456 sys total]
	!	0/0 [0/64] filesystem blocks in/out
	!	114/60 [162/437] page faults/reclaims, 0 [0] swaps
	!	0 [0] signals rcvd, 0/0 [0/0] messages rcvd/sent
	!	31/1 [78/2] voluntary/involuntary context switches
	! buffer usage stats:
	!	Shared blocks:        111 read,          0 written, buffer hit rate = 61.05%
	!	Local  blocks:          0 read,          0 written, buffer hit rate = 0.00%
	!	Direct blocks:          0 read,          0 written
	 1: count	(typeid = 20, len = 8, typmod = -1, byval = f)
	----
	 1: count = "579"	(typeid = 20, len = 8, typmod = -1, byval = f)
	----
backend> LOG:  shutting down
LOG:  database system is shut down
LOG:  database system was shut down at 2024-02-09 15:10:01 EST
LOG:  checkpoint record is at 0/BB0F20
LOG:  redo record is at 0/BB0F20; undo record is at 0/0; shutdown TRUE
LOG:  next transaction ID: 26178; next OID: 22147
LOG:  database system is ready

POSTGRES backend interactive interface 
$Revision: 1.375.2.5 $ $Date: 2005/12/14 17:07:00 $

backend> LOG:  QUERY STATISTICS
DETAIL:  ! system usage stats:
	!	0.045526 elapsed 0.005205 user 0.000000 system sec
	!	[0.009338 user 0.000000 sys total]
	!	0/0 [0/56] filesystem blocks in/out
	!	114/57 [162/436] page faults/reclaims, 0 [0] swaps
	!	0 [0] signals rcvd, 0/0 [0/0] messages rcvd/sent
	!	32/0 [79/0] voluntary/involuntary context switches
	! buffer usage stats:
	!	Shared blocks:        115 read,          0 written, buffer hit rate = 60.62%
	!	Local  blocks:          0 read,          0 written, buffer hit rate = 0.00%
	!	Direct blocks:          0 read,          0 written
	 1: count	(typeid = 20, len = 8, typmod = -1, byval = f)
	----
	 1: count = "2479"	(typeid = 20, len = 8, typmod = -1, byval = f)
	----
backend> LOG:  shutting down
LOG:  database system is shut down
LOG:  database system was shut down at 2024-02-09 15:10:01 EST
LOG:  checkpoint record is at 0/BB0F68
LOG:  redo record is at 0/BB0F68; undo record is at 0/0; shutdown TRUE
LOG:  next transaction ID: 26180; next OID: 22147
LOG:  database system is ready

POSTGRES backend interactive interface 
$Revision: 1.375.2.5 $ $Date: 2005/12/14 17:07:00 $

backend> LOG:  QUERY STATISTICS
DETAIL:  ! system usage stats:
	!	0.084887 elapsed 0.003103 user 0.001790 system sec
	!	[0.003103 user 0.006206 sys total]
	!	0/0 [0/56] filesystem blocks in/out
	!	114/59 [162/435] page faults/reclaims, 0 [0] swaps
	!	0 [0] signals rcvd, 0/0 [0/0] messages rcvd/sent
	!	31/1 [78/1] voluntary/involuntary context switches
	! buffer usage stats:
	!	Shared blocks:        115 read,          0 written, buffer hit rate = 59.79%
	!	Local  blocks:          0 read,          0 written, buffer hit rate = 0.00%
	!	Direct blocks:          0 read,          0 written
	 1: count	(typeid = 20, len = 8, typmod = -1, byval = f)
	----
	 1: count = "1473"	(typeid = 20, len = 8, typmod = -1, byval = f)
	----
backend> LOG:  shutting down
LOG:  database system is shut down
