LOG:  database system was shut down at 2024-02-09 15:10:01 EST
LOG:  checkpoint record is at 0/BB0FB0
LOG:  redo record is at 0/BB0FB0; undo record is at 0/0; shutdown TRUE
LOG:  next transaction ID: 26182; next OID: 22147
LOG:  database system is ready

POSTGRES backend interactive interface 
$Revision: 1.375.2.5 $ $Date: 2005/12/14 17:07:00 $

backend> LOG:  QUERY STATISTICS
DETAIL:  ! system usage stats:
	!	0.102683 elapsed 0.004344 user 0.000000 system sec
	!	[0.009114 user 0.000000 sys total]
	!	0/0 [0/56] filesystem blocks in/out
	!	116/52 [163/429] page faults/reclaims, 0 [0] swaps
	!	0 [0] signals rcvd, 0/0 [0/0] messages rcvd/sent
	!	31/0 [81/1] voluntary/involuntary context switches
	! buffer usage stats:
	!	Shared blocks:        109 read,          0 written, buffer hit rate = 53.81%
	!	Local  blocks:          0 read,          0 written, buffer hit rate = 0.00%
	!	Direct blocks:          0 read,          0 written
	 1: count	(typeid = 20, len = 8, typmod = -1, byval = f)
	----
	 1: count = "2175"	(typeid = 20, len = 8, typmod = -1, byval = f)
	----
backend> LOG:  shutting down
LOG:  database system is shut down
LOG:  database system was shut down at 2024-02-09 15:10:01 EST
LOG:  checkpoint record is at 0/BB0FF8
LOG:  redo record is at 0/BB0FF8; undo record is at 0/0; shutdown TRUE
LOG:  next transaction ID: 26184; next OID: 22147
LOG:  database system is ready

POSTGRES backend interactive interface 
$Revision: 1.375.2.5 $ $Date: 2005/12/14 17:07:00 $

backend> LOG:  QUERY STATISTICS
DETAIL:  ! system usage stats:
	!	0.091409 elapsed 0.003324 user 0.002203 system sec
	!	[0.003324 user 0.006649 sys total]
	!	0/0 [0/56] filesystem blocks in/out
	!	116/52 [163/431] page faults/reclaims, 0 [0] swaps
	!	0 [0] signals rcvd, 0/0 [0/0] messages rcvd/sent
	!	29/1 [78/2] voluntary/involuntary context switches
	! buffer usage stats:
	!	Shared blocks:        115 read,          0 written, buffer hit rate = 56.11%
	!	Local  blocks:          0 read,          0 written, buffer hit rate = 0.00%
	!	Direct blocks:          0 read,          0 written
	 1: count	(typeid = 20, len = 8, typmod = -1, byval = f)
	----
	 1: count = "1051"	(typeid = 20, len = 8, typmod = -1, byval = f)
	----
backend> LOG:  shutting down
LOG:  database system is shut down
LOG:  database system was shut down at 2024-02-09 15:10:02 EST
LOG:  checkpoint record is at 0/BB1040
LOG:  redo record is at 0/BB1040; undo record is at 0/0; shutdown TRUE
LOG:  next transaction ID: 26186; next OID: 22147
LOG:  database system is ready

POSTGRES backend interactive interface 
$Revision: 1.375.2.5 $ $Date: 2005/12/14 17:07:00 $

backend> LOG:  QUERY STATISTICS
DETAIL:  ! system usage stats:
	!	0.046055 elapsed 0.005077 user 0.000000 system sec
	!	[0.005077 user 0.004447 sys total]
	!	0/0 [0/56] filesystem blocks in/out
	!	116/59 [163/436] page faults/reclaims, 0 [0] swaps
	!	0 [0] signals rcvd, 0/0 [0/0] messages rcvd/sent
	!	31/2 [78/3] voluntary/involuntary context switches
	! buffer usage stats:
	!	Shared blocks:        111 read,          0 written, buffer hit rate = 61.05%
	!	Local  blocks:          0 read,          0 written, buffer hit rate = 0.00%
	!	Direct blocks:          0 read,          0 written
	 1: count	(typeid = 20, len = 8, typmod = -1, byval = f)
	----
	 1: count = "541"	(typeid = 20, len = 8, typmod = -1, byval = f)
	----
backend> LOG:  shutting down
LOG:  database system is shut down
LOG:  database system was shut down at 2024-02-09 15:10:02 EST
LOG:  checkpoint record is at 0/BB1088
LOG:  redo record is at 0/BB1088; undo record is at 0/0; shutdown TRUE
LOG:  next transaction ID: 26188; next OID: 22147
LOG:  database system is ready

POSTGRES backend interactive interface 
$Revision: 1.375.2.5 $ $Date: 2005/12/14 17:07:00 $

backend> LOG:  QUERY STATISTICS
DETAIL:  ! system usage stats:
	!	0.040535 elapsed 0.005679 user 0.000000 system sec
	!	[0.010381 user 0.000000 sys total]
	!	0/0 [0/56] filesystem blocks in/out
	!	116/58 [163/437] page faults/reclaims, 0 [0] swaps
	!	0 [0] signals rcvd, 0/0 [0/0] messages rcvd/sent
	!	31/0 [79/3] voluntary/involuntary context switches
	! buffer usage stats:
	!	Shared blocks:        114 read,          0 written, buffer hit rate = 61.74%
	!	Local  blocks:          0 read,          0 written, buffer hit rate = 0.00%
	!	Direct blocks:          0 read,          0 written
	 1: count	(typeid = 20, len = 8, typmod = -1, byval = f)
	----
	 1: count = "1326"	(typeid = 20, len = 8, typmod = -1, byval = f)
	----
backend> LOG:  shutting down
LOG:  database system is shut down
LOG:  database system was shut down at 2024-02-09 15:10:02 EST
LOG:  checkpoint record is at 0/BB10D0
LOG:  redo record is at 0/BB10D0; undo record is at 0/0; shutdown TRUE
LOG:  next transaction ID: 26190; next OID: 22147
LOG:  database system is ready

POSTGRES backend interactive interface 
$Revision: 1.375.2.5 $ $Date: 2005/12/14 17:07:00 $

backend> LOG:  QUERY STATISTICS
DETAIL:  ! system usage stats:
	!	0.037979 elapsed 0.005318 user 0.000000 system sec
	!	[0.009740 user 0.000000 sys total]
	!	0/0 [8/56] filesystem blocks in/out
	!	116/54 [163/434] page faults/reclaims, 0 [0] swaps
	!	0 [0] signals rcvd, 0/0 [0/0] messages rcvd/sent
	!	29/8 [77/10] voluntary/involuntary context switches
	! buffer usage stats:
	!	Shared blocks:        115 read,          0 written, buffer hit rate = 56.77%
	!	Local  blocks:          0 read,          0 written, buffer hit rate = 0.00%
	!	Direct blocks:          0 read,          0 written
	 1: count	(typeid = 20, len = 8, typmod = -1, byval = f)
	----
	 1: count = "340"	(typeid = 20, len = 8, typmod = -1, byval = f)
	----
backend> LOG:  shutting down
LOG:  database system is shut down
LOG:  database system was shut down at 2024-02-09 15:10:02 EST
LOG:  checkpoint record is at 0/BB1118
LOG:  redo record is at 0/BB1118; undo record is at 0/0; shutdown TRUE
LOG:  next transaction ID: 26192; next OID: 22147
LOG:  database system is ready

POSTGRES backend interactive interface 
$Revision: 1.375.2.5 $ $Date: 2005/12/14 17:07:00 $

backend> LOG:  QUERY STATISTICS
DETAIL:  ! system usage stats:
	!	0.041358 elapsed 0.005330 user 0.000000 system sec
	!	[0.009926 user 0.000000 sys total]
	!	0/0 [0/56] filesystem blocks in/out
	!	116/57 [163/438] page faults/reclaims, 0 [0] swaps
	!	0 [0] signals rcvd, 0/0 [0/0] messages rcvd/sent
	!	31/1 [78/4] voluntary/involuntary context switches
	! buffer usage stats:
	!	Shared blocks:        114 read,          0 written, buffer hit rate = 60.96%
	!	Local  blocks:          0 read,          0 written, buffer hit rate = 0.00%
	!	Direct blocks:          0 read,          0 written
	 1: count	(typeid = 20, len = 8, typmod = -1, byval = f)
	----
	 1: count = "1794"	(typeid = 20, len = 8, typmod = -1, byval = f)
	----
backend> LOG:  shutting down
LOG:  database system is shut down
LOG:  database system was shut down at 2024-02-09 15:10:02 EST
LOG:  checkpoint record is at 0/BB1160
LOG:  redo record is at 0/BB1160; undo record is at 0/0; shutdown TRUE
LOG:  next transaction ID: 26194; next OID: 22147
LOG:  database system is ready

POSTGRES backend interactive interface 
$Revision: 1.375.2.5 $ $Date: 2005/12/14 17:07:00 $

backend> LOG:  QUERY STATISTICS
DETAIL:  ! system usage stats:
	!	0.040985 elapsed 0.003928 user 0.000000 system sec
	!	[0.008572 user 0.000000 sys total]
	!	0/0 [0/56] filesystem blocks in/out
	!	116/50 [163/430] page faults/reclaims, 0 [0] swaps
	!	0 [0] signals rcvd, 0/0 [0/0] messages rcvd/sent
	!	32/1 [79/12] voluntary/involuntary context switches
	! buffer usage stats:
	!	Shared blocks:        109 read,          0 written, buffer hit rate = 53.81%
	!	Local  blocks:          0 read,          0 written, buffer hit rate = 0.00%
	!	Direct blocks:          0 read,          0 written
	 1: count	(typeid = 20, len = 8, typmod = -1, byval = f)
	----
	 1: count = "729"	(typeid = 20, len = 8, typmod = -1, byval = f)
	----
backend> LOG:  shutting down
LOG:  database system is shut down
LOG:  database system was shut down at 2024-02-09 15:10:03 EST
LOG:  checkpoint record is at 0/BB11A8
LOG:  redo record is at 0/BB11A8; undo record is at 0/0; shutdown TRUE
LOG:  next transaction ID: 26196; next OID: 22147
LOG:  database system is ready

POSTGRES backend interactive interface 
$Revision: 1.375.2.5 $ $Date: 2005/12/14 17:07:00 $

backend> LOG:  QUERY STATISTICS
DETAIL:  ! system usage stats:
	!	0.039781 elapsed 0.004696 user 0.000085 system sec
	!	[0.006916 user 0.002305 sys total]
	!	0/0 [0/64] filesystem blocks in/out
	!	116/59 [163/438] page faults/reclaims, 0 [0] swaps
	!	0 [0] signals rcvd, 0/0 [0/0] messages rcvd/sent
	!	31/1 [79/9] voluntary/involuntary context switches
	! buffer usage stats:
	!	Shared blocks:        111 read,          0 written, buffer hit rate = 61.05%
	!	Local  blocks:          0 read,          0 written, buffer hit rate = 0.00%
	!	Direct blocks:          0 read,          0 written
	 1: count	(typeid = 20, len = 8, typmod = -1, byval = f)
	----
	 1: count = "579"	(typeid = 20, len = 8, typmod = -1, byval = f)
	----
backend> LOG:  shutting down
LOG:  database system is shut down
LOG:  database system was shut down at 2024-02-09 15:10:03 EST
LOG:  checkpoint record is at 0/BB11F0
LOG:  redo record is at 0/BB11F0; undo record is at 0/0; shutdown TRUE
LOG:  next transaction ID: 26198; next OID: 22147
LOG:  database system is ready

POSTGRES backend interactive interface 
$Revision: 1.375.2.5 $ $Date: 2005/12/14 17:07:00 $

backend> LOG:  QUERY STATISTICS
DETAIL:  ! system usage stats:
	!	0.044984 elapsed 0.005191 user 0.000000 system sec
	!	[0.009701 user 0.000000 sys total]
	!	0/0 [8/56] filesystem blocks in/out
	!	116/57 [163/434] page faults/reclaims, 0 [0] swaps
	!	0 [0] signals rcvd, 0/0 [0/0] messages rcvd/sent
	!	31/0 [79/2] voluntary/involuntary context switches
	! buffer usage stats:
	!	Shared blocks:        114 read,          0 written, buffer hit rate = 60.96%
	!	Local  blocks:          0 read,          0 written, buffer hit rate = 0.00%
	!	Direct blocks:          0 read,          0 written
	 1: count	(typeid = 20, len = 8, typmod = -1, byval = f)
	----
	 1: count = "2479"	(typeid = 20, len = 8, typmod = -1, byval = f)
	----
backend> LOG:  shutting down
LOG:  database system is shut down
LOG:  database system was shut down at 2024-02-09 15:10:03 EST
LOG:  checkpoint record is at 0/BB1238
LOG:  redo record is at 0/BB1238; undo record is at 0/0; shutdown TRUE
LOG:  next transaction ID: 26200; next OID: 22147
LOG:  database system is ready

POSTGRES backend interactive interface 
$Revision: 1.375.2.5 $ $Date: 2005/12/14 17:07:00 $

backend> LOG:  QUERY STATISTICS
DETAIL:  ! system usage stats:
	!	0.114267 elapsed 0.004878 user 0.000180 system sec
	!	[0.004878 user 0.004878 sys total]
	!	0/0 [0/56] filesystem blocks in/out
	!	116/56 [163/437] page faults/reclaims, 0 [0] swaps
	!	0 [0] signals rcvd, 0/0 [0/0] messages rcvd/sent
	!	31/1 [80/2] voluntary/involuntary context switches
	! buffer usage stats:
	!	Shared blocks:        114 read,          0 written, buffer hit rate = 60.14%
	!	Local  blocks:          0 read,          0 written, buffer hit rate = 0.00%
	!	Direct blocks:          0 read,          0 written
	 1: count	(typeid = 20, len = 8, typmod = -1, byval = f)
	----
	 1: count = "1473"	(typeid = 20, len = 8, typmod = -1, byval = f)
	----
backend> LOG:  shutting down
LOG:  database system is shut down
