LOG:  database system was shut down at 2024-02-06 18:47:14 EST
LOG:  checkpoint record is at 0/C1F768
LOG:  redo record is at 0/C1F768; undo record is at 0/0; shutdown TRUE
LOG:  next transaction ID: 10036; next OID: 27152
LOG:  database system is ready

POSTGRES backend interactive interface 
$Revision: 1.375.2.5 $ $Date: 2005/12/14 17:07:00 $

backend> LOG:  QUERY STATISTICS
DETAIL:  ! system usage stats:
	!	0.038168 elapsed 0.002068 user 0.000000 system sec
	!	[0.006596 user 0.000000 sys total]
	!	0/0 [0/56] filesystem blocks in/out
	!	138/60 [188/441] page faults/reclaims, 0 [0] swaps
	!	0 [0] signals rcvd, 0/0 [0/0] messages rcvd/sent
	!	35/0 [83/1] voluntary/involuntary context switches
	! buffer usage stats:
	!	Shared blocks:         82 read,          0 written, buffer hit rate = 72.58%
	!	Local  blocks:          0 read,          0 written, buffer hit rate = 0.00%
	!	Direct blocks:          0 read,          0 written
	 1: count	(typeid = 20, len = 8, typmod = -1, byval = f)
	----
	 1: count = "41"	(typeid = 20, len = 8, typmod = -1, byval = f)
	----
backend> LOG:  shutting down
LOG:  database system is shut down
LOG:  database system was shut down at 2024-02-06 18:47:15 EST
LOG:  checkpoint record is at 0/C1F7B0
LOG:  redo record is at 0/C1F7B0; undo record is at 0/0; shutdown TRUE
LOG:  next transaction ID: 10038; next OID: 27152
LOG:  database system is ready

POSTGRES backend interactive interface 
$Revision: 1.375.2.5 $ $Date: 2005/12/14 17:07:00 $

backend> LOG:  QUERY STATISTICS
DETAIL:  ! system usage stats:
	!	0.032821 elapsed 0.004652 user 0.000000 system sec
	!	[0.008919 user 0.000000 sys total]
	!	0/0 [0/56] filesystem blocks in/out
	!	138/52 [188/434] page faults/reclaims, 0 [0] swaps
	!	0 [0] signals rcvd, 0/0 [0/0] messages rcvd/sent
	!	29/3 [77/4] voluntary/involuntary context switches
	! buffer usage stats:
	!	Shared blocks:        110 read,          0 written, buffer hit rate = 57.36%
	!	Local  blocks:          0 read,          0 written, buffer hit rate = 0.00%
	!	Direct blocks:          0 read,          0 written
	 1: count	(typeid = 20, len = 8, typmod = -1, byval = f)
	----
	 1: count = "50"	(typeid = 20, len = 8, typmod = -1, byval = f)
	----
backend> LOG:  shutting down
LOG:  database system is shut down
LOG:  database system was shut down at 2024-02-06 18:47:16 EST
LOG:  checkpoint record is at 0/C1F7F8
LOG:  redo record is at 0/C1F7F8; undo record is at 0/0; shutdown TRUE
LOG:  next transaction ID: 10040; next OID: 27152
LOG:  database system is ready

POSTGRES backend interactive interface 
$Revision: 1.375.2.5 $ $Date: 2005/12/14 17:07:00 $

backend> LOG:  QUERY STATISTICS
DETAIL:  ! system usage stats:
	!	0.038141 elapsed 0.000000 user 0.002147 system sec
	!	[0.004559 user 0.002147 sys total]
	!	0/0 [0/56] filesystem blocks in/out
	!	138/61 [188/441] page faults/reclaims, 0 [0] swaps
	!	0 [0] signals rcvd, 0/0 [0/0] messages rcvd/sent
	!	35/1 [82/1] voluntary/involuntary context switches
	! buffer usage stats:
	!	Shared blocks:         85 read,          0 written, buffer hit rate = 76.26%
	!	Local  blocks:          0 read,          0 written, buffer hit rate = 0.00%
	!	Direct blocks:          0 read,          0 written
	 1: count	(typeid = 20, len = 8, typmod = -1, byval = f)
	----
	 1: count = "99"	(typeid = 20, len = 8, typmod = -1, byval = f)
	----
backend> LOG:  shutting down
LOG:  database system is shut down
LOG:  database system was shut down at 2024-02-06 18:47:17 EST
LOG:  checkpoint record is at 0/C1F840
LOG:  redo record is at 0/C1F840; undo record is at 0/0; shutdown TRUE
LOG:  next transaction ID: 10042; next OID: 27152
LOG:  database system is ready

POSTGRES backend interactive interface 
$Revision: 1.375.2.5 $ $Date: 2005/12/14 17:07:00 $

backend> LOG:  QUERY STATISTICS
DETAIL:  ! system usage stats:
	!	0.035693 elapsed 0.002657 user 0.000000 system sec
	!	[0.002657 user 0.004537 sys total]
	!	0/0 [0/56] filesystem blocks in/out
	!	138/61 [188/443] page faults/reclaims, 0 [0] swaps
	!	0 [0] signals rcvd, 0/0 [0/0] messages rcvd/sent
	!	35/1 [82/3] voluntary/involuntary context switches
	! buffer usage stats:
	!	Shared blocks:         91 read,          0 written, buffer hit rate = 92.78%
	!	Local  blocks:          0 read,          0 written, buffer hit rate = 0.00%
	!	Direct blocks:          0 read,          0 written
	 1: count	(typeid = 20, len = 8, typmod = -1, byval = f)
	----
	 1: count = "1000"	(typeid = 20, len = 8, typmod = -1, byval = f)
	----
backend> LOG:  shutting down
LOG:  database system is shut down
LOG:  database system was shut down at 2024-02-06 18:47:18 EST
LOG:  checkpoint record is at 0/C1F888
LOG:  redo record is at 0/C1F888; undo record is at 0/0; shutdown TRUE
LOG:  next transaction ID: 10044; next OID: 27152
LOG:  database system is ready

POSTGRES backend interactive interface 
$Revision: 1.375.2.5 $ $Date: 2005/12/14 17:07:00 $

backend> LOG:  QUERY STATISTICS
DETAIL:  ! system usage stats:
	!	0.035332 elapsed 0.005529 user 0.000000 system sec
	!	[0.010068 user 0.000000 sys total]
	!	0/0 [0/56] filesystem blocks in/out
	!	138/54 [188/433] page faults/reclaims, 0 [0] swaps
	!	0 [0] signals rcvd, 0/0 [0/0] messages rcvd/sent
	!	29/1 [76/2] voluntary/involuntary context switches
	! buffer usage stats:
	!	Shared blocks:        110 read,          0 written, buffer hit rate = 57.36%
	!	Local  blocks:          0 read,          0 written, buffer hit rate = 0.00%
	!	Direct blocks:          0 read,          0 written
	 1: count	(typeid = 20, len = 8, typmod = -1, byval = f)
	----
	 1: count = "2500"	(typeid = 20, len = 8, typmod = -1, byval = f)
	----
backend> LOG:  shutting down
LOG:  database system is shut down
LOG:  database system was shut down at 2024-02-06 18:47:19 EST
LOG:  checkpoint record is at 0/C1F8D0
LOG:  redo record is at 0/C1F8D0; undo record is at 0/0; shutdown TRUE
LOG:  next transaction ID: 10046; next OID: 27152
LOG:  database system is ready

POSTGRES backend interactive interface 
$Revision: 1.375.2.5 $ $Date: 2005/12/14 17:07:00 $

backend> LOG:  QUERY STATISTICS
DETAIL:  ! system usage stats:
	!	0.037291 elapsed 0.004332 user 0.000932 system sec
	!	[0.005799 user 0.003866 sys total]
	!	0/0 [8/56] filesystem blocks in/out
	!	138/58 [188/441] page faults/reclaims, 0 [0] swaps
	!	0 [0] signals rcvd, 0/0 [0/0] messages rcvd/sent
	!	33/8 [81/14] voluntary/involuntary context switches
	! buffer usage stats:
	!	Shared blocks:        112 read,          0 written, buffer hit rate = 61.11%
	!	Local  blocks:          0 read,          0 written, buffer hit rate = 0.00%
	!	Direct blocks:          0 read,          0 written
	 1: count	(typeid = 20, len = 8, typmod = -1, byval = f)
	----
	 1: count = "999"	(typeid = 20, len = 8, typmod = -1, byval = f)
	----
backend> LOG:  shutting down
LOG:  database system is shut down
LOG:  database system was shut down at 2024-02-06 18:47:20 EST
LOG:  checkpoint record is at 0/C1F918
LOG:  redo record is at 0/C1F918; undo record is at 0/0; shutdown TRUE
LOG:  next transaction ID: 10048; next OID: 27152
LOG:  database system is ready

POSTGRES backend interactive interface 
$Revision: 1.375.2.5 $ $Date: 2005/12/14 17:07:00 $

backend> LOG:  QUERY STATISTICS
DETAIL:  ! system usage stats:
	!	0.041808 elapsed 0.002209 user 0.000000 system sec
	!	[0.006661 user 0.000000 sys total]
	!	0/0 [0/56] filesystem blocks in/out
	!	138/62 [188/442] page faults/reclaims, 0 [0] swaps
	!	0 [0] signals rcvd, 0/0 [0/0] messages rcvd/sent
	!	35/0 [82/1] voluntary/involuntary context switches
	! buffer usage stats:
	!	Shared blocks:         85 read,          0 written, buffer hit rate = 84.82%
	!	Local  blocks:          0 read,          0 written, buffer hit rate = 0.00%
	!	Direct blocks:          0 read,          0 written
	 1: count	(typeid = 20, len = 8, typmod = -1, byval = f)
	----
	 1: count = "301"	(typeid = 20, len = 8, typmod = -1, byval = f)
	----
backend> LOG:  shutting down
LOG:  database system is shut down
LOG:  database system was shut down at 2024-02-06 18:47:22 EST
LOG:  checkpoint record is at 0/C1F960
LOG:  redo record is at 0/C1F960; undo record is at 0/0; shutdown TRUE
LOG:  next transaction ID: 10050; next OID: 27152
LOG:  database system is ready

POSTGRES backend interactive interface 
$Revision: 1.375.2.5 $ $Date: 2005/12/14 17:07:00 $

backend> LOG:  QUERY STATISTICS
DETAIL:  ! system usage stats:
	!	0.037452 elapsed 0.000000 user 0.002085 system sec
	!	[0.004346 user 0.002085 sys total]
	!	0/0 [0/64] filesystem blocks in/out
	!	138/60 [188/439] page faults/reclaims, 0 [0] swaps
	!	0 [0] signals rcvd, 0/0 [0/0] messages rcvd/sent
	!	36/0 [83/1] voluntary/involuntary context switches
	! buffer usage stats:
	!	Shared blocks:         83 read,          0 written, buffer hit rate = 76.88%
	!	Local  blocks:          0 read,          0 written, buffer hit rate = 0.00%
	!	Direct blocks:          0 read,          0 written
	 1: count	(typeid = 20, len = 8, typmod = -1, byval = f)
	----
	 1: count = "101"	(typeid = 20, len = 8, typmod = -1, byval = f)
	----
backend> LOG:  shutting down
LOG:  database system is shut down
LOG:  database system was shut down at 2024-02-06 18:47:23 EST
LOG:  checkpoint record is at 0/C1F9A8
LOG:  redo record is at 0/C1F9A8; undo record is at 0/0; shutdown TRUE
LOG:  next transaction ID: 10052; next OID: 27152
LOG:  database system is ready

POSTGRES backend interactive interface 
$Revision: 1.375.2.5 $ $Date: 2005/12/14 17:07:00 $

backend> LOG:  QUERY STATISTICS
DETAIL:  ! system usage stats:
	!	0.035704 elapsed 0.001313 user 0.000656 system sec
	!	[0.004233 user 0.002116 sys total]
	!	0/0 [0/56] filesystem blocks in/out
	!	138/59 [188/443] page faults/reclaims, 0 [0] swaps
	!	0 [0] signals rcvd, 0/0 [0/0] messages rcvd/sent
	!	35/8 [82/15] voluntary/involuntary context switches
	! buffer usage stats:
	!	Shared blocks:         83 read,          0 written, buffer hit rate = 76.88%
	!	Local  blocks:          0 read,          0 written, buffer hit rate = 0.00%
	!	Direct blocks:          0 read,          0 written
	 1: count	(typeid = 20, len = 8, typmod = -1, byval = f)
	----
	 1: count = "101"	(typeid = 20, len = 8, typmod = -1, byval = f)
	----
backend> LOG:  shutting down
LOG:  database system is shut down
LOG:  database system was shut down at 2024-02-06 18:47:24 EST
LOG:  checkpoint record is at 0/C1F9F0
LOG:  redo record is at 0/C1F9F0; undo record is at 0/0; shutdown TRUE
LOG:  next transaction ID: 10054; next OID: 27152
LOG:  database system is ready

POSTGRES backend interactive interface 
$Revision: 1.375.2.5 $ $Date: 2005/12/14 17:07:00 $

backend> LOG:  QUERY STATISTICS
DETAIL:  ! system usage stats:
	!	0.036931 elapsed 0.001975 user 0.000000 system sec
	!	[0.006477 user 0.000000 sys total]
	!	0/0 [0/56] filesystem blocks in/out
	!	138/59 [188/442] page faults/reclaims, 0 [0] swaps
	!	0 [0] signals rcvd, 0/0 [0/0] messages rcvd/sent
	!	35/0 [82/1] voluntary/involuntary context switches
	! buffer usage stats:
	!	Shared blocks:         83 read,          0 written, buffer hit rate = 71.38%
	!	Local  blocks:          0 read,          0 written, buffer hit rate = 0.00%
	!	Direct blocks:          0 read,          0 written
	 1: count	(typeid = 20, len = 8, typmod = -1, byval = f)
	----
	 1: count = "31"	(typeid = 20, len = 8, typmod = -1, byval = f)
	----
backend> LOG:  shutting down
LOG:  database system is shut down
