LOG:  database system was shut down at 2024-02-06 22:35:31 EST
LOG:  checkpoint record is at 0/AE20E8
LOG:  redo record is at 0/AE20E8; undo record is at 0/0; shutdown TRUE
LOG:  next transaction ID: 631; next OID: 22147
LOG:  database system is ready

POSTGRES backend interactive interface 
$Revision: 1.375.2.5 $ $Date: 2005/12/14 17:07:00 $

backend> LOG:  QUERY STATISTICS
DETAIL:  ! system usage stats:
	!	0.037038 elapsed 0.002201 user 0.002201 system sec
	!	[0.004558 user 0.004558 sys total]
	!	0/0 [0/56] filesystem blocks in/out
	!	138/50 [188/436] page faults/reclaims, 0 [0] swaps
	!	0 [0] signals rcvd, 0/0 [0/0] messages rcvd/sent
	!	31/0 [78/1] voluntary/involuntary context switches
	! buffer usage stats:
	!	Shared blocks:        109 read,          0 written, buffer hit rate = 53.81%
	!	Local  blocks:          0 read,          0 written, buffer hit rate = 0.00%
	!	Direct blocks:          0 read,          0 written
	 1: count	(typeid = 20, len = 8, typmod = -1, byval = f)
	----
	 1: count = "2175"	(typeid = 20, len = 8, typmod = -1, byval = f)
	----
backend> LOG:  shutting down
LOG:  database system is shut down
LOG:  database system was shut down at 2024-02-06 22:35:32 EST
LOG:  checkpoint record is at 0/AE2130
LOG:  redo record is at 0/AE2130; undo record is at 0/0; shutdown TRUE
LOG:  next transaction ID: 633; next OID: 22147
LOG:  database system is ready

POSTGRES backend interactive interface 
$Revision: 1.375.2.5 $ $Date: 2005/12/14 17:07:00 $

backend> LOG:  QUERY STATISTICS
DETAIL:  ! system usage stats:
	!	0.033351 elapsed 0.005004 user 0.000000 system sec
	!	[0.011074 user 0.000000 sys total]
	!	0/0 [0/56] filesystem blocks in/out
	!	138/52 [188/435] page faults/reclaims, 0 [0] swaps
	!	0 [0] signals rcvd, 0/0 [0/0] messages rcvd/sent
	!	29/2 [76/2] voluntary/involuntary context switches
	! buffer usage stats:
	!	Shared blocks:        112 read,          0 written, buffer hit rate = 57.25%
	!	Local  blocks:          0 read,          0 written, buffer hit rate = 0.00%
	!	Direct blocks:          0 read,          0 written
	 1: count	(typeid = 20, len = 8, typmod = -1, byval = f)
	----
	 1: count = "1051"	(typeid = 20, len = 8, typmod = -1, byval = f)
	----
backend> LOG:  shutting down
LOG:  database system is shut down
LOG:  database system was shut down at 2024-02-06 22:35:34 EST
LOG:  checkpoint record is at 0/AE2178
LOG:  redo record is at 0/AE2178; undo record is at 0/0; shutdown TRUE
LOG:  next transaction ID: 635; next OID: 22147
LOG:  database system is ready

POSTGRES backend interactive interface 
$Revision: 1.375.2.5 $ $Date: 2005/12/14 17:07:00 $

backend> LOG:  QUERY STATISTICS
DETAIL:  ! system usage stats:
	!	0.035874 elapsed 0.004877 user 0.000000 system sec
	!	[0.009444 user 0.000000 sys total]
	!	0/0 [0/56] filesystem blocks in/out
	!	138/57 [188/442] page faults/reclaims, 0 [0] swaps
	!	0 [0] signals rcvd, 0/0 [0/0] messages rcvd/sent
	!	31/1 [78/1] voluntary/involuntary context switches
	! buffer usage stats:
	!	Shared blocks:        110 read,          0 written, buffer hit rate = 61.40%
	!	Local  blocks:          0 read,          0 written, buffer hit rate = 0.00%
	!	Direct blocks:          0 read,          0 written
	 1: count	(typeid = 20, len = 8, typmod = -1, byval = f)
	----
	 1: count = "541"	(typeid = 20, len = 8, typmod = -1, byval = f)
	----
backend> LOG:  shutting down
LOG:  database system is shut down
LOG:  database system was shut down at 2024-02-06 22:35:35 EST
LOG:  checkpoint record is at 0/AE21C0
LOG:  redo record is at 0/AE21C0; undo record is at 0/0; shutdown TRUE
LOG:  next transaction ID: 637; next OID: 22147
LOG:  database system is ready

POSTGRES backend interactive interface 
$Revision: 1.375.2.5 $ $Date: 2005/12/14 17:07:00 $

backend> LOG:  QUERY STATISTICS
DETAIL:  ! system usage stats:
	!	0.039488 elapsed 0.005877 user 0.000000 system sec
	!	[0.010433 user 0.000000 sys total]
	!	0/0 [0/56] filesystem blocks in/out
	!	138/60 [188/443] page faults/reclaims, 0 [0] swaps
	!	0 [0] signals rcvd, 0/0 [0/0] messages rcvd/sent
	!	31/2 [78/3] voluntary/involuntary context switches
	! buffer usage stats:
	!	Shared blocks:        112 read,          0 written, buffer hit rate = 62.42%
	!	Local  blocks:          0 read,          0 written, buffer hit rate = 0.00%
	!	Direct blocks:          0 read,          0 written
	 1: count	(typeid = 20, len = 8, typmod = -1, byval = f)
	----
	 1: count = "1326"	(typeid = 20, len = 8, typmod = -1, byval = f)
	----
backend> LOG:  shutting down
LOG:  database system is shut down
LOG:  database system was shut down at 2024-02-06 22:35:36 EST
LOG:  checkpoint record is at 0/AE2208
LOG:  redo record is at 0/AE2208; undo record is at 0/0; shutdown TRUE
LOG:  next transaction ID: 639; next OID: 22147
LOG:  database system is ready

POSTGRES backend interactive interface 
$Revision: 1.375.2.5 $ $Date: 2005/12/14 17:07:00 $

backend> LOG:  QUERY STATISTICS
DETAIL:  ! system usage stats:
	!	0.035535 elapsed 0.006014 user 0.000000 system sec
	!	[0.010625 user 0.000000 sys total]
	!	0/0 [0/56] filesystem blocks in/out
	!	138/53 [188/440] page faults/reclaims, 0 [0] swaps
	!	0 [0] signals rcvd, 0/0 [0/0] messages rcvd/sent
	!	29/3 [76/3] voluntary/involuntary context switches
	! buffer usage stats:
	!	Shared blocks:        112 read,          0 written, buffer hit rate = 57.89%
	!	Local  blocks:          0 read,          0 written, buffer hit rate = 0.00%
	!	Direct blocks:          0 read,          0 written
	 1: count	(typeid = 20, len = 8, typmod = -1, byval = f)
	----
	 1: count = "340"	(typeid = 20, len = 8, typmod = -1, byval = f)
	----
backend> LOG:  shutting down
LOG:  database system is shut down
LOG:  database system was shut down at 2024-02-06 22:35:37 EST
LOG:  checkpoint record is at 0/AE2250
LOG:  redo record is at 0/AE2250; undo record is at 0/0; shutdown TRUE
LOG:  next transaction ID: 641; next OID: 22147
LOG:  database system is ready

POSTGRES backend interactive interface 
$Revision: 1.375.2.5 $ $Date: 2005/12/14 17:07:00 $

backend> LOG:  QUERY STATISTICS
DETAIL:  ! system usage stats:
	!	0.037249 elapsed 0.005251 user 0.000000 system sec
	!	[0.010016 user 0.000000 sys total]
	!	0/0 [0/56] filesystem blocks in/out
	!	138/59 [188/440] page faults/reclaims, 0 [0] swaps
	!	0 [0] signals rcvd, 0/0 [0/0] messages rcvd/sent
	!	31/0 [78/0] voluntary/involuntary context switches
	! buffer usage stats:
	!	Shared blocks:        112 read,          0 written, buffer hit rate = 61.64%
	!	Local  blocks:          0 read,          0 written, buffer hit rate = 0.00%
	!	Direct blocks:          0 read,          0 written
	 1: count	(typeid = 20, len = 8, typmod = -1, byval = f)
	----
	 1: count = "1794"	(typeid = 20, len = 8, typmod = -1, byval = f)
	----
backend> LOG:  shutting down
LOG:  database system is shut down
LOG:  database system was shut down at 2024-02-06 22:35:38 EST
LOG:  checkpoint record is at 0/AE2298
LOG:  redo record is at 0/AE2298; undo record is at 0/0; shutdown TRUE
LOG:  next transaction ID: 643; next OID: 22147
LOG:  database system is ready

POSTGRES backend interactive interface 
$Revision: 1.375.2.5 $ $Date: 2005/12/14 17:07:00 $

backend> LOG:  QUERY STATISTICS
DETAIL:  ! system usage stats:
	!	0.036166 elapsed 0.003864 user 0.000000 system sec
	!	[0.008481 user 0.000000 sys total]
	!	0/0 [0/56] filesystem blocks in/out
	!	138/50 [188/434] page faults/reclaims, 0 [0] swaps
	!	0 [0] signals rcvd, 0/0 [0/0] messages rcvd/sent
	!	31/0 [79/0] voluntary/involuntary context switches
	! buffer usage stats:
	!	Shared blocks:        109 read,          0 written, buffer hit rate = 53.81%
	!	Local  blocks:          0 read,          0 written, buffer hit rate = 0.00%
	!	Direct blocks:          0 read,          0 written
	 1: count	(typeid = 20, len = 8, typmod = -1, byval = f)
	----
	 1: count = "729"	(typeid = 20, len = 8, typmod = -1, byval = f)
	----
backend> LOG:  shutting down
LOG:  database system is shut down
LOG:  database system was shut down at 2024-02-06 22:35:39 EST
LOG:  checkpoint record is at 0/AE22E0
LOG:  redo record is at 0/AE22E0; undo record is at 0/0; shutdown TRUE
LOG:  next transaction ID: 645; next OID: 22147
LOG:  database system is ready

POSTGRES backend interactive interface 
$Revision: 1.375.2.5 $ $Date: 2005/12/14 17:07:00 $

backend> LOG:  QUERY STATISTICS
DETAIL:  ! system usage stats:
	!	0.045457 elapsed 0.000000 user 0.004807 system sec
	!	[0.000000 user 0.009397 sys total]
	!	0/0 [0/64] filesystem blocks in/out
	!	138/57 [188/439] page faults/reclaims, 0 [0] swaps
	!	0 [0] signals rcvd, 0/0 [0/0] messages rcvd/sent
	!	31/0 [72/2] voluntary/involuntary context switches
	! buffer usage stats:
	!	Shared blocks:        110 read,          0 written, buffer hit rate = 61.40%
	!	Local  blocks:          0 read,          0 written, buffer hit rate = 0.00%
	!	Direct blocks:          0 read,          0 written
	 1: count	(typeid = 20, len = 8, typmod = -1, byval = f)
	----
	 1: count = "579"	(typeid = 20, len = 8, typmod = -1, byval = f)
	----
backend> LOG:  shutting down
LOG:  database system is shut down
LOG:  database system was shut down at 2024-02-06 22:35:40 EST
LOG:  checkpoint record is at 0/AE2328
LOG:  redo record is at 0/AE2328; undo record is at 0/0; shutdown TRUE
LOG:  next transaction ID: 647; next OID: 22147
LOG:  database system is ready

POSTGRES backend interactive interface 
$Revision: 1.375.2.5 $ $Date: 2005/12/14 17:07:00 $

backend> LOG:  QUERY STATISTICS
DETAIL:  ! system usage stats:
	!	0.035936 elapsed 0.004875 user 0.000246 system sec
	!	[0.004875 user 0.004875 sys total]
	!	0/0 [0/56] filesystem blocks in/out
	!	138/58 [188/442] page faults/reclaims, 0 [0] swaps
	!	0 [0] signals rcvd, 0/0 [0/0] messages rcvd/sent
	!	31/1 [74/1] voluntary/involuntary context switches
	! buffer usage stats:
	!	Shared blocks:        112 read,          0 written, buffer hit rate = 61.64%
	!	Local  blocks:          0 read,          0 written, buffer hit rate = 0.00%
	!	Direct blocks:          0 read,          0 written
	 1: count	(typeid = 20, len = 8, typmod = -1, byval = f)
	----
	 1: count = "2479"	(typeid = 20, len = 8, typmod = -1, byval = f)
	----
backend> LOG:  shutting down
LOG:  database system is shut down
LOG:  database system was shut down at 2024-02-06 22:35:42 EST
LOG:  checkpoint record is at 0/AE2370
LOG:  redo record is at 0/AE2370; undo record is at 0/0; shutdown TRUE
LOG:  next transaction ID: 649; next OID: 22147
LOG:  database system is ready

POSTGRES backend interactive interface 
$Revision: 1.375.2.5 $ $Date: 2005/12/14 17:07:00 $

backend> LOG:  QUERY STATISTICS
DETAIL:  ! system usage stats:
	!	0.035592 elapsed 0.000274 user 0.004759 system sec
	!	[0.004759 user 0.004759 sys total]
	!	0/0 [0/56] filesystem blocks in/out
	!	138/59 [188/442] page faults/reclaims, 0 [0] swaps
	!	0 [0] signals rcvd, 0/0 [0/0] messages rcvd/sent
	!	31/1 [74/1] voluntary/involuntary context switches
	! buffer usage stats:
	!	Shared blocks:        112 read,          0 written, buffer hit rate = 60.84%
	!	Local  blocks:          0 read,          0 written, buffer hit rate = 0.00%
	!	Direct blocks:          0 read,          0 written
	 1: count	(typeid = 20, len = 8, typmod = -1, byval = f)
	----
	 1: count = "1473"	(typeid = 20, len = 8, typmod = -1, byval = f)
	----
backend> LOG:  shutting down
LOG:  database system is shut down
