LOG:  database system was shut down at 2024-02-09 19:05:16 EST
LOG:  checkpoint record is at 0/C0D498
LOG:  redo record is at 0/C0D498; undo record is at 0/0; shutdown TRUE
LOG:  next transaction ID: 40870; next OID: 22147
LOG:  database system is ready

POSTGRES backend interactive interface 
$Revision: 1.375.2.5 $ $Date: 2005/12/14 17:07:00 $

backend> LOG:  QUERY STATISTICS
DETAIL:  ! system usage stats:
	!	0.116769 elapsed 0.004552 user 0.000000 system sec
	!	[0.008864 user 0.000000 sys total]
	!	0/0 [0/56] filesystem blocks in/out
	!	189/49 [237/441] page faults/reclaims, 0 [0] swaps
	!	0 [0] signals rcvd, 0/0 [0/0] messages rcvd/sent
	!	32/1 [82/2] voluntary/involuntary context switches
	! buffer usage stats:
	!	Shared blocks:        109 read,          0 written, buffer hit rate = 53.81%
	!	Local  blocks:          0 read,          0 written, buffer hit rate = 0.00%
	!	Direct blocks:          0 read,          0 written
	 1: count	(typeid = 20, len = 8, typmod = -1, byval = f)
	----
	 1: count = "2175"	(typeid = 20, len = 8, typmod = -1, byval = f)
	----
backend> LOG:  shutting down
LOG:  database system is shut down
LOG:  database system was shut down at 2024-02-09 19:05:17 EST
LOG:  checkpoint record is at 0/C0D4E0
LOG:  redo record is at 0/C0D4E0; undo record is at 0/0; shutdown TRUE
LOG:  next transaction ID: 40872; next OID: 22147
LOG:  database system is ready

POSTGRES backend interactive interface 
$Revision: 1.375.2.5 $ $Date: 2005/12/14 17:07:00 $

backend> LOG:  QUERY STATISTICS
DETAIL:  ! system usage stats:
	!	0.036508 elapsed 0.005384 user 0.000000 system sec
	!	[0.009843 user 0.000000 sys total]
	!	0/0 [0/56] filesystem blocks in/out
	!	189/53 [237/443] page faults/reclaims, 0 [0] swaps
	!	0 [0] signals rcvd, 0/0 [0/0] messages rcvd/sent
	!	29/2 [78/7] voluntary/involuntary context switches
	! buffer usage stats:
	!	Shared blocks:        112 read,          0 written, buffer hit rate = 57.25%
	!	Local  blocks:          0 read,          0 written, buffer hit rate = 0.00%
	!	Direct blocks:          0 read,          0 written
	 1: count	(typeid = 20, len = 8, typmod = -1, byval = f)
	----
	 1: count = "1051"	(typeid = 20, len = 8, typmod = -1, byval = f)
	----
backend> LOG:  shutting down
LOG:  database system is shut down
LOG:  database system was shut down at 2024-02-09 19:05:17 EST
LOG:  checkpoint record is at 0/C0D528
LOG:  redo record is at 0/C0D528; undo record is at 0/0; shutdown TRUE
LOG:  next transaction ID: 40874; next OID: 22147
LOG:  database system is ready

POSTGRES backend interactive interface 
$Revision: 1.375.2.5 $ $Date: 2005/12/14 17:07:00 $

backend> LOG:  QUERY STATISTICS
DETAIL:  ! system usage stats:
	!	0.113207 elapsed 0.005464 user 0.000000 system sec
	!	[0.009791 user 0.000000 sys total]
	!	0/0 [0/56] filesystem blocks in/out
	!	189/59 [237/451] page faults/reclaims, 0 [0] swaps
	!	0 [0] signals rcvd, 0/0 [0/0] messages rcvd/sent
	!	31/0 [80/7] voluntary/involuntary context switches
	! buffer usage stats:
	!	Shared blocks:        110 read,          0 written, buffer hit rate = 61.40%
	!	Local  blocks:          0 read,          0 written, buffer hit rate = 0.00%
	!	Direct blocks:          0 read,          0 written
	 1: count	(typeid = 20, len = 8, typmod = -1, byval = f)
	----
	 1: count = "541"	(typeid = 20, len = 8, typmod = -1, byval = f)
	----
backend> LOG:  shutting down
LOG:  database system is shut down
LOG:  database system was shut down at 2024-02-09 19:05:17 EST
LOG:  checkpoint record is at 0/C0D570
LOG:  redo record is at 0/C0D570; undo record is at 0/0; shutdown TRUE
LOG:  next transaction ID: 40876; next OID: 22147
LOG:  database system is ready

POSTGRES backend interactive interface 
$Revision: 1.375.2.5 $ $Date: 2005/12/14 17:07:00 $

backend> LOG:  QUERY STATISTICS
DETAIL:  ! system usage stats:
	!	0.035176 elapsed 0.005560 user 0.000000 system sec
	!	[0.010162 user 0.000000 sys total]
	!	0/0 [0/56] filesystem blocks in/out
	!	189/58 [237/446] page faults/reclaims, 0 [0] swaps
	!	0 [0] signals rcvd, 0/0 [0/0] messages rcvd/sent
	!	31/1 [80/1] voluntary/involuntary context switches
	! buffer usage stats:
	!	Shared blocks:        112 read,          0 written, buffer hit rate = 62.42%
	!	Local  blocks:          0 read,          0 written, buffer hit rate = 0.00%
	!	Direct blocks:          0 read,          0 written
	 1: count	(typeid = 20, len = 8, typmod = -1, byval = f)
	----
	 1: count = "1326"	(typeid = 20, len = 8, typmod = -1, byval = f)
	----
backend> LOG:  shutting down
LOG:  database system is shut down
LOG:  database system was shut down at 2024-02-09 19:05:17 EST
LOG:  checkpoint record is at 0/C0D5B8
LOG:  redo record is at 0/C0D5B8; undo record is at 0/0; shutdown TRUE
LOG:  next transaction ID: 40878; next OID: 22147
LOG:  database system is ready

POSTGRES backend interactive interface 
$Revision: 1.375.2.5 $ $Date: 2005/12/14 17:07:00 $

backend> LOG:  QUERY STATISTICS
DETAIL:  ! system usage stats:
	!	0.035211 elapsed 0.005975 user 0.000000 system sec
	!	[0.010509 user 0.000000 sys total]
	!	0/0 [0/56] filesystem blocks in/out
	!	189/55 [237/443] page faults/reclaims, 0 [0] swaps
	!	0 [0] signals rcvd, 0/0 [0/0] messages rcvd/sent
	!	29/0 [80/0] voluntary/involuntary context switches
	! buffer usage stats:
	!	Shared blocks:        112 read,          0 written, buffer hit rate = 57.89%
	!	Local  blocks:          0 read,          0 written, buffer hit rate = 0.00%
	!	Direct blocks:          0 read,          0 written
	 1: count	(typeid = 20, len = 8, typmod = -1, byval = f)
	----
	 1: count = "340"	(typeid = 20, len = 8, typmod = -1, byval = f)
	----
backend> LOG:  shutting down
LOG:  database system is shut down
LOG:  database system was shut down at 2024-02-09 19:05:17 EST
LOG:  checkpoint record is at 0/C0D600
LOG:  redo record is at 0/C0D600; undo record is at 0/0; shutdown TRUE
LOG:  next transaction ID: 40880; next OID: 22147
LOG:  database system is ready

POSTGRES backend interactive interface 
$Revision: 1.375.2.5 $ $Date: 2005/12/14 17:07:00 $

backend> LOG:  QUERY STATISTICS
DETAIL:  ! system usage stats:
	!	0.037158 elapsed 0.003129 user 0.001821 system sec
	!	[0.003129 user 0.006258 sys total]
	!	0/0 [0/56] filesystem blocks in/out
	!	189/59 [237/449] page faults/reclaims, 0 [0] swaps
	!	0 [0] signals rcvd, 0/0 [0/0] messages rcvd/sent
	!	32/7 [82/9] voluntary/involuntary context switches
	! buffer usage stats:
	!	Shared blocks:        112 read,          0 written, buffer hit rate = 61.64%
	!	Local  blocks:          0 read,          0 written, buffer hit rate = 0.00%
	!	Direct blocks:          0 read,          0 written
	 1: count	(typeid = 20, len = 8, typmod = -1, byval = f)
	----
	 1: count = "1794"	(typeid = 20, len = 8, typmod = -1, byval = f)
	----
backend> LOG:  shutting down
LOG:  database system is shut down
LOG:  database system was shut down at 2024-02-09 19:05:17 EST
LOG:  checkpoint record is at 0/C0D648
LOG:  redo record is at 0/C0D648; undo record is at 0/0; shutdown TRUE
LOG:  next transaction ID: 40882; next OID: 22147
LOG:  database system is ready

POSTGRES backend interactive interface 
$Revision: 1.375.2.5 $ $Date: 2005/12/14 17:07:00 $

backend> LOG:  QUERY STATISTICS
DETAIL:  ! system usage stats:
	!	0.041076 elapsed 0.002070 user 0.002070 system sec
	!	[0.004378 user 0.004378 sys total]
	!	0/0 [0/56] filesystem blocks in/out
	!	189/49 [237/439] page faults/reclaims, 0 [0] swaps
	!	0 [0] signals rcvd, 0/0 [0/0] messages rcvd/sent
	!	32/0 [83/0] voluntary/involuntary context switches
	! buffer usage stats:
	!	Shared blocks:        109 read,          0 written, buffer hit rate = 53.81%
	!	Local  blocks:          0 read,          0 written, buffer hit rate = 0.00%
	!	Direct blocks:          0 read,          0 written
	 1: count	(typeid = 20, len = 8, typmod = -1, byval = f)
	----
	 1: count = "729"	(typeid = 20, len = 8, typmod = -1, byval = f)
	----
backend> LOG:  shutting down
LOG:  database system is shut down
LOG:  database system was shut down at 2024-02-09 19:05:18 EST
LOG:  checkpoint record is at 0/C0D690
LOG:  redo record is at 0/C0D690; undo record is at 0/0; shutdown TRUE
LOG:  next transaction ID: 40884; next OID: 22147
LOG:  database system is ready

POSTGRES backend interactive interface 
$Revision: 1.375.2.5 $ $Date: 2005/12/14 17:07:00 $

backend> LOG:  QUERY STATISTICS
DETAIL:  ! system usage stats:
	!	0.117311 elapsed 0.004938 user 0.000000 system sec
	!	[0.009419 user 0.000000 sys total]
	!	0/0 [0/64] filesystem blocks in/out
	!	189/58 [237/449] page faults/reclaims, 0 [0] swaps
	!	0 [0] signals rcvd, 0/0 [0/0] messages rcvd/sent
	!	31/9 [84/9] voluntary/involuntary context switches
	! buffer usage stats:
	!	Shared blocks:        110 read,          0 written, buffer hit rate = 61.40%
	!	Local  blocks:          0 read,          0 written, buffer hit rate = 0.00%
	!	Direct blocks:          0 read,          0 written
	 1: count	(typeid = 20, len = 8, typmod = -1, byval = f)
	----
	 1: count = "579"	(typeid = 20, len = 8, typmod = -1, byval = f)
	----
backend> LOG:  shutting down
LOG:  database system is shut down
LOG:  database system was shut down at 2024-02-09 19:05:18 EST
LOG:  checkpoint record is at 0/C0D6D8
LOG:  redo record is at 0/C0D6D8; undo record is at 0/0; shutdown TRUE
LOG:  next transaction ID: 40886; next OID: 22147
LOG:  database system is ready

POSTGRES backend interactive interface 
$Revision: 1.375.2.5 $ $Date: 2005/12/14 17:07:00 $

backend> LOG:  QUERY STATISTICS
DETAIL:  ! system usage stats:
	!	0.123039 elapsed 0.004785 user 0.000377 system sec
	!	[0.004785 user 0.004785 sys total]
	!	0/0 [0/56] filesystem blocks in/out
	!	189/57 [237/449] page faults/reclaims, 0 [0] swaps
	!	0 [0] signals rcvd, 0/0 [0/0] messages rcvd/sent
	!	31/9 [83/17] voluntary/involuntary context switches
	! buffer usage stats:
	!	Shared blocks:        112 read,          0 written, buffer hit rate = 61.64%
	!	Local  blocks:          0 read,          0 written, buffer hit rate = 0.00%
	!	Direct blocks:          0 read,          0 written
	 1: count	(typeid = 20, len = 8, typmod = -1, byval = f)
	----
	 1: count = "2479"	(typeid = 20, len = 8, typmod = -1, byval = f)
	----
backend> LOG:  shutting down
LOG:  database system is shut down
LOG:  database system was shut down at 2024-02-09 19:05:18 EST
LOG:  checkpoint record is at 0/C0D720
LOG:  redo record is at 0/C0D720; undo record is at 0/0; shutdown TRUE
LOG:  next transaction ID: 40888; next OID: 22147
LOG:  database system is ready

POSTGRES backend interactive interface 
$Revision: 1.375.2.5 $ $Date: 2005/12/14 17:07:00 $

backend> LOG:  QUERY STATISTICS
DETAIL:  ! system usage stats:
	!	0.037664 elapsed 0.005459 user 0.000000 system sec
	!	[0.010444 user 0.000000 sys total]
	!	0/0 [0/56] filesystem blocks in/out
	!	189/59 [237/451] page faults/reclaims, 0 [0] swaps
	!	0 [0] signals rcvd, 0/0 [0/0] messages rcvd/sent
	!	31/26 [79/28] voluntary/involuntary context switches
	! buffer usage stats:
	!	Shared blocks:        112 read,          0 written, buffer hit rate = 60.84%
	!	Local  blocks:          0 read,          0 written, buffer hit rate = 0.00%
	!	Direct blocks:          0 read,          0 written
	 1: count	(typeid = 20, len = 8, typmod = -1, byval = f)
	----
	 1: count = "1473"	(typeid = 20, len = 8, typmod = -1, byval = f)
	----
backend> LOG:  shutting down
LOG:  database system is shut down
