LOG:  database system was shut down at 2024-02-09 19:05:24 EST
LOG:  checkpoint record is at 0/C0E2C0
LOG:  redo record is at 0/C0E2C0; undo record is at 0/0; shutdown TRUE
LOG:  next transaction ID: 40970; next OID: 22147
LOG:  database system is ready

POSTGRES backend interactive interface 
$Revision: 1.375.2.5 $ $Date: 2005/12/14 17:07:00 $

backend> LOG:  QUERY STATISTICS
DETAIL:  ! system usage stats:
	!	0.077707 elapsed 0.001992 user 0.000000 system sec
	!	[0.006036 user 0.000000 sys total]
	!	0/0 [0/56] filesystem blocks in/out
	!	28/60 [75/445] page faults/reclaims, 0 [0] swaps
	!	0 [0] signals rcvd, 0/0 [0/0] messages rcvd/sent
	!	35/4 [84/6] voluntary/involuntary context switches
	! buffer usage stats:
	!	Shared blocks:        128 read,          0 written, buffer hit rate = 57.19%
	!	Local  blocks:          0 read,          0 written, buffer hit rate = 0.00%
	!	Direct blocks:          0 read,          0 written
	 1: count	(typeid = 20, len = 8, typmod = -1, byval = f)
	----
	 1: count = "41"	(typeid = 20, len = 8, typmod = -1, byval = f)
	----
backend> LOG:  shutting down
LOG:  database system is shut down
LOG:  database system was shut down at 2024-02-09 19:05:25 EST
LOG:  checkpoint record is at 0/C0E308
LOG:  redo record is at 0/C0E308; undo record is at 0/0; shutdown TRUE
LOG:  next transaction ID: 40972; next OID: 22147
LOG:  database system is ready

POSTGRES backend interactive interface 
$Revision: 1.375.2.5 $ $Date: 2005/12/14 17:07:00 $

backend> LOG:  QUERY STATISTICS
DETAIL:  ! system usage stats:
	!	0.035019 elapsed 0.004967 user 0.000000 system sec
	!	[0.009159 user 0.000000 sys total]
	!	0/0 [0/56] filesystem blocks in/out
	!	28/56 [75/438] page faults/reclaims, 0 [0] swaps
	!	0 [0] signals rcvd, 0/0 [0/0] messages rcvd/sent
	!	29/4 [78/6] voluntary/involuntary context switches
	! buffer usage stats:
	!	Shared blocks:        151 read,          0 written, buffer hit rate = 41.47%
	!	Local  blocks:          0 read,          0 written, buffer hit rate = 0.00%
	!	Direct blocks:          0 read,          0 written
	 1: count	(typeid = 20, len = 8, typmod = -1, byval = f)
	----
	 1: count = "50"	(typeid = 20, len = 8, typmod = -1, byval = f)
	----
backend> LOG:  shutting down
LOG:  database system is shut down
LOG:  database system was shut down at 2024-02-09 19:05:25 EST
LOG:  checkpoint record is at 0/C0E350
LOG:  redo record is at 0/C0E350; undo record is at 0/0; shutdown TRUE
LOG:  next transaction ID: 40974; next OID: 22147
LOG:  database system is ready

POSTGRES backend interactive interface 
$Revision: 1.375.2.5 $ $Date: 2005/12/14 17:07:00 $

backend> LOG:  QUERY STATISTICS
DETAIL:  ! system usage stats:
	!	0.037471 elapsed 0.000000 user 0.001883 system sec
	!	[0.004135 user 0.001883 sys total]
	!	0/0 [0/56] filesystem blocks in/out
	!	28/59 [75/444] page faults/reclaims, 0 [0] swaps
	!	0 [0] signals rcvd, 0/0 [0/0] messages rcvd/sent
	!	35/0 [84/0] voluntary/involuntary context switches
	! buffer usage stats:
	!	Shared blocks:        130 read,          0 written, buffer hit rate = 63.69%
	!	Local  blocks:          0 read,          0 written, buffer hit rate = 0.00%
	!	Direct blocks:          0 read,          0 written
	 1: count	(typeid = 20, len = 8, typmod = -1, byval = f)
	----
	 1: count = "99"	(typeid = 20, len = 8, typmod = -1, byval = f)
	----
backend> LOG:  shutting down
LOG:  database system is shut down
LOG:  database system was shut down at 2024-02-09 19:05:25 EST
LOG:  checkpoint record is at 0/C0E398
LOG:  redo record is at 0/C0E398; undo record is at 0/0; shutdown TRUE
LOG:  next transaction ID: 40976; next OID: 22147
LOG:  database system is ready

POSTGRES backend interactive interface 
$Revision: 1.375.2.5 $ $Date: 2005/12/14 17:07:00 $

backend> LOG:  QUERY STATISTICS
DETAIL:  ! system usage stats:
	!	0.037201 elapsed 0.000000 user 0.002131 system sec
	!	[0.000000 user 0.006182 sys total]
	!	0/0 [0/56] filesystem blocks in/out
	!	28/60 [75/445] page faults/reclaims, 0 [0] swaps
	!	0 [0] signals rcvd, 0/0 [0/0] messages rcvd/sent
	!	35/5 [84/9] voluntary/involuntary context switches
	! buffer usage stats:
	!	Shared blocks:        137 read,          0 written, buffer hit rate = 89.14%
	!	Local  blocks:          0 read,          0 written, buffer hit rate = 0.00%
	!	Direct blocks:          0 read,          0 written
	 1: count	(typeid = 20, len = 8, typmod = -1, byval = f)
	----
	 1: count = "1000"	(typeid = 20, len = 8, typmod = -1, byval = f)
	----
backend> LOG:  shutting down
LOG:  database system is shut down
LOG:  database system was shut down at 2024-02-09 19:05:25 EST
LOG:  checkpoint record is at 0/C0E3E0
LOG:  redo record is at 0/C0E3E0; undo record is at 0/0; shutdown TRUE
LOG:  next transaction ID: 40978; next OID: 22147
LOG:  database system is ready

POSTGRES backend interactive interface 
$Revision: 1.375.2.5 $ $Date: 2005/12/14 17:07:00 $

backend> LOG:  QUERY STATISTICS
DETAIL:  ! system usage stats:
	!	0.034125 elapsed 0.002393 user 0.002952 system sec
	!	[0.002393 user 0.007180 sys total]
	!	0/0 [0/56] filesystem blocks in/out
	!	28/52 [75/439] page faults/reclaims, 0 [0] swaps
	!	0 [0] signals rcvd, 0/0 [0/0] messages rcvd/sent
	!	29/2 [79/7] voluntary/involuntary context switches
	! buffer usage stats:
	!	Shared blocks:        151 read,          0 written, buffer hit rate = 41.47%
	!	Local  blocks:          0 read,          0 written, buffer hit rate = 0.00%
	!	Direct blocks:          0 read,          0 written
	 1: count	(typeid = 20, len = 8, typmod = -1, byval = f)
	----
	 1: count = "2500"	(typeid = 20, len = 8, typmod = -1, byval = f)
	----
backend> LOG:  shutting down
LOG:  database system is shut down
LOG:  database system was shut down at 2024-02-09 19:05:25 EST
LOG:  checkpoint record is at 0/C0E428
LOG:  redo record is at 0/C0E428; undo record is at 0/0; shutdown TRUE
LOG:  next transaction ID: 40980; next OID: 22147
LOG:  database system is ready

POSTGRES backend interactive interface 
$Revision: 1.375.2.5 $ $Date: 2005/12/14 17:07:00 $

backend> LOG:  QUERY STATISTICS
DETAIL:  ! system usage stats:
	!	0.038069 elapsed 0.004708 user 0.000000 system sec
	!	[0.008888 user 0.000000 sys total]
	!	0/0 [8/56] filesystem blocks in/out
	!	28/59 [75/443] page faults/reclaims, 0 [0] swaps
	!	0 [0] signals rcvd, 0/0 [0/0] messages rcvd/sent
	!	33/0 [84/3] voluntary/involuntary context switches
	! buffer usage stats:
	!	Shared blocks:        157 read,          0 written, buffer hit rate = 45.49%
	!	Local  blocks:          0 read,          0 written, buffer hit rate = 0.00%
	!	Direct blocks:          0 read,          0 written
	 1: count	(typeid = 20, len = 8, typmod = -1, byval = f)
	----
	 1: count = "999"	(typeid = 20, len = 8, typmod = -1, byval = f)
	----
backend> LOG:  shutting down
LOG:  database system is shut down
LOG:  database system was shut down at 2024-02-09 19:05:25 EST
LOG:  checkpoint record is at 0/C0E470
LOG:  redo record is at 0/C0E470; undo record is at 0/0; shutdown TRUE
LOG:  next transaction ID: 40982; next OID: 22147
LOG:  database system is ready

POSTGRES backend interactive interface 
$Revision: 1.375.2.5 $ $Date: 2005/12/14 17:07:00 $

backend> LOG:  QUERY STATISTICS
DETAIL:  ! system usage stats:
	!	0.035673 elapsed 0.002101 user 0.000000 system sec
	!	[0.006342 user 0.000000 sys total]
	!	0/0 [0/56] filesystem blocks in/out
	!	28/62 [75/449] page faults/reclaims, 0 [0] swaps
	!	0 [0] signals rcvd, 0/0 [0/0] messages rcvd/sent
	!	35/0 [84/0] voluntary/involuntary context switches
	! buffer usage stats:
	!	Shared blocks:        131 read,          0 written, buffer hit rate = 76.61%
	!	Local  blocks:          0 read,          0 written, buffer hit rate = 0.00%
	!	Direct blocks:          0 read,          0 written
	 1: count	(typeid = 20, len = 8, typmod = -1, byval = f)
	----
	 1: count = "301"	(typeid = 20, len = 8, typmod = -1, byval = f)
	----
backend> LOG:  shutting down
LOG:  database system is shut down
LOG:  database system was shut down at 2024-02-09 19:05:25 EST
LOG:  checkpoint record is at 0/C0E4B8
LOG:  redo record is at 0/C0E4B8; undo record is at 0/0; shutdown TRUE
LOG:  next transaction ID: 40984; next OID: 22147
LOG:  database system is ready

POSTGRES backend interactive interface 
$Revision: 1.375.2.5 $ $Date: 2005/12/14 17:07:00 $

backend> LOG:  QUERY STATISTICS
DETAIL:  ! system usage stats:
	!	0.036435 elapsed 0.001795 user 0.000000 system sec
	!	[0.005926 user 0.000000 sys total]
	!	0/0 [0/64] filesystem blocks in/out
	!	28/59 [75/445] page faults/reclaims, 0 [0] swaps
	!	0 [0] signals rcvd, 0/0 [0/0] messages rcvd/sent
	!	35/0 [84/2] voluntary/involuntary context switches
	! buffer usage stats:
	!	Shared blocks:        129 read,          0 written, buffer hit rate = 64.07%
	!	Local  blocks:          0 read,          0 written, buffer hit rate = 0.00%
	!	Direct blocks:          0 read,          0 written
	 1: count	(typeid = 20, len = 8, typmod = -1, byval = f)
	----
	 1: count = "101"	(typeid = 20, len = 8, typmod = -1, byval = f)
	----
backend> LOG:  shutting down
LOG:  database system is shut down
LOG:  database system was shut down at 2024-02-09 19:05:26 EST
LOG:  checkpoint record is at 0/C0E500
LOG:  redo record is at 0/C0E500; undo record is at 0/0; shutdown TRUE
LOG:  next transaction ID: 40986; next OID: 22147
LOG:  database system is ready

POSTGRES backend interactive interface 
$Revision: 1.375.2.5 $ $Date: 2005/12/14 17:07:00 $

backend> LOG:  QUERY STATISTICS
DETAIL:  ! system usage stats:
	!	0.035426 elapsed 0.000000 user 0.001879 system sec
	!	[0.000000 user 0.005933 sys total]
	!	0/0 [0/56] filesystem blocks in/out
	!	28/58 [75/446] page faults/reclaims, 0 [0] swaps
	!	0 [0] signals rcvd, 0/0 [0/0] messages rcvd/sent
	!	35/2 [84/15] voluntary/involuntary context switches
	! buffer usage stats:
	!	Shared blocks:        129 read,          0 written, buffer hit rate = 64.07%
	!	Local  blocks:          0 read,          0 written, buffer hit rate = 0.00%
	!	Direct blocks:          0 read,          0 written
	 1: count	(typeid = 20, len = 8, typmod = -1, byval = f)
	----
	 1: count = "101"	(typeid = 20, len = 8, typmod = -1, byval = f)
	----
backend> LOG:  shutting down
LOG:  database system is shut down
LOG:  database system was shut down at 2024-02-09 19:05:26 EST
LOG:  checkpoint record is at 0/C0E548
LOG:  redo record is at 0/C0E548; undo record is at 0/0; shutdown TRUE
LOG:  next transaction ID: 40988; next OID: 22147
LOG:  database system is ready

POSTGRES backend interactive interface 
$Revision: 1.375.2.5 $ $Date: 2005/12/14 17:07:00 $

backend> LOG:  QUERY STATISTICS
DETAIL:  ! system usage stats:
	!	0.034672 elapsed 0.000000 user 0.001863 system sec
	!	[0.004194 user 0.001863 sys total]
	!	0/0 [0/56] filesystem blocks in/out
	!	28/61 [75/447] page faults/reclaims, 0 [0] swaps
	!	0 [0] signals rcvd, 0/0 [0/0] messages rcvd/sent
	!	35/0 [84/2] voluntary/involuntary context switches
	! buffer usage stats:
	!	Shared blocks:        129 read,          0 written, buffer hit rate = 55.52%
	!	Local  blocks:          0 read,          0 written, buffer hit rate = 0.00%
	!	Direct blocks:          0 read,          0 written
	 1: count	(typeid = 20, len = 8, typmod = -1, byval = f)
	----
	 1: count = "31"	(typeid = 20, len = 8, typmod = -1, byval = f)
	----
backend> LOG:  shutting down
LOG:  database system is shut down
