LOG:  database system was shut down at 2024-02-09 19:05:07 EST
LOG:  checkpoint record is at 0/C0C3B8
LOG:  redo record is at 0/C0C3B8; undo record is at 0/0; shutdown TRUE
LOG:  next transaction ID: 40750; next OID: 22147
LOG:  database system is ready

POSTGRES backend interactive interface 
$Revision: 1.375.2.5 $ $Date: 2005/12/14 17:07:00 $

backend> LOG:  QUERY STATISTICS
DETAIL:  ! system usage stats:
	!	0.034081 elapsed 0.004066 user 0.000000 system sec
	!	[0.004066 user 0.004353 sys total]
	!	0/0 [0/56] filesystem blocks in/out
	!	48/50 [94/440] page faults/reclaims, 0 [0] swaps
	!	0 [0] signals rcvd, 0/0 [0/0] messages rcvd/sent
	!	31/0 [80/1] voluntary/involuntary context switches
	! buffer usage stats:
	!	Shared blocks:        138 read,          0 written, buffer hit rate = 41.53%
	!	Local  blocks:          0 read,          0 written, buffer hit rate = 0.00%
	!	Direct blocks:          0 read,          0 written
	 1: count	(typeid = 20, len = 8, typmod = -1, byval = f)
	----
	 1: count = "2175"	(typeid = 20, len = 8, typmod = -1, byval = f)
	----
backend> LOG:  shutting down
LOG:  database system is shut down
LOG:  database system was shut down at 2024-02-09 19:05:07 EST
LOG:  checkpoint record is at 0/C0C400
LOG:  redo record is at 0/C0C400; undo record is at 0/0; shutdown TRUE
LOG:  next transaction ID: 40752; next OID: 22147
LOG:  database system is ready

POSTGRES backend interactive interface 
$Revision: 1.375.2.5 $ $Date: 2005/12/14 17:07:00 $

backend> LOG:  QUERY STATISTICS
DETAIL:  ! system usage stats:
	!	0.033650 elapsed 0.004663 user 0.000000 system sec
	!	[0.008807 user 0.000000 sys total]
	!	0/0 [0/56] filesystem blocks in/out
	!	48/54 [94/439] page faults/reclaims, 0 [0] swaps
	!	0 [0] signals rcvd, 0/0 [0/0] messages rcvd/sent
	!	29/0 [78/0] voluntary/involuntary context switches
	! buffer usage stats:
	!	Shared blocks:        138 read,          0 written, buffer hit rate = 47.33%
	!	Local  blocks:          0 read,          0 written, buffer hit rate = 0.00%
	!	Direct blocks:          0 read,          0 written
	 1: count	(typeid = 20, len = 8, typmod = -1, byval = f)
	----
	 1: count = "1051"	(typeid = 20, len = 8, typmod = -1, byval = f)
	----
backend> LOG:  shutting down
LOG:  database system is shut down
LOG:  database system was shut down at 2024-02-09 19:05:07 EST
LOG:  checkpoint record is at 0/C0C448
LOG:  redo record is at 0/C0C448; undo record is at 0/0; shutdown TRUE
LOG:  next transaction ID: 40754; next OID: 22147
LOG:  database system is ready

POSTGRES backend interactive interface 
$Revision: 1.375.2.5 $ $Date: 2005/12/14 17:07:00 $

backend> LOG:  QUERY STATISTICS
DETAIL:  ! system usage stats:
	!	0.035856 elapsed 0.004175 user 0.000000 system sec
	!	[0.008302 user 0.000000 sys total]
	!	0/0 [0/56] filesystem blocks in/out
	!	48/57 [94/444] page faults/reclaims, 0 [0] swaps
	!	0 [0] signals rcvd, 0/0 [0/0] messages rcvd/sent
	!	31/1 [80/3] voluntary/involuntary context switches
	! buffer usage stats:
	!	Shared blocks:        140 read,          0 written, buffer hit rate = 50.88%
	!	Local  blocks:          0 read,          0 written, buffer hit rate = 0.00%
	!	Direct blocks:          0 read,          0 written
	 1: count	(typeid = 20, len = 8, typmod = -1, byval = f)
	----
	 1: count = "541"	(typeid = 20, len = 8, typmod = -1, byval = f)
	----
backend> LOG:  shutting down
LOG:  database system is shut down
LOG:  database system was shut down at 2024-02-09 19:05:07 EST
LOG:  checkpoint record is at 0/C0C490
LOG:  redo record is at 0/C0C490; undo record is at 0/0; shutdown TRUE
LOG:  next transaction ID: 40756; next OID: 22147
LOG:  database system is ready

POSTGRES backend interactive interface 
$Revision: 1.375.2.5 $ $Date: 2005/12/14 17:07:00 $

backend> LOG:  QUERY STATISTICS
DETAIL:  ! system usage stats:
	!	0.035456 elapsed 0.004462 user 0.000328 system sec
	!	[0.004462 user 0.004462 sys total]
	!	0/0 [0/56] filesystem blocks in/out
	!	48/58 [94/443] page faults/reclaims, 0 [0] swaps
	!	0 [0] signals rcvd, 0/0 [0/0] messages rcvd/sent
	!	31/0 [81/0] voluntary/involuntary context switches
	! buffer usage stats:
	!	Shared blocks:        135 read,          0 written, buffer hit rate = 54.70%
	!	Local  blocks:          0 read,          0 written, buffer hit rate = 0.00%
	!	Direct blocks:          0 read,          0 written
	 1: count	(typeid = 20, len = 8, typmod = -1, byval = f)
	----
	 1: count = "1326"	(typeid = 20, len = 8, typmod = -1, byval = f)
	----
backend> LOG:  shutting down
LOG:  database system is shut down
LOG:  database system was shut down at 2024-02-09 19:05:07 EST
LOG:  checkpoint record is at 0/C0C4D8
LOG:  redo record is at 0/C0C4D8; undo record is at 0/0; shutdown TRUE
LOG:  next transaction ID: 40758; next OID: 22147
LOG:  database system is ready

POSTGRES backend interactive interface 
$Revision: 1.375.2.5 $ $Date: 2005/12/14 17:07:00 $

backend> LOG:  QUERY STATISTICS
DETAIL:  ! system usage stats:
	!	0.034382 elapsed 0.004394 user 0.001134 system sec
	!	[0.006520 user 0.003260 sys total]
	!	0/0 [0/56] filesystem blocks in/out
	!	48/57 [94/444] page faults/reclaims, 0 [0] swaps
	!	0 [0] signals rcvd, 0/0 [0/0] messages rcvd/sent
	!	29/1 [78/3] voluntary/involuntary context switches
	! buffer usage stats:
	!	Shared blocks:        140 read,          0 written, buffer hit rate = 47.37%
	!	Local  blocks:          0 read,          0 written, buffer hit rate = 0.00%
	!	Direct blocks:          0 read,          0 written
	 1: count	(typeid = 20, len = 8, typmod = -1, byval = f)
	----
	 1: count = "340"	(typeid = 20, len = 8, typmod = -1, byval = f)
	----
backend> LOG:  shutting down
LOG:  database system is shut down
LOG:  database system was shut down at 2024-02-09 19:05:07 EST
LOG:  checkpoint record is at 0/C0C520
LOG:  redo record is at 0/C0C520; undo record is at 0/0; shutdown TRUE
LOG:  next transaction ID: 40760; next OID: 22147
LOG:  database system is ready

POSTGRES backend interactive interface 
$Revision: 1.375.2.5 $ $Date: 2005/12/14 17:07:00 $

backend> LOG:  QUERY STATISTICS
DETAIL:  ! system usage stats:
	!	0.043672 elapsed 0.002907 user 0.001652 system sec
	!	[0.002907 user 0.005815 sys total]
	!	0/0 [0/56] filesystem blocks in/out
	!	48/57 [94/447] page faults/reclaims, 0 [0] swaps
	!	0 [0] signals rcvd, 0/0 [0/0] messages rcvd/sent
	!	32/1 [81/3] voluntary/involuntary context switches
	! buffer usage stats:
	!	Shared blocks:        136 read,          0 written, buffer hit rate = 53.42%
	!	Local  blocks:          0 read,          0 written, buffer hit rate = 0.00%
	!	Direct blocks:          0 read,          0 written
	 1: count	(typeid = 20, len = 8, typmod = -1, byval = f)
	----
	 1: count = "1794"	(typeid = 20, len = 8, typmod = -1, byval = f)
	----
backend> LOG:  shutting down
LOG:  database system is shut down
LOG:  database system was shut down at 2024-02-09 19:05:08 EST
LOG:  checkpoint record is at 0/C0C568
LOG:  redo record is at 0/C0C568; undo record is at 0/0; shutdown TRUE
LOG:  next transaction ID: 40762; next OID: 22147
LOG:  database system is ready

POSTGRES backend interactive interface 
$Revision: 1.375.2.5 $ $Date: 2005/12/14 17:07:00 $

backend> LOG:  QUERY STATISTICS
DETAIL:  ! system usage stats:
	!	0.035468 elapsed 0.001175 user 0.002351 system sec
	!	[0.002566 user 0.005133 sys total]
	!	0/0 [0/56] filesystem blocks in/out
	!	48/50 [94/437] page faults/reclaims, 0 [0] swaps
	!	0 [0] signals rcvd, 0/0 [0/0] messages rcvd/sent
	!	31/2 [80/3] voluntary/involuntary context switches
	! buffer usage stats:
	!	Shared blocks:        134 read,          0 written, buffer hit rate = 43.22%
	!	Local  blocks:          0 read,          0 written, buffer hit rate = 0.00%
	!	Direct blocks:          0 read,          0 written
	 1: count	(typeid = 20, len = 8, typmod = -1, byval = f)
	----
	 1: count = "729"	(typeid = 20, len = 8, typmod = -1, byval = f)
	----
backend> LOG:  shutting down
LOG:  database system is shut down
LOG:  database system was shut down at 2024-02-09 19:05:08 EST
LOG:  checkpoint record is at 0/C0C5B0
LOG:  redo record is at 0/C0C5B0; undo record is at 0/0; shutdown TRUE
LOG:  next transaction ID: 40764; next OID: 22147
LOG:  database system is ready

POSTGRES backend interactive interface 
$Revision: 1.375.2.5 $ $Date: 2005/12/14 17:07:00 $

backend> LOG:  QUERY STATISTICS
DETAIL:  ! system usage stats:
	!	0.036085 elapsed 0.000044 user 0.004113 system sec
	!	[0.004113 user 0.004113 sys total]
	!	0/0 [0/64] filesystem blocks in/out
	!	48/56 [94/445] page faults/reclaims, 0 [0] swaps
	!	0 [0] signals rcvd, 0/0 [0/0] messages rcvd/sent
	!	32/0 [81/4] voluntary/involuntary context switches
	! buffer usage stats:
	!	Shared blocks:        140 read,          0 written, buffer hit rate = 50.88%
	!	Local  blocks:          0 read,          0 written, buffer hit rate = 0.00%
	!	Direct blocks:          0 read,          0 written
	 1: count	(typeid = 20, len = 8, typmod = -1, byval = f)
	----
	 1: count = "579"	(typeid = 20, len = 8, typmod = -1, byval = f)
	----
backend> LOG:  shutting down
LOG:  database system is shut down
LOG:  database system was shut down at 2024-02-09 19:05:08 EST
LOG:  checkpoint record is at 0/C0C5F8
LOG:  redo record is at 0/C0C5F8; undo record is at 0/0; shutdown TRUE
LOG:  next transaction ID: 40766; next OID: 22147
LOG:  database system is ready

POSTGRES backend interactive interface 
$Revision: 1.375.2.5 $ $Date: 2005/12/14 17:07:00 $

backend> LOG:  QUERY STATISTICS
DETAIL:  ! system usage stats:
	!	0.037383 elapsed 0.003728 user 0.000782 system sec
	!	[0.005891 user 0.002945 sys total]
	!	0/0 [0/56] filesystem blocks in/out
	!	48/61 [94/449] page faults/reclaims, 0 [0] swaps
	!	0 [0] signals rcvd, 0/0 [0/0] messages rcvd/sent
	!	31/0 [80/0] voluntary/involuntary context switches
	! buffer usage stats:
	!	Shared blocks:        136 read,          0 written, buffer hit rate = 53.42%
	!	Local  blocks:          0 read,          0 written, buffer hit rate = 0.00%
	!	Direct blocks:          0 read,          0 written
	 1: count	(typeid = 20, len = 8, typmod = -1, byval = f)
	----
	 1: count = "2479"	(typeid = 20, len = 8, typmod = -1, byval = f)
	----
backend> LOG:  shutting down
LOG:  database system is shut down
LOG:  database system was shut down at 2024-02-09 19:05:08 EST
LOG:  checkpoint record is at 0/C0C640
LOG:  redo record is at 0/C0C640; undo record is at 0/0; shutdown TRUE
LOG:  next transaction ID: 40768; next OID: 22147
LOG:  database system is ready

POSTGRES backend interactive interface 
$Revision: 1.375.2.5 $ $Date: 2005/12/14 17:07:00 $

backend> LOG:  QUERY STATISTICS
DETAIL:  ! system usage stats:
	!	0.035582 elapsed 0.002860 user 0.001648 system sec
	!	[0.002860 user 0.005720 sys total]
	!	0/0 [0/56] filesystem blocks in/out
	!	48/61 [94/445] page faults/reclaims, 0 [0] swaps
	!	0 [0] signals rcvd, 0/0 [0/0] messages rcvd/sent
	!	32/3 [81/8] voluntary/involuntary context switches
	! buffer usage stats:
	!	Shared blocks:        142 read,          0 written, buffer hit rate = 50.35%
	!	Local  blocks:          0 read,          0 written, buffer hit rate = 0.00%
	!	Direct blocks:          0 read,          0 written
	 1: count	(typeid = 20, len = 8, typmod = -1, byval = f)
	----
	 1: count = "1473"	(typeid = 20, len = 8, typmod = -1, byval = f)
	----
backend> LOG:  shutting down
LOG:  database system is shut down
