LOG:  database system was shut down at 2024-02-09 19:05:08 EST
LOG:  checkpoint record is at 0/C0C688
LOG:  redo record is at 0/C0C688; undo record is at 0/0; shutdown TRUE
LOG:  next transaction ID: 40770; next OID: 22147
LOG:  database system is ready

POSTGRES backend interactive interface 
$Revision: 1.375.2.5 $ $Date: 2005/12/14 17:07:00 $

backend> LOG:  QUERY STATISTICS
DETAIL:  ! system usage stats:
	!	0.035492 elapsed 0.003504 user 0.000000 system sec
	!	[0.003504 user 0.004042 sys total]
	!	0/0 [0/56] filesystem blocks in/out
	!	69/52 [116/440] page faults/reclaims, 0 [0] swaps
	!	0 [0] signals rcvd, 0/0 [0/0] messages rcvd/sent
	!	31/3 [80/7] voluntary/involuntary context switches
	! buffer usage stats:
	!	Shared blocks:        122 read,          0 written, buffer hit rate = 48.31%
	!	Local  blocks:          0 read,          0 written, buffer hit rate = 0.00%
	!	Direct blocks:          0 read,          0 written
	 1: count	(typeid = 20, len = 8, typmod = -1, byval = f)
	----
	 1: count = "2175"	(typeid = 20, len = 8, typmod = -1, byval = f)
	----
backend> LOG:  shutting down
LOG:  database system is shut down
LOG:  database system was shut down at 2024-02-09 19:05:08 EST
LOG:  checkpoint record is at 0/C0C6D0
LOG:  redo record is at 0/C0C6D0; undo record is at 0/0; shutdown TRUE
LOG:  next transaction ID: 40772; next OID: 22147
LOG:  database system is ready

POSTGRES backend interactive interface 
$Revision: 1.375.2.5 $ $Date: 2005/12/14 17:07:00 $

backend> LOG:  QUERY STATISTICS
DETAIL:  ! system usage stats:
	!	0.033328 elapsed 0.005045 user 0.000000 system sec
	!	[0.009151 user 0.000000 sys total]
	!	0/0 [0/56] filesystem blocks in/out
	!	69/54 [116/441] page faults/reclaims, 0 [0] swaps
	!	0 [0] signals rcvd, 0/0 [0/0] messages rcvd/sent
	!	29/2 [78/2] voluntary/involuntary context switches
	! buffer usage stats:
	!	Shared blocks:        122 read,          0 written, buffer hit rate = 53.44%
	!	Local  blocks:          0 read,          0 written, buffer hit rate = 0.00%
	!	Direct blocks:          0 read,          0 written
	 1: count	(typeid = 20, len = 8, typmod = -1, byval = f)
	----
	 1: count = "1051"	(typeid = 20, len = 8, typmod = -1, byval = f)
	----
backend> LOG:  shutting down
LOG:  database system is shut down
LOG:  database system was shut down at 2024-02-09 19:05:08 EST
LOG:  checkpoint record is at 0/C0C718
LOG:  redo record is at 0/C0C718; undo record is at 0/0; shutdown TRUE
LOG:  next transaction ID: 40774; next OID: 22147
LOG:  database system is ready

POSTGRES backend interactive interface 
$Revision: 1.375.2.5 $ $Date: 2005/12/14 17:07:00 $

backend> LOG:  QUERY STATISTICS
DETAIL:  ! system usage stats:
	!	0.035503 elapsed 0.004811 user 0.000000 system sec
	!	[0.009235 user 0.000000 sys total]
	!	0/0 [0/56] filesystem blocks in/out
	!	69/58 [116/448] page faults/reclaims, 0 [0] swaps
	!	0 [0] signals rcvd, 0/0 [0/0] messages rcvd/sent
	!	31/4 [80/7] voluntary/involuntary context switches
	! buffer usage stats:
	!	Shared blocks:        131 read,          0 written, buffer hit rate = 54.04%
	!	Local  blocks:          0 read,          0 written, buffer hit rate = 0.00%
	!	Direct blocks:          0 read,          0 written
	 1: count	(typeid = 20, len = 8, typmod = -1, byval = f)
	----
	 1: count = "541"	(typeid = 20, len = 8, typmod = -1, byval = f)
	----
backend> LOG:  shutting down
LOG:  database system is shut down
LOG:  database system was shut down at 2024-02-09 19:05:08 EST
LOG:  checkpoint record is at 0/C0C760
LOG:  redo record is at 0/C0C760; undo record is at 0/0; shutdown TRUE
LOG:  next transaction ID: 40776; next OID: 22147
LOG:  database system is ready

POSTGRES backend interactive interface 
$Revision: 1.375.2.5 $ $Date: 2005/12/14 17:07:00 $

backend> LOG:  QUERY STATISTICS
DETAIL:  ! system usage stats:
	!	0.036284 elapsed 0.005141 user 0.000000 system sec
	!	[0.009499 user 0.000000 sys total]
	!	0/0 [0/56] filesystem blocks in/out
	!	69/58 [116/449] page faults/reclaims, 0 [0] swaps
	!	0 [0] signals rcvd, 0/0 [0/0] messages rcvd/sent
	!	32/1 [81/5] voluntary/involuntary context switches
	! buffer usage stats:
	!	Shared blocks:        131 read,          0 written, buffer hit rate = 56.04%
	!	Local  blocks:          0 read,          0 written, buffer hit rate = 0.00%
	!	Direct blocks:          0 read,          0 written
	 1: count	(typeid = 20, len = 8, typmod = -1, byval = f)
	----
	 1: count = "1326"	(typeid = 20, len = 8, typmod = -1, byval = f)
	----
backend> LOG:  shutting down
LOG:  database system is shut down
LOG:  database system was shut down at 2024-02-09 19:05:09 EST
LOG:  checkpoint record is at 0/C0C7A8
LOG:  redo record is at 0/C0C7A8; undo record is at 0/0; shutdown TRUE
LOG:  next transaction ID: 40778; next OID: 22147
LOG:  database system is ready

POSTGRES backend interactive interface 
$Revision: 1.375.2.5 $ $Date: 2005/12/14 17:07:00 $

backend> LOG:  QUERY STATISTICS
DETAIL:  ! system usage stats:
	!	0.034537 elapsed 0.005144 user 0.000000 system sec
	!	[0.009450 user 0.000000 sys total]
	!	0/0 [0/56] filesystem blocks in/out
	!	69/54 [116/444] page faults/reclaims, 0 [0] swaps
	!	0 [0] signals rcvd, 0/0 [0/0] messages rcvd/sent
	!	30/1 [80/6] voluntary/involuntary context switches
	! buffer usage stats:
	!	Shared blocks:        121 read,          0 written, buffer hit rate = 54.51%
	!	Local  blocks:          0 read,          0 written, buffer hit rate = 0.00%
	!	Direct blocks:          0 read,          0 written
	 1: count	(typeid = 20, len = 8, typmod = -1, byval = f)
	----
	 1: count = "340"	(typeid = 20, len = 8, typmod = -1, byval = f)
	----
backend> LOG:  shutting down
LOG:  database system is shut down
LOG:  database system was shut down at 2024-02-09 19:05:09 EST
LOG:  checkpoint record is at 0/C0C7F0
LOG:  redo record is at 0/C0C7F0; undo record is at 0/0; shutdown TRUE
LOG:  next transaction ID: 40780; next OID: 22147
LOG:  database system is ready

POSTGRES backend interactive interface 
$Revision: 1.375.2.5 $ $Date: 2005/12/14 17:07:00 $

backend> LOG:  QUERY STATISTICS
DETAIL:  ! system usage stats:
	!	0.035648 elapsed 0.005037 user 0.000000 system sec
	!	[0.005037 user 0.004568 sys total]
	!	0/0 [0/56] filesystem blocks in/out
	!	69/56 [116/448] page faults/reclaims, 0 [0] swaps
	!	0 [0] signals rcvd, 0/0 [0/0] messages rcvd/sent
	!	31/2 [80/3] voluntary/involuntary context switches
	! buffer usage stats:
	!	Shared blocks:        131 read,          0 written, buffer hit rate = 55.14%
	!	Local  blocks:          0 read,          0 written, buffer hit rate = 0.00%
	!	Direct blocks:          0 read,          0 written
	 1: count	(typeid = 20, len = 8, typmod = -1, byval = f)
	----
	 1: count = "1794"	(typeid = 20, len = 8, typmod = -1, byval = f)
	----
backend> LOG:  shutting down
LOG:  database system is shut down
LOG:  database system was shut down at 2024-02-09 19:05:09 EST
LOG:  checkpoint record is at 0/C0C838
LOG:  redo record is at 0/C0C838; undo record is at 0/0; shutdown TRUE
LOG:  next transaction ID: 40782; next OID: 22147
LOG:  database system is ready

POSTGRES backend interactive interface 
$Revision: 1.375.2.5 $ $Date: 2005/12/14 17:07:00 $

backend> LOG:  QUERY STATISTICS
DETAIL:  ! system usage stats:
	!	0.061988 elapsed 0.000000 user 0.003732 system sec
	!	[0.000000 user 0.008067 sys total]
	!	0/0 [0/56] filesystem blocks in/out
	!	69/52 [116/439] page faults/reclaims, 0 [0] swaps
	!	0 [0] signals rcvd, 0/0 [0/0] messages rcvd/sent
	!	31/0 [81/4] voluntary/involuntary context switches
	! buffer usage stats:
	!	Shared blocks:        122 read,          0 written, buffer hit rate = 48.31%
	!	Local  blocks:          0 read,          0 written, buffer hit rate = 0.00%
	!	Direct blocks:          0 read,          0 written
	 1: count	(typeid = 20, len = 8, typmod = -1, byval = f)
	----
	 1: count = "729"	(typeid = 20, len = 8, typmod = -1, byval = f)
	----
backend> LOG:  shutting down
LOG:  database system is shut down
LOG:  database system was shut down at 2024-02-09 19:05:09 EST
LOG:  checkpoint record is at 0/C0C880
LOG:  redo record is at 0/C0C880; undo record is at 0/0; shutdown TRUE
LOG:  next transaction ID: 40784; next OID: 22147
LOG:  database system is ready

POSTGRES backend interactive interface 
$Revision: 1.375.2.5 $ $Date: 2005/12/14 17:07:00 $

backend> LOG:  QUERY STATISTICS
DETAIL:  ! system usage stats:
	!	0.058218 elapsed 0.004579 user 0.000000 system sec
	!	[0.008842 user 0.000000 sys total]
	!	0/0 [0/64] filesystem blocks in/out
	!	69/57 [116/446] page faults/reclaims, 0 [0] swaps
	!	0 [0] signals rcvd, 0/0 [0/0] messages rcvd/sent
	!	31/6 [80/6] voluntary/involuntary context switches
	! buffer usage stats:
	!	Shared blocks:        131 read,          0 written, buffer hit rate = 54.04%
	!	Local  blocks:          0 read,          0 written, buffer hit rate = 0.00%
	!	Direct blocks:          0 read,          0 written
	 1: count	(typeid = 20, len = 8, typmod = -1, byval = f)
	----
	 1: count = "579"	(typeid = 20, len = 8, typmod = -1, byval = f)
	----
backend> LOG:  shutting down
LOG:  database system is shut down
LOG:  database system was shut down at 2024-02-09 19:05:09 EST
LOG:  checkpoint record is at 0/C0C8C8
LOG:  redo record is at 0/C0C8C8; undo record is at 0/0; shutdown TRUE
LOG:  next transaction ID: 40786; next OID: 22147
LOG:  database system is ready

POSTGRES backend interactive interface 
$Revision: 1.375.2.5 $ $Date: 2005/12/14 17:07:00 $

backend> LOG:  QUERY STATISTICS
DETAIL:  ! system usage stats:
	!	0.055067 elapsed 0.004641 user 0.000369 system sec
	!	[0.004641 user 0.004641 sys total]
	!	0/0 [8/56] filesystem blocks in/out
	!	69/57 [116/444] page faults/reclaims, 0 [0] swaps
	!	0 [0] signals rcvd, 0/0 [0/0] messages rcvd/sent
	!	31/0 [83/3] voluntary/involuntary context switches
	! buffer usage stats:
	!	Shared blocks:        131 read,          0 written, buffer hit rate = 55.14%
	!	Local  blocks:          0 read,          0 written, buffer hit rate = 0.00%
	!	Direct blocks:          0 read,          0 written
	 1: count	(typeid = 20, len = 8, typmod = -1, byval = f)
	----
	 1: count = "2479"	(typeid = 20, len = 8, typmod = -1, byval = f)
	----
backend> LOG:  shutting down
LOG:  database system is shut down
LOG:  database system was shut down at 2024-02-09 19:05:10 EST
LOG:  checkpoint record is at 0/C0C910
LOG:  redo record is at 0/C0C910; undo record is at 0/0; shutdown TRUE
LOG:  next transaction ID: 40788; next OID: 22147
LOG:  database system is ready

POSTGRES backend interactive interface 
$Revision: 1.375.2.5 $ $Date: 2005/12/14 17:07:00 $

backend> LOG:  QUERY STATISTICS
DETAIL:  ! system usage stats:
	!	0.050946 elapsed 0.004450 user 0.000000 system sec
	!	[0.004450 user 0.004542 sys total]
	!	0/0 [0/56] filesystem blocks in/out
	!	69/57 [116/445] page faults/reclaims, 0 [0] swaps
	!	0 [0] signals rcvd, 0/0 [0/0] messages rcvd/sent
	!	31/2 [80/2] voluntary/involuntary context switches
	! buffer usage stats:
	!	Shared blocks:        132 read,          0 written, buffer hit rate = 53.85%
	!	Local  blocks:          0 read,          0 written, buffer hit rate = 0.00%
	!	Direct blocks:          0 read,          0 written
	 1: count	(typeid = 20, len = 8, typmod = -1, byval = f)
	----
	 1: count = "1473"	(typeid = 20, len = 8, typmod = -1, byval = f)
	----
backend> LOG:  shutting down
LOG:  database system is shut down
