LOG:  database system was shut down at 2024-02-09 19:05:31 EST
LOG:  checkpoint record is at 0/C0F0D0
LOG:  redo record is at 0/C0F0D0; undo record is at 0/0; shutdown TRUE
LOG:  next transaction ID: 41070; next OID: 22147
LOG:  database system is ready

POSTGRES backend interactive interface 
$Revision: 1.375.2.5 $ $Date: 2005/12/14 17:07:00 $

backend> LOG:  QUERY STATISTICS
DETAIL:  ! system usage stats:
	!	0.038994 elapsed 0.000000 user 0.001905 system sec
	!	[0.004267 user 0.001905 sys total]
	!	0/0 [0/56] filesystem blocks in/out
	!	114/60 [161/444] page faults/reclaims, 0 [0] swaps
	!	0 [0] signals rcvd, 0/0 [0/0] messages rcvd/sent
	!	35/0 [84/3] voluntary/involuntary context switches
	! buffer usage stats:
	!	Shared blocks:         87 read,          0 written, buffer hit rate = 70.90%
	!	Local  blocks:          0 read,          0 written, buffer hit rate = 0.00%
	!	Direct blocks:          0 read,          0 written
	 1: count	(typeid = 20, len = 8, typmod = -1, byval = f)
	----
	 1: count = "41"	(typeid = 20, len = 8, typmod = -1, byval = f)
	----
backend> LOG:  shutting down
LOG:  database system is shut down
LOG:  database system was shut down at 2024-02-09 19:05:31 EST
LOG:  checkpoint record is at 0/C0F118
LOG:  redo record is at 0/C0F118; undo record is at 0/0; shutdown TRUE
LOG:  next transaction ID: 41072; next OID: 22147
LOG:  database system is ready

POSTGRES backend interactive interface 
$Revision: 1.375.2.5 $ $Date: 2005/12/14 17:07:00 $

backend> LOG:  QUERY STATISTICS
DETAIL:  ! system usage stats:
	!	0.033667 elapsed 0.004058 user 0.000958 system sec
	!	[0.006199 user 0.003099 sys total]
	!	0/0 [0/64] filesystem blocks in/out
	!	114/57 [161/444] page faults/reclaims, 0 [0] swaps
	!	0 [0] signals rcvd, 0/0 [0/0] messages rcvd/sent
	!	29/1 [79/11] voluntary/involuntary context switches
	! buffer usage stats:
	!	Shared blocks:        115 read,          0 written, buffer hit rate = 55.43%
	!	Local  blocks:          0 read,          0 written, buffer hit rate = 0.00%
	!	Direct blocks:          0 read,          0 written
	 1: count	(typeid = 20, len = 8, typmod = -1, byval = f)
	----
	 1: count = "50"	(typeid = 20, len = 8, typmod = -1, byval = f)
	----
backend> LOG:  shutting down
LOG:  database system is shut down
LOG:  database system was shut down at 2024-02-09 19:05:31 EST
LOG:  checkpoint record is at 0/C0F160
LOG:  redo record is at 0/C0F160; undo record is at 0/0; shutdown TRUE
LOG:  next transaction ID: 41074; next OID: 22147
LOG:  database system is ready

POSTGRES backend interactive interface 
$Revision: 1.375.2.5 $ $Date: 2005/12/14 17:07:00 $

backend> LOG:  QUERY STATISTICS
DETAIL:  ! system usage stats:
	!	0.035261 elapsed 0.000868 user 0.000868 system sec
	!	[0.002865 user 0.002865 sys total]
	!	0/0 [0/56] filesystem blocks in/out
	!	114/59 [161/446] page faults/reclaims, 0 [0] swaps
	!	0 [0] signals rcvd, 0/0 [0/0] messages rcvd/sent
	!	35/2 [84/5] voluntary/involuntary context switches
	! buffer usage stats:
	!	Shared blocks:         90 read,          0 written, buffer hit rate = 74.86%
	!	Local  blocks:          0 read,          0 written, buffer hit rate = 0.00%
	!	Direct blocks:          0 read,          0 written
	 1: count	(typeid = 20, len = 8, typmod = -1, byval = f)
	----
	 1: count = "99"	(typeid = 20, len = 8, typmod = -1, byval = f)
	----
backend> LOG:  shutting down
LOG:  database system is shut down
LOG:  database system was shut down at 2024-02-09 19:05:31 EST
LOG:  checkpoint record is at 0/C0F1A8
LOG:  redo record is at 0/C0F1A8; undo record is at 0/0; shutdown TRUE
LOG:  next transaction ID: 41076; next OID: 22147
LOG:  database system is ready

POSTGRES backend interactive interface 
$Revision: 1.375.2.5 $ $Date: 2005/12/14 17:07:00 $

backend> LOG:  QUERY STATISTICS
DETAIL:  ! system usage stats:
	!	0.036775 elapsed 0.001156 user 0.001156 system sec
	!	[0.003209 user 0.003209 sys total]
	!	0/0 [0/56] filesystem blocks in/out
	!	114/59 [161/447] page faults/reclaims, 0 [0] swaps
	!	0 [0] signals rcvd, 0/0 [0/0] messages rcvd/sent
	!	35/2 [83/11] voluntary/involuntary context switches
	! buffer usage stats:
	!	Shared blocks:         96 read,          0 written, buffer hit rate = 92.39%
	!	Local  blocks:          0 read,          0 written, buffer hit rate = 0.00%
	!	Direct blocks:          0 read,          0 written
	 1: count	(typeid = 20, len = 8, typmod = -1, byval = f)
	----
	 1: count = "1000"	(typeid = 20, len = 8, typmod = -1, byval = f)
	----
backend> LOG:  shutting down
LOG:  database system is shut down
LOG:  database system was shut down at 2024-02-09 19:05:32 EST
LOG:  checkpoint record is at 0/C0F1F0
LOG:  redo record is at 0/C0F1F0; undo record is at 0/0; shutdown TRUE
LOG:  next transaction ID: 41078; next OID: 22147
LOG:  database system is ready

POSTGRES backend interactive interface 
$Revision: 1.375.2.5 $ $Date: 2005/12/14 17:07:00 $

backend> LOG:  QUERY STATISTICS
DETAIL:  ! system usage stats:
	!	0.033429 elapsed 0.004988 user 0.000000 system sec
	!	[0.009288 user 0.000000 sys total]
	!	0/0 [0/56] filesystem blocks in/out
	!	114/55 [161/443] page faults/reclaims, 0 [0] swaps
	!	0 [0] signals rcvd, 0/0 [0/0] messages rcvd/sent
	!	29/2 [78/3] voluntary/involuntary context switches
	! buffer usage stats:
	!	Shared blocks:        115 read,          0 written, buffer hit rate = 55.43%
	!	Local  blocks:          0 read,          0 written, buffer hit rate = 0.00%
	!	Direct blocks:          0 read,          0 written
	 1: count	(typeid = 20, len = 8, typmod = -1, byval = f)
	----
	 1: count = "2500"	(typeid = 20, len = 8, typmod = -1, byval = f)
	----
backend> LOG:  shutting down
LOG:  database system is shut down
LOG:  database system was shut down at 2024-02-09 19:05:32 EST
LOG:  checkpoint record is at 0/C0F238
LOG:  redo record is at 0/C0F238; undo record is at 0/0; shutdown TRUE
LOG:  next transaction ID: 41080; next OID: 22147
LOG:  database system is ready

POSTGRES backend interactive interface 
$Revision: 1.375.2.5 $ $Date: 2005/12/14 17:07:00 $

backend> LOG:  QUERY STATISTICS
DETAIL:  ! system usage stats:
	!	0.050121 elapsed 0.003933 user 0.000910 system sec
	!	[0.006045 user 0.003022 sys total]
	!	0/0 [0/56] filesystem blocks in/out
	!	114/58 [161/447] page faults/reclaims, 0 [0] swaps
	!	0 [0] signals rcvd, 0/0 [0/0] messages rcvd/sent
	!	33/0 [82/1] voluntary/involuntary context switches
	! buffer usage stats:
	!	Shared blocks:        117 read,          0 written, buffer hit rate = 59.38%
	!	Local  blocks:          0 read,          0 written, buffer hit rate = 0.00%
	!	Direct blocks:          0 read,          0 written
	 1: count	(typeid = 20, len = 8, typmod = -1, byval = f)
	----
	 1: count = "999"	(typeid = 20, len = 8, typmod = -1, byval = f)
	----
backend> LOG:  shutting down
LOG:  database system is shut down
LOG:  database system was shut down at 2024-02-09 19:05:32 EST
LOG:  checkpoint record is at 0/C0F280
LOG:  redo record is at 0/C0F280; undo record is at 0/0; shutdown TRUE
LOG:  next transaction ID: 41082; next OID: 22147
LOG:  database system is ready

POSTGRES backend interactive interface 
$Revision: 1.375.2.5 $ $Date: 2005/12/14 17:07:00 $

backend> LOG:  QUERY STATISTICS
DETAIL:  ! system usage stats:
	!	0.037354 elapsed 0.000000 user 0.002311 system sec
	!	[0.004441 user 0.002311 sys total]
	!	0/0 [0/56] filesystem blocks in/out
	!	114/59 [161/448] page faults/reclaims, 0 [0] swaps
	!	0 [0] signals rcvd, 0/0 [0/0] messages rcvd/sent
	!	36/0 [85/2] voluntary/involuntary context switches
	! buffer usage stats:
	!	Shared blocks:         90 read,          0 written, buffer hit rate = 83.93%
	!	Local  blocks:          0 read,          0 written, buffer hit rate = 0.00%
	!	Direct blocks:          0 read,          0 written
	 1: count	(typeid = 20, len = 8, typmod = -1, byval = f)
	----
	 1: count = "301"	(typeid = 20, len = 8, typmod = -1, byval = f)
	----
backend> LOG:  shutting down
LOG:  database system is shut down
LOG:  database system was shut down at 2024-02-09 19:05:32 EST
LOG:  checkpoint record is at 0/C0F2C8
LOG:  redo record is at 0/C0F2C8; undo record is at 0/0; shutdown TRUE
LOG:  next transaction ID: 41084; next OID: 22147
LOG:  database system is ready

POSTGRES backend interactive interface 
$Revision: 1.375.2.5 $ $Date: 2005/12/14 17:07:00 $

backend> LOG:  QUERY STATISTICS
DETAIL:  ! system usage stats:
	!	0.035616 elapsed 0.002021 user 0.000000 system sec
	!	[0.006321 user 0.000000 sys total]
	!	0/0 [0/64] filesystem blocks in/out
	!	114/60 [161/449] page faults/reclaims, 0 [0] swaps
	!	0 [0] signals rcvd, 0/0 [0/0] messages rcvd/sent
	!	35/0 [84/1] voluntary/involuntary context switches
	! buffer usage stats:
	!	Shared blocks:         88 read,          0 written, buffer hit rate = 75.49%
	!	Local  blocks:          0 read,          0 written, buffer hit rate = 0.00%
	!	Direct blocks:          0 read,          0 written
	 1: count	(typeid = 20, len = 8, typmod = -1, byval = f)
	----
	 1: count = "101"	(typeid = 20, len = 8, typmod = -1, byval = f)
	----
backend> LOG:  shutting down
LOG:  database system is shut down
LOG:  database system was shut down at 2024-02-09 19:05:32 EST
LOG:  checkpoint record is at 0/C0F310
LOG:  redo record is at 0/C0F310; undo record is at 0/0; shutdown TRUE
LOG:  next transaction ID: 41086; next OID: 22147
LOG:  database system is ready

POSTGRES backend interactive interface 
$Revision: 1.375.2.5 $ $Date: 2005/12/14 17:07:00 $

backend> LOG:  QUERY STATISTICS
DETAIL:  ! system usage stats:
	!	0.037246 elapsed 0.002007 user 0.000000 system sec
	!	[0.006102 user 0.000000 sys total]
	!	0/0 [0/56] filesystem blocks in/out
	!	114/60 [161/450] page faults/reclaims, 0 [0] swaps
	!	0 [0] signals rcvd, 0/0 [0/0] messages rcvd/sent
	!	35/1 [84/2] voluntary/involuntary context switches
	! buffer usage stats:
	!	Shared blocks:         88 read,          0 written, buffer hit rate = 75.49%
	!	Local  blocks:          0 read,          0 written, buffer hit rate = 0.00%
	!	Direct blocks:          0 read,          0 written
	 1: count	(typeid = 20, len = 8, typmod = -1, byval = f)
	----
	 1: count = "101"	(typeid = 20, len = 8, typmod = -1, byval = f)
	----
backend> LOG:  shutting down
LOG:  database system is shut down
LOG:  database system was shut down at 2024-02-09 19:05:32 EST
LOG:  checkpoint record is at 0/C0F358
LOG:  redo record is at 0/C0F358; undo record is at 0/0; shutdown TRUE
LOG:  next transaction ID: 41088; next OID: 22147
LOG:  database system is ready

POSTGRES backend interactive interface 
$Revision: 1.375.2.5 $ $Date: 2005/12/14 17:07:00 $

backend> LOG:  QUERY STATISTICS
DETAIL:  ! system usage stats:
	!	0.037075 elapsed 0.000000 user 0.002153 system sec
	!	[0.000000 user 0.006458 sys total]
	!	0/0 [0/56] filesystem blocks in/out
	!	114/59 [161/448] page faults/reclaims, 0 [0] swaps
	!	0 [0] signals rcvd, 0/0 [0/0] messages rcvd/sent
	!	35/0 [84/0] voluntary/involuntary context switches
	! buffer usage stats:
	!	Shared blocks:         88 read,          0 written, buffer hit rate = 69.66%
	!	Local  blocks:          0 read,          0 written, buffer hit rate = 0.00%
	!	Direct blocks:          0 read,          0 written
	 1: count	(typeid = 20, len = 8, typmod = -1, byval = f)
	----
	 1: count = "31"	(typeid = 20, len = 8, typmod = -1, byval = f)
	----
backend> LOG:  shutting down
LOG:  database system is shut down
