LOG:  database system was shut down at 2024-02-09 15:35:43 EST
LOG:  checkpoint record is at 0/BCC308
LOG:  redo record is at 0/BCC308; undo record is at 0/0; shutdown TRUE
LOG:  next transaction ID: 30566; next OID: 22147
LOG:  database system is ready

POSTGRES backend interactive interface 
$Revision: 1.375.2.5 $ $Date: 2005/12/14 17:07:00 $

backend> LOG:  QUERY STATISTICS
DETAIL:  ! system usage stats:
	!	0.043864 elapsed 0.000000 user 0.004153 system sec
	!	[0.000000 user 0.008318 sys total]
	!	0/0 [0/56] filesystem blocks in/out
	!	219/49 [268/436] page faults/reclaims, 0 [0] swaps
	!	0 [0] signals rcvd, 0/0 [0/0] messages rcvd/sent
	!	32/2 [80/4] voluntary/involuntary context switches
	! buffer usage stats:
	!	Shared blocks:        109 read,          0 written, buffer hit rate = 53.81%
	!	Local  blocks:          0 read,          0 written, buffer hit rate = 0.00%
	!	Direct blocks:          0 read,          0 written
	 1: count	(typeid = 20, len = 8, typmod = -1, byval = f)
	----
	 1: count = "2175"	(typeid = 20, len = 8, typmod = -1, byval = f)
	----
backend> LOG:  QUERY STATISTICS
DETAIL:  ! system usage stats:
	!	0.004390 elapsed 0.004250 user 0.000140 system sec
	!	[0.004250 user 0.008500 sys total]
	!	0/0 [0/64] filesystem blocks in/out
	!	14/10 [282/446] page faults/reclaims, 0 [0] swaps
	!	0 [0] signals rcvd, 0/0 [0/0] messages rcvd/sent
	!	0/0 [80/4] voluntary/involuntary context switches
	! buffer usage stats:
	!	Shared blocks:          7 read,          0 written, buffer hit rate = 93.86%
	!	Local  blocks:          0 read,          0 written, buffer hit rate = 0.00%
	!	Direct blocks:          0 read,          0 written
	 1: count	(typeid = 20, len = 8, typmod = -1, byval = f)
	----
	 1: count = "1051"	(typeid = 20, len = 8, typmod = -1, byval = f)
	----
backend> LOG:  QUERY STATISTICS
DETAIL:  ! system usage stats:
	!	0.001729 elapsed 0.000576 user 0.001152 system sec
	!	[0.004836 user 0.009672 sys total]
	!	0/0 [0/72] filesystem blocks in/out
	!	4/14 [286/461] page faults/reclaims, 0 [0] swaps
	!	0 [0] signals rcvd, 0/0 [0/0] messages rcvd/sent
	!	0/0 [81/4] voluntary/involuntary context switches
	! buffer usage stats:
	!	Shared blocks:          2 read,          0 written, buffer hit rate = 98.54%
	!	Local  blocks:          0 read,          0 written, buffer hit rate = 0.00%
	!	Direct blocks:          0 read,          0 written
	 1: count	(typeid = 20, len = 8, typmod = -1, byval = f)
	----
	 1: count = "541"	(typeid = 20, len = 8, typmod = -1, byval = f)
	----
backend> LOG:  QUERY STATISTICS
DETAIL:  ! system usage stats:
	!	0.002287 elapsed 0.002287 user 0.000000 system sec
	!	[0.007129 user 0.009685 sys total]
	!	0/0 [0/72] filesystem blocks in/out
	!	0/6 [286/467] page faults/reclaims, 0 [0] swaps
	!	0 [0] signals rcvd, 0/0 [0/0] messages rcvd/sent
	!	0/0 [81/4] voluntary/involuntary context switches
	! buffer usage stats:
	!	Shared blocks:          0 read,          0 written, buffer hit rate = 100.00%
	!	Local  blocks:          0 read,          0 written, buffer hit rate = 0.00%
	!	Direct blocks:          0 read,          0 written
	 1: count	(typeid = 20, len = 8, typmod = -1, byval = f)
	----
	 1: count = "1326"	(typeid = 20, len = 8, typmod = -1, byval = f)
	----
backend> LOG:  QUERY STATISTICS
DETAIL:  ! system usage stats:
	!	0.002828 elapsed 0.002670 user 0.000132 system sec
	!	[0.009817 user 0.009817 sys total]
	!	0/0 [0/72] filesystem blocks in/out
	!	0/2 [286/469] page faults/reclaims, 0 [0] swaps
	!	0 [0] signals rcvd, 0/0 [0/0] messages rcvd/sent
	!	0/2 [81/6] voluntary/involuntary context switches
	! buffer usage stats:
	!	Shared blocks:          0 read,          0 written, buffer hit rate = 100.00%
	!	Local  blocks:          0 read,          0 written, buffer hit rate = 0.00%
	!	Direct blocks:          0 read,          0 written
	 1: count	(typeid = 20, len = 8, typmod = -1, byval = f)
	----
	 1: count = "340"	(typeid = 20, len = 8, typmod = -1, byval = f)
	----
backend> LOG:  QUERY STATISTICS
DETAIL:  ! system usage stats:
	!	0.003649 elapsed 0.003649 user 0.000000 system sec
	!	[0.013477 user 0.009828 sys total]
	!	0/0 [0/80] filesystem blocks in/out
	!	0/0 [286/469] page faults/reclaims, 0 [0] swaps
	!	0 [0] signals rcvd, 0/0 [0/0] messages rcvd/sent
	!	0/0 [82/6] voluntary/involuntary context switches
	! buffer usage stats:
	!	Shared blocks:          0 read,          0 written, buffer hit rate = 100.00%
	!	Local  blocks:          0 read,          0 written, buffer hit rate = 0.00%
	!	Direct blocks:          0 read,          0 written
	 1: count	(typeid = 20, len = 8, typmod = -1, byval = f)
	----
	 1: count = "1794"	(typeid = 20, len = 8, typmod = -1, byval = f)
	----
backend> LOG:  QUERY STATISTICS
DETAIL:  ! system usage stats:
	!	0.002627 elapsed 0.002611 user 0.000000 system sec
	!	[0.016109 user 0.009828 sys total]
	!	0/0 [0/88] filesystem blocks in/out
	!	0/0 [286/469] page faults/reclaims, 0 [0] swaps
	!	0 [0] signals rcvd, 0/0 [0/0] messages rcvd/sent
	!	0/2 [82/8] voluntary/involuntary context switches
	! buffer usage stats:
	!	Shared blocks:          0 read,          0 written, buffer hit rate = 100.00%
	!	Local  blocks:          0 read,          0 written, buffer hit rate = 0.00%
	!	Direct blocks:          0 read,          0 written
	 1: count	(typeid = 20, len = 8, typmod = -1, byval = f)
	----
	 1: count = "729"	(typeid = 20, len = 8, typmod = -1, byval = f)
	----
backend> LOG:  QUERY STATISTICS
DETAIL:  ! system usage stats:
	!	0.001417 elapsed 0.001417 user 0.000000 system sec
	!	[0.017547 user 0.009828 sys total]
	!	0/0 [0/96] filesystem blocks in/out
	!	0/0 [286/469] page faults/reclaims, 0 [0] swaps
	!	0 [0] signals rcvd, 0/0 [0/0] messages rcvd/sent
	!	0/0 [83/8] voluntary/involuntary context switches
	! buffer usage stats:
	!	Shared blocks:          0 read,          0 written, buffer hit rate = 100.00%
	!	Local  blocks:          0 read,          0 written, buffer hit rate = 0.00%
	!	Direct blocks:          0 read,          0 written
	 1: count	(typeid = 20, len = 8, typmod = -1, byval = f)
	----
	 1: count = "579"	(typeid = 20, len = 8, typmod = -1, byval = f)
	----
backend> LOG:  QUERY STATISTICS
DETAIL:  ! system usage stats:
	!	0.002435 elapsed 0.002434 user 0.000000 system sec
	!	[0.019997 user 0.009828 sys total]
	!	0/0 [0/96] filesystem blocks in/out
	!	0/0 [286/469] page faults/reclaims, 0 [0] swaps
	!	0 [0] signals rcvd, 0/0 [0/0] messages rcvd/sent
	!	0/0 [83/8] voluntary/involuntary context switches
	! buffer usage stats:
	!	Shared blocks:          0 read,          0 written, buffer hit rate = 100.00%
	!	Local  blocks:          0 read,          0 written, buffer hit rate = 0.00%
	!	Direct blocks:          0 read,          0 written
	 1: count	(typeid = 20, len = 8, typmod = -1, byval = f)
	----
	 1: count = "2479"	(typeid = 20, len = 8, typmod = -1, byval = f)
	----
backend> LOG:  QUERY STATISTICS
DETAIL:  ! system usage stats:
	!	0.004002 elapsed 0.003990 user 0.000000 system sec
	!	[0.024002 user 0.009828 sys total]
	!	0/0 [0/96] filesystem blocks in/out
	!	0/0 [286/469] page faults/reclaims, 0 [0] swaps
	!	0 [0] signals rcvd, 0/0 [0/0] messages rcvd/sent
	!	0/2 [83/10] voluntary/involuntary context switches
	! buffer usage stats:
	!	Shared blocks:          0 read,          0 written, buffer hit rate = 100.00%
	!	Local  blocks:          0 read,          0 written, buffer hit rate = 0.00%
	!	Direct blocks:          0 read,          0 written
	 1: count	(typeid = 20, len = 8, typmod = -1, byval = f)
	----
	 1: count = "1473"	(typeid = 20, len = 8, typmod = -1, byval = f)
	----
backend> LOG:  shutting down
LOG:  database system is shut down
