LOG:  database system was shut down at 2024-02-09 14:08:26 EST
LOG:  checkpoint record is at 0/B7E5B0
LOG:  redo record is at 0/B7E5B0; undo record is at 0/0; shutdown TRUE
LOG:  next transaction ID: 18879; next OID: 22147
LOG:  database system is ready

POSTGRES backend interactive interface 
$Revision: 1.375.2.5 $ $Date: 2005/12/14 17:07:00 $

backend> LOG:  QUERY STATISTICS
DETAIL:  ! system usage stats:
	!	0.040536 elapsed 0.002306 user 0.000000 system sec
	!	[0.006810 user 0.000000 sys total]
	!	0/0 [0/56] filesystem blocks in/out
	!	169/61 [220/446] page faults/reclaims, 0 [0] swaps
	!	0 [0] signals rcvd, 0/0 [0/0] messages rcvd/sent
	!	35/2 [82/9] voluntary/involuntary context switches
	! buffer usage stats:
	!	Shared blocks:         84 read,          0 written, buffer hit rate = 71.91%
	!	Local  blocks:          0 read,          0 written, buffer hit rate = 0.00%
	!	Direct blocks:          0 read,          0 written
	 1: count	(typeid = 20, len = 8, typmod = -1, byval = f)
	----
	 1: count = "41"	(typeid = 20, len = 8, typmod = -1, byval = f)
	----
backend> LOG:  QUERY STATISTICS
DETAIL:  ! system usage stats:
	!	0.003306 elapsed 0.003306 user 0.000000 system sec
	!	[0.010156 user 0.000000 sys total]
	!	0/0 [0/64] filesystem blocks in/out
	!	74/10 [294/456] page faults/reclaims, 0 [0] swaps
	!	0 [0] signals rcvd, 0/0 [0/0] messages rcvd/sent
	!	0/0 [82/9] voluntary/involuntary context switches
	! buffer usage stats:
	!	Shared blocks:         37 read,          0 written, buffer hit rate = 66.36%
	!	Local  blocks:          0 read,          0 written, buffer hit rate = 0.00%
	!	Direct blocks:          0 read,          0 written
	 1: count	(typeid = 20, len = 8, typmod = -1, byval = f)
	----
	 1: count = "50"	(typeid = 20, len = 8, typmod = -1, byval = f)
	----
backend> LOG:  QUERY STATISTICS
DETAIL:  ! system usage stats:
	!	0.000341 elapsed 0.000341 user 0.000000 system sec
	!	[0.010530 user 0.000000 sys total]
	!	0/0 [0/72] filesystem blocks in/out
	!	6/12 [300/469] page faults/reclaims, 0 [0] swaps
	!	0 [0] signals rcvd, 0/0 [0/0] messages rcvd/sent
	!	0/0 [83/9] voluntary/involuntary context switches
	! buffer usage stats:
	!	Shared blocks:          3 read,          0 written, buffer hit rate = 98.56%
	!	Local  blocks:          0 read,          0 written, buffer hit rate = 0.00%
	!	Direct blocks:          0 read,          0 written
	 1: count	(typeid = 20, len = 8, typmod = -1, byval = f)
	----
	 1: count = "99"	(typeid = 20, len = 8, typmod = -1, byval = f)
	----
backend> LOG:  QUERY STATISTICS
DETAIL:  ! system usage stats:
	!	0.000660 elapsed 0.000660 user 0.000000 system sec
	!	[0.011209 user 0.000000 sys total]
	!	0/0 [0/72] filesystem blocks in/out
	!	6/0 [306/469] page faults/reclaims, 0 [0] swaps
	!	0 [0] signals rcvd, 0/0 [0/0] messages rcvd/sent
	!	0/0 [83/9] voluntary/involuntary context switches
	! buffer usage stats:
	!	Shared blocks:          3 read,          0 written, buffer hit rate = 99.70%
	!	Local  blocks:          0 read,          0 written, buffer hit rate = 0.00%
	!	Direct blocks:          0 read,          0 written
	 1: count	(typeid = 20, len = 8, typmod = -1, byval = f)
	----
	 1: count = "1000"	(typeid = 20, len = 8, typmod = -1, byval = f)
	----
backend> LOG:  QUERY STATISTICS
DETAIL:  ! system usage stats:
	!	0.003644 elapsed 0.003645 user 0.000000 system sec
	!	[0.014871 user 0.000000 sys total]
	!	0/0 [0/72] filesystem blocks in/out
	!	0/1 [306/470] page faults/reclaims, 0 [0] swaps
	!	0 [0] signals rcvd, 0/0 [0/0] messages rcvd/sent
	!	0/0 [83/9] voluntary/involuntary context switches
	! buffer usage stats:
	!	Shared blocks:          0 read,          0 written, buffer hit rate = 100.00%
	!	Local  blocks:          0 read,          0 written, buffer hit rate = 0.00%
	!	Direct blocks:          0 read,          0 written
	 1: count	(typeid = 20, len = 8, typmod = -1, byval = f)
	----
	 1: count = "2500"	(typeid = 20, len = 8, typmod = -1, byval = f)
	----
backend> LOG:  QUERY STATISTICS
DETAIL:  ! system usage stats:
	!	0.003948 elapsed 0.003943 user 0.000000 system sec
	!	[0.018840 user 0.000000 sys total]
	!	0/0 [0/80] filesystem blocks in/out
	!	0/0 [306/471] page faults/reclaims, 0 [0] swaps
	!	0 [0] signals rcvd, 0/0 [0/0] messages rcvd/sent
	!	0/1 [84/10] voluntary/involuntary context switches
	! buffer usage stats:
	!	Shared blocks:          0 read,          0 written, buffer hit rate = 100.00%
	!	Local  blocks:          0 read,          0 written, buffer hit rate = 0.00%
	!	Direct blocks:          0 read,          0 written
	 1: count	(typeid = 20, len = 8, typmod = -1, byval = f)
	----
	 1: count = "999"	(typeid = 20, len = 8, typmod = -1, byval = f)
	----
backend> LOG:  QUERY STATISTICS
DETAIL:  ! system usage stats:
	!	0.000205 elapsed 0.000205 user 0.000000 system sec
	!	[0.019072 user 0.000000 sys total]
	!	0/0 [0/96] filesystem blocks in/out
	!	0/2 [306/473] page faults/reclaims, 0 [0] swaps
	!	0 [0] signals rcvd, 0/0 [0/0] messages rcvd/sent
	!	0/0 [85/10] voluntary/involuntary context switches
	! buffer usage stats:
	!	Shared blocks:          0 read,          0 written, buffer hit rate = 100.00%
	!	Local  blocks:          0 read,          0 written, buffer hit rate = 0.00%
	!	Direct blocks:          0 read,          0 written
	 1: count	(typeid = 20, len = 8, typmod = -1, byval = f)
	----
	 1: count = "301"	(typeid = 20, len = 8, typmod = -1, byval = f)
	----
backend> LOG:  QUERY STATISTICS
DETAIL:  ! system usage stats:
	!	0.000109 elapsed 0.000109 user 0.000000 system sec
	!	[0.019198 user 0.000000 sys total]
	!	0/0 [0/96] filesystem blocks in/out
	!	0/0 [306/473] page faults/reclaims, 0 [0] swaps
	!	0 [0] signals rcvd, 0/0 [0/0] messages rcvd/sent
	!	0/0 [85/10] voluntary/involuntary context switches
	! buffer usage stats:
	!	Shared blocks:          0 read,          0 written, buffer hit rate = 100.00%
	!	Local  blocks:          0 read,          0 written, buffer hit rate = 0.00%
	!	Direct blocks:          0 read,          0 written
	 1: count	(typeid = 20, len = 8, typmod = -1, byval = f)
	----
	 1: count = "101"	(typeid = 20, len = 8, typmod = -1, byval = f)
	----
backend> LOG:  QUERY STATISTICS
DETAIL:  ! system usage stats:
	!	0.000120 elapsed 0.000120 user 0.000000 system sec
	!	[0.019334 user 0.000000 sys total]
	!	0/0 [0/96] filesystem blocks in/out
	!	2/0 [308/473] page faults/reclaims, 0 [0] swaps
	!	0 [0] signals rcvd, 0/0 [0/0] messages rcvd/sent
	!	0/0 [85/10] voluntary/involuntary context switches
	! buffer usage stats:
	!	Shared blocks:          1 read,          0 written, buffer hit rate = 99.04%
	!	Local  blocks:          0 read,          0 written, buffer hit rate = 0.00%
	!	Direct blocks:          0 read,          0 written
	 1: count	(typeid = 20, len = 8, typmod = -1, byval = f)
	----
	 1: count = "101"	(typeid = 20, len = 8, typmod = -1, byval = f)
	----
backend> LOG:  QUERY STATISTICS
DETAIL:  ! system usage stats:
	!	0.000096 elapsed 0.000096 user 0.000000 system sec
	!	[0.019445 user 0.000000 sys total]
	!	0/0 [0/96] filesystem blocks in/out
	!	4/0 [312/473] page faults/reclaims, 0 [0] swaps
	!	0 [0] signals rcvd, 0/0 [0/0] messages rcvd/sent
	!	0/0 [85/10] voluntary/involuntary context switches
	! buffer usage stats:
	!	Shared blocks:          2 read,          0 written, buffer hit rate = 94.29%
	!	Local  blocks:          0 read,          0 written, buffer hit rate = 0.00%
	!	Direct blocks:          0 read,          0 written
	 1: count	(typeid = 20, len = 8, typmod = -1, byval = f)
	----
	 1: count = "31"	(typeid = 20, len = 8, typmod = -1, byval = f)
	----
backend> LOG:  shutting down
LOG:  database system is shut down
