LOG:  database system was shut down at 2024-02-09 15:10:25 EST
LOG:  checkpoint record is at 0/BB3D50
LOG:  redo record is at 0/BB3D50; undo record is at 0/0; shutdown TRUE
LOG:  next transaction ID: 26524; next OID: 22147
LOG:  database system is ready

POSTGRES backend interactive interface 
$Revision: 1.375.2.5 $ $Date: 2005/12/14 17:07:00 $

backend> LOG:  QUERY STATISTICS
DETAIL:  ! system usage stats:
	!	0.073487 elapsed 0.000000 user 0.004256 system sec
	!	[0.000000 user 0.008592 sys total]
	!	0/0 [0/56] filesystem blocks in/out
	!	48/53 [94/431] page faults/reclaims, 0 [0] swaps
	!	0 [0] signals rcvd, 0/0 [0/0] messages rcvd/sent
	!	31/0 [78/6] voluntary/involuntary context switches
	! buffer usage stats:
	!	Shared blocks:        126 read,          0 written, buffer hit rate = 46.61%
	!	Local  blocks:          0 read,          0 written, buffer hit rate = 0.00%
	!	Direct blocks:          0 read,          0 written
	 1: count	(typeid = 20, len = 8, typmod = -1, byval = f)
	----
	 1: count = "2175"	(typeid = 20, len = 8, typmod = -1, byval = f)
	----
backend> LOG:  QUERY STATISTICS
DETAIL:  ! system usage stats:
	!	0.003904 elapsed 0.003903 user 0.000000 system sec
	!	[0.003903 user 0.008634 sys total]
	!	0/0 [0/64] filesystem blocks in/out
	!	0/10 [94/441] page faults/reclaims, 0 [0] swaps
	!	0 [0] signals rcvd, 0/0 [0/0] messages rcvd/sent
	!	0/0 [78/6] voluntary/involuntary context switches
	! buffer usage stats:
	!	Shared blocks:         64 read,          0 written, buffer hit rate = 43.86%
	!	Local  blocks:          0 read,          0 written, buffer hit rate = 0.00%
	!	Direct blocks:          0 read,          0 written
	 1: count	(typeid = 20, len = 8, typmod = -1, byval = f)
	----
	 1: count = "1051"	(typeid = 20, len = 8, typmod = -1, byval = f)
	----
backend> LOG:  QUERY STATISTICS
DETAIL:  ! system usage stats:
	!	0.003726 elapsed 0.003726 user 0.000000 system sec
	!	[0.007661 user 0.008634 sys total]
	!	0/0 [0/72] filesystem blocks in/out
	!	0/13 [94/455] page faults/reclaims, 0 [0] swaps
	!	0 [0] signals rcvd, 0/0 [0/0] messages rcvd/sent
	!	0/0 [78/6] voluntary/involuntary context switches
	! buffer usage stats:
	!	Shared blocks:         59 read,          0 written, buffer hit rate = 56.93%
	!	Local  blocks:          0 read,          0 written, buffer hit rate = 0.00%
	!	Direct blocks:          0 read,          0 written
	 1: count	(typeid = 20, len = 8, typmod = -1, byval = f)
	----
	 1: count = "541"	(typeid = 20, len = 8, typmod = -1, byval = f)
	----
backend> LOG:  QUERY STATISTICS
DETAIL:  ! system usage stats:
	!	0.004260 elapsed 0.004098 user 0.000000 system sec
	!	[0.011791 user 0.008634 sys total]
	!	0/0 [0/80] filesystem blocks in/out
	!	0/6 [94/461] page faults/reclaims, 0 [0] swaps
	!	0 [0] signals rcvd, 0/0 [0/0] messages rcvd/sent
	!	0/2 [79/8] voluntary/involuntary context switches
	! buffer usage stats:
	!	Shared blocks:         54 read,          0 written, buffer hit rate = 35.71%
	!	Local  blocks:          0 read,          0 written, buffer hit rate = 0.00%
	!	Direct blocks:          0 read,          0 written
	 1: count	(typeid = 20, len = 8, typmod = -1, byval = f)
	----
	 1: count = "1326"	(typeid = 20, len = 8, typmod = -1, byval = f)
	----
backend> LOG:  QUERY STATISTICS
DETAIL:  ! system usage stats:
	!	0.004466 elapsed 0.004445 user 0.000000 system sec
	!	[0.016265 user 0.008634 sys total]
	!	0/0 [0/88] filesystem blocks in/out
	!	0/2 [94/463] page faults/reclaims, 0 [0] swaps
	!	0 [0] signals rcvd, 0/0 [0/0] messages rcvd/sent
	!	0/1 [79/9] voluntary/involuntary context switches
	! buffer usage stats:
	!	Shared blocks:         32 read,          0 written, buffer hit rate = 0.00%
	!	Local  blocks:          0 read,          0 written, buffer hit rate = 0.00%
	!	Direct blocks:          0 read,          0 written
	 1: count	(typeid = 20, len = 8, typmod = -1, byval = f)
	----
	 1: count = "340"	(typeid = 20, len = 8, typmod = -1, byval = f)
	----
backend> LOG:  QUERY STATISTICS
DETAIL:  ! system usage stats:
	!	0.003023 elapsed 0.003018 user 0.000000 system sec
	!	[0.019325 user 0.008634 sys total]
	!	0/0 [0/96] filesystem blocks in/out
	!	0/0 [94/463] page faults/reclaims, 0 [0] swaps
	!	0 [0] signals rcvd, 0/0 [0/0] messages rcvd/sent
	!	0/1 [80/11] voluntary/involuntary context switches
	! buffer usage stats:
	!	Shared blocks:         32 read,          0 written, buffer hit rate = 0.00%
	!	Local  blocks:          0 read,          0 written, buffer hit rate = 0.00%
	!	Direct blocks:          0 read,          0 written
	 1: count	(typeid = 20, len = 8, typmod = -1, byval = f)
	----
	 1: count = "1794"	(typeid = 20, len = 8, typmod = -1, byval = f)
	----
backend> LOG:  QUERY STATISTICS
DETAIL:  ! system usage stats:
	!	0.002125 elapsed 0.002110 user 0.000000 system sec
	!	[0.021466 user 0.008634 sys total]
	!	0/0 [0/104] filesystem blocks in/out
	!	0/0 [94/463] page faults/reclaims, 0 [0] swaps
	!	0 [0] signals rcvd, 0/0 [0/0] messages rcvd/sent
	!	0/1 [80/12] voluntary/involuntary context switches
	! buffer usage stats:
	!	Shared blocks:         32 read,          0 written, buffer hit rate = 0.00%
	!	Local  blocks:          0 read,          0 written, buffer hit rate = 0.00%
	!	Direct blocks:          0 read,          0 written
	 1: count	(typeid = 20, len = 8, typmod = -1, byval = f)
	----
	 1: count = "729"	(typeid = 20, len = 8, typmod = -1, byval = f)
	----
backend> LOG:  QUERY STATISTICS
DETAIL:  ! system usage stats:
	!	0.002909 elapsed 0.002909 user 0.000000 system sec
	!	[0.024412 user 0.008634 sys total]
	!	0/0 [0/112] filesystem blocks in/out
	!	0/0 [94/463] page faults/reclaims, 0 [0] swaps
	!	0 [0] signals rcvd, 0/0 [0/0] messages rcvd/sent
	!	0/0 [81/12] voluntary/involuntary context switches
	! buffer usage stats:
	!	Shared blocks:         32 read,          0 written, buffer hit rate = 0.00%
	!	Local  blocks:          0 read,          0 written, buffer hit rate = 0.00%
	!	Direct blocks:          0 read,          0 written
	 1: count	(typeid = 20, len = 8, typmod = -1, byval = f)
	----
	 1: count = "579"	(typeid = 20, len = 8, typmod = -1, byval = f)
	----
backend> LOG:  QUERY STATISTICS
DETAIL:  ! system usage stats:
	!	0.003267 elapsed 0.003267 user 0.000000 system sec
	!	[0.027705 user 0.008634 sys total]
	!	0/0 [0/112] filesystem blocks in/out
	!	0/0 [94/463] page faults/reclaims, 0 [0] swaps
	!	0 [0] signals rcvd, 0/0 [0/0] messages rcvd/sent
	!	0/0 [81/12] voluntary/involuntary context switches
	! buffer usage stats:
	!	Shared blocks:         32 read,          0 written, buffer hit rate = 0.00%
	!	Local  blocks:          0 read,          0 written, buffer hit rate = 0.00%
	!	Direct blocks:          0 read,          0 written
	 1: count	(typeid = 20, len = 8, typmod = -1, byval = f)
	----
	 1: count = "2479"	(typeid = 20, len = 8, typmod = -1, byval = f)
	----
backend> LOG:  QUERY STATISTICS
DETAIL:  ! system usage stats:
	!	0.003470 elapsed 0.003461 user 0.000000 system sec
	!	[0.031205 user 0.008634 sys total]
	!	0/0 [0/120] filesystem blocks in/out
	!	0/0 [94/463] page faults/reclaims, 0 [0] swaps
	!	0 [0] signals rcvd, 0/0 [0/0] messages rcvd/sent
	!	0/1 [82/14] voluntary/involuntary context switches
	! buffer usage stats:
	!	Shared blocks:         32 read,          0 written, buffer hit rate = 0.00%
	!	Local  blocks:          0 read,          0 written, buffer hit rate = 0.00%
	!	Direct blocks:          0 read,          0 written
	 1: count	(typeid = 20, len = 8, typmod = -1, byval = f)
	----
	 1: count = "1473"	(typeid = 20, len = 8, typmod = -1, byval = f)
	----
backend> LOG:  shutting down
LOG:  database system is shut down
