LOG:  database system was shut down at 2024-02-09 15:35:41 EST
LOG:  checkpoint record is at 0/BCBE70
LOG:  redo record is at 0/BCBE70; undo record is at 0/0; shutdown TRUE
LOG:  next transaction ID: 30390; next OID: 22147
LOG:  database system is ready

POSTGRES backend interactive interface 
$Revision: 1.375.2.5 $ $Date: 2005/12/14 17:07:00 $

backend> LOG:  QUERY STATISTICS
DETAIL:  ! system usage stats:
	!	0.042310 elapsed 0.003918 user 0.000000 system sec
	!	[0.008320 user 0.000000 sys total]
	!	0/0 [0/56] filesystem blocks in/out
	!	50/53 [96/434] page faults/reclaims, 0 [0] swaps
	!	0 [0] signals rcvd, 0/0 [0/0] messages rcvd/sent
	!	31/1 [81/10] voluntary/involuntary context switches
	! buffer usage stats:
	!	Shared blocks:        124 read,          0 written, buffer hit rate = 47.46%
	!	Local  blocks:          0 read,          0 written, buffer hit rate = 0.00%
	!	Direct blocks:          0 read,          0 written
	 1: count	(typeid = 20, len = 8, typmod = -1, byval = f)
	----
	 1: count = "2175"	(typeid = 20, len = 8, typmod = -1, byval = f)
	----
backend> LOG:  QUERY STATISTICS
DETAIL:  ! system usage stats:
	!	0.003416 elapsed 0.003266 user 0.000000 system sec
	!	[0.011627 user 0.000000 sys total]
	!	0/0 [0/64] filesystem blocks in/out
	!	0/10 [96/444] page faults/reclaims, 0 [0] swaps
	!	0 [0] signals rcvd, 0/0 [0/0] messages rcvd/sent
	!	0/6 [81/16] voluntary/involuntary context switches
	! buffer usage stats:
	!	Shared blocks:         64 read,          0 written, buffer hit rate = 43.86%
	!	Local  blocks:          0 read,          0 written, buffer hit rate = 0.00%
	!	Direct blocks:          0 read,          0 written
	 1: count	(typeid = 20, len = 8, typmod = -1, byval = f)
	----
	 1: count = "1051"	(typeid = 20, len = 8, typmod = -1, byval = f)
	----
backend> LOG:  QUERY STATISTICS
DETAIL:  ! system usage stats:
	!	0.003490 elapsed 0.003440 user 0.000000 system sec
	!	[0.015100 user 0.000000 sys total]
	!	0/0 [0/72] filesystem blocks in/out
	!	0/13 [96/458] page faults/reclaims, 0 [0] swaps
	!	0 [0] signals rcvd, 0/0 [0/0] messages rcvd/sent
	!	0/2 [81/18] voluntary/involuntary context switches
	! buffer usage stats:
	!	Shared blocks:         59 read,          0 written, buffer hit rate = 56.93%
	!	Local  blocks:          0 read,          0 written, buffer hit rate = 0.00%
	!	Direct blocks:          0 read,          0 written
	 1: count	(typeid = 20, len = 8, typmod = -1, byval = f)
	----
	 1: count = "541"	(typeid = 20, len = 8, typmod = -1, byval = f)
	----
backend> LOG:  QUERY STATISTICS
DETAIL:  ! system usage stats:
	!	0.003944 elapsed 0.003795 user 0.000000 system sec
	!	[0.018925 user 0.000000 sys total]
	!	0/0 [0/80] filesystem blocks in/out
	!	0/6 [96/464] page faults/reclaims, 0 [0] swaps
	!	0 [0] signals rcvd, 0/0 [0/0] messages rcvd/sent
	!	0/8 [82/27] voluntary/involuntary context switches
	! buffer usage stats:
	!	Shared blocks:         54 read,          0 written, buffer hit rate = 35.71%
	!	Local  blocks:          0 read,          0 written, buffer hit rate = 0.00%
	!	Direct blocks:          0 read,          0 written
	 1: count	(typeid = 20, len = 8, typmod = -1, byval = f)
	----
	 1: count = "1326"	(typeid = 20, len = 8, typmod = -1, byval = f)
	----
backend> LOG:  QUERY STATISTICS
DETAIL:  ! system usage stats:
	!	0.003248 elapsed 0.003194 user 0.000000 system sec
	!	[0.022144 user 0.000000 sys total]
	!	0/0 [0/88] filesystem blocks in/out
	!	0/2 [96/466] page faults/reclaims, 0 [0] swaps
	!	0 [0] signals rcvd, 0/0 [0/0] messages rcvd/sent
	!	0/4 [82/31] voluntary/involuntary context switches
	! buffer usage stats:
	!	Shared blocks:         32 read,          0 written, buffer hit rate = 0.00%
	!	Local  blocks:          0 read,          0 written, buffer hit rate = 0.00%
	!	Direct blocks:          0 read,          0 written
	 1: count	(typeid = 20, len = 8, typmod = -1, byval = f)
	----
	 1: count = "340"	(typeid = 20, len = 8, typmod = -1, byval = f)
	----
backend> LOG:  QUERY STATISTICS
DETAIL:  ! system usage stats:
	!	0.003141 elapsed 0.003066 user 0.000000 system sec
	!	[0.025235 user 0.000000 sys total]
	!	0/0 [0/96] filesystem blocks in/out
	!	0/0 [96/466] page faults/reclaims, 0 [0] swaps
	!	0 [0] signals rcvd, 0/0 [0/0] messages rcvd/sent
	!	0/2 [83/33] voluntary/involuntary context switches
	! buffer usage stats:
	!	Shared blocks:         32 read,          0 written, buffer hit rate = 0.00%
	!	Local  blocks:          0 read,          0 written, buffer hit rate = 0.00%
	!	Direct blocks:          0 read,          0 written
	 1: count	(typeid = 20, len = 8, typmod = -1, byval = f)
	----
	 1: count = "1794"	(typeid = 20, len = 8, typmod = -1, byval = f)
	----
backend> LOG:  QUERY STATISTICS
DETAIL:  ! system usage stats:
	!	0.001932 elapsed 0.001932 user 0.000000 system sec
	!	[0.027196 user 0.000000 sys total]
	!	0/0 [0/112] filesystem blocks in/out
	!	0/0 [96/466] page faults/reclaims, 0 [0] swaps
	!	0 [0] signals rcvd, 0/0 [0/0] messages rcvd/sent
	!	0/0 [84/34] voluntary/involuntary context switches
	! buffer usage stats:
	!	Shared blocks:         32 read,          0 written, buffer hit rate = 0.00%
	!	Local  blocks:          0 read,          0 written, buffer hit rate = 0.00%
	!	Direct blocks:          0 read,          0 written
	 1: count	(typeid = 20, len = 8, typmod = -1, byval = f)
	----
	 1: count = "729"	(typeid = 20, len = 8, typmod = -1, byval = f)
	----
backend> LOG:  QUERY STATISTICS
DETAIL:  ! system usage stats:
	!	0.002841 elapsed 0.002620 user 0.000000 system sec
	!	[0.029834 user 0.000000 sys total]
	!	0/0 [0/112] filesystem blocks in/out
	!	0/0 [96/466] page faults/reclaims, 0 [0] swaps
	!	0 [0] signals rcvd, 0/0 [0/0] messages rcvd/sent
	!	0/4 [84/38] voluntary/involuntary context switches
	! buffer usage stats:
	!	Shared blocks:         32 read,          0 written, buffer hit rate = 0.00%
	!	Local  blocks:          0 read,          0 written, buffer hit rate = 0.00%
	!	Direct blocks:          0 read,          0 written
	 1: count	(typeid = 20, len = 8, typmod = -1, byval = f)
	----
	 1: count = "579"	(typeid = 20, len = 8, typmod = -1, byval = f)
	----
backend> LOG:  QUERY STATISTICS
DETAIL:  ! system usage stats:
	!	0.003579 elapsed 0.000000 user 0.003470 system sec
	!	[0.029834 user 0.003515 sys total]
	!	0/0 [0/120] filesystem blocks in/out
	!	0/0 [96/466] page faults/reclaims, 0 [0] swaps
	!	0 [0] signals rcvd, 0/0 [0/0] messages rcvd/sent
	!	0/4 [85/42] voluntary/involuntary context switches
	! buffer usage stats:
	!	Shared blocks:         32 read,          0 written, buffer hit rate = 0.00%
	!	Local  blocks:          0 read,          0 written, buffer hit rate = 0.00%
	!	Direct blocks:          0 read,          0 written
	 1: count	(typeid = 20, len = 8, typmod = -1, byval = f)
	----
	 1: count = "2479"	(typeid = 20, len = 8, typmod = -1, byval = f)
	----
backend> LOG:  QUERY STATISTICS
DETAIL:  ! system usage stats:
	!	0.003237 elapsed 0.001452 user 0.001668 system sec
	!	[0.031286 user 0.005214 sys total]
	!	0/0 [0/128] filesystem blocks in/out
	!	0/0 [96/466] page faults/reclaims, 0 [0] swaps
	!	0 [0] signals rcvd, 0/0 [0/0] messages rcvd/sent
	!	0/3 [86/45] voluntary/involuntary context switches
	! buffer usage stats:
	!	Shared blocks:         32 read,          0 written, buffer hit rate = 0.00%
	!	Local  blocks:          0 read,          0 written, buffer hit rate = 0.00%
	!	Direct blocks:          0 read,          0 written
	 1: count	(typeid = 20, len = 8, typmod = -1, byval = f)
	----
	 1: count = "1473"	(typeid = 20, len = 8, typmod = -1, byval = f)
	----
backend> LOG:  shutting down
LOG:  database system is shut down
