LOG:  database system was shut down at 2024-02-09 19:02:39 EST
LOG:  checkpoint record is at 0/C08B50
LOG:  redo record is at 0/C08B50; undo record is at 0/0; shutdown TRUE
LOG:  next transaction ID: 40170; next OID: 22147
LOG:  database system is ready

POSTGRES backend interactive interface 
$Revision: 1.375.2.5 $ $Date: 2005/12/14 17:07:00 $

backend> LOG:  QUERY STATISTICS
DETAIL:  ! system usage stats:
	!	0.033478 elapsed 0.004021 user 0.000000 system sec
	!	[0.008190 user 0.000000 sys total]
	!	0/0 [0/56] filesystem blocks in/out
	!	92/49 [141/437] page faults/reclaims, 0 [0] swaps
	!	0 [0] signals rcvd, 0/0 [0/0] messages rcvd/sent
	!	31/2 [80/6] voluntary/involuntary context switches
	! buffer usage stats:
	!	Shared blocks:        135 read,          0 written, buffer hit rate = 42.80%
	!	Local  blocks:          0 read,          0 written, buffer hit rate = 0.00%
	!	Direct blocks:          0 read,          0 written
	 1: count	(typeid = 20, len = 8, typmod = -1, byval = f)
	----
	 1: count = "2175"	(typeid = 20, len = 8, typmod = -1, byval = f)
	----
backend> LOG:  shutting down
LOG:  database system is shut down
LOG:  database system was shut down at 2024-02-09 19:02:39 EST
LOG:  checkpoint record is at 0/C08B98
LOG:  redo record is at 0/C08B98; undo record is at 0/0; shutdown TRUE
LOG:  next transaction ID: 40172; next OID: 22147
LOG:  database system is ready

POSTGRES backend interactive interface 
$Revision: 1.375.2.5 $ $Date: 2005/12/14 17:07:00 $

backend> LOG:  QUERY STATISTICS
DETAIL:  ! system usage stats:
	!	0.075319 elapsed 0.004900 user 0.000000 system sec
	!	[0.009057 user 0.000000 sys total]
	!	0/0 [0/56] filesystem blocks in/out
	!	94/51 [143/442] page faults/reclaims, 0 [0] swaps
	!	0 [0] signals rcvd, 0/0 [0/0] messages rcvd/sent
	!	30/2 [79/4] voluntary/involuntary context switches
	! buffer usage stats:
	!	Shared blocks:        151 read,          0 written, buffer hit rate = 42.37%
	!	Local  blocks:          0 read,          0 written, buffer hit rate = 0.00%
	!	Direct blocks:          0 read,          0 written
	 1: count	(typeid = 20, len = 8, typmod = -1, byval = f)
	----
	 1: count = "1051"	(typeid = 20, len = 8, typmod = -1, byval = f)
	----
backend> LOG:  shutting down
LOG:  database system is shut down
LOG:  database system was shut down at 2024-02-09 19:02:40 EST
LOG:  checkpoint record is at 0/C08BE0
LOG:  redo record is at 0/C08BE0; undo record is at 0/0; shutdown TRUE
LOG:  next transaction ID: 40174; next OID: 22147
LOG:  database system is ready

POSTGRES backend interactive interface 
$Revision: 1.375.2.5 $ $Date: 2005/12/14 17:07:00 $

backend> LOG:  QUERY STATISTICS
DETAIL:  ! system usage stats:
	!	0.035126 elapsed 0.005136 user 0.000000 system sec
	!	[0.005136 user 0.004251 sys total]
	!	0/0 [0/56] filesystem blocks in/out
	!	92/57 [141/446] page faults/reclaims, 0 [0] swaps
	!	0 [0] signals rcvd, 0/0 [0/0] messages rcvd/sent
	!	31/0 [80/0] voluntary/involuntary context switches
	! buffer usage stats:
	!	Shared blocks:        142 read,          0 written, buffer hit rate = 50.18%
	!	Local  blocks:          0 read,          0 written, buffer hit rate = 0.00%
	!	Direct blocks:          0 read,          0 written
	 1: count	(typeid = 20, len = 8, typmod = -1, byval = f)
	----
	 1: count = "541"	(typeid = 20, len = 8, typmod = -1, byval = f)
	----
backend> LOG:  shutting down
LOG:  database system is shut down
LOG:  database system was shut down at 2024-02-09 19:02:40 EST
LOG:  checkpoint record is at 0/C08C28
LOG:  redo record is at 0/C08C28; undo record is at 0/0; shutdown TRUE
LOG:  next transaction ID: 40176; next OID: 22147
LOG:  database system is ready

POSTGRES backend interactive interface 
$Revision: 1.375.2.5 $ $Date: 2005/12/14 17:07:00 $

backend> LOG:  QUERY STATISTICS
DETAIL:  ! system usage stats:
	!	0.035207 elapsed 0.005372 user 0.000000 system sec
	!	[0.009787 user 0.000000 sys total]
	!	0/0 [8/56] filesystem blocks in/out
	!	92/59 [141/445] page faults/reclaims, 0 [0] swaps
	!	0 [0] signals rcvd, 0/0 [0/0] messages rcvd/sent
	!	31/2 [81/3] voluntary/involuntary context switches
	! buffer usage stats:
	!	Shared blocks:        149 read,          0 written, buffer hit rate = 50.00%
	!	Local  blocks:          0 read,          0 written, buffer hit rate = 0.00%
	!	Direct blocks:          0 read,          0 written
	 1: count	(typeid = 20, len = 8, typmod = -1, byval = f)
	----
	 1: count = "1326"	(typeid = 20, len = 8, typmod = -1, byval = f)
	----
backend> LOG:  shutting down
LOG:  database system is shut down
LOG:  database system was shut down at 2024-02-09 19:02:40 EST
LOG:  checkpoint record is at 0/C08C70
LOG:  redo record is at 0/C08C70; undo record is at 0/0; shutdown TRUE
LOG:  next transaction ID: 40178; next OID: 22147
LOG:  database system is ready

POSTGRES backend interactive interface 
$Revision: 1.375.2.5 $ $Date: 2005/12/14 17:07:00 $

backend> LOG:  QUERY STATISTICS
DETAIL:  ! system usage stats:
	!	0.033301 elapsed 0.002446 user 0.003250 system sec
	!	[0.006501 user 0.003250 sys total]
	!	0/0 [0/56] filesystem blocks in/out
	!	94/55 [143/439] page faults/reclaims, 0 [0] swaps
	!	0 [0] signals rcvd, 0/0 [0/0] messages rcvd/sent
	!	29/0 [78/2] voluntary/involuntary context switches
	! buffer usage stats:
	!	Shared blocks:        151 read,          0 written, buffer hit rate = 43.23%
	!	Local  blocks:          0 read,          0 written, buffer hit rate = 0.00%
	!	Direct blocks:          0 read,          0 written
	 1: count	(typeid = 20, len = 8, typmod = -1, byval = f)
	----
	 1: count = "340"	(typeid = 20, len = 8, typmod = -1, byval = f)
	----
backend> LOG:  shutting down
LOG:  database system is shut down
LOG:  database system was shut down at 2024-02-09 19:02:40 EST
LOG:  checkpoint record is at 0/C08CB8
LOG:  redo record is at 0/C08CB8; undo record is at 0/0; shutdown TRUE
LOG:  next transaction ID: 40180; next OID: 22147
LOG:  database system is ready

POSTGRES backend interactive interface 
$Revision: 1.375.2.5 $ $Date: 2005/12/14 17:07:00 $

backend> LOG:  QUERY STATISTICS
DETAIL:  ! system usage stats:
	!	0.036445 elapsed 0.000563 user 0.004595 system sec
	!	[0.004595 user 0.004595 sys total]
	!	0/0 [0/56] filesystem blocks in/out
	!	92/56 [141/444] page faults/reclaims, 0 [0] swaps
	!	0 [0] signals rcvd, 0/0 [0/0] messages rcvd/sent
	!	32/8 [81/17] voluntary/involuntary context switches
	! buffer usage stats:
	!	Shared blocks:        147 read,          0 written, buffer hit rate = 49.66%
	!	Local  blocks:          0 read,          0 written, buffer hit rate = 0.00%
	!	Direct blocks:          0 read,          0 written
	 1: count	(typeid = 20, len = 8, typmod = -1, byval = f)
	----
	 1: count = "1794"	(typeid = 20, len = 8, typmod = -1, byval = f)
	----
backend> LOG:  shutting down
LOG:  database system is shut down
LOG:  database system was shut down at 2024-02-09 19:02:40 EST
LOG:  checkpoint record is at 0/C08D00
LOG:  redo record is at 0/C08D00; undo record is at 0/0; shutdown TRUE
LOG:  next transaction ID: 40182; next OID: 22147
LOG:  database system is ready

POSTGRES backend interactive interface 
$Revision: 1.375.2.5 $ $Date: 2005/12/14 17:07:00 $

backend> LOG:  QUERY STATISTICS
DETAIL:  ! system usage stats:
	!	0.038118 elapsed 0.004013 user 0.000000 system sec
	!	[0.008133 user 0.000000 sys total]
	!	0/0 [0/56] filesystem blocks in/out
	!	92/51 [141/438] page faults/reclaims, 0 [0] swaps
	!	0 [0] signals rcvd, 0/0 [0/0] messages rcvd/sent
	!	31/3 [81/11] voluntary/involuntary context switches
	! buffer usage stats:
	!	Shared blocks:        135 read,          0 written, buffer hit rate = 42.80%
	!	Local  blocks:          0 read,          0 written, buffer hit rate = 0.00%
	!	Direct blocks:          0 read,          0 written
	 1: count	(typeid = 20, len = 8, typmod = -1, byval = f)
	----
	 1: count = "729"	(typeid = 20, len = 8, typmod = -1, byval = f)
	----
backend> LOG:  shutting down
LOG:  database system is shut down
LOG:  database system was shut down at 2024-02-09 19:02:40 EST
LOG:  checkpoint record is at 0/C08D48
LOG:  redo record is at 0/C08D48; undo record is at 0/0; shutdown TRUE
LOG:  next transaction ID: 40184; next OID: 22147
LOG:  database system is ready

POSTGRES backend interactive interface 
$Revision: 1.375.2.5 $ $Date: 2005/12/14 17:07:00 $

backend> LOG:  QUERY STATISTICS
DETAIL:  ! system usage stats:
	!	0.034176 elapsed 0.004403 user 0.000000 system sec
	!	[0.008544 user 0.000000 sys total]
	!	0/0 [0/64] filesystem blocks in/out
	!	92/58 [141/446] page faults/reclaims, 0 [0] swaps
	!	0 [0] signals rcvd, 0/0 [0/0] messages rcvd/sent
	!	31/3 [80/3] voluntary/involuntary context switches
	! buffer usage stats:
	!	Shared blocks:        142 read,          0 written, buffer hit rate = 50.18%
	!	Local  blocks:          0 read,          0 written, buffer hit rate = 0.00%
	!	Direct blocks:          0 read,          0 written
	 1: count	(typeid = 20, len = 8, typmod = -1, byval = f)
	----
	 1: count = "579"	(typeid = 20, len = 8, typmod = -1, byval = f)
	----
backend> LOG:  shutting down
LOG:  database system is shut down
LOG:  database system was shut down at 2024-02-09 19:02:40 EST
LOG:  checkpoint record is at 0/C08D90
LOG:  redo record is at 0/C08D90; undo record is at 0/0; shutdown TRUE
LOG:  next transaction ID: 40186; next OID: 22147
LOG:  database system is ready

POSTGRES backend interactive interface 
$Revision: 1.375.2.5 $ $Date: 2005/12/14 17:07:00 $

backend> LOG:  QUERY STATISTICS
DETAIL:  ! system usage stats:
	!	0.034801 elapsed 0.005123 user 0.000000 system sec
	!	[0.005123 user 0.004140 sys total]
	!	0/0 [0/56] filesystem blocks in/out
	!	92/56 [141/443] page faults/reclaims, 0 [0] swaps
	!	0 [0] signals rcvd, 0/0 [0/0] messages rcvd/sent
	!	31/1 [80/3] voluntary/involuntary context switches
	! buffer usage stats:
	!	Shared blocks:        147 read,          0 written, buffer hit rate = 49.66%
	!	Local  blocks:          0 read,          0 written, buffer hit rate = 0.00%
	!	Direct blocks:          0 read,          0 written
	 1: count	(typeid = 20, len = 8, typmod = -1, byval = f)
	----
	 1: count = "2479"	(typeid = 20, len = 8, typmod = -1, byval = f)
	----
backend> LOG:  shutting down
LOG:  database system is shut down
LOG:  database system was shut down at 2024-02-09 19:02:40 EST
LOG:  checkpoint record is at 0/C08DD8
LOG:  redo record is at 0/C08DD8; undo record is at 0/0; shutdown TRUE
LOG:  next transaction ID: 40188; next OID: 22147
LOG:  database system is ready

POSTGRES backend interactive interface 
$Revision: 1.375.2.5 $ $Date: 2005/12/14 17:07:00 $

backend> LOG:  QUERY STATISTICS
DETAIL:  ! system usage stats:
	!	0.035446 elapsed 0.002314 user 0.002810 system sec
	!	[0.002314 user 0.006942 sys total]
	!	0/0 [0/56] filesystem blocks in/out
	!	92/60 [141/447] page faults/reclaims, 0 [0] swaps
	!	0 [0] signals rcvd, 0/0 [0/0] messages rcvd/sent
	!	31/2 [80/6] voluntary/involuntary context switches
	! buffer usage stats:
	!	Shared blocks:        145 read,          0 written, buffer hit rate = 49.30%
	!	Local  blocks:          0 read,          0 written, buffer hit rate = 0.00%
	!	Direct blocks:          0 read,          0 written
	 1: count	(typeid = 20, len = 8, typmod = -1, byval = f)
	----
	 1: count = "1473"	(typeid = 20, len = 8, typmod = -1, byval = f)
	----
backend> LOG:  shutting down
LOG:  database system is shut down
