LOG:  database system was shut down at 2024-02-09 19:02:41 EST
LOG:  checkpoint record is at 0/C08E20
LOG:  redo record is at 0/C08E20; undo record is at 0/0; shutdown TRUE
LOG:  next transaction ID: 40190; next OID: 22147
LOG:  database system is ready

POSTGRES backend interactive interface 
$Revision: 1.375.2.5 $ $Date: 2005/12/14 17:07:00 $

backend> LOG:  QUERY STATISTICS
DETAIL:  ! system usage stats:
	!	0.041044 elapsed 0.004042 user 0.000000 system sec
	!	[0.008129 user 0.000000 sys total]
	!	0/0 [0/56] filesystem blocks in/out
	!	124/49 [174/439] page faults/reclaims, 0 [0] swaps
	!	0 [0] signals rcvd, 0/0 [0/0] messages rcvd/sent
	!	31/11 [80/15] voluntary/involuntary context switches
	! buffer usage stats:
	!	Shared blocks:        116 read,          0 written, buffer hit rate = 50.85%
	!	Local  blocks:          0 read,          0 written, buffer hit rate = 0.00%
	!	Direct blocks:          0 read,          0 written
	 1: count	(typeid = 20, len = 8, typmod = -1, byval = f)
	----
	 1: count = "2175"	(typeid = 20, len = 8, typmod = -1, byval = f)
	----
backend> LOG:  shutting down
LOG:  database system is shut down
LOG:  database system was shut down at 2024-02-09 19:02:41 EST
LOG:  checkpoint record is at 0/C08E68
LOG:  redo record is at 0/C08E68; undo record is at 0/0; shutdown TRUE
LOG:  next transaction ID: 40192; next OID: 22147
LOG:  database system is ready

POSTGRES backend interactive interface 
$Revision: 1.375.2.5 $ $Date: 2005/12/14 17:07:00 $

backend> LOG:  QUERY STATISTICS
DETAIL:  ! system usage stats:
	!	0.033795 elapsed 0.005415 user 0.000000 system sec
	!	[0.009564 user 0.000000 sys total]
	!	0/0 [0/56] filesystem blocks in/out
	!	106/53 [156/441] page faults/reclaims, 0 [0] swaps
	!	0 [0] signals rcvd, 0/0 [0/0] messages rcvd/sent
	!	29/2 [78/3] voluntary/involuntary context switches
	! buffer usage stats:
	!	Shared blocks:        129 read,          0 written, buffer hit rate = 50.76%
	!	Local  blocks:          0 read,          0 written, buffer hit rate = 0.00%
	!	Direct blocks:          0 read,          0 written
	 1: count	(typeid = 20, len = 8, typmod = -1, byval = f)
	----
	 1: count = "1051"	(typeid = 20, len = 8, typmod = -1, byval = f)
	----
backend> LOG:  shutting down
LOG:  database system is shut down
LOG:  database system was shut down at 2024-02-09 19:02:41 EST
LOG:  checkpoint record is at 0/C08EB0
LOG:  redo record is at 0/C08EB0; undo record is at 0/0; shutdown TRUE
LOG:  next transaction ID: 40194; next OID: 22147
LOG:  database system is ready

POSTGRES backend interactive interface 
$Revision: 1.375.2.5 $ $Date: 2005/12/14 17:07:00 $

backend> LOG:  QUERY STATISTICS
DETAIL:  ! system usage stats:
	!	0.034945 elapsed 0.000000 user 0.004584 system sec
	!	[0.000000 user 0.009004 sys total]
	!	0/0 [0/56] filesystem blocks in/out
	!	104/59 [154/446] page faults/reclaims, 0 [0] swaps
	!	0 [0] signals rcvd, 0/0 [0/0] messages rcvd/sent
	!	31/1 [80/3] voluntary/involuntary context switches
	! buffer usage stats:
	!	Shared blocks:        125 read,          0 written, buffer hit rate = 56.14%
	!	Local  blocks:          0 read,          0 written, buffer hit rate = 0.00%
	!	Direct blocks:          0 read,          0 written
	 1: count	(typeid = 20, len = 8, typmod = -1, byval = f)
	----
	 1: count = "541"	(typeid = 20, len = 8, typmod = -1, byval = f)
	----
backend> LOG:  shutting down
LOG:  database system is shut down
LOG:  database system was shut down at 2024-02-09 19:02:41 EST
LOG:  checkpoint record is at 0/C08EF8
LOG:  redo record is at 0/C08EF8; undo record is at 0/0; shutdown TRUE
LOG:  next transaction ID: 40196; next OID: 22147
LOG:  database system is ready

POSTGRES backend interactive interface 
$Revision: 1.375.2.5 $ $Date: 2005/12/14 17:07:00 $

backend> LOG:  QUERY STATISTICS
DETAIL:  ! system usage stats:
	!	0.035171 elapsed 0.004164 user 0.001029 system sec
	!	[0.006270 user 0.003135 sys total]
	!	0/0 [0/64] filesystem blocks in/out
	!	104/61 [154/445] page faults/reclaims, 0 [0] swaps
	!	0 [0] signals rcvd, 0/0 [0/0] messages rcvd/sent
	!	31/4 [82/14] voluntary/involuntary context switches
	! buffer usage stats:
	!	Shared blocks:        132 read,          0 written, buffer hit rate = 55.70%
	!	Local  blocks:          0 read,          0 written, buffer hit rate = 0.00%
	!	Direct blocks:          0 read,          0 written
	 1: count	(typeid = 20, len = 8, typmod = -1, byval = f)
	----
	 1: count = "1326"	(typeid = 20, len = 8, typmod = -1, byval = f)
	----
backend> LOG:  shutting down
LOG:  database system is shut down
LOG:  database system was shut down at 2024-02-09 19:02:41 EST
LOG:  checkpoint record is at 0/C08F40
LOG:  redo record is at 0/C08F40; undo record is at 0/0; shutdown TRUE
LOG:  next transaction ID: 40198; next OID: 22147
LOG:  database system is ready

POSTGRES backend interactive interface 
$Revision: 1.375.2.5 $ $Date: 2005/12/14 17:07:00 $

backend> LOG:  QUERY STATISTICS
DETAIL:  ! system usage stats:
	!	0.035275 elapsed 0.005535 user 0.000000 system sec
	!	[0.009821 user 0.000000 sys total]
	!	0/0 [0/56] filesystem blocks in/out
	!	106/53 [156/441] page faults/reclaims, 0 [0] swaps
	!	0 [0] signals rcvd, 0/0 [0/0] messages rcvd/sent
	!	29/3 [78/6] voluntary/involuntary context switches
	! buffer usage stats:
	!	Shared blocks:        129 read,          0 written, buffer hit rate = 51.50%
	!	Local  blocks:          0 read,          0 written, buffer hit rate = 0.00%
	!	Direct blocks:          0 read,          0 written
	 1: count	(typeid = 20, len = 8, typmod = -1, byval = f)
	----
	 1: count = "340"	(typeid = 20, len = 8, typmod = -1, byval = f)
	----
backend> LOG:  shutting down
LOG:  database system is shut down
LOG:  database system was shut down at 2024-02-09 19:02:41 EST
LOG:  checkpoint record is at 0/C08F88
LOG:  redo record is at 0/C08F88; undo record is at 0/0; shutdown TRUE
LOG:  next transaction ID: 40200; next OID: 22147
LOG:  database system is ready

POSTGRES backend interactive interface 
$Revision: 1.375.2.5 $ $Date: 2005/12/14 17:07:00 $

backend> LOG:  QUERY STATISTICS
DETAIL:  ! system usage stats:
	!	0.034600 elapsed 0.000323 user 0.004546 system sec
	!	[0.004546 user 0.004546 sys total]
	!	0/0 [0/56] filesystem blocks in/out
	!	106/57 [156/447] page faults/reclaims, 0 [0] swaps
	!	0 [0] signals rcvd, 0/0 [0/0] messages rcvd/sent
	!	32/1 [81/5] voluntary/involuntary context switches
	! buffer usage stats:
	!	Shared blocks:        130 read,          0 written, buffer hit rate = 55.48%
	!	Local  blocks:          0 read,          0 written, buffer hit rate = 0.00%
	!	Direct blocks:          0 read,          0 written
	 1: count	(typeid = 20, len = 8, typmod = -1, byval = f)
	----
	 1: count = "1794"	(typeid = 20, len = 8, typmod = -1, byval = f)
	----
backend> LOG:  shutting down
LOG:  database system is shut down
LOG:  database system was shut down at 2024-02-09 19:02:41 EST
LOG:  checkpoint record is at 0/C08FD0
LOG:  redo record is at 0/C08FD0; undo record is at 0/0; shutdown TRUE
LOG:  next transaction ID: 40202; next OID: 22147
LOG:  database system is ready

POSTGRES backend interactive interface 
$Revision: 1.375.2.5 $ $Date: 2005/12/14 17:07:00 $

backend> LOG:  QUERY STATISTICS
DETAIL:  ! system usage stats:
	!	0.034310 elapsed 0.001884 user 0.001884 system sec
	!	[0.004023 user 0.004023 sys total]
	!	0/0 [0/56] filesystem blocks in/out
	!	124/50 [174/439] page faults/reclaims, 0 [0] swaps
	!	0 [0] signals rcvd, 0/0 [0/0] messages rcvd/sent
	!	31/2 [80/4] voluntary/involuntary context switches
	! buffer usage stats:
	!	Shared blocks:        116 read,          0 written, buffer hit rate = 50.85%
	!	Local  blocks:          0 read,          0 written, buffer hit rate = 0.00%
	!	Direct blocks:          0 read,          0 written
	 1: count	(typeid = 20, len = 8, typmod = -1, byval = f)
	----
	 1: count = "729"	(typeid = 20, len = 8, typmod = -1, byval = f)
	----
backend> LOG:  shutting down
LOG:  database system is shut down
LOG:  database system was shut down at 2024-02-09 19:02:41 EST
LOG:  checkpoint record is at 0/C09018
LOG:  redo record is at 0/C09018; undo record is at 0/0; shutdown TRUE
LOG:  next transaction ID: 40204; next OID: 22147
LOG:  database system is ready

POSTGRES backend interactive interface 
$Revision: 1.375.2.5 $ $Date: 2005/12/14 17:07:00 $

backend> LOG:  QUERY STATISTICS
DETAIL:  ! system usage stats:
	!	0.040118 elapsed 0.000026 user 0.004240 system sec
	!	[0.004240 user 0.004240 sys total]
	!	0/0 [0/64] filesystem blocks in/out
	!	104/61 [154/446] page faults/reclaims, 0 [0] swaps
	!	0 [0] signals rcvd, 0/0 [0/0] messages rcvd/sent
	!	31/3 [80/4] voluntary/involuntary context switches
	! buffer usage stats:
	!	Shared blocks:        125 read,          0 written, buffer hit rate = 56.14%
	!	Local  blocks:          0 read,          0 written, buffer hit rate = 0.00%
	!	Direct blocks:          0 read,          0 written
	 1: count	(typeid = 20, len = 8, typmod = -1, byval = f)
	----
	 1: count = "579"	(typeid = 20, len = 8, typmod = -1, byval = f)
	----
backend> LOG:  shutting down
LOG:  database system is shut down
LOG:  database system was shut down at 2024-02-09 19:02:42 EST
LOG:  checkpoint record is at 0/C09060
LOG:  redo record is at 0/C09060; undo record is at 0/0; shutdown TRUE
LOG:  next transaction ID: 40206; next OID: 22147
LOG:  database system is ready

POSTGRES backend interactive interface 
$Revision: 1.375.2.5 $ $Date: 2005/12/14 17:07:00 $

backend> LOG:  QUERY STATISTICS
DETAIL:  ! system usage stats:
	!	0.035613 elapsed 0.000000 user 0.004972 system sec
	!	[0.004073 user 0.004972 sys total]
	!	0/0 [0/56] filesystem blocks in/out
	!	106/58 [156/445] page faults/reclaims, 0 [0] swaps
	!	0 [0] signals rcvd, 0/0 [0/0] messages rcvd/sent
	!	31/9 [80/17] voluntary/involuntary context switches
	! buffer usage stats:
	!	Shared blocks:        130 read,          0 written, buffer hit rate = 55.48%
	!	Local  blocks:          0 read,          0 written, buffer hit rate = 0.00%
	!	Direct blocks:          0 read,          0 written
	 1: count	(typeid = 20, len = 8, typmod = -1, byval = f)
	----
	 1: count = "2479"	(typeid = 20, len = 8, typmod = -1, byval = f)
	----
backend> LOG:  shutting down
LOG:  database system is shut down
LOG:  database system was shut down at 2024-02-09 19:02:42 EST
LOG:  checkpoint record is at 0/C090A8
LOG:  redo record is at 0/C090A8; undo record is at 0/0; shutdown TRUE
LOG:  next transaction ID: 40208; next OID: 22147
LOG:  database system is ready

POSTGRES backend interactive interface 
$Revision: 1.375.2.5 $ $Date: 2005/12/14 17:07:00 $

backend> LOG:  QUERY STATISTICS
DETAIL:  ! system usage stats:
	!	0.035627 elapsed 0.005088 user 0.000000 system sec
	!	[0.009340 user 0.000000 sys total]
	!	0/0 [0/56] filesystem blocks in/out
	!	106/58 [156/446] page faults/reclaims, 0 [0] swaps
	!	0 [0] signals rcvd, 0/0 [0/0] messages rcvd/sent
	!	31/1 [80/2] voluntary/involuntary context switches
	! buffer usage stats:
	!	Shared blocks:        128 read,          0 written, buffer hit rate = 55.24%
	!	Local  blocks:          0 read,          0 written, buffer hit rate = 0.00%
	!	Direct blocks:          0 read,          0 written
	 1: count	(typeid = 20, len = 8, typmod = -1, byval = f)
	----
	 1: count = "1473"	(typeid = 20, len = 8, typmod = -1, byval = f)
	----
backend> LOG:  shutting down
LOG:  database system is shut down
