LOG:  database system was shut down at 2024-02-09 19:02:58 EST
LOG:  checkpoint record is at 0/C0B2C8
LOG:  redo record is at 0/C0B2C8; undo record is at 0/0; shutdown TRUE
LOG:  next transaction ID: 40450; next OID: 22147
LOG:  database system is ready

POSTGRES backend interactive interface 
$Revision: 1.375.2.5 $ $Date: 2005/12/14 17:07:00 $

backend> LOG:  QUERY STATISTICS
DETAIL:  ! system usage stats:
	!	0.037753 elapsed 0.000148 user 0.001886 system sec
	!	[0.001588 user 0.004766 sys total]
	!	0/0 [0/56] filesystem blocks in/out
	!	104/61 [153/451] page faults/reclaims, 0 [0] swaps
	!	0 [0] signals rcvd, 0/0 [0/0] messages rcvd/sent
	!	35/2 [85/4] voluntary/involuntary context switches
	! buffer usage stats:
	!	Shared blocks:         99 read,          0 written, buffer hit rate = 66.89%
	!	Local  blocks:          0 read,          0 written, buffer hit rate = 0.00%
	!	Direct blocks:          0 read,          0 written
	 1: count	(typeid = 20, len = 8, typmod = -1, byval = f)
	----
	 1: count = "41"	(typeid = 20, len = 8, typmod = -1, byval = f)
	----
backend> LOG:  shutting down
LOG:  database system is shut down
LOG:  database system was shut down at 2024-02-09 19:02:59 EST
LOG:  checkpoint record is at 0/C0B310
LOG:  redo record is at 0/C0B310; undo record is at 0/0; shutdown TRUE
LOG:  next transaction ID: 40452; next OID: 22147
LOG:  database system is ready

POSTGRES backend interactive interface 
$Revision: 1.375.2.5 $ $Date: 2005/12/14 17:07:00 $

backend> LOG:  QUERY STATISTICS
DETAIL:  ! system usage stats:
	!	0.032929 elapsed 0.000000 user 0.004830 system sec
	!	[0.000000 user 0.008958 sys total]
	!	0/0 [0/56] filesystem blocks in/out
	!	129/54 [178/446] page faults/reclaims, 0 [0] swaps
	!	0 [0] signals rcvd, 0/0 [0/0] messages rcvd/sent
	!	29/1 [80/2] voluntary/involuntary context switches
	! buffer usage stats:
	!	Shared blocks:        120 read,          0 written, buffer hit rate = 53.49%
	!	Local  blocks:          0 read,          0 written, buffer hit rate = 0.00%
	!	Direct blocks:          0 read,          0 written
	 1: count	(typeid = 20, len = 8, typmod = -1, byval = f)
	----
	 1: count = "50"	(typeid = 20, len = 8, typmod = -1, byval = f)
	----
backend> LOG:  shutting down
LOG:  database system is shut down
LOG:  database system was shut down at 2024-02-09 19:02:59 EST
LOG:  checkpoint record is at 0/C0B358
LOG:  redo record is at 0/C0B358; undo record is at 0/0; shutdown TRUE
LOG:  next transaction ID: 40454; next OID: 22147
LOG:  database system is ready

POSTGRES backend interactive interface 
$Revision: 1.375.2.5 $ $Date: 2005/12/14 17:07:00 $

backend> LOG:  QUERY STATISTICS
DETAIL:  ! system usage stats:
	!	0.035282 elapsed 0.001806 user 0.000000 system sec
	!	[0.005855 user 0.000000 sys total]
	!	0/0 [0/56] filesystem blocks in/out
	!	106/59 [155/447] page faults/reclaims, 0 [0] swaps
	!	0 [0] signals rcvd, 0/0 [0/0] messages rcvd/sent
	!	35/1 [83/3] voluntary/involuntary context switches
	! buffer usage stats:
	!	Shared blocks:        103 read,          0 written, buffer hit rate = 71.23%
	!	Local  blocks:          0 read,          0 written, buffer hit rate = 0.00%
	!	Direct blocks:          0 read,          0 written
	 1: count	(typeid = 20, len = 8, typmod = -1, byval = f)
	----
	 1: count = "99"	(typeid = 20, len = 8, typmod = -1, byval = f)
	----
backend> LOG:  shutting down
LOG:  database system is shut down
LOG:  database system was shut down at 2024-02-09 19:02:59 EST
LOG:  checkpoint record is at 0/C0B3A0
LOG:  redo record is at 0/C0B3A0; undo record is at 0/0; shutdown TRUE
LOG:  next transaction ID: 40456; next OID: 22147
LOG:  database system is ready

POSTGRES backend interactive interface 
$Revision: 1.375.2.5 $ $Date: 2005/12/14 17:07:00 $

backend> LOG:  QUERY STATISTICS
DETAIL:  ! system usage stats:
	!	0.037897 elapsed 0.000000 user 0.002256 system sec
	!	[0.003825 user 0.002256 sys total]
	!	0/0 [0/56] filesystem blocks in/out
	!	104/59 [153/447] page faults/reclaims, 0 [0] swaps
	!	0 [0] signals rcvd, 0/0 [0/0] messages rcvd/sent
	!	35/1 [84/2] voluntary/involuntary context switches
	! buffer usage stats:
	!	Shared blocks:        108 read,          0 written, buffer hit rate = 91.44%
	!	Local  blocks:          0 read,          0 written, buffer hit rate = 0.00%
	!	Direct blocks:          0 read,          0 written
	 1: count	(typeid = 20, len = 8, typmod = -1, byval = f)
	----
	 1: count = "1000"	(typeid = 20, len = 8, typmod = -1, byval = f)
	----
backend> LOG:  shutting down
LOG:  database system is shut down
LOG:  database system was shut down at 2024-02-09 19:02:59 EST
LOG:  checkpoint record is at 0/C0B3E8
LOG:  redo record is at 0/C0B3E8; undo record is at 0/0; shutdown TRUE
LOG:  next transaction ID: 40458; next OID: 22147
LOG:  database system is ready

POSTGRES backend interactive interface 
$Revision: 1.375.2.5 $ $Date: 2005/12/14 17:07:00 $

backend> LOG:  QUERY STATISTICS
DETAIL:  ! system usage stats:
	!	0.034938 elapsed 0.005076 user 0.000641 system sec
	!	[0.005076 user 0.005076 sys total]
	!	0/0 [0/56] filesystem blocks in/out
	!	129/52 [178/443] page faults/reclaims, 0 [0] swaps
	!	0 [0] signals rcvd, 0/0 [0/0] messages rcvd/sent
	!	29/5 [78/11] voluntary/involuntary context switches
	! buffer usage stats:
	!	Shared blocks:        120 read,          0 written, buffer hit rate = 53.49%
	!	Local  blocks:          0 read,          0 written, buffer hit rate = 0.00%
	!	Direct blocks:          0 read,          0 written
	 1: count	(typeid = 20, len = 8, typmod = -1, byval = f)
	----
	 1: count = "2500"	(typeid = 20, len = 8, typmod = -1, byval = f)
	----
backend> LOG:  shutting down
LOG:  database system is shut down
LOG:  database system was shut down at 2024-02-09 19:02:59 EST
LOG:  checkpoint record is at 0/C0B430
LOG:  redo record is at 0/C0B430; undo record is at 0/0; shutdown TRUE
LOG:  next transaction ID: 40460; next OID: 22147
LOG:  database system is ready

POSTGRES backend interactive interface 
$Revision: 1.375.2.5 $ $Date: 2005/12/14 17:07:00 $

backend> LOG:  QUERY STATISTICS
DETAIL:  ! system usage stats:
	!	0.036560 elapsed 0.005203 user 0.000000 system sec
	!	[0.009490 user 0.000000 sys total]
	!	0/0 [0/64] filesystem blocks in/out
	!	106/61 [155/450] page faults/reclaims, 0 [0] swaps
	!	0 [0] signals rcvd, 0/0 [0/0] messages rcvd/sent
	!	33/4 [84/14] voluntary/involuntary context switches
	! buffer usage stats:
	!	Shared blocks:        130 read,          0 written, buffer hit rate = 54.86%
	!	Local  blocks:          0 read,          0 written, buffer hit rate = 0.00%
	!	Direct blocks:          0 read,          0 written
	 1: count	(typeid = 20, len = 8, typmod = -1, byval = f)
	----
	 1: count = "999"	(typeid = 20, len = 8, typmod = -1, byval = f)
	----
backend> LOG:  shutting down
LOG:  database system is shut down
LOG:  database system was shut down at 2024-02-09 19:02:59 EST
LOG:  checkpoint record is at 0/C0B478
LOG:  redo record is at 0/C0B478; undo record is at 0/0; shutdown TRUE
LOG:  next transaction ID: 40462; next OID: 22147
LOG:  database system is ready

POSTGRES backend interactive interface 
$Revision: 1.375.2.5 $ $Date: 2005/12/14 17:07:00 $

backend> LOG:  QUERY STATISTICS
DETAIL:  ! system usage stats:
	!	0.035510 elapsed 0.002039 user 0.000000 system sec
	!	[0.006152 user 0.000000 sys total]
	!	0/0 [0/56] filesystem blocks in/out
	!	104/58 [153/447] page faults/reclaims, 0 [0] swaps
	!	0 [0] signals rcvd, 0/0 [0/0] messages rcvd/sent
	!	35/0 [83/2] voluntary/involuntary context switches
	! buffer usage stats:
	!	Shared blocks:        102 read,          0 written, buffer hit rate = 81.79%
	!	Local  blocks:          0 read,          0 written, buffer hit rate = 0.00%
	!	Direct blocks:          0 read,          0 written
	 1: count	(typeid = 20, len = 8, typmod = -1, byval = f)
	----
	 1: count = "301"	(typeid = 20, len = 8, typmod = -1, byval = f)
	----
backend> LOG:  shutting down
LOG:  database system is shut down
LOG:  database system was shut down at 2024-02-09 19:02:59 EST
LOG:  checkpoint record is at 0/C0B4C0
LOG:  redo record is at 0/C0B4C0; undo record is at 0/0; shutdown TRUE
LOG:  next transaction ID: 40464; next OID: 22147
LOG:  database system is ready

POSTGRES backend interactive interface 
$Revision: 1.375.2.5 $ $Date: 2005/12/14 17:07:00 $

backend> LOG:  QUERY STATISTICS
DETAIL:  ! system usage stats:
	!	0.037301 elapsed 0.000000 user 0.002181 system sec
	!	[0.000000 user 0.006540 sys total]
	!	0/0 [0/64] filesystem blocks in/out
	!	104/60 [153/448] page faults/reclaims, 0 [0] swaps
	!	0 [0] signals rcvd, 0/0 [0/0] messages rcvd/sent
	!	35/1 [88/2] voluntary/involuntary context switches
	! buffer usage stats:
	!	Shared blocks:        100 read,          0 written, buffer hit rate = 72.14%
	!	Local  blocks:          0 read,          0 written, buffer hit rate = 0.00%
	!	Direct blocks:          0 read,          0 written
	 1: count	(typeid = 20, len = 8, typmod = -1, byval = f)
	----
	 1: count = "101"	(typeid = 20, len = 8, typmod = -1, byval = f)
	----
backend> LOG:  shutting down
LOG:  database system is shut down
LOG:  database system was shut down at 2024-02-09 19:02:59 EST
LOG:  checkpoint record is at 0/C0B508
LOG:  redo record is at 0/C0B508; undo record is at 0/0; shutdown TRUE
LOG:  next transaction ID: 40466; next OID: 22147
LOG:  database system is ready

POSTGRES backend interactive interface 
$Revision: 1.375.2.5 $ $Date: 2005/12/14 17:07:00 $

backend> LOG:  QUERY STATISTICS
DETAIL:  ! system usage stats:
	!	0.075673 elapsed 0.000000 user 0.002346 system sec
	!	[0.000000 user 0.007060 sys total]
	!	0/0 [0/56] filesystem blocks in/out
	!	104/59 [153/449] page faults/reclaims, 0 [0] swaps
	!	0 [0] signals rcvd, 0/0 [0/0] messages rcvd/sent
	!	35/0 [84/4] voluntary/involuntary context switches
	! buffer usage stats:
	!	Shared blocks:        100 read,          0 written, buffer hit rate = 72.14%
	!	Local  blocks:          0 read,          0 written, buffer hit rate = 0.00%
	!	Direct blocks:          0 read,          0 written
	 1: count	(typeid = 20, len = 8, typmod = -1, byval = f)
	----
	 1: count = "101"	(typeid = 20, len = 8, typmod = -1, byval = f)
	----
backend> LOG:  shutting down
LOG:  database system is shut down
LOG:  database system was shut down at 2024-02-09 19:03:00 EST
LOG:  checkpoint record is at 0/C0B550
LOG:  redo record is at 0/C0B550; undo record is at 0/0; shutdown TRUE
LOG:  next transaction ID: 40468; next OID: 22147
LOG:  database system is ready

POSTGRES backend interactive interface 
$Revision: 1.375.2.5 $ $Date: 2005/12/14 17:07:00 $

backend> LOG:  QUERY STATISTICS
DETAIL:  ! system usage stats:
	!	0.040964 elapsed 0.001873 user 0.000000 system sec
	!	[0.006052 user 0.000000 sys total]
	!	0/0 [0/56] filesystem blocks in/out
	!	104/58 [153/446] page faults/reclaims, 0 [0] swaps
	!	0 [0] signals rcvd, 0/0 [0/0] messages rcvd/sent
	!	35/0 [84/1] voluntary/involuntary context switches
	! buffer usage stats:
	!	Shared blocks:        100 read,          0 written, buffer hit rate = 65.52%
	!	Local  blocks:          0 read,          0 written, buffer hit rate = 0.00%
	!	Direct blocks:          0 read,          0 written
	 1: count	(typeid = 20, len = 8, typmod = -1, byval = f)
	----
	 1: count = "31"	(typeid = 20, len = 8, typmod = -1, byval = f)
	----
backend> LOG:  shutting down
LOG:  database system is shut down
