LOG:  database system was shut down at 2024-02-09 19:03:00 EST
LOG:  checkpoint record is at 0/C0B598
LOG:  redo record is at 0/C0B598; undo record is at 0/0; shutdown TRUE
LOG:  next transaction ID: 40470; next OID: 22147
LOG:  database system is ready

POSTGRES backend interactive interface 
$Revision: 1.375.2.5 $ $Date: 2005/12/14 17:07:00 $

backend> LOG:  QUERY STATISTICS
DETAIL:  ! system usage stats:
	!	0.035983 elapsed 0.001803 user 0.000000 system sec
	!	[0.001803 user 0.004167 sys total]
	!	0/0 [0/56] filesystem blocks in/out
	!	127/62 [178/454] page faults/reclaims, 0 [0] swaps
	!	0 [0] signals rcvd, 0/0 [0/0] messages rcvd/sent
	!	35/3 [87/6] voluntary/involuntary context switches
	! buffer usage stats:
	!	Shared blocks:         93 read,          0 written, buffer hit rate = 68.90%
	!	Local  blocks:          0 read,          0 written, buffer hit rate = 0.00%
	!	Direct blocks:          0 read,          0 written
	 1: count	(typeid = 20, len = 8, typmod = -1, byval = f)
	----
	 1: count = "41"	(typeid = 20, len = 8, typmod = -1, byval = f)
	----
backend> LOG:  shutting down
LOG:  database system is shut down
LOG:  database system was shut down at 2024-02-09 19:03:00 EST
LOG:  checkpoint record is at 0/C0B5E0
LOG:  redo record is at 0/C0B5E0; undo record is at 0/0; shutdown TRUE
LOG:  next transaction ID: 40472; next OID: 22147
LOG:  database system is ready

POSTGRES backend interactive interface 
$Revision: 1.375.2.5 $ $Date: 2005/12/14 17:07:00 $

backend> LOG:  QUERY STATISTICS
DETAIL:  ! system usage stats:
	!	0.034689 elapsed 0.004564 user 0.000456 system sec
	!	[0.004564 user 0.004564 sys total]
	!	0/0 [0/56] filesystem blocks in/out
	!	151/56 [202/449] page faults/reclaims, 0 [0] swaps
	!	0 [0] signals rcvd, 0/0 [0/0] messages rcvd/sent
	!	29/7 [78/10] voluntary/involuntary context switches
	! buffer usage stats:
	!	Shared blocks:        112 read,          0 written, buffer hit rate = 56.59%
	!	Local  blocks:          0 read,          0 written, buffer hit rate = 0.00%
	!	Direct blocks:          0 read,          0 written
	 1: count	(typeid = 20, len = 8, typmod = -1, byval = f)
	----
	 1: count = "50"	(typeid = 20, len = 8, typmod = -1, byval = f)
	----
backend> LOG:  shutting down
LOG:  database system is shut down
LOG:  database system was shut down at 2024-02-09 19:03:00 EST
LOG:  checkpoint record is at 0/C0B628
LOG:  redo record is at 0/C0B628; undo record is at 0/0; shutdown TRUE
LOG:  next transaction ID: 40474; next OID: 22147
LOG:  database system is ready

POSTGRES backend interactive interface 
$Revision: 1.375.2.5 $ $Date: 2005/12/14 17:07:00 $

backend> LOG:  QUERY STATISTICS
DETAIL:  ! system usage stats:
	!	0.037132 elapsed 0.001029 user 0.001029 system sec
	!	[0.003158 user 0.003158 sys total]
	!	0/0 [0/56] filesystem blocks in/out
	!	131/60 [182/454] page faults/reclaims, 0 [0] swaps
	!	0 [0] signals rcvd, 0/0 [0/0] messages rcvd/sent
	!	35/4 [84/8] voluntary/involuntary context switches
	! buffer usage stats:
	!	Shared blocks:         96 read,          0 written, buffer hit rate = 73.18%
	!	Local  blocks:          0 read,          0 written, buffer hit rate = 0.00%
	!	Direct blocks:          0 read,          0 written
	 1: count	(typeid = 20, len = 8, typmod = -1, byval = f)
	----
	 1: count = "99"	(typeid = 20, len = 8, typmod = -1, byval = f)
	----
backend> LOG:  shutting down
LOG:  database system is shut down
LOG:  database system was shut down at 2024-02-09 19:03:00 EST
LOG:  checkpoint record is at 0/C0B670
LOG:  redo record is at 0/C0B670; undo record is at 0/0; shutdown TRUE
LOG:  next transaction ID: 40476; next OID: 22147
LOG:  database system is ready

POSTGRES backend interactive interface 
$Revision: 1.375.2.5 $ $Date: 2005/12/14 17:07:00 $

backend> LOG:  QUERY STATISTICS
DETAIL:  ! system usage stats:
	!	0.037529 elapsed 0.000000 user 0.002549 system sec
	!	[0.000000 user 0.006802 sys total]
	!	0/0 [0/56] filesystem blocks in/out
	!	127/61 [178/451] page faults/reclaims, 0 [0] swaps
	!	0 [0] signals rcvd, 0/0 [0/0] messages rcvd/sent
	!	36/0 [85/0] voluntary/involuntary context switches
	! buffer usage stats:
	!	Shared blocks:        102 read,          0 written, buffer hit rate = 91.91%
	!	Local  blocks:          0 read,          0 written, buffer hit rate = 0.00%
	!	Direct blocks:          0 read,          0 written
	 1: count	(typeid = 20, len = 8, typmod = -1, byval = f)
	----
	 1: count = "1000"	(typeid = 20, len = 8, typmod = -1, byval = f)
	----
backend> LOG:  shutting down
LOG:  database system is shut down
LOG:  database system was shut down at 2024-02-09 19:03:00 EST
LOG:  checkpoint record is at 0/C0B6B8
LOG:  redo record is at 0/C0B6B8; undo record is at 0/0; shutdown TRUE
LOG:  next transaction ID: 40478; next OID: 22147
LOG:  database system is ready

POSTGRES backend interactive interface 
$Revision: 1.375.2.5 $ $Date: 2005/12/14 17:07:00 $

backend> LOG:  QUERY STATISTICS
DETAIL:  ! system usage stats:
	!	0.033501 elapsed 0.005633 user 0.000000 system sec
	!	[0.009947 user 0.000000 sys total]
	!	0/0 [0/56] filesystem blocks in/out
	!	151/54 [202/447] page faults/reclaims, 0 [0] swaps
	!	0 [0] signals rcvd, 0/0 [0/0] messages rcvd/sent
	!	29/5 [78/7] voluntary/involuntary context switches
	! buffer usage stats:
	!	Shared blocks:        112 read,          0 written, buffer hit rate = 56.59%
	!	Local  blocks:          0 read,          0 written, buffer hit rate = 0.00%
	!	Direct blocks:          0 read,          0 written
	 1: count	(typeid = 20, len = 8, typmod = -1, byval = f)
	----
	 1: count = "2500"	(typeid = 20, len = 8, typmod = -1, byval = f)
	----
backend> LOG:  shutting down
LOG:  database system is shut down
LOG:  database system was shut down at 2024-02-09 19:03:00 EST
LOG:  checkpoint record is at 0/C0B700
LOG:  redo record is at 0/C0B700; undo record is at 0/0; shutdown TRUE
LOG:  next transaction ID: 40480; next OID: 22147
LOG:  database system is ready

POSTGRES backend interactive interface 
$Revision: 1.375.2.5 $ $Date: 2005/12/14 17:07:00 $

backend> LOG:  QUERY STATISTICS
DETAIL:  ! system usage stats:
	!	0.038030 elapsed 0.002693 user 0.002693 system sec
	!	[0.004843 user 0.004843 sys total]
	!	0/0 [0/56] filesystem blocks in/out
	!	131/63 [182/453] page faults/reclaims, 0 [0] swaps
	!	0 [0] signals rcvd, 0/0 [0/0] messages rcvd/sent
	!	33/2 [82/6] voluntary/involuntary context switches
	! buffer usage stats:
	!	Shared blocks:        123 read,          0 written, buffer hit rate = 57.29%
	!	Local  blocks:          0 read,          0 written, buffer hit rate = 0.00%
	!	Direct blocks:          0 read,          0 written
	 1: count	(typeid = 20, len = 8, typmod = -1, byval = f)
	----
	 1: count = "999"	(typeid = 20, len = 8, typmod = -1, byval = f)
	----
backend> LOG:  shutting down
LOG:  database system is shut down
LOG:  database system was shut down at 2024-02-09 19:03:01 EST
LOG:  checkpoint record is at 0/C0B748
LOG:  redo record is at 0/C0B748; undo record is at 0/0; shutdown TRUE
LOG:  next transaction ID: 40482; next OID: 22147
LOG:  database system is ready

POSTGRES backend interactive interface 
$Revision: 1.375.2.5 $ $Date: 2005/12/14 17:07:00 $

backend> LOG:  QUERY STATISTICS
DETAIL:  ! system usage stats:
	!	0.116263 elapsed 0.002599 user 0.000000 system sec
	!	[0.007066 user 0.000000 sys total]
	!	0/0 [0/56] filesystem blocks in/out
	!	127/60 [178/455] page faults/reclaims, 0 [0] swaps
	!	0 [0] signals rcvd, 0/0 [0/0] messages rcvd/sent
	!	35/0 [85/0] voluntary/involuntary context switches
	! buffer usage stats:
	!	Shared blocks:         96 read,          0 written, buffer hit rate = 82.86%
	!	Local  blocks:          0 read,          0 written, buffer hit rate = 0.00%
	!	Direct blocks:          0 read,          0 written
	 1: count	(typeid = 20, len = 8, typmod = -1, byval = f)
	----
	 1: count = "301"	(typeid = 20, len = 8, typmod = -1, byval = f)
	----
backend> LOG:  shutting down
LOG:  database system is shut down
LOG:  database system was shut down at 2024-02-09 19:03:01 EST
LOG:  checkpoint record is at 0/C0B790
LOG:  redo record is at 0/C0B790; undo record is at 0/0; shutdown TRUE
LOG:  next transaction ID: 40484; next OID: 22147
LOG:  database system is ready

POSTGRES backend interactive interface 
$Revision: 1.375.2.5 $ $Date: 2005/12/14 17:07:00 $

backend> LOG:  QUERY STATISTICS
DETAIL:  ! system usage stats:
	!	0.138089 elapsed 0.002481 user 0.000000 system sec
	!	[0.007173 user 0.000000 sys total]
	!	0/0 [0/64] filesystem blocks in/out
	!	127/62 [178/453] page faults/reclaims, 0 [0] swaps
	!	0 [0] signals rcvd, 0/0 [0/0] messages rcvd/sent
	!	35/0 [86/0] voluntary/involuntary context switches
	! buffer usage stats:
	!	Shared blocks:         94 read,          0 written, buffer hit rate = 73.82%
	!	Local  blocks:          0 read,          0 written, buffer hit rate = 0.00%
	!	Direct blocks:          0 read,          0 written
	 1: count	(typeid = 20, len = 8, typmod = -1, byval = f)
	----
	 1: count = "101"	(typeid = 20, len = 8, typmod = -1, byval = f)
	----
backend> LOG:  shutting down
LOG:  database system is shut down
LOG:  database system was shut down at 2024-02-09 19:03:01 EST
LOG:  checkpoint record is at 0/C0B7D8
LOG:  redo record is at 0/C0B7D8; undo record is at 0/0; shutdown TRUE
LOG:  next transaction ID: 40486; next OID: 22147
LOG:  database system is ready

POSTGRES backend interactive interface 
$Revision: 1.375.2.5 $ $Date: 2005/12/14 17:07:00 $

backend> LOG:  QUERY STATISTICS
DETAIL:  ! system usage stats:
	!	0.088004 elapsed 0.000000 user 0.002187 system sec
	!	[0.004651 user 0.002187 sys total]
	!	0/0 [0/56] filesystem blocks in/out
	!	127/62 [178/453] page faults/reclaims, 0 [0] swaps
	!	0 [0] signals rcvd, 0/0 [0/0] messages rcvd/sent
	!	36/0 [86/0] voluntary/involuntary context switches
	! buffer usage stats:
	!	Shared blocks:         94 read,          0 written, buffer hit rate = 73.82%
	!	Local  blocks:          0 read,          0 written, buffer hit rate = 0.00%
	!	Direct blocks:          0 read,          0 written
	 1: count	(typeid = 20, len = 8, typmod = -1, byval = f)
	----
	 1: count = "101"	(typeid = 20, len = 8, typmod = -1, byval = f)
	----
backend> LOG:  shutting down
LOG:  database system is shut down
LOG:  database system was shut down at 2024-02-09 19:03:02 EST
LOG:  checkpoint record is at 0/C0B820
LOG:  redo record is at 0/C0B820; undo record is at 0/0; shutdown TRUE
LOG:  next transaction ID: 40488; next OID: 22147
LOG:  database system is ready

POSTGRES backend interactive interface 
$Revision: 1.375.2.5 $ $Date: 2005/12/14 17:07:00 $

backend> LOG:  QUERY STATISTICS
DETAIL:  ! system usage stats:
	!	0.088923 elapsed 0.002097 user 0.000000 system sec
	!	[0.006704 user 0.000000 sys total]
	!	0/0 [0/56] filesystem blocks in/out
	!	127/61 [178/453] page faults/reclaims, 0 [0] swaps
	!	0 [0] signals rcvd, 0/0 [0/0] messages rcvd/sent
	!	36/0 [83/3] voluntary/involuntary context switches
	! buffer usage stats:
	!	Shared blocks:         94 read,          0 written, buffer hit rate = 67.59%
	!	Local  blocks:          0 read,          0 written, buffer hit rate = 0.00%
	!	Direct blocks:          0 read,          0 written
	 1: count	(typeid = 20, len = 8, typmod = -1, byval = f)
	----
	 1: count = "31"	(typeid = 20, len = 8, typmod = -1, byval = f)
	----
backend> LOG:  shutting down
LOG:  database system is shut down
