LOG:  database system was shut down at 2024-02-09 19:00:29 EST
LOG:  checkpoint record is at 0/C07790
LOG:  redo record is at 0/C07790; undo record is at 0/0; shutdown TRUE
LOG:  next transaction ID: 40030; next OID: 22147
LOG:  database system is ready

POSTGRES backend interactive interface 
$Revision: 1.375.2.5 $ $Date: 2005/12/14 17:07:00 $

backend> LOG:  QUERY STATISTICS
DETAIL:  ! system usage stats:
	!	0.042740 elapsed 0.004726 user 0.000000 system sec
	!	[0.010691 user 0.000000 sys total]
	!	1200/0 [7040/56] filesystem blocks in/out
	!	33/46 [109/412] page faults/reclaims, 0 [0] swaps
	!	0 [0] signals rcvd, 0/0 [0/0] messages rcvd/sent
	!	42/1 [125/6] voluntary/involuntary context switches
	! buffer usage stats:
	!	Shared blocks:        203 read,          0 written, buffer hit rate = 13.98%
	!	Local  blocks:          0 read,          0 written, buffer hit rate = 0.00%
	!	Direct blocks:          0 read,          0 written
	 1: count	(typeid = 20, len = 8, typmod = -1, byval = f)
	----
	 1: count = "2175"	(typeid = 20, len = 8, typmod = -1, byval = f)
	----
backend> LOG:  shutting down
LOG:  database system is shut down
LOG:  database system was shut down at 2024-02-09 19:02:30 EST
LOG:  checkpoint record is at 0/C077D8
LOG:  redo record is at 0/C077D8; undo record is at 0/0; shutdown TRUE
LOG:  next transaction ID: 40032; next OID: 22147
LOG:  database system is ready

POSTGRES backend interactive interface 
$Revision: 1.375.2.5 $ $Date: 2005/12/14 17:07:00 $

backend> LOG:  QUERY STATISTICS
DETAIL:  ! system usage stats:
	!	0.035148 elapsed 0.005469 user 0.000000 system sec
	!	[0.009782 user 0.000000 sys total]
	!	0/0 [8/64] filesystem blocks in/out
	!	18/53 [65/440] page faults/reclaims, 0 [0] swaps
	!	0 [0] signals rcvd, 0/0 [0/0] messages rcvd/sent
	!	29/0 [80/10] voluntary/involuntary context switches
	! buffer usage stats:
	!	Shared blocks:        219 read,          0 written, buffer hit rate = 16.41%
	!	Local  blocks:          0 read,          0 written, buffer hit rate = 0.00%
	!	Direct blocks:          0 read,          0 written
	 1: count	(typeid = 20, len = 8, typmod = -1, byval = f)
	----
	 1: count = "1051"	(typeid = 20, len = 8, typmod = -1, byval = f)
	----
backend> LOG:  shutting down
LOG:  database system is shut down
LOG:  database system was shut down at 2024-02-09 19:02:30 EST
LOG:  checkpoint record is at 0/C07820
LOG:  redo record is at 0/C07820; undo record is at 0/0; shutdown TRUE
LOG:  next transaction ID: 40034; next OID: 22147
LOG:  database system is ready

POSTGRES backend interactive interface 
$Revision: 1.375.2.5 $ $Date: 2005/12/14 17:07:00 $

backend> LOG:  QUERY STATISTICS
DETAIL:  ! system usage stats:
	!	0.035686 elapsed 0.005160 user 0.000000 system sec
	!	[0.009552 user 0.000000 sys total]
	!	0/0 [0/64] filesystem blocks in/out
	!	18/58 [65/440] page faults/reclaims, 0 [0] swaps
	!	0 [0] signals rcvd, 0/0 [0/0] messages rcvd/sent
	!	31/12 [83/29] voluntary/involuntary context switches
	! buffer usage stats:
	!	Shared blocks:        243 read,          0 written, buffer hit rate = 14.74%
	!	Local  blocks:          0 read,          0 written, buffer hit rate = 0.00%
	!	Direct blocks:          0 read,          0 written
	 1: count	(typeid = 20, len = 8, typmod = -1, byval = f)
	----
	 1: count = "541"	(typeid = 20, len = 8, typmod = -1, byval = f)
	----
backend> LOG:  shutting down
LOG:  database system is shut down
LOG:  database system was shut down at 2024-02-09 19:02:31 EST
LOG:  checkpoint record is at 0/C07868
LOG:  redo record is at 0/C07868; undo record is at 0/0; shutdown TRUE
LOG:  next transaction ID: 40036; next OID: 22147
LOG:  database system is ready

POSTGRES backend interactive interface 
$Revision: 1.375.2.5 $ $Date: 2005/12/14 17:07:00 $

backend> LOG:  QUERY STATISTICS
DETAIL:  ! system usage stats:
	!	0.036071 elapsed 0.005410 user 0.000000 system sec
	!	[0.009607 user 0.000000 sys total]
	!	0/0 [0/64] filesystem blocks in/out
	!	18/61 [65/445] page faults/reclaims, 0 [0] swaps
	!	0 [0] signals rcvd, 0/0 [0/0] messages rcvd/sent
	!	31/5 [82/25] voluntary/involuntary context switches
	! buffer usage stats:
	!	Shared blocks:        254 read,          0 written, buffer hit rate = 14.77%
	!	Local  blocks:          0 read,          0 written, buffer hit rate = 0.00%
	!	Direct blocks:          0 read,          0 written
	 1: count	(typeid = 20, len = 8, typmod = -1, byval = f)
	----
	 1: count = "1326"	(typeid = 20, len = 8, typmod = -1, byval = f)
	----
backend> LOG:  shutting down
LOG:  database system is shut down
LOG:  database system was shut down at 2024-02-09 19:02:31 EST
LOG:  checkpoint record is at 0/C078B0
LOG:  redo record is at 0/C078B0; undo record is at 0/0; shutdown TRUE
LOG:  next transaction ID: 40038; next OID: 22147
LOG:  database system is ready

POSTGRES backend interactive interface 
$Revision: 1.375.2.5 $ $Date: 2005/12/14 17:07:00 $

backend> LOG:  QUERY STATISTICS
DETAIL:  ! system usage stats:
	!	0.035197 elapsed 0.005119 user 0.000885 system sec
	!	[0.005119 user 0.005119 sys total]
	!	0/0 [0/64] filesystem blocks in/out
	!	18/56 [65/438] page faults/reclaims, 0 [0] swaps
	!	0 [0] signals rcvd, 0/0 [0/0] messages rcvd/sent
	!	29/16 [80/30] voluntary/involuntary context switches
	! buffer usage stats:
	!	Shared blocks:        223 read,          0 written, buffer hit rate = 16.17%
	!	Local  blocks:          0 read,          0 written, buffer hit rate = 0.00%
	!	Direct blocks:          0 read,          0 written
	 1: count	(typeid = 20, len = 8, typmod = -1, byval = f)
	----
	 1: count = "340"	(typeid = 20, len = 8, typmod = -1, byval = f)
	----
backend> LOG:  shutting down
LOG:  database system is shut down
LOG:  database system was shut down at 2024-02-09 19:02:31 EST
LOG:  checkpoint record is at 0/C078F8
LOG:  redo record is at 0/C078F8; undo record is at 0/0; shutdown TRUE
LOG:  next transaction ID: 40040; next OID: 22147
LOG:  database system is ready

POSTGRES backend interactive interface 
$Revision: 1.375.2.5 $ $Date: 2005/12/14 17:07:00 $

backend> LOG:  QUERY STATISTICS
DETAIL:  ! system usage stats:
	!	0.035741 elapsed 0.005301 user 0.000000 system sec
	!	[0.009608 user 0.000000 sys total]
	!	0/0 [8/56] filesystem blocks in/out
	!	18/62 [65/446] page faults/reclaims, 0 [0] swaps
	!	0 [0] signals rcvd, 0/0 [0/0] messages rcvd/sent
	!	31/0 [81/4] voluntary/involuntary context switches
	! buffer usage stats:
	!	Shared blocks:        249 read,          0 written, buffer hit rate = 14.73%
	!	Local  blocks:          0 read,          0 written, buffer hit rate = 0.00%
	!	Direct blocks:          0 read,          0 written
	 1: count	(typeid = 20, len = 8, typmod = -1, byval = f)
	----
	 1: count = "1794"	(typeid = 20, len = 8, typmod = -1, byval = f)
	----
backend> LOG:  shutting down
LOG:  database system is shut down
LOG:  database system was shut down at 2024-02-09 19:02:31 EST
LOG:  checkpoint record is at 0/C07940
LOG:  redo record is at 0/C07940; undo record is at 0/0; shutdown TRUE
LOG:  next transaction ID: 40042; next OID: 22147
LOG:  database system is ready

POSTGRES backend interactive interface 
$Revision: 1.375.2.5 $ $Date: 2005/12/14 17:07:00 $

backend> LOG:  QUERY STATISTICS
DETAIL:  ! system usage stats:
	!	0.036566 elapsed 0.004048 user 0.000000 system sec
	!	[0.008318 user 0.000000 sys total]
	!	0/0 [8/64] filesystem blocks in/out
	!	18/52 [65/437] page faults/reclaims, 0 [0] swaps
	!	0 [0] signals rcvd, 0/0 [0/0] messages rcvd/sent
	!	31/0 [84/12] voluntary/involuntary context switches
	! buffer usage stats:
	!	Shared blocks:        202 read,          0 written, buffer hit rate = 14.41%
	!	Local  blocks:          0 read,          0 written, buffer hit rate = 0.00%
	!	Direct blocks:          0 read,          0 written
	 1: count	(typeid = 20, len = 8, typmod = -1, byval = f)
	----
	 1: count = "729"	(typeid = 20, len = 8, typmod = -1, byval = f)
	----
backend> LOG:  shutting down
LOG:  database system is shut down
LOG:  database system was shut down at 2024-02-09 19:02:31 EST
LOG:  checkpoint record is at 0/C07988
LOG:  redo record is at 0/C07988; undo record is at 0/0; shutdown TRUE
LOG:  next transaction ID: 40044; next OID: 22147
LOG:  database system is ready

POSTGRES backend interactive interface 
$Revision: 1.375.2.5 $ $Date: 2005/12/14 17:07:00 $

backend> LOG:  QUERY STATISTICS
DETAIL:  ! system usage stats:
	!	0.035130 elapsed 0.004755 user 0.000000 system sec
	!	[0.009035 user 0.000000 sys total]
	!	0/0 [0/72] filesystem blocks in/out
	!	18/58 [65/442] page faults/reclaims, 0 [0] swaps
	!	0 [0] signals rcvd, 0/0 [0/0] messages rcvd/sent
	!	31/15 [83/32] voluntary/involuntary context switches
	! buffer usage stats:
	!	Shared blocks:        243 read,          0 written, buffer hit rate = 14.74%
	!	Local  blocks:          0 read,          0 written, buffer hit rate = 0.00%
	!	Direct blocks:          0 read,          0 written
	 1: count	(typeid = 20, len = 8, typmod = -1, byval = f)
	----
	 1: count = "579"	(typeid = 20, len = 8, typmod = -1, byval = f)
	----
backend> LOG:  shutting down
LOG:  database system is shut down
LOG:  database system was shut down at 2024-02-09 19:02:31 EST
LOG:  checkpoint record is at 0/C079D0
LOG:  redo record is at 0/C079D0; undo record is at 0/0; shutdown TRUE
LOG:  next transaction ID: 40046; next OID: 22147
LOG:  database system is ready

POSTGRES backend interactive interface 
$Revision: 1.375.2.5 $ $Date: 2005/12/14 17:07:00 $

backend> LOG:  QUERY STATISTICS
DETAIL:  ! system usage stats:
	!	0.037898 elapsed 0.004975 user 0.000249 system sec
	!	[0.007089 user 0.002363 sys total]
	!	0/0 [16/56] filesystem blocks in/out
	!	18/61 [65/445] page faults/reclaims, 0 [0] swaps
	!	0 [0] signals rcvd, 0/0 [0/0] messages rcvd/sent
	!	31/3 [82/4] voluntary/involuntary context switches
	! buffer usage stats:
	!	Shared blocks:        249 read,          0 written, buffer hit rate = 14.73%
	!	Local  blocks:          0 read,          0 written, buffer hit rate = 0.00%
	!	Direct blocks:          0 read,          0 written
	 1: count	(typeid = 20, len = 8, typmod = -1, byval = f)
	----
	 1: count = "2479"	(typeid = 20, len = 8, typmod = -1, byval = f)
	----
backend> LOG:  shutting down
LOG:  database system is shut down
LOG:  database system was shut down at 2024-02-09 19:02:31 EST
LOG:  checkpoint record is at 0/C07A18
LOG:  redo record is at 0/C07A18; undo record is at 0/0; shutdown TRUE
LOG:  next transaction ID: 40048; next OID: 22147
LOG:  database system is ready

POSTGRES backend interactive interface 
$Revision: 1.375.2.5 $ $Date: 2005/12/14 17:07:00 $

backend> LOG:  QUERY STATISTICS
DETAIL:  ! system usage stats:
	!	0.035262 elapsed 0.003121 user 0.002113 system sec
	!	[0.003121 user 0.006242 sys total]
	!	0/0 [8/64] filesystem blocks in/out
	!	18/58 [65/444] page faults/reclaims, 0 [0] swaps
	!	0 [0] signals rcvd, 0/0 [0/0] messages rcvd/sent
	!	31/2 [83/14] voluntary/involuntary context switches
	! buffer usage stats:
	!	Shared blocks:        243 read,          0 written, buffer hit rate = 15.03%
	!	Local  blocks:          0 read,          0 written, buffer hit rate = 0.00%
	!	Direct blocks:          0 read,          0 written
	 1: count	(typeid = 20, len = 8, typmod = -1, byval = f)
	----
	 1: count = "1473"	(typeid = 20, len = 8, typmod = -1, byval = f)
	----
backend> LOG:  shutting down
LOG:  database system is shut down
