LOG:  database system was shut down at 2024-02-09 19:02:47 EST
LOG:  checkpoint record is at 0/C09C30
LOG:  redo record is at 0/C09C30; undo record is at 0/0; shutdown TRUE
LOG:  next transaction ID: 40290; next OID: 22147
LOG:  database system is ready

POSTGRES backend interactive interface 
$Revision: 1.375.2.5 $ $Date: 2005/12/14 17:07:00 $

backend> LOG:  QUERY STATISTICS
DETAIL:  ! system usage stats:
	!	0.039260 elapsed 0.000000 user 0.002195 system sec
	!	[0.000000 user 0.006407 sys total]
	!	0/0 [0/56] filesystem blocks in/out
	!	30/59 [76/442] page faults/reclaims, 0 [0] swaps
	!	0 [0] signals rcvd, 0/0 [0/0] messages rcvd/sent
	!	35/0 [84/4] voluntary/involuntary context switches
	! buffer usage stats:
	!	Shared blocks:        208 read,          0 written, buffer hit rate = 30.43%
	!	Local  blocks:          0 read,          0 written, buffer hit rate = 0.00%
	!	Direct blocks:          0 read,          0 written
	 1: count	(typeid = 20, len = 8, typmod = -1, byval = f)
	----
	 1: count = "41"	(typeid = 20, len = 8, typmod = -1, byval = f)
	----
backend> LOG:  shutting down
LOG:  database system is shut down
LOG:  database system was shut down at 2024-02-09 19:02:47 EST
LOG:  checkpoint record is at 0/C09C78
LOG:  redo record is at 0/C09C78; undo record is at 0/0; shutdown TRUE
LOG:  next transaction ID: 40292; next OID: 22147
LOG:  database system is ready

POSTGRES backend interactive interface 
$Revision: 1.375.2.5 $ $Date: 2005/12/14 17:07:00 $

backend> LOG:  QUERY STATISTICS
DETAIL:  ! system usage stats:
	!	0.033172 elapsed 0.004670 user 0.000360 system sec
	!	[0.004670 user 0.004670 sys total]
	!	0/0 [0/56] filesystem blocks in/out
	!	30/53 [76/439] page faults/reclaims, 0 [0] swaps
	!	0 [0] signals rcvd, 0/0 [0/0] messages rcvd/sent
	!	29/8 [78/11] voluntary/involuntary context switches
	! buffer usage stats:
	!	Shared blocks:        207 read,          0 written, buffer hit rate = 19.77%
	!	Local  blocks:          0 read,          0 written, buffer hit rate = 0.00%
	!	Direct blocks:          0 read,          0 written
	 1: count	(typeid = 20, len = 8, typmod = -1, byval = f)
	----
	 1: count = "50"	(typeid = 20, len = 8, typmod = -1, byval = f)
	----
backend> LOG:  shutting down
LOG:  database system is shut down
LOG:  database system was shut down at 2024-02-09 19:02:48 EST
LOG:  checkpoint record is at 0/C09CC0
LOG:  redo record is at 0/C09CC0; undo record is at 0/0; shutdown TRUE
LOG:  next transaction ID: 40294; next OID: 22147
LOG:  database system is ready

POSTGRES backend interactive interface 
$Revision: 1.375.2.5 $ $Date: 2005/12/14 17:07:00 $

backend> LOG:  QUERY STATISTICS
DETAIL:  ! system usage stats:
	!	0.036902 elapsed 0.002108 user 0.000000 system sec
	!	[0.006175 user 0.000000 sys total]
	!	0/0 [0/56] filesystem blocks in/out
	!	30/60 [76/443] page faults/reclaims, 0 [0] swaps
	!	0 [0] signals rcvd, 0/0 [0/0] messages rcvd/sent
	!	35/3 [84/10] voluntary/involuntary context switches
	! buffer usage stats:
	!	Shared blocks:        209 read,          0 written, buffer hit rate = 41.62%
	!	Local  blocks:          0 read,          0 written, buffer hit rate = 0.00%
	!	Direct blocks:          0 read,          0 written
	 1: count	(typeid = 20, len = 8, typmod = -1, byval = f)
	----
	 1: count = "99"	(typeid = 20, len = 8, typmod = -1, byval = f)
	----
backend> LOG:  shutting down
LOG:  database system is shut down
LOG:  database system was shut down at 2024-02-09 19:02:48 EST
LOG:  checkpoint record is at 0/C09D08
LOG:  redo record is at 0/C09D08; undo record is at 0/0; shutdown TRUE
LOG:  next transaction ID: 40296; next OID: 22147
LOG:  database system is ready

POSTGRES backend interactive interface 
$Revision: 1.375.2.5 $ $Date: 2005/12/14 17:07:00 $

backend> LOG:  QUERY STATISTICS
DETAIL:  ! system usage stats:
	!	0.038297 elapsed 0.000000 user 0.002722 system sec
	!	[0.000000 user 0.006723 sys total]
	!	0/0 [0/56] filesystem blocks in/out
	!	30/61 [76/446] page faults/reclaims, 0 [0] swaps
	!	0 [0] signals rcvd, 0/0 [0/0] messages rcvd/sent
	!	35/0 [84/7] voluntary/involuntary context switches
	! buffer usage stats:
	!	Shared blocks:        217 read,          0 written, buffer hit rate = 82.79%
	!	Local  blocks:          0 read,          0 written, buffer hit rate = 0.00%
	!	Direct blocks:          0 read,          0 written
	 1: count	(typeid = 20, len = 8, typmod = -1, byval = f)
	----
	 1: count = "1000"	(typeid = 20, len = 8, typmod = -1, byval = f)
	----
backend> LOG:  shutting down
LOG:  database system is shut down
LOG:  database system was shut down at 2024-02-09 19:02:48 EST
LOG:  checkpoint record is at 0/C09D50
LOG:  redo record is at 0/C09D50; undo record is at 0/0; shutdown TRUE
LOG:  next transaction ID: 40298; next OID: 22147
LOG:  database system is ready

POSTGRES backend interactive interface 
$Revision: 1.375.2.5 $ $Date: 2005/12/14 17:07:00 $

backend> LOG:  QUERY STATISTICS
DETAIL:  ! system usage stats:
	!	0.035909 elapsed 0.004648 user 0.000527 system sec
	!	[0.004648 user 0.004648 sys total]
	!	0/0 [0/56] filesystem blocks in/out
	!	30/53 [76/438] page faults/reclaims, 0 [0] swaps
	!	0 [0] signals rcvd, 0/0 [0/0] messages rcvd/sent
	!	29/3 [78/7] voluntary/involuntary context switches
	! buffer usage stats:
	!	Shared blocks:        207 read,          0 written, buffer hit rate = 19.77%
	!	Local  blocks:          0 read,          0 written, buffer hit rate = 0.00%
	!	Direct blocks:          0 read,          0 written
	 1: count	(typeid = 20, len = 8, typmod = -1, byval = f)
	----
	 1: count = "2500"	(typeid = 20, len = 8, typmod = -1, byval = f)
	----
backend> LOG:  shutting down
LOG:  database system is shut down
LOG:  database system was shut down at 2024-02-09 19:02:48 EST
LOG:  checkpoint record is at 0/C09D98
LOG:  redo record is at 0/C09D98; undo record is at 0/0; shutdown TRUE
LOG:  next transaction ID: 40300; next OID: 22147
LOG:  database system is ready

POSTGRES backend interactive interface 
$Revision: 1.375.2.5 $ $Date: 2005/12/14 17:07:00 $

backend> LOG:  QUERY STATISTICS
DETAIL:  ! system usage stats:
	!	0.038759 elapsed 0.005072 user 0.000000 system sec
	!	[0.009127 user 0.000000 sys total]
	!	0/0 [0/56] filesystem blocks in/out
	!	30/58 [76/443] page faults/reclaims, 0 [0] swaps
	!	0 [0] signals rcvd, 0/0 [0/0] messages rcvd/sent
	!	33/2 [82/6] voluntary/involuntary context switches
	! buffer usage stats:
	!	Shared blocks:        236 read,          0 written, buffer hit rate = 18.06%
	!	Local  blocks:          0 read,          0 written, buffer hit rate = 0.00%
	!	Direct blocks:          0 read,          0 written
	 1: count	(typeid = 20, len = 8, typmod = -1, byval = f)
	----
	 1: count = "999"	(typeid = 20, len = 8, typmod = -1, byval = f)
	----
backend> LOG:  shutting down
LOG:  database system is shut down
LOG:  database system was shut down at 2024-02-09 19:02:48 EST
LOG:  checkpoint record is at 0/C09DE0
LOG:  redo record is at 0/C09DE0; undo record is at 0/0; shutdown TRUE
LOG:  next transaction ID: 40302; next OID: 22147
LOG:  database system is ready

POSTGRES backend interactive interface 
$Revision: 1.375.2.5 $ $Date: 2005/12/14 17:07:00 $

backend> LOG:  QUERY STATISTICS
DETAIL:  ! system usage stats:
	!	0.037216 elapsed 0.002305 user 0.000118 system sec
	!	[0.002305 user 0.004610 sys total]
	!	0/0 [0/56] filesystem blocks in/out
	!	30/59 [76/448] page faults/reclaims, 0 [0] swaps
	!	0 [0] signals rcvd, 0/0 [0/0] messages rcvd/sent
	!	36/0 [85/2] voluntary/involuntary context switches
	! buffer usage stats:
	!	Shared blocks:        211 read,          0 written, buffer hit rate = 62.32%
	!	Local  blocks:          0 read,          0 written, buffer hit rate = 0.00%
	!	Direct blocks:          0 read,          0 written
	 1: count	(typeid = 20, len = 8, typmod = -1, byval = f)
	----
	 1: count = "301"	(typeid = 20, len = 8, typmod = -1, byval = f)
	----
backend> LOG:  shutting down
LOG:  database system is shut down
LOG:  database system was shut down at 2024-02-09 19:02:48 EST
LOG:  checkpoint record is at 0/C09E28
LOG:  redo record is at 0/C09E28; undo record is at 0/0; shutdown TRUE
LOG:  next transaction ID: 40304; next OID: 22147
LOG:  database system is ready

POSTGRES backend interactive interface 
$Revision: 1.375.2.5 $ $Date: 2005/12/14 17:07:00 $

backend> LOG:  QUERY STATISTICS
DETAIL:  ! system usage stats:
	!	0.041025 elapsed 0.002113 user 0.000000 system sec
	!	[0.006345 user 0.000000 sys total]
	!	0/0 [0/64] filesystem blocks in/out
	!	30/59 [76/444] page faults/reclaims, 0 [0] swaps
	!	0 [0] signals rcvd, 0/0 [0/0] messages rcvd/sent
	!	35/0 [84/0] voluntary/involuntary context switches
	! buffer usage stats:
	!	Shared blocks:        209 read,          0 written, buffer hit rate = 41.78%
	!	Local  blocks:          0 read,          0 written, buffer hit rate = 0.00%
	!	Direct blocks:          0 read,          0 written
	 1: count	(typeid = 20, len = 8, typmod = -1, byval = f)
	----
	 1: count = "101"	(typeid = 20, len = 8, typmod = -1, byval = f)
	----
backend> LOG:  shutting down
LOG:  database system is shut down
LOG:  database system was shut down at 2024-02-09 19:02:48 EST
LOG:  checkpoint record is at 0/C09E70
LOG:  redo record is at 0/C09E70; undo record is at 0/0; shutdown TRUE
LOG:  next transaction ID: 40306; next OID: 22147
LOG:  database system is ready

POSTGRES backend interactive interface 
$Revision: 1.375.2.5 $ $Date: 2005/12/14 17:07:00 $

backend> LOG:  QUERY STATISTICS
DETAIL:  ! system usage stats:
	!	0.044394 elapsed 0.002044 user 0.000000 system sec
	!	[0.006228 user 0.000000 sys total]
	!	0/0 [8/56] filesystem blocks in/out
	!	30/59 [76/445] page faults/reclaims, 0 [0] swaps
	!	0 [0] signals rcvd, 0/0 [0/0] messages rcvd/sent
	!	35/2 [85/7] voluntary/involuntary context switches
	! buffer usage stats:
	!	Shared blocks:        209 read,          0 written, buffer hit rate = 41.78%
	!	Local  blocks:          0 read,          0 written, buffer hit rate = 0.00%
	!	Direct blocks:          0 read,          0 written
	 1: count	(typeid = 20, len = 8, typmod = -1, byval = f)
	----
	 1: count = "101"	(typeid = 20, len = 8, typmod = -1, byval = f)
	----
backend> LOG:  shutting down
LOG:  database system is shut down
LOG:  database system was shut down at 2024-02-09 19:02:49 EST
LOG:  checkpoint record is at 0/C09EB8
LOG:  redo record is at 0/C09EB8; undo record is at 0/0; shutdown TRUE
LOG:  next transaction ID: 40308; next OID: 22147
LOG:  database system is ready

POSTGRES backend interactive interface 
$Revision: 1.375.2.5 $ $Date: 2005/12/14 17:07:00 $

backend> LOG:  QUERY STATISTICS
DETAIL:  ! system usage stats:
	!	0.035941 elapsed 0.002029 user 0.000000 system sec
	!	[0.006198 user 0.000000 sys total]
	!	0/0 [0/56] filesystem blocks in/out
	!	30/61 [76/443] page faults/reclaims, 0 [0] swaps
	!	0 [0] signals rcvd, 0/0 [0/0] messages rcvd/sent
	!	35/1 [84/3] voluntary/involuntary context switches
	! buffer usage stats:
	!	Shared blocks:        209 read,          0 written, buffer hit rate = 27.93%
	!	Local  blocks:          0 read,          0 written, buffer hit rate = 0.00%
	!	Direct blocks:          0 read,          0 written
	 1: count	(typeid = 20, len = 8, typmod = -1, byval = f)
	----
	 1: count = "31"	(typeid = 20, len = 8, typmod = -1, byval = f)
	----
backend> LOG:  shutting down
LOG:  database system is shut down
