LOG:  database system was shut down at 2024-02-09 19:02:31 EST
LOG:  checkpoint record is at 0/C07A60
LOG:  redo record is at 0/C07A60; undo record is at 0/0; shutdown TRUE
LOG:  next transaction ID: 40050; next OID: 22147
LOG:  database system is ready

POSTGRES backend interactive interface 
$Revision: 1.375.2.5 $ $Date: 2005/12/14 17:07:00 $

backend> LOG:  QUERY STATISTICS
DETAIL:  ! system usage stats:
	!	0.034009 elapsed 0.004045 user 0.000000 system sec
	!	[0.008382 user 0.000000 sys total]
	!	0/0 [0/64] filesystem blocks in/out
	!	30/50 [76/436] page faults/reclaims, 0 [0] swaps
	!	0 [0] signals rcvd, 0/0 [0/0] messages rcvd/sent
	!	31/0 [83/7] voluntary/involuntary context switches
	! buffer usage stats:
	!	Shared blocks:        195 read,          0 written, buffer hit rate = 17.37%
	!	Local  blocks:          0 read,          0 written, buffer hit rate = 0.00%
	!	Direct blocks:          0 read,          0 written
	 1: count	(typeid = 20, len = 8, typmod = -1, byval = f)
	----
	 1: count = "2175"	(typeid = 20, len = 8, typmod = -1, byval = f)
	----
backend> LOG:  shutting down
LOG:  database system is shut down
LOG:  database system was shut down at 2024-02-09 19:02:32 EST
LOG:  checkpoint record is at 0/C07AA8
LOG:  redo record is at 0/C07AA8; undo record is at 0/0; shutdown TRUE
LOG:  next transaction ID: 40052; next OID: 22147
LOG:  database system is ready

POSTGRES backend interactive interface 
$Revision: 1.375.2.5 $ $Date: 2005/12/14 17:07:00 $

backend> LOG:  QUERY STATISTICS
DETAIL:  ! system usage stats:
	!	0.033979 elapsed 0.005114 user 0.000000 system sec
	!	[0.009191 user 0.000000 sys total]
	!	0/0 [0/56] filesystem blocks in/out
	!	30/57 [76/443] page faults/reclaims, 0 [0] swaps
	!	0 [0] signals rcvd, 0/0 [0/0] messages rcvd/sent
	!	29/3 [78/12] voluntary/involuntary context switches
	! buffer usage stats:
	!	Shared blocks:        211 read,          0 written, buffer hit rate = 19.47%
	!	Local  blocks:          0 read,          0 written, buffer hit rate = 0.00%
	!	Direct blocks:          0 read,          0 written
	 1: count	(typeid = 20, len = 8, typmod = -1, byval = f)
	----
	 1: count = "1051"	(typeid = 20, len = 8, typmod = -1, byval = f)
	----
backend> LOG:  shutting down
LOG:  database system is shut down
LOG:  database system was shut down at 2024-02-09 19:02:32 EST
LOG:  checkpoint record is at 0/C07AF0
LOG:  redo record is at 0/C07AF0; undo record is at 0/0; shutdown TRUE
LOG:  next transaction ID: 40054; next OID: 22147
LOG:  database system is ready

POSTGRES backend interactive interface 
$Revision: 1.375.2.5 $ $Date: 2005/12/14 17:07:00 $

backend> LOG:  QUERY STATISTICS
DETAIL:  ! system usage stats:
	!	0.036050 elapsed 0.004626 user 0.000382 system sec
	!	[0.004626 user 0.004626 sys total]
	!	0/0 [0/56] filesystem blocks in/out
	!	30/58 [76/444] page faults/reclaims, 0 [0] swaps
	!	0 [0] signals rcvd, 0/0 [0/0] messages rcvd/sent
	!	32/0 [80/4] voluntary/involuntary context switches
	! buffer usage stats:
	!	Shared blocks:        235 read,          0 written, buffer hit rate = 17.54%
	!	Local  blocks:          0 read,          0 written, buffer hit rate = 0.00%
	!	Direct blocks:          0 read,          0 written
	 1: count	(typeid = 20, len = 8, typmod = -1, byval = f)
	----
	 1: count = "541"	(typeid = 20, len = 8, typmod = -1, byval = f)
	----
backend> LOG:  shutting down
LOG:  database system is shut down
LOG:  database system was shut down at 2024-02-09 19:02:32 EST
LOG:  checkpoint record is at 0/C07B38
LOG:  redo record is at 0/C07B38; undo record is at 0/0; shutdown TRUE
LOG:  next transaction ID: 40056; next OID: 22147
LOG:  database system is ready

POSTGRES backend interactive interface 
$Revision: 1.375.2.5 $ $Date: 2005/12/14 17:07:00 $

backend> LOG:  QUERY STATISTICS
DETAIL:  ! system usage stats:
	!	0.036250 elapsed 0.003363 user 0.002422 system sec
	!	[0.003363 user 0.006727 sys total]
	!	0/0 [0/64] filesystem blocks in/out
	!	30/62 [76/446] page faults/reclaims, 0 [0] swaps
	!	0 [0] signals rcvd, 0/0 [0/0] messages rcvd/sent
	!	31/5 [82/18] voluntary/involuntary context switches
	! buffer usage stats:
	!	Shared blocks:        246 read,          0 written, buffer hit rate = 17.45%
	!	Local  blocks:          0 read,          0 written, buffer hit rate = 0.00%
	!	Direct blocks:          0 read,          0 written
	 1: count	(typeid = 20, len = 8, typmod = -1, byval = f)
	----
	 1: count = "1326"	(typeid = 20, len = 8, typmod = -1, byval = f)
	----
backend> LOG:  shutting down
LOG:  database system is shut down
LOG:  database system was shut down at 2024-02-09 19:02:32 EST
LOG:  checkpoint record is at 0/C07B80
LOG:  redo record is at 0/C07B80; undo record is at 0/0; shutdown TRUE
LOG:  next transaction ID: 40058; next OID: 22147
LOG:  database system is ready

POSTGRES backend interactive interface 
$Revision: 1.375.2.5 $ $Date: 2005/12/14 17:07:00 $

backend> LOG:  QUERY STATISTICS
DETAIL:  ! system usage stats:
	!	0.035909 elapsed 0.004913 user 0.001173 system sec
	!	[0.007701 user 0.002567 sys total]
	!	0/0 [0/56] filesystem blocks in/out
	!	30/58 [76/443] page faults/reclaims, 0 [0] swaps
	!	0 [0] signals rcvd, 0/0 [0/0] messages rcvd/sent
	!	29/3 [78/6] voluntary/involuntary context switches
	! buffer usage stats:
	!	Shared blocks:        215 read,          0 written, buffer hit rate = 19.17%
	!	Local  blocks:          0 read,          0 written, buffer hit rate = 0.00%
	!	Direct blocks:          0 read,          0 written
	 1: count	(typeid = 20, len = 8, typmod = -1, byval = f)
	----
	 1: count = "340"	(typeid = 20, len = 8, typmod = -1, byval = f)
	----
backend> LOG:  shutting down
LOG:  database system is shut down
LOG:  database system was shut down at 2024-02-09 19:02:32 EST
LOG:  checkpoint record is at 0/C07BC8
LOG:  redo record is at 0/C07BC8; undo record is at 0/0; shutdown TRUE
LOG:  next transaction ID: 40060; next OID: 22147
LOG:  database system is ready

POSTGRES backend interactive interface 
$Revision: 1.375.2.5 $ $Date: 2005/12/14 17:07:00 $

backend> LOG:  QUERY STATISTICS
DETAIL:  ! system usage stats:
	!	0.037976 elapsed 0.005163 user 0.000000 system sec
	!	[0.009372 user 0.000000 sys total]
	!	0/0 [0/64] filesystem blocks in/out
	!	30/59 [76/441] page faults/reclaims, 0 [0] swaps
	!	0 [0] signals rcvd, 0/0 [0/0] messages rcvd/sent
	!	31/1 [82/8] voluntary/involuntary context switches
	! buffer usage stats:
	!	Shared blocks:        241 read,          0 written, buffer hit rate = 17.47%
	!	Local  blocks:          0 read,          0 written, buffer hit rate = 0.00%
	!	Direct blocks:          0 read,          0 written
	 1: count	(typeid = 20, len = 8, typmod = -1, byval = f)
	----
	 1: count = "1794"	(typeid = 20, len = 8, typmod = -1, byval = f)
	----
backend> LOG:  shutting down
LOG:  database system is shut down
LOG:  database system was shut down at 2024-02-09 19:02:32 EST
LOG:  checkpoint record is at 0/C07C10
LOG:  redo record is at 0/C07C10; undo record is at 0/0; shutdown TRUE
LOG:  next transaction ID: 40062; next OID: 22147
LOG:  database system is ready

POSTGRES backend interactive interface 
$Revision: 1.375.2.5 $ $Date: 2005/12/14 17:07:00 $

backend> LOG:  QUERY STATISTICS
DETAIL:  ! system usage stats:
	!	0.034855 elapsed 0.000000 user 0.003884 system sec
	!	[0.004138 user 0.003884 sys total]
	!	0/0 [8/56] filesystem blocks in/out
	!	30/51 [76/436] page faults/reclaims, 0 [0] swaps
	!	0 [0] signals rcvd, 0/0 [0/0] messages rcvd/sent
	!	32/1 [82/6] voluntary/involuntary context switches
	! buffer usage stats:
	!	Shared blocks:        194 read,          0 written, buffer hit rate = 17.80%
	!	Local  blocks:          0 read,          0 written, buffer hit rate = 0.00%
	!	Direct blocks:          0 read,          0 written
	 1: count	(typeid = 20, len = 8, typmod = -1, byval = f)
	----
	 1: count = "729"	(typeid = 20, len = 8, typmod = -1, byval = f)
	----
backend> LOG:  shutting down
LOG:  database system is shut down
LOG:  database system was shut down at 2024-02-09 19:02:32 EST
LOG:  checkpoint record is at 0/C07C58
LOG:  redo record is at 0/C07C58; undo record is at 0/0; shutdown TRUE
LOG:  next transaction ID: 40064; next OID: 22147
LOG:  database system is ready

POSTGRES backend interactive interface 
$Revision: 1.375.2.5 $ $Date: 2005/12/14 17:07:00 $

backend> LOG:  QUERY STATISTICS
DETAIL:  ! system usage stats:
	!	0.045950 elapsed 0.004638 user 0.000000 system sec
	!	[0.008981 user 0.000000 sys total]
	!	0/0 [0/64] filesystem blocks in/out
	!	30/59 [76/443] page faults/reclaims, 0 [0] swaps
	!	0 [0] signals rcvd, 0/0 [0/0] messages rcvd/sent
	!	31/0 [80/1] voluntary/involuntary context switches
	! buffer usage stats:
	!	Shared blocks:        235 read,          0 written, buffer hit rate = 17.54%
	!	Local  blocks:          0 read,          0 written, buffer hit rate = 0.00%
	!	Direct blocks:          0 read,          0 written
	 1: count	(typeid = 20, len = 8, typmod = -1, byval = f)
	----
	 1: count = "579"	(typeid = 20, len = 8, typmod = -1, byval = f)
	----
backend> LOG:  shutting down
LOG:  database system is shut down
LOG:  database system was shut down at 2024-02-09 19:02:32 EST
LOG:  checkpoint record is at 0/C07CA0
LOG:  redo record is at 0/C07CA0; undo record is at 0/0; shutdown TRUE
LOG:  next transaction ID: 40066; next OID: 22147
LOG:  database system is ready

POSTGRES backend interactive interface 
$Revision: 1.375.2.5 $ $Date: 2005/12/14 17:07:00 $

backend> LOG:  QUERY STATISTICS
DETAIL:  ! system usage stats:
	!	0.036758 elapsed 0.000000 user 0.005193 system sec
	!	[0.000000 user 0.009397 sys total]
	!	0/0 [0/64] filesystem blocks in/out
	!	30/59 [76/444] page faults/reclaims, 0 [0] swaps
	!	0 [0] signals rcvd, 0/0 [0/0] messages rcvd/sent
	!	31/4 [81/16] voluntary/involuntary context switches
	! buffer usage stats:
	!	Shared blocks:        241 read,          0 written, buffer hit rate = 17.47%
	!	Local  blocks:          0 read,          0 written, buffer hit rate = 0.00%
	!	Direct blocks:          0 read,          0 written
	 1: count	(typeid = 20, len = 8, typmod = -1, byval = f)
	----
	 1: count = "2479"	(typeid = 20, len = 8, typmod = -1, byval = f)
	----
backend> LOG:  shutting down
LOG:  database system is shut down
LOG:  database system was shut down at 2024-02-09 19:02:33 EST
LOG:  checkpoint record is at 0/C07CE8
LOG:  redo record is at 0/C07CE8; undo record is at 0/0; shutdown TRUE
LOG:  next transaction ID: 40068; next OID: 22147
LOG:  database system is ready

POSTGRES backend interactive interface 
$Revision: 1.375.2.5 $ $Date: 2005/12/14 17:07:00 $

backend> LOG:  QUERY STATISTICS
DETAIL:  ! system usage stats:
	!	0.036112 elapsed 0.005167 user 0.000000 system sec
	!	[0.009505 user 0.000000 sys total]
	!	0/0 [0/56] filesystem blocks in/out
	!	30/59 [76/445] page faults/reclaims, 0 [0] swaps
	!	0 [0] signals rcvd, 0/0 [0/0] messages rcvd/sent
	!	31/5 [80/6] voluntary/involuntary context switches
	! buffer usage stats:
	!	Shared blocks:        235 read,          0 written, buffer hit rate = 17.83%
	!	Local  blocks:          0 read,          0 written, buffer hit rate = 0.00%
	!	Direct blocks:          0 read,          0 written
	 1: count	(typeid = 20, len = 8, typmod = -1, byval = f)
	----
	 1: count = "1473"	(typeid = 20, len = 8, typmod = -1, byval = f)
	----
backend> LOG:  shutting down
LOG:  database system is shut down
