LOG:  database system was shut down at 2024-02-09 19:02:49 EST
LOG:  checkpoint record is at 0/C09F00
LOG:  redo record is at 0/C09F00; undo record is at 0/0; shutdown TRUE
LOG:  next transaction ID: 40310; next OID: 22147
LOG:  database system is ready

POSTGRES backend interactive interface 
$Revision: 1.375.2.5 $ $Date: 2005/12/14 17:07:00 $

backend> LOG:  QUERY STATISTICS
DETAIL:  ! system usage stats:
	!	0.036036 elapsed 0.000000 user 0.002081 system sec
	!	[0.000000 user 0.006237 sys total]
	!	0/0 [0/56] filesystem blocks in/out
	!	46/59 [93/447] page faults/reclaims, 0 [0] swaps
	!	0 [0] signals rcvd, 0/0 [0/0] messages rcvd/sent
	!	35/4 [86/12] voluntary/involuntary context switches
	! buffer usage stats:
	!	Shared blocks:        200 read,          0 written, buffer hit rate = 33.11%
	!	Local  blocks:          0 read,          0 written, buffer hit rate = 0.00%
	!	Direct blocks:          0 read,          0 written
	 1: count	(typeid = 20, len = 8, typmod = -1, byval = f)
	----
	 1: count = "41"	(typeid = 20, len = 8, typmod = -1, byval = f)
	----
backend> LOG:  shutting down
LOG:  database system is shut down
LOG:  database system was shut down at 2024-02-09 19:02:49 EST
LOG:  checkpoint record is at 0/C09F48
LOG:  redo record is at 0/C09F48; undo record is at 0/0; shutdown TRUE
LOG:  next transaction ID: 40312; next OID: 22147
LOG:  database system is ready

POSTGRES backend interactive interface 
$Revision: 1.375.2.5 $ $Date: 2005/12/14 17:07:00 $

backend> LOG:  QUERY STATISTICS
DETAIL:  ! system usage stats:
	!	0.034732 elapsed 0.003894 user 0.001143 system sec
	!	[0.003894 user 0.005192 sys total]
	!	0/0 [0/64] filesystem blocks in/out
	!	46/53 [93/440] page faults/reclaims, 0 [0] swaps
	!	0 [0] signals rcvd, 0/0 [0/0] messages rcvd/sent
	!	29/5 [81/19] voluntary/involuntary context switches
	! buffer usage stats:
	!	Shared blocks:        199 read,          0 written, buffer hit rate = 22.87%
	!	Local  blocks:          0 read,          0 written, buffer hit rate = 0.00%
	!	Direct blocks:          0 read,          0 written
	 1: count	(typeid = 20, len = 8, typmod = -1, byval = f)
	----
	 1: count = "50"	(typeid = 20, len = 8, typmod = -1, byval = f)
	----
backend> LOG:  shutting down
LOG:  database system is shut down
LOG:  database system was shut down at 2024-02-09 19:02:49 EST
LOG:  checkpoint record is at 0/C09F90
LOG:  redo record is at 0/C09F90; undo record is at 0/0; shutdown TRUE
LOG:  next transaction ID: 40314; next OID: 22147
LOG:  database system is ready

POSTGRES backend interactive interface 
$Revision: 1.375.2.5 $ $Date: 2005/12/14 17:07:00 $

backend> LOG:  QUERY STATISTICS
DETAIL:  ! system usage stats:
	!	0.036154 elapsed 0.002120 user 0.000000 system sec
	!	[0.006291 user 0.000000 sys total]
	!	0/0 [0/56] filesystem blocks in/out
	!	46/61 [93/446] page faults/reclaims, 0 [0] swaps
	!	0 [0] signals rcvd, 0/0 [0/0] messages rcvd/sent
	!	35/0 [84/3] voluntary/involuntary context switches
	! buffer usage stats:
	!	Shared blocks:        201 read,          0 written, buffer hit rate = 43.85%
	!	Local  blocks:          0 read,          0 written, buffer hit rate = 0.00%
	!	Direct blocks:          0 read,          0 written
	 1: count	(typeid = 20, len = 8, typmod = -1, byval = f)
	----
	 1: count = "99"	(typeid = 20, len = 8, typmod = -1, byval = f)
	----
backend> LOG:  shutting down
LOG:  database system is shut down
LOG:  database system was shut down at 2024-02-09 19:02:49 EST
LOG:  checkpoint record is at 0/C09FD8
LOG:  redo record is at 0/C09FD8; undo record is at 0/0; shutdown TRUE
LOG:  next transaction ID: 40316; next OID: 22147
LOG:  database system is ready

POSTGRES backend interactive interface 
$Revision: 1.375.2.5 $ $Date: 2005/12/14 17:07:00 $

backend> LOG:  QUERY STATISTICS
DETAIL:  ! system usage stats:
	!	0.036943 elapsed 0.002565 user 0.000000 system sec
	!	[0.006708 user 0.000000 sys total]
	!	0/0 [0/64] filesystem blocks in/out
	!	46/59 [93/447] page faults/reclaims, 0 [0] swaps
	!	0 [0] signals rcvd, 0/0 [0/0] messages rcvd/sent
	!	35/2 [86/7] voluntary/involuntary context switches
	! buffer usage stats:
	!	Shared blocks:        209 read,          0 written, buffer hit rate = 83.43%
	!	Local  blocks:          0 read,          0 written, buffer hit rate = 0.00%
	!	Direct blocks:          0 read,          0 written
	 1: count	(typeid = 20, len = 8, typmod = -1, byval = f)
	----
	 1: count = "1000"	(typeid = 20, len = 8, typmod = -1, byval = f)
	----
backend> LOG:  shutting down
LOG:  database system is shut down
LOG:  database system was shut down at 2024-02-09 19:02:49 EST
LOG:  checkpoint record is at 0/C0A038
LOG:  redo record is at 0/C0A038; undo record is at 0/0; shutdown TRUE
LOG:  next transaction ID: 40318; next OID: 22147
LOG:  database system is ready

POSTGRES backend interactive interface 
$Revision: 1.375.2.5 $ $Date: 2005/12/14 17:07:00 $

backend> LOG:  QUERY STATISTICS
DETAIL:  ! system usage stats:
	!	0.036343 elapsed 0.003464 user 0.002067 system sec
	!	[0.004861 user 0.004861 sys total]
	!	0/0 [0/56] filesystem blocks in/out
	!	46/53 [93/441] page faults/reclaims, 0 [0] swaps
	!	0 [0] signals rcvd, 0/0 [0/0] messages rcvd/sent
	!	29/4 [78/6] voluntary/involuntary context switches
	! buffer usage stats:
	!	Shared blocks:        199 read,          0 written, buffer hit rate = 22.87%
	!	Local  blocks:          0 read,          0 written, buffer hit rate = 0.00%
	!	Direct blocks:          0 read,          0 written
	 1: count	(typeid = 20, len = 8, typmod = -1, byval = f)
	----
	 1: count = "2500"	(typeid = 20, len = 8, typmod = -1, byval = f)
	----
backend> LOG:  shutting down
LOG:  database system is shut down
LOG:  database system was shut down at 2024-02-09 19:02:49 EST
LOG:  checkpoint record is at 0/C0A080
LOG:  redo record is at 0/C0A080; undo record is at 0/0; shutdown TRUE
LOG:  next transaction ID: 40320; next OID: 22147
LOG:  database system is ready

POSTGRES backend interactive interface 
$Revision: 1.375.2.5 $ $Date: 2005/12/14 17:07:00 $

backend> LOG:  QUERY STATISTICS
DETAIL:  ! system usage stats:
	!	0.059773 elapsed 0.000000 user 0.005626 system sec
	!	[0.004053 user 0.005626 sys total]
	!	0/0 [0/56] filesystem blocks in/out
	!	46/59 [93/448] page faults/reclaims, 0 [0] swaps
	!	0 [0] signals rcvd, 0/0 [0/0] messages rcvd/sent
	!	33/3 [82/9] voluntary/involuntary context switches
	! buffer usage stats:
	!	Shared blocks:        228 read,          0 written, buffer hit rate = 20.83%
	!	Local  blocks:          0 read,          0 written, buffer hit rate = 0.00%
	!	Direct blocks:          0 read,          0 written
	 1: count	(typeid = 20, len = 8, typmod = -1, byval = f)
	----
	 1: count = "999"	(typeid = 20, len = 8, typmod = -1, byval = f)
	----
backend> LOG:  shutting down
LOG:  database system is shut down
LOG:  database system was shut down at 2024-02-09 19:02:50 EST
LOG:  checkpoint record is at 0/C0A0C8
LOG:  redo record is at 0/C0A0C8; undo record is at 0/0; shutdown TRUE
LOG:  next transaction ID: 40322; next OID: 22147
LOG:  database system is ready

POSTGRES backend interactive interface 
$Revision: 1.375.2.5 $ $Date: 2005/12/14 17:07:00 $

backend> LOG:  QUERY STATISTICS
DETAIL:  ! system usage stats:
	!	0.074886 elapsed 0.000000 user 0.002548 system sec
	!	[0.000000 user 0.006985 sys total]
	!	0/0 [0/56] filesystem blocks in/out
	!	46/61 [93/448] page faults/reclaims, 0 [0] swaps
	!	0 [0] signals rcvd, 0/0 [0/0] messages rcvd/sent
	!	36/0 [87/1] voluntary/involuntary context switches
	! buffer usage stats:
	!	Shared blocks:        203 read,          0 written, buffer hit rate = 63.75%
	!	Local  blocks:          0 read,          0 written, buffer hit rate = 0.00%
	!	Direct blocks:          0 read,          0 written
	 1: count	(typeid = 20, len = 8, typmod = -1, byval = f)
	----
	 1: count = "301"	(typeid = 20, len = 8, typmod = -1, byval = f)
	----
backend> LOG:  shutting down
LOG:  database system is shut down
LOG:  database system was shut down at 2024-02-09 19:02:50 EST
LOG:  checkpoint record is at 0/C0A110
LOG:  redo record is at 0/C0A110; undo record is at 0/0; shutdown TRUE
LOG:  next transaction ID: 40324; next OID: 22147
LOG:  database system is ready

POSTGRES backend interactive interface 
$Revision: 1.375.2.5 $ $Date: 2005/12/14 17:07:00 $

backend> LOG:  QUERY STATISTICS
DETAIL:  ! system usage stats:
	!	0.057663 elapsed 0.000000 user 0.002081 system sec
	!	[0.000000 user 0.006310 sys total]
	!	0/0 [0/64] filesystem blocks in/out
	!	46/62 [93/448] page faults/reclaims, 0 [0] swaps
	!	0 [0] signals rcvd, 0/0 [0/0] messages rcvd/sent
	!	35/0 [85/1] voluntary/involuntary context switches
	! buffer usage stats:
	!	Shared blocks:        201 read,          0 written, buffer hit rate = 44.01%
	!	Local  blocks:          0 read,          0 written, buffer hit rate = 0.00%
	!	Direct blocks:          0 read,          0 written
	 1: count	(typeid = 20, len = 8, typmod = -1, byval = f)
	----
	 1: count = "101"	(typeid = 20, len = 8, typmod = -1, byval = f)
	----
backend> LOG:  shutting down
LOG:  database system is shut down
LOG:  database system was shut down at 2024-02-09 19:02:50 EST
LOG:  checkpoint record is at 0/C0A158
LOG:  redo record is at 0/C0A158; undo record is at 0/0; shutdown TRUE
LOG:  next transaction ID: 40326; next OID: 22147
LOG:  database system is ready

POSTGRES backend interactive interface 
$Revision: 1.375.2.5 $ $Date: 2005/12/14 17:07:00 $

backend> LOG:  QUERY STATISTICS
DETAIL:  ! system usage stats:
	!	0.037954 elapsed 0.000000 user 0.002184 system sec
	!	[0.004133 user 0.002184 sys total]
	!	0/0 [0/56] filesystem blocks in/out
	!	46/59 [93/447] page faults/reclaims, 0 [0] swaps
	!	0 [0] signals rcvd, 0/0 [0/0] messages rcvd/sent
	!	36/2 [88/10] voluntary/involuntary context switches
	! buffer usage stats:
	!	Shared blocks:        201 read,          0 written, buffer hit rate = 44.01%
	!	Local  blocks:          0 read,          0 written, buffer hit rate = 0.00%
	!	Direct blocks:          0 read,          0 written
	 1: count	(typeid = 20, len = 8, typmod = -1, byval = f)
	----
	 1: count = "101"	(typeid = 20, len = 8, typmod = -1, byval = f)
	----
backend> LOG:  shutting down
LOG:  database system is shut down
LOG:  database system was shut down at 2024-02-09 19:02:50 EST
LOG:  checkpoint record is at 0/C0A1A0
LOG:  redo record is at 0/C0A1A0; undo record is at 0/0; shutdown TRUE
LOG:  next transaction ID: 40328; next OID: 22147
LOG:  database system is ready

POSTGRES backend interactive interface 
$Revision: 1.375.2.5 $ $Date: 2005/12/14 17:07:00 $

backend> LOG:  QUERY STATISTICS
DETAIL:  ! system usage stats:
	!	0.037381 elapsed 0.000000 user 0.002056 system sec
	!	[0.000000 user 0.006143 sys total]
	!	0/0 [0/56] filesystem blocks in/out
	!	46/63 [93/447] page faults/reclaims, 0 [0] swaps
	!	0 [0] signals rcvd, 0/0 [0/0] messages rcvd/sent
	!	35/1 [84/3] voluntary/involuntary context switches
	! buffer usage stats:
	!	Shared blocks:        201 read,          0 written, buffer hit rate = 30.69%
	!	Local  blocks:          0 read,          0 written, buffer hit rate = 0.00%
	!	Direct blocks:          0 read,          0 written
	 1: count	(typeid = 20, len = 8, typmod = -1, byval = f)
	----
	 1: count = "31"	(typeid = 20, len = 8, typmod = -1, byval = f)
	----
backend> LOG:  shutting down
LOG:  database system is shut down
