LOG:  database system was shut down at 2024-02-09 19:02:50 EST
LOG:  checkpoint record is at 0/C0A1E8
LOG:  redo record is at 0/C0A1E8; undo record is at 0/0; shutdown TRUE
LOG:  next transaction ID: 40330; next OID: 22147
LOG:  database system is ready

POSTGRES backend interactive interface 
$Revision: 1.375.2.5 $ $Date: 2005/12/14 17:07:00 $

backend> LOG:  QUERY STATISTICS
DETAIL:  ! system usage stats:
	!	0.036410 elapsed 0.002066 user 0.000000 system sec
	!	[0.006289 user 0.000000 sys total]
	!	0/0 [0/56] filesystem blocks in/out
	!	56/63 [104/450] page faults/reclaims, 0 [0] swaps
	!	0 [0] signals rcvd, 0/0 [0/0] messages rcvd/sent
	!	35/0 [84/1] voluntary/involuntary context switches
	! buffer usage stats:
	!	Shared blocks:        195 read,          0 written, buffer hit rate = 34.78%
	!	Local  blocks:          0 read,          0 written, buffer hit rate = 0.00%
	!	Direct blocks:          0 read,          0 written
	 1: count	(typeid = 20, len = 8, typmod = -1, byval = f)
	----
	 1: count = "41"	(typeid = 20, len = 8, typmod = -1, byval = f)
	----
backend> LOG:  shutting down
LOG:  database system is shut down
LOG:  database system was shut down at 2024-02-09 19:02:50 EST
LOG:  checkpoint record is at 0/C0A230
LOG:  redo record is at 0/C0A230; undo record is at 0/0; shutdown TRUE
LOG:  next transaction ID: 40332; next OID: 22147
LOG:  database system is ready

POSTGRES backend interactive interface 
$Revision: 1.375.2.5 $ $Date: 2005/12/14 17:07:00 $

backend> LOG:  QUERY STATISTICS
DETAIL:  ! system usage stats:
	!	0.036086 elapsed 0.005279 user 0.000000 system sec
	!	[0.009435 user 0.000000 sys total]
	!	0/0 [0/56] filesystem blocks in/out
	!	56/53 [104/438] page faults/reclaims, 0 [0] swaps
	!	0 [0] signals rcvd, 0/0 [0/0] messages rcvd/sent
	!	29/3 [77/5] voluntary/involuntary context switches
	! buffer usage stats:
	!	Shared blocks:        194 read,          0 written, buffer hit rate = 24.81%
	!	Local  blocks:          0 read,          0 written, buffer hit rate = 0.00%
	!	Direct blocks:          0 read,          0 written
	 1: count	(typeid = 20, len = 8, typmod = -1, byval = f)
	----
	 1: count = "50"	(typeid = 20, len = 8, typmod = -1, byval = f)
	----
backend> LOG:  shutting down
LOG:  database system is shut down
LOG:  database system was shut down at 2024-02-09 19:02:51 EST
LOG:  checkpoint record is at 0/C0A278
LOG:  redo record is at 0/C0A278; undo record is at 0/0; shutdown TRUE
LOG:  next transaction ID: 40334; next OID: 22147
LOG:  database system is ready

POSTGRES backend interactive interface 
$Revision: 1.375.2.5 $ $Date: 2005/12/14 17:07:00 $

backend> LOG:  QUERY STATISTICS
DETAIL:  ! system usage stats:
	!	0.036517 elapsed 0.002183 user 0.000000 system sec
	!	[0.006359 user 0.000000 sys total]
	!	0/0 [0/56] filesystem blocks in/out
	!	56/60 [104/447] page faults/reclaims, 0 [0] swaps
	!	0 [0] signals rcvd, 0/0 [0/0] messages rcvd/sent
	!	35/0 [85/7] voluntary/involuntary context switches
	! buffer usage stats:
	!	Shared blocks:        196 read,          0 written, buffer hit rate = 45.25%
	!	Local  blocks:          0 read,          0 written, buffer hit rate = 0.00%
	!	Direct blocks:          0 read,          0 written
	 1: count	(typeid = 20, len = 8, typmod = -1, byval = f)
	----
	 1: count = "99"	(typeid = 20, len = 8, typmod = -1, byval = f)
	----
backend> LOG:  shutting down
LOG:  database system is shut down
LOG:  database system was shut down at 2024-02-09 19:02:51 EST
LOG:  checkpoint record is at 0/C0A2C0
LOG:  redo record is at 0/C0A2C0; undo record is at 0/0; shutdown TRUE
LOG:  next transaction ID: 40336; next OID: 22147
LOG:  database system is ready

POSTGRES backend interactive interface 
$Revision: 1.375.2.5 $ $Date: 2005/12/14 17:07:00 $

backend> LOG:  QUERY STATISTICS
DETAIL:  ! system usage stats:
	!	0.037153 elapsed 0.002561 user 0.000000 system sec
	!	[0.002561 user 0.004232 sys total]
	!	0/0 [0/56] filesystem blocks in/out
	!	56/59 [104/447] page faults/reclaims, 0 [0] swaps
	!	0 [0] signals rcvd, 0/0 [0/0] messages rcvd/sent
	!	35/2 [86/3] voluntary/involuntary context switches
	! buffer usage stats:
	!	Shared blocks:        204 read,          0 written, buffer hit rate = 83.82%
	!	Local  blocks:          0 read,          0 written, buffer hit rate = 0.00%
	!	Direct blocks:          0 read,          0 written
	 1: count	(typeid = 20, len = 8, typmod = -1, byval = f)
	----
	 1: count = "1000"	(typeid = 20, len = 8, typmod = -1, byval = f)
	----
backend> LOG:  shutting down
LOG:  database system is shut down
LOG:  database system was shut down at 2024-02-09 19:02:51 EST
LOG:  checkpoint record is at 0/C0A308
LOG:  redo record is at 0/C0A308; undo record is at 0/0; shutdown TRUE
LOG:  next transaction ID: 40338; next OID: 22147
LOG:  database system is ready

POSTGRES backend interactive interface 
$Revision: 1.375.2.5 $ $Date: 2005/12/14 17:07:00 $

backend> LOG:  QUERY STATISTICS
DETAIL:  ! system usage stats:
	!	0.036540 elapsed 0.005441 user 0.000000 system sec
	!	[0.009680 user 0.000000 sys total]
	!	0/0 [0/56] filesystem blocks in/out
	!	56/53 [104/436] page faults/reclaims, 0 [0] swaps
	!	0 [0] signals rcvd, 0/0 [0/0] messages rcvd/sent
	!	30/0 [79/1] voluntary/involuntary context switches
	! buffer usage stats:
	!	Shared blocks:        194 read,          0 written, buffer hit rate = 24.81%
	!	Local  blocks:          0 read,          0 written, buffer hit rate = 0.00%
	!	Direct blocks:          0 read,          0 written
	 1: count	(typeid = 20, len = 8, typmod = -1, byval = f)
	----
	 1: count = "2500"	(typeid = 20, len = 8, typmod = -1, byval = f)
	----
backend> LOG:  shutting down
LOG:  database system is shut down
LOG:  database system was shut down at 2024-02-09 19:02:51 EST
LOG:  checkpoint record is at 0/C0A350
LOG:  redo record is at 0/C0A350; undo record is at 0/0; shutdown TRUE
LOG:  next transaction ID: 40340; next OID: 22147
LOG:  database system is ready

POSTGRES backend interactive interface 
$Revision: 1.375.2.5 $ $Date: 2005/12/14 17:07:00 $

backend> LOG:  QUERY STATISTICS
DETAIL:  ! system usage stats:
	!	0.046798 elapsed 0.002164 user 0.003146 system sec
	!	[0.006293 user 0.003146 sys total]
	!	0/0 [0/56] filesystem blocks in/out
	!	56/61 [104/448] page faults/reclaims, 0 [0] swaps
	!	0 [0] signals rcvd, 0/0 [0/0] messages rcvd/sent
	!	34/1 [84/1] voluntary/involuntary context switches
	! buffer usage stats:
	!	Shared blocks:        223 read,          0 written, buffer hit rate = 22.57%
	!	Local  blocks:          0 read,          0 written, buffer hit rate = 0.00%
	!	Direct blocks:          0 read,          0 written
	 1: count	(typeid = 20, len = 8, typmod = -1, byval = f)
	----
	 1: count = "999"	(typeid = 20, len = 8, typmod = -1, byval = f)
	----
backend> LOG:  shutting down
LOG:  database system is shut down
LOG:  database system was shut down at 2024-02-09 19:02:51 EST
LOG:  checkpoint record is at 0/C0A398
LOG:  redo record is at 0/C0A398; undo record is at 0/0; shutdown TRUE
LOG:  next transaction ID: 40342; next OID: 22147
LOG:  database system is ready

POSTGRES backend interactive interface 
$Revision: 1.375.2.5 $ $Date: 2005/12/14 17:07:00 $

backend> LOG:  QUERY STATISTICS
DETAIL:  ! system usage stats:
	!	0.037218 elapsed 0.002254 user 0.000000 system sec
	!	[0.006542 user 0.000000 sys total]
	!	0/0 [0/56] filesystem blocks in/out
	!	56/63 [104/445] page faults/reclaims, 0 [0] swaps
	!	0 [0] signals rcvd, 0/0 [0/0] messages rcvd/sent
	!	35/1 [84/7] voluntary/involuntary context switches
	! buffer usage stats:
	!	Shared blocks:        198 read,          0 written, buffer hit rate = 64.64%
	!	Local  blocks:          0 read,          0 written, buffer hit rate = 0.00%
	!	Direct blocks:          0 read,          0 written
	 1: count	(typeid = 20, len = 8, typmod = -1, byval = f)
	----
	 1: count = "301"	(typeid = 20, len = 8, typmod = -1, byval = f)
	----
backend> LOG:  shutting down
LOG:  database system is shut down
LOG:  database system was shut down at 2024-02-09 19:02:51 EST
LOG:  checkpoint record is at 0/C0A3E0
LOG:  redo record is at 0/C0A3E0; undo record is at 0/0; shutdown TRUE
LOG:  next transaction ID: 40344; next OID: 22147
LOG:  database system is ready

POSTGRES backend interactive interface 
$Revision: 1.375.2.5 $ $Date: 2005/12/14 17:07:00 $

backend> LOG:  QUERY STATISTICS
DETAIL:  ! system usage stats:
	!	0.074238 elapsed 0.002532 user 0.000000 system sec
	!	[0.007205 user 0.000000 sys total]
	!	0/0 [0/64] filesystem blocks in/out
	!	56/60 [104/446] page faults/reclaims, 0 [0] swaps
	!	0 [0] signals rcvd, 0/0 [0/0] messages rcvd/sent
	!	35/0 [83/0] voluntary/involuntary context switches
	! buffer usage stats:
	!	Shared blocks:        196 read,          0 written, buffer hit rate = 45.40%
	!	Local  blocks:          0 read,          0 written, buffer hit rate = 0.00%
	!	Direct blocks:          0 read,          0 written
	 1: count	(typeid = 20, len = 8, typmod = -1, byval = f)
	----
	 1: count = "101"	(typeid = 20, len = 8, typmod = -1, byval = f)
	----
backend> LOG:  shutting down
LOG:  database system is shut down
LOG:  database system was shut down at 2024-02-09 19:02:52 EST
LOG:  checkpoint record is at 0/C0A428
LOG:  redo record is at 0/C0A428; undo record is at 0/0; shutdown TRUE
LOG:  next transaction ID: 40346; next OID: 22147
LOG:  database system is ready

POSTGRES backend interactive interface 
$Revision: 1.375.2.5 $ $Date: 2005/12/14 17:07:00 $

backend> LOG:  QUERY STATISTICS
DETAIL:  ! system usage stats:
	!	0.036722 elapsed 0.000050 user 0.002191 system sec
	!	[0.004382 user 0.002191 sys total]
	!	0/0 [0/56] filesystem blocks in/out
	!	56/62 [104/447] page faults/reclaims, 0 [0] swaps
	!	0 [0] signals rcvd, 0/0 [0/0] messages rcvd/sent
	!	35/0 [84/2] voluntary/involuntary context switches
	! buffer usage stats:
	!	Shared blocks:        196 read,          0 written, buffer hit rate = 45.40%
	!	Local  blocks:          0 read,          0 written, buffer hit rate = 0.00%
	!	Direct blocks:          0 read,          0 written
	 1: count	(typeid = 20, len = 8, typmod = -1, byval = f)
	----
	 1: count = "101"	(typeid = 20, len = 8, typmod = -1, byval = f)
	----
backend> LOG:  shutting down
LOG:  database system is shut down
LOG:  database system was shut down at 2024-02-09 19:02:52 EST
LOG:  checkpoint record is at 0/C0A470
LOG:  redo record is at 0/C0A470; undo record is at 0/0; shutdown TRUE
LOG:  next transaction ID: 40348; next OID: 22147
LOG:  database system is ready

POSTGRES backend interactive interface 
$Revision: 1.375.2.5 $ $Date: 2005/12/14 17:07:00 $

backend> LOG:  QUERY STATISTICS
DETAIL:  ! system usage stats:
	!	0.037141 elapsed 0.000000 user 0.002325 system sec
	!	[0.004692 user 0.002325 sys total]
	!	0/0 [0/56] filesystem blocks in/out
	!	56/60 [104/442] page faults/reclaims, 0 [0] swaps
	!	0 [0] signals rcvd, 0/0 [0/0] messages rcvd/sent
	!	35/1 [84/1] voluntary/involuntary context switches
	! buffer usage stats:
	!	Shared blocks:        196 read,          0 written, buffer hit rate = 32.41%
	!	Local  blocks:          0 read,          0 written, buffer hit rate = 0.00%
	!	Direct blocks:          0 read,          0 written
	 1: count	(typeid = 20, len = 8, typmod = -1, byval = f)
	----
	 1: count = "31"	(typeid = 20, len = 8, typmod = -1, byval = f)
	----
backend> LOG:  shutting down
LOG:  database system is shut down
