LOG:  database system was shut down at 2024-02-09 19:02:34 EST
LOG:  checkpoint record is at 0/C08010
LOG:  redo record is at 0/C08010; undo record is at 0/0; shutdown TRUE
LOG:  next transaction ID: 40090; next OID: 22147
LOG:  database system is ready

POSTGRES backend interactive interface 
$Revision: 1.375.2.5 $ $Date: 2005/12/14 17:07:00 $

backend> LOG:  QUERY STATISTICS
DETAIL:  ! system usage stats:
	!	0.035370 elapsed 0.004056 user 0.000000 system sec
	!	[0.006180 user 0.002124 sys total]
	!	0/0 [8/56] filesystem blocks in/out
	!	56/52 [104/437] page faults/reclaims, 0 [0] swaps
	!	0 [0] signals rcvd, 0/0 [0/0] messages rcvd/sent
	!	31/1 [80/2] voluntary/involuntary context switches
	! buffer usage stats:
	!	Shared blocks:        182 read,          0 written, buffer hit rate = 22.88%
	!	Local  blocks:          0 read,          0 written, buffer hit rate = 0.00%
	!	Direct blocks:          0 read,          0 written
	 1: count	(typeid = 20, len = 8, typmod = -1, byval = f)
	----
	 1: count = "2175"	(typeid = 20, len = 8, typmod = -1, byval = f)
	----
backend> LOG:  shutting down
LOG:  database system is shut down
LOG:  database system was shut down at 2024-02-09 19:02:34 EST
LOG:  checkpoint record is at 0/C08058
LOG:  redo record is at 0/C08058; undo record is at 0/0; shutdown TRUE
LOG:  next transaction ID: 40092; next OID: 22147
LOG:  database system is ready

POSTGRES backend interactive interface 
$Revision: 1.375.2.5 $ $Date: 2005/12/14 17:07:00 $

backend> LOG:  QUERY STATISTICS
DETAIL:  ! system usage stats:
	!	0.034246 elapsed 0.004115 user 0.001045 system sec
	!	[0.006139 user 0.003069 sys total]
	!	0/0 [0/56] filesystem blocks in/out
	!	56/52 [104/437] page faults/reclaims, 0 [0] swaps
	!	0 [0] signals rcvd, 0/0 [0/0] messages rcvd/sent
	!	29/0 [78/1] voluntary/involuntary context switches
	! buffer usage stats:
	!	Shared blocks:        198 read,          0 written, buffer hit rate = 24.43%
	!	Local  blocks:          0 read,          0 written, buffer hit rate = 0.00%
	!	Direct blocks:          0 read,          0 written
	 1: count	(typeid = 20, len = 8, typmod = -1, byval = f)
	----
	 1: count = "1051"	(typeid = 20, len = 8, typmod = -1, byval = f)
	----
backend> LOG:  shutting down
LOG:  database system is shut down
LOG:  database system was shut down at 2024-02-09 19:02:34 EST
LOG:  checkpoint record is at 0/C080A0
LOG:  redo record is at 0/C080A0; undo record is at 0/0; shutdown TRUE
LOG:  next transaction ID: 40094; next OID: 22147
LOG:  database system is ready

POSTGRES backend interactive interface 
$Revision: 1.375.2.5 $ $Date: 2005/12/14 17:07:00 $

backend> LOG:  QUERY STATISTICS
DETAIL:  ! system usage stats:
	!	0.038082 elapsed 0.005049 user 0.000000 system sec
	!	[0.009212 user 0.000000 sys total]
	!	0/0 [0/56] filesystem blocks in/out
	!	56/58 [104/443] page faults/reclaims, 0 [0] swaps
	!	0 [0] signals rcvd, 0/0 [0/0] messages rcvd/sent
	!	32/1 [81/3] voluntary/involuntary context switches
	! buffer usage stats:
	!	Shared blocks:        222 read,          0 written, buffer hit rate = 22.11%
	!	Local  blocks:          0 read,          0 written, buffer hit rate = 0.00%
	!	Direct blocks:          0 read,          0 written
	 1: count	(typeid = 20, len = 8, typmod = -1, byval = f)
	----
	 1: count = "541"	(typeid = 20, len = 8, typmod = -1, byval = f)
	----
backend> LOG:  shutting down
LOG:  database system is shut down
LOG:  database system was shut down at 2024-02-09 19:02:34 EST
LOG:  checkpoint record is at 0/C080E8
LOG:  redo record is at 0/C080E8; undo record is at 0/0; shutdown TRUE
LOG:  next transaction ID: 40096; next OID: 22147
LOG:  database system is ready

POSTGRES backend interactive interface 
$Revision: 1.375.2.5 $ $Date: 2005/12/14 17:07:00 $

backend> LOG:  QUERY STATISTICS
DETAIL:  ! system usage stats:
	!	0.036045 elapsed 0.005484 user 0.000000 system sec
	!	[0.009738 user 0.000000 sys total]
	!	0/0 [0/56] filesystem blocks in/out
	!	56/58 [104/445] page faults/reclaims, 0 [0] swaps
	!	0 [0] signals rcvd, 0/0 [0/0] messages rcvd/sent
	!	31/1 [81/4] voluntary/involuntary context switches
	! buffer usage stats:
	!	Shared blocks:        230 read,          0 written, buffer hit rate = 22.82%
	!	Local  blocks:          0 read,          0 written, buffer hit rate = 0.00%
	!	Direct blocks:          0 read,          0 written
	 1: count	(typeid = 20, len = 8, typmod = -1, byval = f)
	----
	 1: count = "1326"	(typeid = 20, len = 8, typmod = -1, byval = f)
	----
backend> LOG:  shutting down
LOG:  database system is shut down
LOG:  database system was shut down at 2024-02-09 19:02:35 EST
LOG:  checkpoint record is at 0/C08130
LOG:  redo record is at 0/C08130; undo record is at 0/0; shutdown TRUE
LOG:  next transaction ID: 40098; next OID: 22147
LOG:  database system is ready

POSTGRES backend interactive interface 
$Revision: 1.375.2.5 $ $Date: 2005/12/14 17:07:00 $

backend> LOG:  QUERY STATISTICS
DETAIL:  ! system usage stats:
	!	0.034459 elapsed 0.005990 user 0.000000 system sec
	!	[0.005990 user 0.004369 sys total]
	!	0/0 [0/56] filesystem blocks in/out
	!	56/54 [104/441] page faults/reclaims, 0 [0] swaps
	!	0 [0] signals rcvd, 0/0 [0/0] messages rcvd/sent
	!	29/1 [79/1] voluntary/involuntary context switches
	! buffer usage stats:
	!	Shared blocks:        202 read,          0 written, buffer hit rate = 24.06%
	!	Local  blocks:          0 read,          0 written, buffer hit rate = 0.00%
	!	Direct blocks:          0 read,          0 written
	 1: count	(typeid = 20, len = 8, typmod = -1, byval = f)
	----
	 1: count = "340"	(typeid = 20, len = 8, typmod = -1, byval = f)
	----
backend> LOG:  shutting down
LOG:  database system is shut down
LOG:  database system was shut down at 2024-02-09 19:02:35 EST
LOG:  checkpoint record is at 0/C08178
LOG:  redo record is at 0/C08178; undo record is at 0/0; shutdown TRUE
LOG:  next transaction ID: 40100; next OID: 22147
LOG:  database system is ready

POSTGRES backend interactive interface 
$Revision: 1.375.2.5 $ $Date: 2005/12/14 17:07:00 $

backend> LOG:  QUERY STATISTICS
DETAIL:  ! system usage stats:
	!	0.034669 elapsed 0.005105 user 0.000000 system sec
	!	[0.005105 user 0.004119 sys total]
	!	0/0 [0/56] filesystem blocks in/out
	!	56/58 [104/444] page faults/reclaims, 0 [0] swaps
	!	0 [0] signals rcvd, 0/0 [0/0] messages rcvd/sent
	!	31/2 [80/6] voluntary/involuntary context switches
	! buffer usage stats:
	!	Shared blocks:        224 read,          0 written, buffer hit rate = 23.29%
	!	Local  blocks:          0 read,          0 written, buffer hit rate = 0.00%
	!	Direct blocks:          0 read,          0 written
	 1: count	(typeid = 20, len = 8, typmod = -1, byval = f)
	----
	 1: count = "1794"	(typeid = 20, len = 8, typmod = -1, byval = f)
	----
backend> LOG:  shutting down
LOG:  database system is shut down
LOG:  database system was shut down at 2024-02-09 19:02:35 EST
LOG:  checkpoint record is at 0/C081C0
LOG:  redo record is at 0/C081C0; undo record is at 0/0; shutdown TRUE
LOG:  next transaction ID: 40102; next OID: 22147
LOG:  database system is ready

POSTGRES backend interactive interface 
$Revision: 1.375.2.5 $ $Date: 2005/12/14 17:07:00 $

backend> LOG:  QUERY STATISTICS
DETAIL:  ! system usage stats:
	!	0.035455 elapsed 0.003854 user 0.000000 system sec
	!	[0.008131 user 0.000000 sys total]
	!	0/0 [0/56] filesystem blocks in/out
	!	56/51 [104/438] page faults/reclaims, 0 [0] swaps
	!	0 [0] signals rcvd, 0/0 [0/0] messages rcvd/sent
	!	31/0 [79/2] voluntary/involuntary context switches
	! buffer usage stats:
	!	Shared blocks:        181 read,          0 written, buffer hit rate = 23.31%
	!	Local  blocks:          0 read,          0 written, buffer hit rate = 0.00%
	!	Direct blocks:          0 read,          0 written
	 1: count	(typeid = 20, len = 8, typmod = -1, byval = f)
	----
	 1: count = "729"	(typeid = 20, len = 8, typmod = -1, byval = f)
	----
backend> LOG:  shutting down
LOG:  database system is shut down
LOG:  database system was shut down at 2024-02-09 19:02:35 EST
LOG:  checkpoint record is at 0/C08208
LOG:  redo record is at 0/C08208; undo record is at 0/0; shutdown TRUE
LOG:  next transaction ID: 40104; next OID: 22147
LOG:  database system is ready

POSTGRES backend interactive interface 
$Revision: 1.375.2.5 $ $Date: 2005/12/14 17:07:00 $

backend> LOG:  QUERY STATISTICS
DETAIL:  ! system usage stats:
	!	0.035464 elapsed 0.003074 user 0.001684 system sec
	!	[0.004463 user 0.004463 sys total]
	!	0/0 [0/64] filesystem blocks in/out
	!	56/58 [104/441] page faults/reclaims, 0 [0] swaps
	!	0 [0] signals rcvd, 0/0 [0/0] messages rcvd/sent
	!	31/0 [80/4] voluntary/involuntary context switches
	! buffer usage stats:
	!	Shared blocks:        222 read,          0 written, buffer hit rate = 22.11%
	!	Local  blocks:          0 read,          0 written, buffer hit rate = 0.00%
	!	Direct blocks:          0 read,          0 written
	 1: count	(typeid = 20, len = 8, typmod = -1, byval = f)
	----
	 1: count = "579"	(typeid = 20, len = 8, typmod = -1, byval = f)
	----
backend> LOG:  shutting down
LOG:  database system is shut down
LOG:  database system was shut down at 2024-02-09 19:02:35 EST
LOG:  checkpoint record is at 0/C08250
LOG:  redo record is at 0/C08250; undo record is at 0/0; shutdown TRUE
LOG:  next transaction ID: 40106; next OID: 22147
LOG:  database system is ready

POSTGRES backend interactive interface 
$Revision: 1.375.2.5 $ $Date: 2005/12/14 17:07:00 $

backend> LOG:  QUERY STATISTICS
DETAIL:  ! system usage stats:
	!	0.036752 elapsed 0.000527 user 0.004646 system sec
	!	[0.004646 user 0.004646 sys total]
	!	0/0 [0/56] filesystem blocks in/out
	!	56/60 [104/445] page faults/reclaims, 0 [0] swaps
	!	0 [0] signals rcvd, 0/0 [0/0] messages rcvd/sent
	!	32/2 [81/6] voluntary/involuntary context switches
	! buffer usage stats:
	!	Shared blocks:        224 read,          0 written, buffer hit rate = 23.29%
	!	Local  blocks:          0 read,          0 written, buffer hit rate = 0.00%
	!	Direct blocks:          0 read,          0 written
	 1: count	(typeid = 20, len = 8, typmod = -1, byval = f)
	----
	 1: count = "2479"	(typeid = 20, len = 8, typmod = -1, byval = f)
	----
backend> LOG:  shutting down
LOG:  database system is shut down
LOG:  database system was shut down at 2024-02-09 19:02:35 EST
LOG:  checkpoint record is at 0/C08298
LOG:  redo record is at 0/C08298; undo record is at 0/0; shutdown TRUE
LOG:  next transaction ID: 40108; next OID: 22147
LOG:  database system is ready

POSTGRES backend interactive interface 
$Revision: 1.375.2.5 $ $Date: 2005/12/14 17:07:00 $

backend> LOG:  QUERY STATISTICS
DETAIL:  ! system usage stats:
	!	0.036034 elapsed 0.000610 user 0.004613 system sec
	!	[0.004613 user 0.004613 sys total]
	!	0/0 [0/56] filesystem blocks in/out
	!	56/58 [104/440] page faults/reclaims, 0 [0] swaps
	!	0 [0] signals rcvd, 0/0 [0/0] messages rcvd/sent
	!	31/2 [80/3] voluntary/involuntary context switches
	! buffer usage stats:
	!	Shared blocks:        222 read,          0 written, buffer hit rate = 22.38%
	!	Local  blocks:          0 read,          0 written, buffer hit rate = 0.00%
	!	Direct blocks:          0 read,          0 written
	 1: count	(typeid = 20, len = 8, typmod = -1, byval = f)
	----
	 1: count = "1473"	(typeid = 20, len = 8, typmod = -1, byval = f)
	----
backend> LOG:  shutting down
LOG:  database system is shut down
