LOG:  database system was shut down at 2024-02-09 19:02:52 EST
LOG:  checkpoint record is at 0/C0A4B8
LOG:  redo record is at 0/C0A4B8; undo record is at 0/0; shutdown TRUE
LOG:  next transaction ID: 40350; next OID: 22147
LOG:  database system is ready

POSTGRES backend interactive interface 
$Revision: 1.375.2.5 $ $Date: 2005/12/14 17:07:00 $

backend> LOG:  QUERY STATISTICS
DETAIL:  ! system usage stats:
	!	0.036556 elapsed 0.001937 user 0.000000 system sec
	!	[0.006211 user 0.000000 sys total]
	!	0/0 [0/56] filesystem blocks in/out
	!	72/59 [120/448] page faults/reclaims, 0 [0] swaps
	!	0 [0] signals rcvd, 0/0 [0/0] messages rcvd/sent
	!	35/2 [84/6] voluntary/involuntary context switches
	! buffer usage stats:
	!	Shared blocks:        169 read,          0 written, buffer hit rate = 43.48%
	!	Local  blocks:          0 read,          0 written, buffer hit rate = 0.00%
	!	Direct blocks:          0 read,          0 written
	 1: count	(typeid = 20, len = 8, typmod = -1, byval = f)
	----
	 1: count = "41"	(typeid = 20, len = 8, typmod = -1, byval = f)
	----
backend> LOG:  shutting down
LOG:  database system is shut down
LOG:  database system was shut down at 2024-02-09 19:02:52 EST
LOG:  checkpoint record is at 0/C0A500
LOG:  redo record is at 0/C0A500; undo record is at 0/0; shutdown TRUE
LOG:  next transaction ID: 40352; next OID: 22147
LOG:  database system is ready

POSTGRES backend interactive interface 
$Revision: 1.375.2.5 $ $Date: 2005/12/14 17:07:00 $

backend> LOG:  QUERY STATISTICS
DETAIL:  ! system usage stats:
	!	0.032944 elapsed 0.004067 user 0.000960 system sec
	!	[0.006214 user 0.003107 sys total]
	!	0/0 [0/56] filesystem blocks in/out
	!	72/53 [120/438] page faults/reclaims, 0 [0] swaps
	!	0 [0] signals rcvd, 0/0 [0/0] messages rcvd/sent
	!	29/1 [79/5] voluntary/involuntary context switches
	! buffer usage stats:
	!	Shared blocks:        173 read,          0 written, buffer hit rate = 32.95%
	!	Local  blocks:          0 read,          0 written, buffer hit rate = 0.00%
	!	Direct blocks:          0 read,          0 written
	 1: count	(typeid = 20, len = 8, typmod = -1, byval = f)
	----
	 1: count = "50"	(typeid = 20, len = 8, typmod = -1, byval = f)
	----
backend> LOG:  shutting down
LOG:  database system is shut down
LOG:  database system was shut down at 2024-02-09 19:02:52 EST
LOG:  checkpoint record is at 0/C0A548
LOG:  redo record is at 0/C0A548; undo record is at 0/0; shutdown TRUE
LOG:  next transaction ID: 40354; next OID: 22147
LOG:  database system is ready

POSTGRES backend interactive interface 
$Revision: 1.375.2.5 $ $Date: 2005/12/14 17:07:00 $

backend> LOG:  QUERY STATISTICS
DETAIL:  ! system usage stats:
	!	0.038330 elapsed 0.002170 user 0.000000 system sec
	!	[0.006784 user 0.000000 sys total]
	!	0/0 [0/56] filesystem blocks in/out
	!	72/61 [120/448] page faults/reclaims, 0 [0] swaps
	!	0 [0] signals rcvd, 0/0 [0/0] messages rcvd/sent
	!	35/0 [84/1] voluntary/involuntary context switches
	! buffer usage stats:
	!	Shared blocks:        176 read,          0 written, buffer hit rate = 50.84%
	!	Local  blocks:          0 read,          0 written, buffer hit rate = 0.00%
	!	Direct blocks:          0 read,          0 written
	 1: count	(typeid = 20, len = 8, typmod = -1, byval = f)
	----
	 1: count = "99"	(typeid = 20, len = 8, typmod = -1, byval = f)
	----
backend> LOG:  shutting down
LOG:  database system is shut down
LOG:  database system was shut down at 2024-02-09 19:02:52 EST
LOG:  checkpoint record is at 0/C0A590
LOG:  redo record is at 0/C0A590; undo record is at 0/0; shutdown TRUE
LOG:  next transaction ID: 40356; next OID: 22147
LOG:  database system is ready

POSTGRES backend interactive interface 
$Revision: 1.375.2.5 $ $Date: 2005/12/14 17:07:00 $

backend> LOG:  QUERY STATISTICS
DETAIL:  ! system usage stats:
	!	0.036967 elapsed 0.000000 user 0.002594 system sec
	!	[0.000000 user 0.006765 sys total]
	!	0/0 [0/56] filesystem blocks in/out
	!	72/59 [120/447] page faults/reclaims, 0 [0] swaps
	!	0 [0] signals rcvd, 0/0 [0/0] messages rcvd/sent
	!	35/2 [84/4] voluntary/involuntary context switches
	! buffer usage stats:
	!	Shared blocks:        178 read,          0 written, buffer hit rate = 85.88%
	!	Local  blocks:          0 read,          0 written, buffer hit rate = 0.00%
	!	Direct blocks:          0 read,          0 written
	 1: count	(typeid = 20, len = 8, typmod = -1, byval = f)
	----
	 1: count = "1000"	(typeid = 20, len = 8, typmod = -1, byval = f)
	----
backend> LOG:  shutting down
LOG:  database system is shut down
LOG:  database system was shut down at 2024-02-09 19:02:52 EST
LOG:  checkpoint record is at 0/C0A5D8
LOG:  redo record is at 0/C0A5D8; undo record is at 0/0; shutdown TRUE
LOG:  next transaction ID: 40358; next OID: 22147
LOG:  database system is ready

POSTGRES backend interactive interface 
$Revision: 1.375.2.5 $ $Date: 2005/12/14 17:07:00 $

backend> LOG:  QUERY STATISTICS
DETAIL:  ! system usage stats:
	!	0.037042 elapsed 0.005392 user 0.000000 system sec
	!	[0.009516 user 0.000000 sys total]
	!	0/0 [0/56] filesystem blocks in/out
	!	72/52 [120/438] page faults/reclaims, 0 [0] swaps
	!	0 [0] signals rcvd, 0/0 [0/0] messages rcvd/sent
	!	29/6 [78/8] voluntary/involuntary context switches
	! buffer usage stats:
	!	Shared blocks:        173 read,          0 written, buffer hit rate = 32.95%
	!	Local  blocks:          0 read,          0 written, buffer hit rate = 0.00%
	!	Direct blocks:          0 read,          0 written
	 1: count	(typeid = 20, len = 8, typmod = -1, byval = f)
	----
	 1: count = "2500"	(typeid = 20, len = 8, typmod = -1, byval = f)
	----
backend> LOG:  shutting down
LOG:  database system is shut down
LOG:  database system was shut down at 2024-02-09 19:02:52 EST
LOG:  checkpoint record is at 0/C0A620
LOG:  redo record is at 0/C0A620; undo record is at 0/0; shutdown TRUE
LOG:  next transaction ID: 40360; next OID: 22147
LOG:  database system is ready

POSTGRES backend interactive interface 
$Revision: 1.375.2.5 $ $Date: 2005/12/14 17:07:00 $

backend> LOG:  QUERY STATISTICS
DETAIL:  ! system usage stats:
	!	0.038279 elapsed 0.003428 user 0.002028 system sec
	!	[0.004828 user 0.004828 sys total]
	!	0/0 [0/56] filesystem blocks in/out
	!	72/57 [120/441] page faults/reclaims, 0 [0] swaps
	!	0 [0] signals rcvd, 0/0 [0/0] messages rcvd/sent
	!	33/2 [82/2] voluntary/involuntary context switches
	! buffer usage stats:
	!	Shared blocks:        202 read,          0 written, buffer hit rate = 29.86%
	!	Local  blocks:          0 read,          0 written, buffer hit rate = 0.00%
	!	Direct blocks:          0 read,          0 written
	 1: count	(typeid = 20, len = 8, typmod = -1, byval = f)
	----
	 1: count = "999"	(typeid = 20, len = 8, typmod = -1, byval = f)
	----
backend> LOG:  shutting down
LOG:  database system is shut down
LOG:  database system was shut down at 2024-02-09 19:02:53 EST
LOG:  checkpoint record is at 0/C0A668
LOG:  redo record is at 0/C0A668; undo record is at 0/0; shutdown TRUE
LOG:  next transaction ID: 40362; next OID: 22147
LOG:  database system is ready

POSTGRES backend interactive interface 
$Revision: 1.375.2.5 $ $Date: 2005/12/14 17:07:00 $

backend> LOG:  QUERY STATISTICS
DETAIL:  ! system usage stats:
	!	0.038415 elapsed 0.000079 user 0.002105 system sec
	!	[0.004210 user 0.002105 sys total]
	!	0/0 [0/56] filesystem blocks in/out
	!	72/58 [120/445] page faults/reclaims, 0 [0] swaps
	!	0 [0] signals rcvd, 0/0 [0/0] messages rcvd/sent
	!	35/0 [84/3] voluntary/involuntary context switches
	! buffer usage stats:
	!	Shared blocks:        172 read,          0 written, buffer hit rate = 69.29%
	!	Local  blocks:          0 read,          0 written, buffer hit rate = 0.00%
	!	Direct blocks:          0 read,          0 written
	 1: count	(typeid = 20, len = 8, typmod = -1, byval = f)
	----
	 1: count = "301"	(typeid = 20, len = 8, typmod = -1, byval = f)
	----
backend> LOG:  shutting down
LOG:  database system is shut down
LOG:  database system was shut down at 2024-02-09 19:02:53 EST
LOG:  checkpoint record is at 0/C0A6B0
LOG:  redo record is at 0/C0A6B0; undo record is at 0/0; shutdown TRUE
LOG:  next transaction ID: 40364; next OID: 22147
LOG:  database system is ready

POSTGRES backend interactive interface 
$Revision: 1.375.2.5 $ $Date: 2005/12/14 17:07:00 $

backend> LOG:  QUERY STATISTICS
DETAIL:  ! system usage stats:
	!	0.036594 elapsed 0.001984 user 0.000000 system sec
	!	[0.006005 user 0.000000 sys total]
	!	0/0 [0/64] filesystem blocks in/out
	!	72/59 [120/449] page faults/reclaims, 0 [0] swaps
	!	0 [0] signals rcvd, 0/0 [0/0] messages rcvd/sent
	!	35/0 [85/5] voluntary/involuntary context switches
	! buffer usage stats:
	!	Shared blocks:        170 read,          0 written, buffer hit rate = 52.65%
	!	Local  blocks:          0 read,          0 written, buffer hit rate = 0.00%
	!	Direct blocks:          0 read,          0 written
	 1: count	(typeid = 20, len = 8, typmod = -1, byval = f)
	----
	 1: count = "101"	(typeid = 20, len = 8, typmod = -1, byval = f)
	----
backend> LOG:  shutting down
LOG:  database system is shut down
LOG:  database system was shut down at 2024-02-09 19:02:53 EST
LOG:  checkpoint record is at 0/C0A6F8
LOG:  redo record is at 0/C0A6F8; undo record is at 0/0; shutdown TRUE
LOG:  next transaction ID: 40366; next OID: 22147
LOG:  database system is ready

POSTGRES backend interactive interface 
$Revision: 1.375.2.5 $ $Date: 2005/12/14 17:07:00 $

backend> LOG:  QUERY STATISTICS
DETAIL:  ! system usage stats:
	!	0.038593 elapsed 0.002158 user 0.000000 system sec
	!	[0.002158 user 0.004026 sys total]
	!	0/0 [0/56] filesystem blocks in/out
	!	72/59 [120/445] page faults/reclaims, 0 [0] swaps
	!	0 [0] signals rcvd, 0/0 [0/0] messages rcvd/sent
	!	35/4 [84/7] voluntary/involuntary context switches
	! buffer usage stats:
	!	Shared blocks:        170 read,          0 written, buffer hit rate = 52.65%
	!	Local  blocks:          0 read,          0 written, buffer hit rate = 0.00%
	!	Direct blocks:          0 read,          0 written
	 1: count	(typeid = 20, len = 8, typmod = -1, byval = f)
	----
	 1: count = "101"	(typeid = 20, len = 8, typmod = -1, byval = f)
	----
backend> LOG:  shutting down
LOG:  database system is shut down
LOG:  database system was shut down at 2024-02-09 19:02:53 EST
LOG:  checkpoint record is at 0/C0A740
LOG:  redo record is at 0/C0A740; undo record is at 0/0; shutdown TRUE
LOG:  next transaction ID: 40368; next OID: 22147
LOG:  database system is ready

POSTGRES backend interactive interface 
$Revision: 1.375.2.5 $ $Date: 2005/12/14 17:07:00 $

backend> LOG:  QUERY STATISTICS
DETAIL:  ! system usage stats:
	!	0.035842 elapsed 0.002111 user 0.000060 system sec
	!	[0.002111 user 0.004222 sys total]
	!	0/0 [0/56] filesystem blocks in/out
	!	72/59 [120/448] page faults/reclaims, 0 [0] swaps
	!	0 [0] signals rcvd, 0/0 [0/0] messages rcvd/sent
	!	36/0 [85/4] voluntary/involuntary context switches
	! buffer usage stats:
	!	Shared blocks:        170 read,          0 written, buffer hit rate = 41.38%
	!	Local  blocks:          0 read,          0 written, buffer hit rate = 0.00%
	!	Direct blocks:          0 read,          0 written
	 1: count	(typeid = 20, len = 8, typmod = -1, byval = f)
	----
	 1: count = "31"	(typeid = 20, len = 8, typmod = -1, byval = f)
	----
backend> LOG:  shutting down
LOG:  database system is shut down
