LOG:  database system was shut down at 2024-02-09 19:02:38 EST
LOG:  checkpoint record is at 0/C08880
LOG:  redo record is at 0/C08880; undo record is at 0/0; shutdown TRUE
LOG:  next transaction ID: 40150; next OID: 22147
LOG:  database system is ready

POSTGRES backend interactive interface 
$Revision: 1.375.2.5 $ $Date: 2005/12/14 17:07:00 $

backend> LOG:  QUERY STATISTICS
DETAIL:  ! system usage stats:
	!	0.034086 elapsed 0.001220 user 0.002735 system sec
	!	[0.005471 user 0.002735 sys total]
	!	0/0 [0/56] filesystem blocks in/out
	!	79/50 [126/436] page faults/reclaims, 0 [0] swaps
	!	0 [0] signals rcvd, 0/0 [0/0] messages rcvd/sent
	!	31/2 [80/5] voluntary/involuntary context switches
	! buffer usage stats:
	!	Shared blocks:        157 read,          0 written, buffer hit rate = 33.47%
	!	Local  blocks:          0 read,          0 written, buffer hit rate = 0.00%
	!	Direct blocks:          0 read,          0 written
	 1: count	(typeid = 20, len = 8, typmod = -1, byval = f)
	----
	 1: count = "2175"	(typeid = 20, len = 8, typmod = -1, byval = f)
	----
backend> LOG:  shutting down
LOG:  database system is shut down
LOG:  database system was shut down at 2024-02-09 19:02:38 EST
LOG:  checkpoint record is at 0/C088C8
LOG:  redo record is at 0/C088C8; undo record is at 0/0; shutdown TRUE
LOG:  next transaction ID: 40152; next OID: 22147
LOG:  database system is ready

POSTGRES backend interactive interface 
$Revision: 1.375.2.5 $ $Date: 2005/12/14 17:07:00 $

backend> LOG:  QUERY STATISTICS
DETAIL:  ! system usage stats:
	!	0.033576 elapsed 0.000141 user 0.004471 system sec
	!	[0.004471 user 0.004471 sys total]
	!	0/0 [0/56] filesystem blocks in/out
	!	87/52 [134/439] page faults/reclaims, 0 [0] swaps
	!	0 [0] signals rcvd, 0/0 [0/0] messages rcvd/sent
	!	29/4 [78/13] voluntary/involuntary context switches
	! buffer usage stats:
	!	Shared blocks:        163 read,          0 written, buffer hit rate = 37.79%
	!	Local  blocks:          0 read,          0 written, buffer hit rate = 0.00%
	!	Direct blocks:          0 read,          0 written
	 1: count	(typeid = 20, len = 8, typmod = -1, byval = f)
	----
	 1: count = "1051"	(typeid = 20, len = 8, typmod = -1, byval = f)
	----
backend> LOG:  shutting down
LOG:  database system is shut down
LOG:  database system was shut down at 2024-02-09 19:02:38 EST
LOG:  checkpoint record is at 0/C08910
LOG:  redo record is at 0/C08910; undo record is at 0/0; shutdown TRUE
LOG:  next transaction ID: 40154; next OID: 22147
LOG:  database system is ready

POSTGRES backend interactive interface 
$Revision: 1.375.2.5 $ $Date: 2005/12/14 17:07:00 $

backend> LOG:  QUERY STATISTICS
DETAIL:  ! system usage stats:
	!	0.036737 elapsed 0.005225 user 0.000000 system sec
	!	[0.009411 user 0.000000 sys total]
	!	0/0 [0/56] filesystem blocks in/out
	!	83/57 [130/444] page faults/reclaims, 0 [0] swaps
	!	0 [0] signals rcvd, 0/0 [0/0] messages rcvd/sent
	!	31/4 [80/5] voluntary/involuntary context switches
	! buffer usage stats:
	!	Shared blocks:        169 read,          0 written, buffer hit rate = 40.70%
	!	Local  blocks:          0 read,          0 written, buffer hit rate = 0.00%
	!	Direct blocks:          0 read,          0 written
	 1: count	(typeid = 20, len = 8, typmod = -1, byval = f)
	----
	 1: count = "541"	(typeid = 20, len = 8, typmod = -1, byval = f)
	----
backend> LOG:  shutting down
LOG:  database system is shut down
LOG:  database system was shut down at 2024-02-09 19:02:38 EST
LOG:  checkpoint record is at 0/C08958
LOG:  redo record is at 0/C08958; undo record is at 0/0; shutdown TRUE
LOG:  next transaction ID: 40156; next OID: 22147
LOG:  database system is ready

POSTGRES backend interactive interface 
$Revision: 1.375.2.5 $ $Date: 2005/12/14 17:07:00 $

backend> LOG:  QUERY STATISTICS
DETAIL:  ! system usage stats:
	!	0.037019 elapsed 0.002358 user 0.002989 system sec
	!	[0.002358 user 0.007075 sys total]
	!	0/0 [0/56] filesystem blocks in/out
	!	81/58 [128/444] page faults/reclaims, 0 [0] swaps
	!	0 [0] signals rcvd, 0/0 [0/0] messages rcvd/sent
	!	31/0 [80/3] voluntary/involuntary context switches
	! buffer usage stats:
	!	Shared blocks:        175 read,          0 written, buffer hit rate = 41.28%
	!	Local  blocks:          0 read,          0 written, buffer hit rate = 0.00%
	!	Direct blocks:          0 read,          0 written
	 1: count	(typeid = 20, len = 8, typmod = -1, byval = f)
	----
	 1: count = "1326"	(typeid = 20, len = 8, typmod = -1, byval = f)
	----
backend> LOG:  shutting down
LOG:  database system is shut down
LOG:  database system was shut down at 2024-02-09 19:02:39 EST
LOG:  checkpoint record is at 0/C089A0
LOG:  redo record is at 0/C089A0; undo record is at 0/0; shutdown TRUE
LOG:  next transaction ID: 40158; next OID: 22147
LOG:  database system is ready

POSTGRES backend interactive interface 
$Revision: 1.375.2.5 $ $Date: 2005/12/14 17:07:00 $

backend> LOG:  QUERY STATISTICS
DETAIL:  ! system usage stats:
	!	0.035680 elapsed 0.005885 user 0.000000 system sec
	!	[0.010207 user 0.000000 sys total]
	!	0/0 [0/56] filesystem blocks in/out
	!	87/57 [134/440] page faults/reclaims, 0 [0] swaps
	!	0 [0] signals rcvd, 0/0 [0/0] messages rcvd/sent
	!	29/1 [78/3] voluntary/involuntary context switches
	! buffer usage stats:
	!	Shared blocks:        163 read,          0 written, buffer hit rate = 38.72%
	!	Local  blocks:          0 read,          0 written, buffer hit rate = 0.00%
	!	Direct blocks:          0 read,          0 written
	 1: count	(typeid = 20, len = 8, typmod = -1, byval = f)
	----
	 1: count = "340"	(typeid = 20, len = 8, typmod = -1, byval = f)
	----
backend> LOG:  shutting down
LOG:  database system is shut down
LOG:  database system was shut down at 2024-02-09 19:02:39 EST
LOG:  checkpoint record is at 0/C089E8
LOG:  redo record is at 0/C089E8; undo record is at 0/0; shutdown TRUE
LOG:  next transaction ID: 40160; next OID: 22147
LOG:  database system is ready

POSTGRES backend interactive interface 
$Revision: 1.375.2.5 $ $Date: 2005/12/14 17:07:00 $

backend> LOG:  QUERY STATISTICS
DETAIL:  ! system usage stats:
	!	0.040366 elapsed 0.003016 user 0.001872 system sec
	!	[0.003016 user 0.006032 sys total]
	!	0/0 [8/56] filesystem blocks in/out
	!	79/57 [126/442] page faults/reclaims, 0 [0] swaps
	!	0 [0] signals rcvd, 0/0 [0/0] messages rcvd/sent
	!	31/2 [81/2] voluntary/involuntary context switches
	! buffer usage stats:
	!	Shared blocks:        179 read,          0 written, buffer hit rate = 38.70%
	!	Local  blocks:          0 read,          0 written, buffer hit rate = 0.00%
	!	Direct blocks:          0 read,          0 written
	 1: count	(typeid = 20, len = 8, typmod = -1, byval = f)
	----
	 1: count = "1794"	(typeid = 20, len = 8, typmod = -1, byval = f)
	----
backend> LOG:  shutting down
LOG:  database system is shut down
LOG:  database system was shut down at 2024-02-09 19:02:39 EST
LOG:  checkpoint record is at 0/C08A30
LOG:  redo record is at 0/C08A30; undo record is at 0/0; shutdown TRUE
LOG:  next transaction ID: 40162; next OID: 22147
LOG:  database system is ready

POSTGRES backend interactive interface 
$Revision: 1.375.2.5 $ $Date: 2005/12/14 17:07:00 $

backend> LOG:  QUERY STATISTICS
DETAIL:  ! system usage stats:
	!	0.035014 elapsed 0.003880 user 0.000000 system sec
	!	[0.008116 user 0.000000 sys total]
	!	0/0 [0/56] filesystem blocks in/out
	!	81/51 [128/438] page faults/reclaims, 0 [0] swaps
	!	0 [0] signals rcvd, 0/0 [0/0] messages rcvd/sent
	!	32/1 [81/5] voluntary/involuntary context switches
	! buffer usage stats:
	!	Shared blocks:        153 read,          0 written, buffer hit rate = 35.17%
	!	Local  blocks:          0 read,          0 written, buffer hit rate = 0.00%
	!	Direct blocks:          0 read,          0 written
	 1: count	(typeid = 20, len = 8, typmod = -1, byval = f)
	----
	 1: count = "729"	(typeid = 20, len = 8, typmod = -1, byval = f)
	----
backend> LOG:  shutting down
LOG:  database system is shut down
LOG:  database system was shut down at 2024-02-09 19:02:39 EST
LOG:  checkpoint record is at 0/C08A78
LOG:  redo record is at 0/C08A78; undo record is at 0/0; shutdown TRUE
LOG:  next transaction ID: 40164; next OID: 22147
LOG:  database system is ready

POSTGRES backend interactive interface 
$Revision: 1.375.2.5 $ $Date: 2005/12/14 17:07:00 $

backend> LOG:  QUERY STATISTICS
DETAIL:  ! system usage stats:
	!	0.036541 elapsed 0.000346 user 0.004322 system sec
	!	[0.004322 user 0.004322 sys total]
	!	0/0 [0/64] filesystem blocks in/out
	!	83/60 [130/445] page faults/reclaims, 0 [0] swaps
	!	0 [0] signals rcvd, 0/0 [0/0] messages rcvd/sent
	!	31/7 [80/9] voluntary/involuntary context switches
	! buffer usage stats:
	!	Shared blocks:        169 read,          0 written, buffer hit rate = 40.70%
	!	Local  blocks:          0 read,          0 written, buffer hit rate = 0.00%
	!	Direct blocks:          0 read,          0 written
	 1: count	(typeid = 20, len = 8, typmod = -1, byval = f)
	----
	 1: count = "579"	(typeid = 20, len = 8, typmod = -1, byval = f)
	----
backend> LOG:  shutting down
LOG:  database system is shut down
LOG:  database system was shut down at 2024-02-09 19:02:39 EST
LOG:  checkpoint record is at 0/C08AC0
LOG:  redo record is at 0/C08AC0; undo record is at 0/0; shutdown TRUE
LOG:  next transaction ID: 40166; next OID: 22147
LOG:  database system is ready

POSTGRES backend interactive interface 
$Revision: 1.375.2.5 $ $Date: 2005/12/14 17:07:00 $

backend> LOG:  QUERY STATISTICS
DETAIL:  ! system usage stats:
	!	0.035319 elapsed 0.004590 user 0.000522 system sec
	!	[0.004590 user 0.004590 sys total]
	!	0/0 [0/56] filesystem blocks in/out
	!	79/57 [126/443] page faults/reclaims, 0 [0] swaps
	!	0 [0] signals rcvd, 0/0 [0/0] messages rcvd/sent
	!	32/1 [81/2] voluntary/involuntary context switches
	! buffer usage stats:
	!	Shared blocks:        179 read,          0 written, buffer hit rate = 38.70%
	!	Local  blocks:          0 read,          0 written, buffer hit rate = 0.00%
	!	Direct blocks:          0 read,          0 written
	 1: count	(typeid = 20, len = 8, typmod = -1, byval = f)
	----
	 1: count = "2479"	(typeid = 20, len = 8, typmod = -1, byval = f)
	----
backend> LOG:  shutting down
LOG:  database system is shut down
LOG:  database system was shut down at 2024-02-09 19:02:39 EST
LOG:  checkpoint record is at 0/C08B08
LOG:  redo record is at 0/C08B08; undo record is at 0/0; shutdown TRUE
LOG:  next transaction ID: 40168; next OID: 22147
LOG:  database system is ready

POSTGRES backend interactive interface 
$Revision: 1.375.2.5 $ $Date: 2005/12/14 17:07:00 $

backend> LOG:  QUERY STATISTICS
DETAIL:  ! system usage stats:
	!	0.035596 elapsed 0.005081 user 0.000000 system sec
	!	[0.009283 user 0.000000 sys total]
	!	0/0 [0/56] filesystem blocks in/out
	!	79/60 [126/446] page faults/reclaims, 0 [0] swaps
	!	0 [0] signals rcvd, 0/0 [0/0] messages rcvd/sent
	!	32/1 [81/3] voluntary/involuntary context switches
	! buffer usage stats:
	!	Shared blocks:        177 read,          0 written, buffer hit rate = 38.11%
	!	Local  blocks:          0 read,          0 written, buffer hit rate = 0.00%
	!	Direct blocks:          0 read,          0 written
	 1: count	(typeid = 20, len = 8, typmod = -1, byval = f)
	----
	 1: count = "1473"	(typeid = 20, len = 8, typmod = -1, byval = f)
	----
backend> LOG:  shutting down
LOG:  database system is shut down
