LOG:  database system was shut down at 2024-02-09 19:03:04 EST
LOG:  checkpoint record is at 0/C0BB38
LOG:  redo record is at 0/C0BB38; undo record is at 0/0; shutdown TRUE
LOG:  next transaction ID: 40510; next OID: 22147
LOG:  database system is ready

POSTGRES backend interactive interface 
$Revision: 1.375.2.5 $ $Date: 2005/12/14 17:07:00 $

backend> LOG:  QUERY STATISTICS
DETAIL:  ! system usage stats:
	!	0.036681 elapsed 0.004236 user 0.000000 system sec
	!	[0.004236 user 0.004233 sys total]
	!	0/0 [0/56] filesystem blocks in/out
	!	18/52 [65/437] page faults/reclaims, 0 [0] swaps
	!	0 [0] signals rcvd, 0/0 [0/0] messages rcvd/sent
	!	31/5 [84/12] voluntary/involuntary context switches
	! buffer usage stats:
	!	Shared blocks:        203 read,          0 written, buffer hit rate = 13.98%
	!	Local  blocks:          0 read,          0 written, buffer hit rate = 0.00%
	!	Direct blocks:          0 read,          0 written
	 1: count	(typeid = 20, len = 8, typmod = -1, byval = f)
	----
	 1: count = "2175"	(typeid = 20, len = 8, typmod = -1, byval = f)
	----
backend> LOG:  QUERY STATISTICS
DETAIL:  ! system usage stats:
	!	0.004035 elapsed 0.003951 user 0.000000 system sec
	!	[0.008228 user 0.004233 sys total]
	!	0/0 [0/64] filesystem blocks in/out
	!	0/10 [65/447] page faults/reclaims, 0 [0] swaps
	!	0 [0] signals rcvd, 0/0 [0/0] messages rcvd/sent
	!	0/3 [84/15] voluntary/involuntary context switches
	! buffer usage stats:
	!	Shared blocks:         87 read,          0 written, buffer hit rate = 23.68%
	!	Local  blocks:          0 read,          0 written, buffer hit rate = 0.00%
	!	Direct blocks:          0 read,          0 written
	 1: count	(typeid = 20, len = 8, typmod = -1, byval = f)
	----
	 1: count = "1051"	(typeid = 20, len = 8, typmod = -1, byval = f)
	----
backend> LOG:  QUERY STATISTICS
DETAIL:  ! system usage stats:
	!	0.003620 elapsed 0.003578 user 0.000000 system sec
	!	[0.011833 user 0.004233 sys total]
	!	0/0 [0/72] filesystem blocks in/out
	!	0/13 [65/461] page faults/reclaims, 0 [0] swaps
	!	0 [0] signals rcvd, 0/0 [0/0] messages rcvd/sent
	!	0/2 [84/17] voluntary/involuntary context switches
	! buffer usage stats:
	!	Shared blocks:        112 read,          0 written, buffer hit rate = 18.25%
	!	Local  blocks:          0 read,          0 written, buffer hit rate = 0.00%
	!	Direct blocks:          0 read,          0 written
	 1: count	(typeid = 20, len = 8, typmod = -1, byval = f)
	----
	 1: count = "541"	(typeid = 20, len = 8, typmod = -1, byval = f)
	----
backend> LOG:  QUERY STATISTICS
DETAIL:  ! system usage stats:
	!	0.003992 elapsed 0.003911 user 0.000000 system sec
	!	[0.015767 user 0.004233 sys total]
	!	0/0 [0/80] filesystem blocks in/out
	!	0/6 [65/467] page faults/reclaims, 0 [0] swaps
	!	0 [0] signals rcvd, 0/0 [0/0] messages rcvd/sent
	!	0/4 [84/21] voluntary/involuntary context switches
	! buffer usage stats:
	!	Shared blocks:         69 read,          0 written, buffer hit rate = 17.86%
	!	Local  blocks:          0 read,          0 written, buffer hit rate = 0.00%
	!	Direct blocks:          0 read,          0 written
	 1: count	(typeid = 20, len = 8, typmod = -1, byval = f)
	----
	 1: count = "1326"	(typeid = 20, len = 8, typmod = -1, byval = f)
	----
backend> LOG:  QUERY STATISTICS
DETAIL:  ! system usage stats:
	!	0.004498 elapsed 0.004379 user 0.000000 system sec
	!	[0.020171 user 0.004233 sys total]
	!	0/0 [0/88] filesystem blocks in/out
	!	0/2 [65/469] page faults/reclaims, 0 [0] swaps
	!	0 [0] signals rcvd, 0/0 [0/0] messages rcvd/sent
	!	0/6 [85/27] voluntary/involuntary context switches
	! buffer usage stats:
	!	Shared blocks:         32 read,          0 written, buffer hit rate = 0.00%
	!	Local  blocks:          0 read,          0 written, buffer hit rate = 0.00%
	!	Direct blocks:          0 read,          0 written
	 1: count	(typeid = 20, len = 8, typmod = -1, byval = f)
	----
	 1: count = "340"	(typeid = 20, len = 8, typmod = -1, byval = f)
	----
backend> LOG:  QUERY STATISTICS
DETAIL:  ! system usage stats:
	!	0.003368 elapsed 0.003330 user 0.000000 system sec
	!	[0.023521 user 0.004233 sys total]
	!	0/0 [0/96] filesystem blocks in/out
	!	0/0 [65/469] page faults/reclaims, 0 [0] swaps
	!	0 [0] signals rcvd, 0/0 [0/0] messages rcvd/sent
	!	0/2 [85/29] voluntary/involuntary context switches
	! buffer usage stats:
	!	Shared blocks:         32 read,          0 written, buffer hit rate = 0.00%
	!	Local  blocks:          0 read,          0 written, buffer hit rate = 0.00%
	!	Direct blocks:          0 read,          0 written
	 1: count	(typeid = 20, len = 8, typmod = -1, byval = f)
	----
	 1: count = "1794"	(typeid = 20, len = 8, typmod = -1, byval = f)
	----
backend> LOG:  QUERY STATISTICS
DETAIL:  ! system usage stats:
	!	0.002553 elapsed 0.002456 user 0.000000 system sec
	!	[0.026000 user 0.004233 sys total]
	!	0/0 [0/112] filesystem blocks in/out
	!	0/0 [65/469] page faults/reclaims, 0 [0] swaps
	!	0 [0] signals rcvd, 0/0 [0/0] messages rcvd/sent
	!	0/3 [85/32] voluntary/involuntary context switches
	! buffer usage stats:
	!	Shared blocks:         32 read,          0 written, buffer hit rate = 0.00%
	!	Local  blocks:          0 read,          0 written, buffer hit rate = 0.00%
	!	Direct blocks:          0 read,          0 written
	 1: count	(typeid = 20, len = 8, typmod = -1, byval = f)
	----
	 1: count = "729"	(typeid = 20, len = 8, typmod = -1, byval = f)
	----
backend> LOG:  QUERY STATISTICS
DETAIL:  ! system usage stats:
	!	0.003111 elapsed 0.003015 user 0.000000 system sec
	!	[0.029037 user 0.004233 sys total]
	!	0/0 [0/120] filesystem blocks in/out
	!	0/0 [65/469] page faults/reclaims, 0 [0] swaps
	!	0 [0] signals rcvd, 0/0 [0/0] messages rcvd/sent
	!	0/4 [86/36] voluntary/involuntary context switches
	! buffer usage stats:
	!	Shared blocks:         32 read,          0 written, buffer hit rate = 0.00%
	!	Local  blocks:          0 read,          0 written, buffer hit rate = 0.00%
	!	Direct blocks:          0 read,          0 written
	 1: count	(typeid = 20, len = 8, typmod = -1, byval = f)
	----
	 1: count = "579"	(typeid = 20, len = 8, typmod = -1, byval = f)
	----
backend> LOG:  QUERY STATISTICS
DETAIL:  ! system usage stats:
	!	0.003524 elapsed 0.003471 user 0.000000 system sec
	!	[0.032526 user 0.004233 sys total]
	!	0/0 [0/128] filesystem blocks in/out
	!	0/0 [65/469] page faults/reclaims, 0 [0] swaps
	!	0 [0] signals rcvd, 0/0 [0/0] messages rcvd/sent
	!	0/3 [86/39] voluntary/involuntary context switches
	! buffer usage stats:
	!	Shared blocks:         32 read,          0 written, buffer hit rate = 0.00%
	!	Local  blocks:          0 read,          0 written, buffer hit rate = 0.00%
	!	Direct blocks:          0 read,          0 written
	 1: count	(typeid = 20, len = 8, typmod = -1, byval = f)
	----
	 1: count = "2479"	(typeid = 20, len = 8, typmod = -1, byval = f)
	----
backend> LOG:  QUERY STATISTICS
DETAIL:  ! system usage stats:
	!	0.003415 elapsed 0.003262 user 0.000000 system sec
	!	[0.035810 user 0.004233 sys total]
	!	0/0 [0/136] filesystem blocks in/out
	!	0/0 [65/469] page faults/reclaims, 0 [0] swaps
	!	0 [0] signals rcvd, 0/0 [0/0] messages rcvd/sent
	!	0/4 [86/43] voluntary/involuntary context switches
	! buffer usage stats:
	!	Shared blocks:         32 read,          0 written, buffer hit rate = 0.00%
	!	Local  blocks:          0 read,          0 written, buffer hit rate = 0.00%
	!	Direct blocks:          0 read,          0 written
	 1: count	(typeid = 20, len = 8, typmod = -1, byval = f)
	----
	 1: count = "1473"	(typeid = 20, len = 8, typmod = -1, byval = f)
	----
backend> LOG:  shutting down
LOG:  database system is shut down
