LOG:  database system was shut down at 2024-02-09 19:03:06 EST
LOG:  checkpoint record is at 0/C0BEE0
LOG:  redo record is at 0/C0BEE0; undo record is at 0/0; shutdown TRUE
LOG:  next transaction ID: 40653; next OID: 22147
LOG:  database system is ready

POSTGRES backend interactive interface 
$Revision: 1.375.2.5 $ $Date: 2005/12/14 17:07:00 $

backend> LOG:  QUERY STATISTICS
DETAIL:  ! system usage stats:
	!	0.039002 elapsed 0.000000 user 0.001873 system sec
	!	[0.000000 user 0.006160 sys total]
	!	0/0 [0/56] filesystem blocks in/out
	!	142/64 [194/454] page faults/reclaims, 0 [0] swaps
	!	0 [0] signals rcvd, 0/0 [0/0] messages rcvd/sent
	!	36/1 [87/6] voluntary/involuntary context switches
	! buffer usage stats:
	!	Shared blocks:         86 read,          0 written, buffer hit rate = 71.24%
	!	Local  blocks:          0 read,          0 written, buffer hit rate = 0.00%
	!	Direct blocks:          0 read,          0 written
	 1: count	(typeid = 20, len = 8, typmod = -1, byval = f)
	----
	 1: count = "41"	(typeid = 20, len = 8, typmod = -1, byval = f)
	----
backend> LOG:  QUERY STATISTICS
DETAIL:  ! system usage stats:
	!	0.003668 elapsed 0.003664 user 0.000000 system sec
	!	[0.003664 user 0.006201 sys total]
	!	0/0 [0/64] filesystem blocks in/out
	!	0/10 [194/464] page faults/reclaims, 0 [0] swaps
	!	0 [0] signals rcvd, 0/0 [0/0] messages rcvd/sent
	!	0/1 [87/7] voluntary/involuntary context switches
	! buffer usage stats:
	!	Shared blocks:         42 read,          0 written, buffer hit rate = 61.82%
	!	Local  blocks:          0 read,          0 written, buffer hit rate = 0.00%
	!	Direct blocks:          0 read,          0 written
	 1: count	(typeid = 20, len = 8, typmod = -1, byval = f)
	----
	 1: count = "50"	(typeid = 20, len = 8, typmod = -1, byval = f)
	----
backend> LOG:  QUERY STATISTICS
DETAIL:  ! system usage stats:
	!	0.000393 elapsed 0.000391 user 0.000000 system sec
	!	[0.004083 user 0.006201 sys total]
	!	0/0 [0/72] filesystem blocks in/out
	!	0/12 [194/477] page faults/reclaims, 0 [0] swaps
	!	0 [0] signals rcvd, 0/0 [0/0] messages rcvd/sent
	!	0/1 [87/8] voluntary/involuntary context switches
	! buffer usage stats:
	!	Shared blocks:         18 read,          0 written, buffer hit rate = 91.35%
	!	Local  blocks:          0 read,          0 written, buffer hit rate = 0.00%
	!	Direct blocks:          0 read,          0 written
	 1: count	(typeid = 20, len = 8, typmod = -1, byval = f)
	----
	 1: count = "99"	(typeid = 20, len = 8, typmod = -1, byval = f)
	----
backend> LOG:  QUERY STATISTICS
DETAIL:  ! system usage stats:
	!	0.000658 elapsed 0.000658 user 0.000000 system sec
	!	[0.004760 user 0.006201 sys total]
	!	0/0 [0/72] filesystem blocks in/out
	!	0/0 [194/477] page faults/reclaims, 0 [0] swaps
	!	0 [0] signals rcvd, 0/0 [0/0] messages rcvd/sent
	!	0/0 [87/8] voluntary/involuntary context switches
	! buffer usage stats:
	!	Shared blocks:         12 read,          0 written, buffer hit rate = 98.81%
	!	Local  blocks:          0 read,          0 written, buffer hit rate = 0.00%
	!	Direct blocks:          0 read,          0 written
	 1: count	(typeid = 20, len = 8, typmod = -1, byval = f)
	----
	 1: count = "1000"	(typeid = 20, len = 8, typmod = -1, byval = f)
	----
backend> LOG:  QUERY STATISTICS
DETAIL:  ! system usage stats:
	!	0.003643 elapsed 0.003643 user 0.000000 system sec
	!	[0.008420 user 0.006201 sys total]
	!	0/0 [0/72] filesystem blocks in/out
	!	0/1 [194/478] page faults/reclaims, 0 [0] swaps
	!	0 [0] signals rcvd, 0/0 [0/0] messages rcvd/sent
	!	0/0 [87/8] voluntary/involuntary context switches
	! buffer usage stats:
	!	Shared blocks:         29 read,          0 written, buffer hit rate = 9.38%
	!	Local  blocks:          0 read,          0 written, buffer hit rate = 0.00%
	!	Direct blocks:          0 read,          0 written
	 1: count	(typeid = 20, len = 8, typmod = -1, byval = f)
	----
	 1: count = "2500"	(typeid = 20, len = 8, typmod = -1, byval = f)
	----
backend> LOG:  QUERY STATISTICS
DETAIL:  ! system usage stats:
	!	0.003275 elapsed 0.003275 user 0.000000 system sec
	!	[0.011720 user 0.006201 sys total]
	!	0/0 [0/80] filesystem blocks in/out
	!	0/0 [194/479] page faults/reclaims, 0 [0] swaps
	!	0 [0] signals rcvd, 0/0 [0/0] messages rcvd/sent
	!	0/0 [88/8] voluntary/involuntary context switches
	! buffer usage stats:
	!	Shared blocks:         29 read,          0 written, buffer hit rate = 9.38%
	!	Local  blocks:          0 read,          0 written, buffer hit rate = 0.00%
	!	Direct blocks:          0 read,          0 written
	 1: count	(typeid = 20, len = 8, typmod = -1, byval = f)
	----
	 1: count = "999"	(typeid = 20, len = 8, typmod = -1, byval = f)
	----
backend> LOG:  QUERY STATISTICS
DETAIL:  ! system usage stats:
	!	0.000266 elapsed 0.000266 user 0.000000 system sec
	!	[0.012008 user 0.006201 sys total]
	!	0/0 [0/88] filesystem blocks in/out
	!	0/2 [194/481] page faults/reclaims, 0 [0] swaps
	!	0 [0] signals rcvd, 0/0 [0/0] messages rcvd/sent
	!	0/0 [88/8] voluntary/involuntary context switches
	! buffer usage stats:
	!	Shared blocks:          6 read,          0 written, buffer hit rate = 98.03%
	!	Local  blocks:          0 read,          0 written, buffer hit rate = 0.00%
	!	Direct blocks:          0 read,          0 written
	 1: count	(typeid = 20, len = 8, typmod = -1, byval = f)
	----
	 1: count = "301"	(typeid = 20, len = 8, typmod = -1, byval = f)
	----
backend> LOG:  QUERY STATISTICS
DETAIL:  ! system usage stats:
	!	0.000140 elapsed 0.000140 user 0.000000 system sec
	!	[0.012164 user 0.006201 sys total]
	!	0/0 [0/88] filesystem blocks in/out
	!	0/0 [194/481] page faults/reclaims, 0 [0] swaps
	!	0 [0] signals rcvd, 0/0 [0/0] messages rcvd/sent
	!	0/0 [88/8] voluntary/involuntary context switches
	! buffer usage stats:
	!	Shared blocks:          5 read,          0 written, buffer hit rate = 95.19%
	!	Local  blocks:          0 read,          0 written, buffer hit rate = 0.00%
	!	Direct blocks:          0 read,          0 written
	 1: count	(typeid = 20, len = 8, typmod = -1, byval = f)
	----
	 1: count = "101"	(typeid = 20, len = 8, typmod = -1, byval = f)
	----
backend> LOG:  QUERY STATISTICS
DETAIL:  ! system usage stats:
	!	0.000143 elapsed 0.000143 user 0.000000 system sec
	!	[0.012323 user 0.006201 sys total]
	!	0/0 [0/88] filesystem blocks in/out
	!	0/0 [194/481] page faults/reclaims, 0 [0] swaps
	!	0 [0] signals rcvd, 0/0 [0/0] messages rcvd/sent
	!	0/0 [88/8] voluntary/involuntary context switches
	! buffer usage stats:
	!	Shared blocks:          5 read,          0 written, buffer hit rate = 95.19%
	!	Local  blocks:          0 read,          0 written, buffer hit rate = 0.00%
	!	Direct blocks:          0 read,          0 written
	 1: count	(typeid = 20, len = 8, typmod = -1, byval = f)
	----
	 1: count = "101"	(typeid = 20, len = 8, typmod = -1, byval = f)
	----
backend> LOG:  QUERY STATISTICS
DETAIL:  ! system usage stats:
	!	0.000149 elapsed 0.000141 user 0.000000 system sec
	!	[0.012490 user 0.006201 sys total]
	!	0/0 [0/96] filesystem blocks in/out
	!	0/0 [194/481] page faults/reclaims, 0 [0] swaps
	!	0 [0] signals rcvd, 0/0 [0/0] messages rcvd/sent
	!	0/1 [89/9] voluntary/involuntary context switches
	! buffer usage stats:
	!	Shared blocks:          4 read,          0 written, buffer hit rate = 88.57%
	!	Local  blocks:          0 read,          0 written, buffer hit rate = 0.00%
	!	Direct blocks:          0 read,          0 written
	 1: count	(typeid = 20, len = 8, typmod = -1, byval = f)
	----
	 1: count = "31"	(typeid = 20, len = 8, typmod = -1, byval = f)
	----
backend> LOG:  shutting down
LOG:  database system is shut down
