LOG:  database system was shut down at 2024-02-09 19:03:06 EST
LOG:  checkpoint record is at 0/C0BE98
LOG:  redo record is at 0/C0BE98; undo record is at 0/0; shutdown TRUE
LOG:  next transaction ID: 40642; next OID: 22147
LOG:  database system is ready

POSTGRES backend interactive interface 
$Revision: 1.375.2.5 $ $Date: 2005/12/14 17:07:00 $

backend> LOG:  QUERY STATISTICS
DETAIL:  ! system usage stats:
	!	0.043130 elapsed 0.002151 user 0.002151 system sec
	!	[0.004390 user 0.004390 sys total]
	!	0/0 [0/56] filesystem blocks in/out
	!	174/53 [226/444] page faults/reclaims, 0 [0] swaps
	!	0 [0] signals rcvd, 0/0 [0/0] messages rcvd/sent
	!	31/4 [82/7] voluntary/involuntary context switches
	! buffer usage stats:
	!	Shared blocks:        109 read,          0 written, buffer hit rate = 53.81%
	!	Local  blocks:          0 read,          0 written, buffer hit rate = 0.00%
	!	Direct blocks:          0 read,          0 written
	 1: count	(typeid = 20, len = 8, typmod = -1, byval = f)
	----
	 1: count = "2175"	(typeid = 20, len = 8, typmod = -1, byval = f)
	----
backend> LOG:  QUERY STATISTICS
DETAIL:  ! system usage stats:
	!	0.003818 elapsed 0.003127 user 0.000614 system sec
	!	[0.007537 user 0.005024 sys total]
	!	0/0 [0/64] filesystem blocks in/out
	!	0/11 [226/455] page faults/reclaims, 0 [0] swaps
	!	0 [0] signals rcvd, 0/0 [0/0] messages rcvd/sent
	!	0/2 [82/9] voluntary/involuntary context switches
	! buffer usage stats:
	!	Shared blocks:         32 read,          0 written, buffer hit rate = 71.93%
	!	Local  blocks:          0 read,          0 written, buffer hit rate = 0.00%
	!	Direct blocks:          0 read,          0 written
	 1: count	(typeid = 20, len = 8, typmod = -1, byval = f)
	----
	 1: count = "1051"	(typeid = 20, len = 8, typmod = -1, byval = f)
	----
backend> LOG:  QUERY STATISTICS
DETAIL:  ! system usage stats:
	!	0.003395 elapsed 0.003046 user 0.000264 system sec
	!	[0.010601 user 0.005300 sys total]
	!	0/0 [0/72] filesystem blocks in/out
	!	0/13 [226/469] page faults/reclaims, 0 [0] swaps
	!	0 [0] signals rcvd, 0/0 [0/0] messages rcvd/sent
	!	0/2 [82/11] voluntary/involuntary context switches
	! buffer usage stats:
	!	Shared blocks:         31 read,          0 written, buffer hit rate = 77.37%
	!	Local  blocks:          0 read,          0 written, buffer hit rate = 0.00%
	!	Direct blocks:          0 read,          0 written
	 1: count	(typeid = 20, len = 8, typmod = -1, byval = f)
	----
	 1: count = "541"	(typeid = 20, len = 8, typmod = -1, byval = f)
	----
backend> LOG:  QUERY STATISTICS
DETAIL:  ! system usage stats:
	!	0.003745 elapsed 0.003270 user 0.000246 system sec
	!	[0.013890 user 0.005556 sys total]
	!	0/0 [0/80] filesystem blocks in/out
	!	0/6 [226/475] page faults/reclaims, 0 [0] swaps
	!	0 [0] signals rcvd, 0/0 [0/0] messages rcvd/sent
	!	0/4 [83/15] voluntary/involuntary context switches
	! buffer usage stats:
	!	Shared blocks:         28 read,          0 written, buffer hit rate = 66.67%
	!	Local  blocks:          0 read,          0 written, buffer hit rate = 0.00%
	!	Direct blocks:          0 read,          0 written
	 1: count	(typeid = 20, len = 8, typmod = -1, byval = f)
	----
	 1: count = "1326"	(typeid = 20, len = 8, typmod = -1, byval = f)
	----
backend> LOG:  QUERY STATISTICS
DETAIL:  ! system usage stats:
	!	0.003698 elapsed 0.003423 user 0.000213 system sec
	!	[0.017336 user 0.005778 sys total]
	!	0/0 [0/88] filesystem blocks in/out
	!	0/2 [226/477] page faults/reclaims, 0 [0] swaps
	!	0 [0] signals rcvd, 0/0 [0/0] messages rcvd/sent
	!	0/3 [84/18] voluntary/involuntary context switches
	! buffer usage stats:
	!	Shared blocks:         23 read,          0 written, buffer hit rate = 28.12%
	!	Local  blocks:          0 read,          0 written, buffer hit rate = 0.00%
	!	Direct blocks:          0 read,          0 written
	 1: count	(typeid = 20, len = 8, typmod = -1, byval = f)
	----
	 1: count = "340"	(typeid = 20, len = 8, typmod = -1, byval = f)
	----
backend> LOG:  QUERY STATISTICS
DETAIL:  ! system usage stats:
	!	0.003635 elapsed 0.002693 user 0.000898 system sec
	!	[0.020050 user 0.006683 sys total]
	!	0/0 [0/96] filesystem blocks in/out
	!	0/0 [226/477] page faults/reclaims, 0 [0] swaps
	!	0 [0] signals rcvd, 0/0 [0/0] messages rcvd/sent
	!	0/3 [85/22] voluntary/involuntary context switches
	! buffer usage stats:
	!	Shared blocks:         25 read,          0 written, buffer hit rate = 21.88%
	!	Local  blocks:          0 read,          0 written, buffer hit rate = 0.00%
	!	Direct blocks:          0 read,          0 written
	 1: count	(typeid = 20, len = 8, typmod = -1, byval = f)
	----
	 1: count = "1794"	(typeid = 20, len = 8, typmod = -1, byval = f)
	----
backend> LOG:  QUERY STATISTICS
DETAIL:  ! system usage stats:
	!	0.002271 elapsed 0.002224 user 0.000000 system sec
	!	[0.022296 user 0.006690 sys total]
	!	0/0 [0/112] filesystem blocks in/out
	!	0/0 [226/477] page faults/reclaims, 0 [0] swaps
	!	0 [0] signals rcvd, 0/0 [0/0] messages rcvd/sent
	!	0/4 [86/26] voluntary/involuntary context switches
	! buffer usage stats:
	!	Shared blocks:         25 read,          0 written, buffer hit rate = 21.88%
	!	Local  blocks:          0 read,          0 written, buffer hit rate = 0.00%
	!	Direct blocks:          0 read,          0 written
	 1: count	(typeid = 20, len = 8, typmod = -1, byval = f)
	----
	 1: count = "729"	(typeid = 20, len = 8, typmod = -1, byval = f)
	----
backend> LOG:  QUERY STATISTICS
DETAIL:  ! system usage stats:
	!	0.002944 elapsed 0.002928 user 0.000000 system sec
	!	[0.025252 user 0.006690 sys total]
	!	0/0 [0/120] filesystem blocks in/out
	!	0/0 [226/477] page faults/reclaims, 0 [0] swaps
	!	0 [0] signals rcvd, 0/0 [0/0] messages rcvd/sent
	!	0/2 [87/29] voluntary/involuntary context switches
	! buffer usage stats:
	!	Shared blocks:         25 read,          0 written, buffer hit rate = 21.88%
	!	Local  blocks:          0 read,          0 written, buffer hit rate = 0.00%
	!	Direct blocks:          0 read,          0 written
	 1: count	(typeid = 20, len = 8, typmod = -1, byval = f)
	----
	 1: count = "579"	(typeid = 20, len = 8, typmod = -1, byval = f)
	----
backend> LOG:  QUERY STATISTICS
DETAIL:  ! system usage stats:
	!	0.003464 elapsed 0.003464 user 0.000000 system sec
	!	[0.028737 user 0.006690 sys total]
	!	0/0 [0/120] filesystem blocks in/out
	!	0/0 [226/477] page faults/reclaims, 0 [0] swaps
	!	0 [0] signals rcvd, 0/0 [0/0] messages rcvd/sent
	!	0/0 [87/29] voluntary/involuntary context switches
	! buffer usage stats:
	!	Shared blocks:         25 read,          0 written, buffer hit rate = 21.88%
	!	Local  blocks:          0 read,          0 written, buffer hit rate = 0.00%
	!	Direct blocks:          0 read,          0 written
	 1: count	(typeid = 20, len = 8, typmod = -1, byval = f)
	----
	 1: count = "2479"	(typeid = 20, len = 8, typmod = -1, byval = f)
	----
backend> LOG:  QUERY STATISTICS
DETAIL:  ! system usage stats:
	!	0.003125 elapsed 0.003121 user 0.000000 system sec
	!	[0.031880 user 0.006690 sys total]
	!	0/0 [0/128] filesystem blocks in/out
	!	0/0 [226/477] page faults/reclaims, 0 [0] swaps
	!	0 [0] signals rcvd, 0/0 [0/0] messages rcvd/sent
	!	0/2 [88/31] voluntary/involuntary context switches
	! buffer usage stats:
	!	Shared blocks:         25 read,          0 written, buffer hit rate = 21.88%
	!	Local  blocks:          0 read,          0 written, buffer hit rate = 0.00%
	!	Direct blocks:          0 read,          0 written
	 1: count	(typeid = 20, len = 8, typmod = -1, byval = f)
	----
	 1: count = "1473"	(typeid = 20, len = 8, typmod = -1, byval = f)
	----
backend> LOG:  shutting down
LOG:  database system is shut down
