LOG:  database system was shut down at 2024-02-09 19:03:04 EST
LOG:  checkpoint record is at 0/C0BC10
LOG:  redo record is at 0/C0BC10; undo record is at 0/0; shutdown TRUE
LOG:  next transaction ID: 40543; next OID: 22147
LOG:  database system is ready

POSTGRES backend interactive interface 
$Revision: 1.375.2.5 $ $Date: 2005/12/14 17:07:00 $

backend> LOG:  QUERY STATISTICS
DETAIL:  ! system usage stats:
	!	0.040962 elapsed 0.000000 user 0.002020 system sec
	!	[0.000000 user 0.006460 sys total]
	!	0/0 [0/56] filesystem blocks in/out
	!	46/59 [93/445] page faults/reclaims, 0 [0] swaps
	!	0 [0] signals rcvd, 0/0 [0/0] messages rcvd/sent
	!	35/0 [87/4] voluntary/involuntary context switches
	! buffer usage stats:
	!	Shared blocks:        200 read,          0 written, buffer hit rate = 33.11%
	!	Local  blocks:          0 read,          0 written, buffer hit rate = 0.00%
	!	Direct blocks:          0 read,          0 written
	 1: count	(typeid = 20, len = 8, typmod = -1, byval = f)
	----
	 1: count = "41"	(typeid = 20, len = 8, typmod = -1, byval = f)
	----
backend> LOG:  QUERY STATISTICS
DETAIL:  ! system usage stats:
	!	0.002788 elapsed 0.002780 user 0.000000 system sec
	!	[0.002780 user 0.006495 sys total]
	!	0/0 [0/64] filesystem blocks in/out
	!	0/10 [93/455] page faults/reclaims, 0 [0] swaps
	!	0 [0] signals rcvd, 0/0 [0/0] messages rcvd/sent
	!	0/1 [87/5] voluntary/involuntary context switches
	! buffer usage stats:
	!	Shared blocks:         74 read,          0 written, buffer hit rate = 32.73%
	!	Local  blocks:          0 read,          0 written, buffer hit rate = 0.00%
	!	Direct blocks:          0 read,          0 written
	 1: count	(typeid = 20, len = 8, typmod = -1, byval = f)
	----
	 1: count = "50"	(typeid = 20, len = 8, typmod = -1, byval = f)
	----
backend> LOG:  QUERY STATISTICS
DETAIL:  ! system usage stats:
	!	0.000523 elapsed 0.000464 user 0.000058 system sec
	!	[0.003276 user 0.006553 sys total]
	!	0/0 [0/72] filesystem blocks in/out
	!	0/12 [93/468] page faults/reclaims, 0 [0] swaps
	!	0 [0] signals rcvd, 0/0 [0/0] messages rcvd/sent
	!	0/0 [88/5] voluntary/involuntary context switches
	! buffer usage stats:
	!	Shared blocks:         75 read,          0 written, buffer hit rate = 63.94%
	!	Local  blocks:          0 read,          0 written, buffer hit rate = 0.00%
	!	Direct blocks:          0 read,          0 written
	 1: count	(typeid = 20, len = 8, typmod = -1, byval = f)
	----
	 1: count = "99"	(typeid = 20, len = 8, typmod = -1, byval = f)
	----
backend> LOG:  QUERY STATISTICS
DETAIL:  ! system usage stats:
	!	0.000626 elapsed 0.000209 user 0.000418 system sec
	!	[0.003492 user 0.006984 sys total]
	!	0/0 [0/72] filesystem blocks in/out
	!	0/0 [93/468] page faults/reclaims, 0 [0] swaps
	!	0 [0] signals rcvd, 0/0 [0/0] messages rcvd/sent
	!	0/0 [88/5] voluntary/involuntary context switches
	! buffer usage stats:
	!	Shared blocks:         12 read,          0 written, buffer hit rate = 98.81%
	!	Local  blocks:          0 read,          0 written, buffer hit rate = 0.00%
	!	Direct blocks:          0 read,          0 written
	 1: count	(typeid = 20, len = 8, typmod = -1, byval = f)
	----
	 1: count = "1000"	(typeid = 20, len = 8, typmod = -1, byval = f)
	----
backend> LOG:  QUERY STATISTICS
DETAIL:  ! system usage stats:
	!	0.003723 elapsed 0.003608 user 0.000109 system sec
	!	[0.007106 user 0.007106 sys total]
	!	0/0 [0/72] filesystem blocks in/out
	!	0/1 [93/470] page faults/reclaims, 0 [0] swaps
	!	0 [0] signals rcvd, 0/0 [0/0] messages rcvd/sent
	!	0/1 [88/6] voluntary/involuntary context switches
	! buffer usage stats:
	!	Shared blocks:         30 read,          0 written, buffer hit rate = 6.25%
	!	Local  blocks:          0 read,          0 written, buffer hit rate = 0.00%
	!	Direct blocks:          0 read,          0 written
	 1: count	(typeid = 20, len = 8, typmod = -1, byval = f)
	----
	 1: count = "2500"	(typeid = 20, len = 8, typmod = -1, byval = f)
	----
backend> LOG:  QUERY STATISTICS
DETAIL:  ! system usage stats:
	!	0.003349 elapsed 0.003348 user 0.000000 system sec
	!	[0.010466 user 0.007118 sys total]
	!	0/0 [0/80] filesystem blocks in/out
	!	0/0 [93/470] page faults/reclaims, 0 [0] swaps
	!	0 [0] signals rcvd, 0/0 [0/0] messages rcvd/sent
	!	0/0 [89/6] voluntary/involuntary context switches
	! buffer usage stats:
	!	Shared blocks:         30 read,          0 written, buffer hit rate = 6.25%
	!	Local  blocks:          0 read,          0 written, buffer hit rate = 0.00%
	!	Direct blocks:          0 read,          0 written
	 1: count	(typeid = 20, len = 8, typmod = -1, byval = f)
	----
	 1: count = "999"	(typeid = 20, len = 8, typmod = -1, byval = f)
	----
backend> LOG:  QUERY STATISTICS
DETAIL:  ! system usage stats:
	!	0.000264 elapsed 0.000233 user 0.000032 system sec
	!	[0.010726 user 0.007150 sys total]
	!	0/0 [0/96] filesystem blocks in/out
	!	0/2 [93/472] page faults/reclaims, 0 [0] swaps
	!	0 [0] signals rcvd, 0/0 [0/0] messages rcvd/sent
	!	0/0 [90/6] voluntary/involuntary context switches
	! buffer usage stats:
	!	Shared blocks:          6 read,          0 written, buffer hit rate = 98.03%
	!	Local  blocks:          0 read,          0 written, buffer hit rate = 0.00%
	!	Direct blocks:          0 read,          0 written
	 1: count	(typeid = 20, len = 8, typmod = -1, byval = f)
	----
	 1: count = "301"	(typeid = 20, len = 8, typmod = -1, byval = f)
	----
backend> LOG:  QUERY STATISTICS
DETAIL:  ! system usage stats:
	!	0.000129 elapsed 0.000077 user 0.000052 system sec
	!	[0.010813 user 0.007209 sys total]
	!	0/0 [0/96] filesystem blocks in/out
	!	0/0 [93/472] page faults/reclaims, 0 [0] swaps
	!	0 [0] signals rcvd, 0/0 [0/0] messages rcvd/sent
	!	0/0 [90/6] voluntary/involuntary context switches
	! buffer usage stats:
	!	Shared blocks:          5 read,          0 written, buffer hit rate = 95.19%
	!	Local  blocks:          0 read,          0 written, buffer hit rate = 0.00%
	!	Direct blocks:          0 read,          0 written
	 1: count	(typeid = 20, len = 8, typmod = -1, byval = f)
	----
	 1: count = "101"	(typeid = 20, len = 8, typmod = -1, byval = f)
	----
backend> LOG:  QUERY STATISTICS
DETAIL:  ! system usage stats:
	!	0.000138 elapsed 0.000083 user 0.000055 system sec
	!	[0.010906 user 0.007270 sys total]
	!	0/0 [0/96] filesystem blocks in/out
	!	0/0 [93/472] page faults/reclaims, 0 [0] swaps
	!	0 [0] signals rcvd, 0/0 [0/0] messages rcvd/sent
	!	0/0 [90/6] voluntary/involuntary context switches
	! buffer usage stats:
	!	Shared blocks:          5 read,          0 written, buffer hit rate = 95.19%
	!	Local  blocks:          0 read,          0 written, buffer hit rate = 0.00%
	!	Direct blocks:          0 read,          0 written
	 1: count	(typeid = 20, len = 8, typmod = -1, byval = f)
	----
	 1: count = "101"	(typeid = 20, len = 8, typmod = -1, byval = f)
	----
backend> LOG:  QUERY STATISTICS
DETAIL:  ! system usage stats:
	!	0.000094 elapsed 0.000057 user 0.000038 system sec
	!	[0.010971 user 0.007314 sys total]
	!	0/0 [0/96] filesystem blocks in/out
	!	0/0 [93/472] page faults/reclaims, 0 [0] swaps
	!	0 [0] signals rcvd, 0/0 [0/0] messages rcvd/sent
	!	0/0 [90/6] voluntary/involuntary context switches
	! buffer usage stats:
	!	Shared blocks:          5 read,          0 written, buffer hit rate = 85.71%
	!	Local  blocks:          0 read,          0 written, buffer hit rate = 0.00%
	!	Direct blocks:          0 read,          0 written
	 1: count	(typeid = 20, len = 8, typmod = -1, byval = f)
	----
	 1: count = "31"	(typeid = 20, len = 8, typmod = -1, byval = f)
	----
backend> LOG:  shutting down
LOG:  database system is shut down
