LOG:  database system was shut down at 2024-02-09 19:05:42 EST
LOG:  checkpoint record is at 0/C10760
LOG:  redo record is at 0/C10760; undo record is at 0/0; shutdown TRUE
LOG:  next transaction ID: 41320; next OID: 22147
LOG:  database system is ready

POSTGRES backend interactive interface 
$Revision: 1.375.2.5 $ $Date: 2005/12/14 17:07:00 $

backend> LOG:  QUERY STATISTICS
DETAIL:  ! system usage stats:
	!	0.034281 elapsed 0.002707 user 0.001165 system sec
	!	[0.002707 user 0.005414 sys total]
	!	0/0 [0/56] filesystem blocks in/out
	!	219/51 [271/440] page faults/reclaims, 0 [0] swaps
	!	0 [0] signals rcvd, 0/0 [0/0] messages rcvd/sent
	!	31/6 [81/14] voluntary/involuntary context switches
	! buffer usage stats:
	!	Shared blocks:        109 read,          0 written, buffer hit rate = 53.81%
	!	Local  blocks:          0 read,          0 written, buffer hit rate = 0.00%
	!	Direct blocks:          0 read,          0 written
	 1: count	(typeid = 20, len = 8, typmod = -1, byval = f)
	----
	 1: count = "2175"	(typeid = 20, len = 8, typmod = -1, byval = f)
	----
backend> LOG:  QUERY STATISTICS
DETAIL:  ! system usage stats:
	!	0.002562 elapsed 0.002542 user 0.000000 system sec
	!	[0.005263 user 0.005442 sys total]
	!	0/0 [0/64] filesystem blocks in/out
	!	14/11 [285/451] page faults/reclaims, 0 [0] swaps
	!	0 [0] signals rcvd, 0/0 [0/0] messages rcvd/sent
	!	0/2 [81/16] voluntary/involuntary context switches
	! buffer usage stats:
	!	Shared blocks:          7 read,          0 written, buffer hit rate = 93.86%
	!	Local  blocks:          0 read,          0 written, buffer hit rate = 0.00%
	!	Direct blocks:          0 read,          0 written
	 1: count	(typeid = 20, len = 8, typmod = -1, byval = f)
	----
	 1: count = "1051"	(typeid = 20, len = 8, typmod = -1, byval = f)
	----
backend> LOG:  QUERY STATISTICS
DETAIL:  ! system usage stats:
	!	0.002154 elapsed 0.001150 user 0.001004 system sec
	!	[0.006446 user 0.006446 sys total]
	!	0/0 [0/72] filesystem blocks in/out
	!	4/13 [289/465] page faults/reclaims, 0 [0] swaps
	!	0 [0] signals rcvd, 0/0 [0/0] messages rcvd/sent
	!	0/0 [82/16] voluntary/involuntary context switches
	! buffer usage stats:
	!	Shared blocks:          2 read,          0 written, buffer hit rate = 98.54%
	!	Local  blocks:          0 read,          0 written, buffer hit rate = 0.00%
	!	Direct blocks:          0 read,          0 written
	 1: count	(typeid = 20, len = 8, typmod = -1, byval = f)
	----
	 1: count = "541"	(typeid = 20, len = 8, typmod = -1, byval = f)
	----
backend> LOG:  QUERY STATISTICS
DETAIL:  ! system usage stats:
	!	0.002590 elapsed 0.002528 user 0.000000 system sec
	!	[0.008987 user 0.006459 sys total]
	!	0/0 [0/80] filesystem blocks in/out
	!	0/6 [289/471] page faults/reclaims, 0 [0] swaps
	!	0 [0] signals rcvd, 0/0 [0/0] messages rcvd/sent
	!	0/1 [83/17] voluntary/involuntary context switches
	! buffer usage stats:
	!	Shared blocks:          0 read,          0 written, buffer hit rate = 100.00%
	!	Local  blocks:          0 read,          0 written, buffer hit rate = 0.00%
	!	Direct blocks:          0 read,          0 written
	 1: count	(typeid = 20, len = 8, typmod = -1, byval = f)
	----
	 1: count = "1326"	(typeid = 20, len = 8, typmod = -1, byval = f)
	----
backend> LOG:  QUERY STATISTICS
DETAIL:  ! system usage stats:
	!	0.002406 elapsed 0.002402 user 0.000000 system sec
	!	[0.011410 user 0.006459 sys total]
	!	0/0 [0/80] filesystem blocks in/out
	!	0/2 [289/473] page faults/reclaims, 0 [0] swaps
	!	0 [0] signals rcvd, 0/0 [0/0] messages rcvd/sent
	!	0/1 [83/18] voluntary/involuntary context switches
	! buffer usage stats:
	!	Shared blocks:          0 read,          0 written, buffer hit rate = 100.00%
	!	Local  blocks:          0 read,          0 written, buffer hit rate = 0.00%
	!	Direct blocks:          0 read,          0 written
	 1: count	(typeid = 20, len = 8, typmod = -1, byval = f)
	----
	 1: count = "340"	(typeid = 20, len = 8, typmod = -1, byval = f)
	----
backend> LOG:  QUERY STATISTICS
DETAIL:  ! system usage stats:
	!	0.002063 elapsed 0.001870 user 0.000192 system sec
	!	[0.013303 user 0.006651 sys total]
	!	0/0 [0/88] filesystem blocks in/out
	!	0/0 [289/473] page faults/reclaims, 0 [0] swaps
	!	0 [0] signals rcvd, 0/0 [0/0] messages rcvd/sent
	!	0/0 [84/18] voluntary/involuntary context switches
	! buffer usage stats:
	!	Shared blocks:          0 read,          0 written, buffer hit rate = 100.00%
	!	Local  blocks:          0 read,          0 written, buffer hit rate = 0.00%
	!	Direct blocks:          0 read,          0 written
	 1: count	(typeid = 20, len = 8, typmod = -1, byval = f)
	----
	 1: count = "1794"	(typeid = 20, len = 8, typmod = -1, byval = f)
	----
backend> LOG:  QUERY STATISTICS
DETAIL:  ! system usage stats:
	!	0.002037 elapsed 0.002034 user 0.000000 system sec
	!	[0.015352 user 0.006659 sys total]
	!	0/0 [0/96] filesystem blocks in/out
	!	0/0 [289/473] page faults/reclaims, 0 [0] swaps
	!	0 [0] signals rcvd, 0/0 [0/0] messages rcvd/sent
	!	0/1 [84/19] voluntary/involuntary context switches
	! buffer usage stats:
	!	Shared blocks:          0 read,          0 written, buffer hit rate = 100.00%
	!	Local  blocks:          0 read,          0 written, buffer hit rate = 0.00%
	!	Direct blocks:          0 read,          0 written
	 1: count	(typeid = 20, len = 8, typmod = -1, byval = f)
	----
	 1: count = "729"	(typeid = 20, len = 8, typmod = -1, byval = f)
	----
backend> LOG:  QUERY STATISTICS
DETAIL:  ! system usage stats:
	!	0.001805 elapsed 0.001655 user 0.000150 system sec
	!	[0.017024 user 0.006809 sys total]
	!	0/0 [0/96] filesystem blocks in/out
	!	0/0 [289/473] page faults/reclaims, 0 [0] swaps
	!	0 [0] signals rcvd, 0/0 [0/0] messages rcvd/sent
	!	0/0 [84/19] voluntary/involuntary context switches
	! buffer usage stats:
	!	Shared blocks:          0 read,          0 written, buffer hit rate = 100.00%
	!	Local  blocks:          0 read,          0 written, buffer hit rate = 0.00%
	!	Direct blocks:          0 read,          0 written
	 1: count	(typeid = 20, len = 8, typmod = -1, byval = f)
	----
	 1: count = "579"	(typeid = 20, len = 8, typmod = -1, byval = f)
	----
backend> LOG:  QUERY STATISTICS
DETAIL:  ! system usage stats:
	!	0.002763 elapsed 0.002760 user 0.000000 system sec
	!	[0.019795 user 0.006814 sys total]
	!	0/0 [0/96] filesystem blocks in/out
	!	0/0 [289/473] page faults/reclaims, 0 [0] swaps
	!	0 [0] signals rcvd, 0/0 [0/0] messages rcvd/sent
	!	0/1 [84/20] voluntary/involuntary context switches
	! buffer usage stats:
	!	Shared blocks:          0 read,          0 written, buffer hit rate = 100.00%
	!	Local  blocks:          0 read,          0 written, buffer hit rate = 0.00%
	!	Direct blocks:          0 read,          0 written
	 1: count	(typeid = 20, len = 8, typmod = -1, byval = f)
	----
	 1: count = "2479"	(typeid = 20, len = 8, typmod = -1, byval = f)
	----
backend> LOG:  QUERY STATISTICS
DETAIL:  ! system usage stats:
	!	0.003529 elapsed 0.003529 user 0.000000 system sec
	!	[0.023345 user 0.006814 sys total]
	!	0/0 [0/104] filesystem blocks in/out
	!	0/0 [289/473] page faults/reclaims, 0 [0] swaps
	!	0 [0] signals rcvd, 0/0 [0/0] messages rcvd/sent
	!	0/0 [85/20] voluntary/involuntary context switches
	! buffer usage stats:
	!	Shared blocks:          0 read,          0 written, buffer hit rate = 100.00%
	!	Local  blocks:          0 read,          0 written, buffer hit rate = 0.00%
	!	Direct blocks:          0 read,          0 written
	 1: count	(typeid = 20, len = 8, typmod = -1, byval = f)
	----
	 1: count = "1473"	(typeid = 20, len = 8, typmod = -1, byval = f)
	----
backend> LOG:  shutting down
LOG:  database system is shut down
