LOG:  database system was shut down at 2024-02-09 14:45:40 EST
LOG:  checkpoint record is at 0/B9BBA0
LOG:  redo record is at 0/B9BBA0; undo record is at 0/0; shutdown TRUE
LOG:  next transaction ID: 22816; next OID: 22147
LOG:  database system is ready

POSTGRES backend interactive interface 
$Revision: 1.375.2.5 $ $Date: 2005/12/14 17:07:00 $

backend> LOG:  QUERY STATISTICS
DETAIL:  ! system usage stats:
	!	0.062411 elapsed 0.000000 user 0.004357 system sec
	!	[0.000000 user 0.008940 sys total]
	!	0/0 [0/56] filesystem blocks in/out
	!	124/53 [175/446] page faults/reclaims, 0 [0] swaps
	!	0 [0] signals rcvd, 0/0 [0/0] messages rcvd/sent
	!	31/0 [78/3] voluntary/involuntary context switches
	! buffer usage stats:
	!	Shared blocks:        116 read,          0 written, buffer hit rate = 50.85%
	!	Local  blocks:          0 read,          0 written, buffer hit rate = 0.00%
	!	Direct blocks:          0 read,          0 written
	 1: count	(typeid = 20, len = 8, typmod = -1, byval = f)
	----
	 1: count = "2175"	(typeid = 20, len = 8, typmod = -1, byval = f)
	----
backend> LOG:  QUERY STATISTICS
DETAIL:  ! system usage stats:
	!	0.003248 elapsed 0.003247 user 0.000000 system sec
	!	[0.003247 user 0.008990 sys total]
	!	0/0 [0/64] filesystem blocks in/out
	!	0/11 [175/457] page faults/reclaims, 0 [0] swaps
	!	0 [0] signals rcvd, 0/0 [0/0] messages rcvd/sent
	!	0/0 [78/3] voluntary/involuntary context switches
	! buffer usage stats:
	!	Shared blocks:         50 read,          0 written, buffer hit rate = 56.14%
	!	Local  blocks:          0 read,          0 written, buffer hit rate = 0.00%
	!	Direct blocks:          0 read,          0 written
	 1: count	(typeid = 20, len = 8, typmod = -1, byval = f)
	----
	 1: count = "1051"	(typeid = 20, len = 8, typmod = -1, byval = f)
	----
backend> LOG:  QUERY STATISTICS
DETAIL:  ! system usage stats:
	!	0.003016 elapsed 0.003017 user 0.000000 system sec
	!	[0.006295 user 0.008990 sys total]
	!	0/0 [0/72] filesystem blocks in/out
	!	0/13 [175/471] page faults/reclaims, 0 [0] swaps
	!	0 [0] signals rcvd, 0/0 [0/0] messages rcvd/sent
	!	0/0 [78/3] voluntary/involuntary context switches
	! buffer usage stats:
	!	Shared blocks:         48 read,          0 written, buffer hit rate = 64.96%
	!	Local  blocks:          0 read,          0 written, buffer hit rate = 0.00%
	!	Direct blocks:          0 read,          0 written
	 1: count	(typeid = 20, len = 8, typmod = -1, byval = f)
	----
	 1: count = "541"	(typeid = 20, len = 8, typmod = -1, byval = f)
	----
backend> LOG:  QUERY STATISTICS
DETAIL:  ! system usage stats:
	!	0.003011 elapsed 0.003011 user 0.000000 system sec
	!	[0.009330 user 0.008990 sys total]
	!	0/0 [0/80] filesystem blocks in/out
	!	0/6 [175/477] page faults/reclaims, 0 [0] swaps
	!	0 [0] signals rcvd, 0/0 [0/0] messages rcvd/sent
	!	0/0 [78/3] voluntary/involuntary context switches
	! buffer usage stats:
	!	Shared blocks:         42 read,          0 written, buffer hit rate = 50.00%
	!	Local  blocks:          0 read,          0 written, buffer hit rate = 0.00%
	!	Direct blocks:          0 read,          0 written
	 1: count	(typeid = 20, len = 8, typmod = -1, byval = f)
	----
	 1: count = "1326"	(typeid = 20, len = 8, typmod = -1, byval = f)
	----
backend> LOG:  QUERY STATISTICS
DETAIL:  ! system usage stats:
	!	0.004243 elapsed 0.004195 user 0.000000 system sec
	!	[0.013549 user 0.008990 sys total]
	!	0/0 [0/88] filesystem blocks in/out
	!	0/2 [175/479] page faults/reclaims, 0 [0] swaps
	!	0 [0] signals rcvd, 0/0 [0/0] messages rcvd/sent
	!	0/2 [78/5] voluntary/involuntary context switches
	! buffer usage stats:
	!	Shared blocks:         28 read,          0 written, buffer hit rate = 12.50%
	!	Local  blocks:          0 read,          0 written, buffer hit rate = 0.00%
	!	Direct blocks:          0 read,          0 written
	 1: count	(typeid = 20, len = 8, typmod = -1, byval = f)
	----
	 1: count = "340"	(typeid = 20, len = 8, typmod = -1, byval = f)
	----
backend> LOG:  QUERY STATISTICS
DETAIL:  ! system usage stats:
	!	0.002772 elapsed 0.002772 user 0.000000 system sec
	!	[0.016346 user 0.008990 sys total]
	!	0/0 [0/96] filesystem blocks in/out
	!	0/0 [175/479] page faults/reclaims, 0 [0] swaps
	!	0 [0] signals rcvd, 0/0 [0/0] messages rcvd/sent
	!	0/0 [78/5] voluntary/involuntary context switches
	! buffer usage stats:
	!	Shared blocks:         28 read,          0 written, buffer hit rate = 12.50%
	!	Local  blocks:          0 read,          0 written, buffer hit rate = 0.00%
	!	Direct blocks:          0 read,          0 written
	 1: count	(typeid = 20, len = 8, typmod = -1, byval = f)
	----
	 1: count = "1794"	(typeid = 20, len = 8, typmod = -1, byval = f)
	----
backend> LOG:  QUERY STATISTICS
DETAIL:  ! system usage stats:
	!	0.002059 elapsed 0.002044 user 0.000000 system sec
	!	[0.018417 user 0.008990 sys total]
	!	0/0 [0/112] filesystem blocks in/out
	!	0/0 [175/479] page faults/reclaims, 0 [0] swaps
	!	0 [0] signals rcvd, 0/0 [0/0] messages rcvd/sent
	!	0/1 [79/6] voluntary/involuntary context switches
	! buffer usage stats:
	!	Shared blocks:         28 read,          0 written, buffer hit rate = 12.50%
	!	Local  blocks:          0 read,          0 written, buffer hit rate = 0.00%
	!	Direct blocks:          0 read,          0 written
	 1: count	(typeid = 20, len = 8, typmod = -1, byval = f)
	----
	 1: count = "729"	(typeid = 20, len = 8, typmod = -1, byval = f)
	----
backend> LOG:  QUERY STATISTICS
DETAIL:  ! system usage stats:
	!	0.002662 elapsed 0.002662 user 0.000000 system sec
	!	[0.021098 user 0.008990 sys total]
	!	0/0 [0/112] filesystem blocks in/out
	!	0/0 [175/479] page faults/reclaims, 0 [0] swaps
	!	0 [0] signals rcvd, 0/0 [0/0] messages rcvd/sent
	!	0/0 [79/6] voluntary/involuntary context switches
	! buffer usage stats:
	!	Shared blocks:         28 read,          0 written, buffer hit rate = 12.50%
	!	Local  blocks:          0 read,          0 written, buffer hit rate = 0.00%
	!	Direct blocks:          0 read,          0 written
	 1: count	(typeid = 20, len = 8, typmod = -1, byval = f)
	----
	 1: count = "579"	(typeid = 20, len = 8, typmod = -1, byval = f)
	----
backend> LOG:  QUERY STATISTICS
DETAIL:  ! system usage stats:
	!	0.002785 elapsed 0.002785 user 0.000000 system sec
	!	[0.023906 user 0.008990 sys total]
	!	0/0 [0/120] filesystem blocks in/out
	!	0/0 [175/479] page faults/reclaims, 0 [0] swaps
	!	0 [0] signals rcvd, 0/0 [0/0] messages rcvd/sent
	!	0/0 [80/6] voluntary/involuntary context switches
	! buffer usage stats:
	!	Shared blocks:         28 read,          0 written, buffer hit rate = 12.50%
	!	Local  blocks:          0 read,          0 written, buffer hit rate = 0.00%
	!	Direct blocks:          0 read,          0 written
	 1: count	(typeid = 20, len = 8, typmod = -1, byval = f)
	----
	 1: count = "2479"	(typeid = 20, len = 8, typmod = -1, byval = f)
	----
backend> LOG:  QUERY STATISTICS
DETAIL:  ! system usage stats:
	!	0.002778 elapsed 0.002777 user 0.000000 system sec
	!	[0.026728 user 0.008990 sys total]
	!	0/0 [0/128] filesystem blocks in/out
	!	0/0 [175/479] page faults/reclaims, 0 [0] swaps
	!	0 [0] signals rcvd, 0/0 [0/0] messages rcvd/sent
	!	0/0 [81/6] voluntary/involuntary context switches
	! buffer usage stats:
	!	Shared blocks:         28 read,          0 written, buffer hit rate = 12.50%
	!	Local  blocks:          0 read,          0 written, buffer hit rate = 0.00%
	!	Direct blocks:          0 read,          0 written
	 1: count	(typeid = 20, len = 8, typmod = -1, byval = f)
	----
	 1: count = "1473"	(typeid = 20, len = 8, typmod = -1, byval = f)
	----
backend> LOG:  shutting down
LOG:  database system is shut down
