LOG:  database system was shut down at 2024-02-09 15:38:14 EST
LOG:  checkpoint record is at 0/BCFC78
LOG:  redo record is at 0/BCFC78; undo record is at 0/0; shutdown TRUE
LOG:  next transaction ID: 31010; next OID: 22147
LOG:  database system is ready

POSTGRES backend interactive interface 
$Revision: 1.375.2.5 $ $Date: 2005/12/14 17:07:00 $

backend> LOG:  QUERY STATISTICS
DETAIL:  ! system usage stats:
	!	0.034464 elapsed 0.003225 user 0.000587 system sec
	!	[0.005276 user 0.002638 sys total]
	!	0/0 [0/56] filesystem blocks in/out
	!	30/49 [76/438] page faults/reclaims, 0 [0] swaps
	!	0 [0] signals rcvd, 0/0 [0/0] messages rcvd/sent
	!	31/2 [78/5] voluntary/involuntary context switches
	! buffer usage stats:
	!	Shared blocks:        195 read,          0 written, buffer hit rate = 17.37%
	!	Local  blocks:          0 read,          0 written, buffer hit rate = 0.00%
	!	Direct blocks:          0 read,          0 written
	 1: count	(typeid = 20, len = 8, typmod = -1, byval = f)
	----
	 1: count = "2175"	(typeid = 20, len = 8, typmod = -1, byval = f)
	----
backend> LOG:  QUERY STATISTICS
DETAIL:  ! system usage stats:
	!	0.003834 elapsed 0.003514 user 0.000288 system sec
	!	[0.008817 user 0.002939 sys total]
	!	0/0 [0/64] filesystem blocks in/out
	!	0/10 [76/448] page faults/reclaims, 0 [0] swaps
	!	0 [0] signals rcvd, 0/0 [0/0] messages rcvd/sent
	!	0/3 [78/8] voluntary/involuntary context switches
	! buffer usage stats:
	!	Shared blocks:         86 read,          0 written, buffer hit rate = 24.56%
	!	Local  blocks:          0 read,          0 written, buffer hit rate = 0.00%
	!	Direct blocks:          0 read,          0 written
	 1: count	(typeid = 20, len = 8, typmod = -1, byval = f)
	----
	 1: count = "1051"	(typeid = 20, len = 8, typmod = -1, byval = f)
	----
backend> LOG:  QUERY STATISTICS
DETAIL:  ! system usage stats:
	!	0.003122 elapsed 0.003075 user 0.000032 system sec
	!	[0.011916 user 0.002979 sys total]
	!	0/0 [0/72] filesystem blocks in/out
	!	0/13 [76/462] page faults/reclaims, 0 [0] swaps
	!	0 [0] signals rcvd, 0/0 [0/0] messages rcvd/sent
	!	0/1 [79/9] voluntary/involuntary context switches
	! buffer usage stats:
	!	Shared blocks:        110 read,          0 written, buffer hit rate = 19.71%
	!	Local  blocks:          0 read,          0 written, buffer hit rate = 0.00%
	!	Direct blocks:          0 read,          0 written
	 1: count	(typeid = 20, len = 8, typmod = -1, byval = f)
	----
	 1: count = "541"	(typeid = 20, len = 8, typmod = -1, byval = f)
	----
backend> LOG:  QUERY STATISTICS
DETAIL:  ! system usage stats:
	!	0.003950 elapsed 0.003729 user 0.000149 system sec
	!	[0.015663 user 0.003132 sys total]
	!	0/0 [0/72] filesystem blocks in/out
	!	0/7 [76/469] page faults/reclaims, 0 [0] swaps
	!	0 [0] signals rcvd, 0/0 [0/0] messages rcvd/sent
	!	0/5 [79/14] voluntary/involuntary context switches
	! buffer usage stats:
	!	Shared blocks:         68 read,          0 written, buffer hit rate = 19.05%
	!	Local  blocks:          0 read,          0 written, buffer hit rate = 0.00%
	!	Direct blocks:          0 read,          0 written
	 1: count	(typeid = 20, len = 8, typmod = -1, byval = f)
	----
	 1: count = "1326"	(typeid = 20, len = 8, typmod = -1, byval = f)
	----
backend> LOG:  QUERY STATISTICS
DETAIL:  ! system usage stats:
	!	0.003782 elapsed 0.003637 user 0.000084 system sec
	!	[0.019321 user 0.003220 sys total]
	!	0/0 [0/80] filesystem blocks in/out
	!	0/2 [76/471] page faults/reclaims, 0 [0] swaps
	!	0 [0] signals rcvd, 0/0 [0/0] messages rcvd/sent
	!	0/2 [80/16] voluntary/involuntary context switches
	! buffer usage stats:
	!	Shared blocks:         31 read,          0 written, buffer hit rate = 3.12%
	!	Local  blocks:          0 read,          0 written, buffer hit rate = 0.00%
	!	Direct blocks:          0 read,          0 written
	 1: count	(typeid = 20, len = 8, typmod = -1, byval = f)
	----
	 1: count = "340"	(typeid = 20, len = 8, typmod = -1, byval = f)
	----
backend> LOG:  QUERY STATISTICS
DETAIL:  ! system usage stats:
	!	0.002523 elapsed 0.002150 user 0.000358 system sec
	!	[0.021490 user 0.003581 sys total]
	!	0/0 [0/88] filesystem blocks in/out
	!	0/0 [76/471] page faults/reclaims, 0 [0] swaps
	!	0 [0] signals rcvd, 0/0 [0/0] messages rcvd/sent
	!	0/1 [81/17] voluntary/involuntary context switches
	! buffer usage stats:
	!	Shared blocks:         31 read,          0 written, buffer hit rate = 3.12%
	!	Local  blocks:          0 read,          0 written, buffer hit rate = 0.00%
	!	Direct blocks:          0 read,          0 written
	 1: count	(typeid = 20, len = 8, typmod = -1, byval = f)
	----
	 1: count = "1794"	(typeid = 20, len = 8, typmod = -1, byval = f)
	----
backend> LOG:  QUERY STATISTICS
DETAIL:  ! system usage stats:
	!	0.002259 elapsed 0.002259 user 0.000000 system sec
	!	[0.023771 user 0.003585 sys total]
	!	0/0 [0/104] filesystem blocks in/out
	!	0/0 [76/471] page faults/reclaims, 0 [0] swaps
	!	0 [0] signals rcvd, 0/0 [0/0] messages rcvd/sent
	!	0/0 [82/17] voluntary/involuntary context switches
	! buffer usage stats:
	!	Shared blocks:         31 read,          0 written, buffer hit rate = 3.12%
	!	Local  blocks:          0 read,          0 written, buffer hit rate = 0.00%
	!	Direct blocks:          0 read,          0 written
	 1: count	(typeid = 20, len = 8, typmod = -1, byval = f)
	----
	 1: count = "729"	(typeid = 20, len = 8, typmod = -1, byval = f)
	----
backend> LOG:  QUERY STATISTICS
DETAIL:  ! system usage stats:
	!	0.002576 elapsed 0.002363 user 0.000150 system sec
	!	[0.026149 user 0.003735 sys total]
	!	0/0 [0/104] filesystem blocks in/out
	!	0/0 [76/471] page faults/reclaims, 0 [0] swaps
	!	0 [0] signals rcvd, 0/0 [0/0] messages rcvd/sent
	!	0/4 [82/21] voluntary/involuntary context switches
	! buffer usage stats:
	!	Shared blocks:         31 read,          0 written, buffer hit rate = 3.12%
	!	Local  blocks:          0 read,          0 written, buffer hit rate = 0.00%
	!	Direct blocks:          0 read,          0 written
	 1: count	(typeid = 20, len = 8, typmod = -1, byval = f)
	----
	 1: count = "579"	(typeid = 20, len = 8, typmod = -1, byval = f)
	----
backend> LOG:  QUERY STATISTICS
DETAIL:  ! system usage stats:
	!	0.002727 elapsed 0.002713 user 0.000000 system sec
	!	[0.028880 user 0.003738 sys total]
	!	0/0 [0/112] filesystem blocks in/out
	!	0/0 [76/471] page faults/reclaims, 0 [0] swaps
	!	0 [0] signals rcvd, 0/0 [0/0] messages rcvd/sent
	!	0/1 [83/22] voluntary/involuntary context switches
	! buffer usage stats:
	!	Shared blocks:         31 read,          0 written, buffer hit rate = 3.12%
	!	Local  blocks:          0 read,          0 written, buffer hit rate = 0.00%
	!	Direct blocks:          0 read,          0 written
	 1: count	(typeid = 20, len = 8, typmod = -1, byval = f)
	----
	 1: count = "2479"	(typeid = 20, len = 8, typmod = -1, byval = f)
	----
backend> LOG:  QUERY STATISTICS
DETAIL:  ! system usage stats:
	!	0.002738 elapsed 0.002732 user 0.000000 system sec
	!	[0.031633 user 0.003738 sys total]
	!	0/0 [0/120] filesystem blocks in/out
	!	0/0 [76/471] page faults/reclaims, 0 [0] swaps
	!	0 [0] signals rcvd, 0/0 [0/0] messages rcvd/sent
	!	0/1 [84/23] voluntary/involuntary context switches
	! buffer usage stats:
	!	Shared blocks:         31 read,          0 written, buffer hit rate = 3.12%
	!	Local  blocks:          0 read,          0 written, buffer hit rate = 0.00%
	!	Direct blocks:          0 read,          0 written
	 1: count	(typeid = 20, len = 8, typmod = -1, byval = f)
	----
	 1: count = "1473"	(typeid = 20, len = 8, typmod = -1, byval = f)
	----
backend> LOG:  shutting down
LOG:  database system is shut down
