LOG:  database system was shut down at 2024-02-09 15:38:14 EST
LOG:  checkpoint record is at 0/BCFD50
LOG:  redo record is at 0/BCFD50; undo record is at 0/0; shutdown TRUE
LOG:  next transaction ID: 31043; next OID: 22147
LOG:  database system is ready

POSTGRES backend interactive interface 
$Revision: 1.375.2.5 $ $Date: 2005/12/14 17:07:00 $

backend> LOG:  QUERY STATISTICS
DETAIL:  ! system usage stats:
	!	0.036827 elapsed 0.002063 user 0.000000 system sec
	!	[0.006231 user 0.000000 sys total]
	!	0/0 [0/56] filesystem blocks in/out
	!	30/59 [76/445] page faults/reclaims, 0 [0] swaps
	!	0 [0] signals rcvd, 0/0 [0/0] messages rcvd/sent
	!	35/5 [83/7] voluntary/involuntary context switches
	! buffer usage stats:
	!	Shared blocks:        208 read,          0 written, buffer hit rate = 30.43%
	!	Local  blocks:          0 read,          0 written, buffer hit rate = 0.00%
	!	Direct blocks:          0 read,          0 written
	 1: count	(typeid = 20, len = 8, typmod = -1, byval = f)
	----
	 1: count = "41"	(typeid = 20, len = 8, typmod = -1, byval = f)
	----
backend> LOG:  QUERY STATISTICS
DETAIL:  ! system usage stats:
	!	0.003707 elapsed 0.003695 user 0.000000 system sec
	!	[0.009965 user 0.000000 sys total]
	!	0/0 [0/64] filesystem blocks in/out
	!	0/10 [76/455] page faults/reclaims, 0 [0] swaps
	!	0 [0] signals rcvd, 0/0 [0/0] messages rcvd/sent
	!	0/1 [83/8] voluntary/involuntary context switches
	! buffer usage stats:
	!	Shared blocks:         82 read,          0 written, buffer hit rate = 25.45%
	!	Local  blocks:          0 read,          0 written, buffer hit rate = 0.00%
	!	Direct blocks:          0 read,          0 written
	 1: count	(typeid = 20, len = 8, typmod = -1, byval = f)
	----
	 1: count = "50"	(typeid = 20, len = 8, typmod = -1, byval = f)
	----
backend> LOG:  QUERY STATISTICS
DETAIL:  ! system usage stats:
	!	0.000519 elapsed 0.000520 user 0.000000 system sec
	!	[0.010518 user 0.000000 sys total]
	!	0/0 [0/72] filesystem blocks in/out
	!	0/12 [76/468] page faults/reclaims, 0 [0] swaps
	!	0 [0] signals rcvd, 0/0 [0/0] messages rcvd/sent
	!	0/0 [84/8] voluntary/involuntary context switches
	! buffer usage stats:
	!	Shared blocks:         84 read,          0 written, buffer hit rate = 59.62%
	!	Local  blocks:          0 read,          0 written, buffer hit rate = 0.00%
	!	Direct blocks:          0 read,          0 written
	 1: count	(typeid = 20, len = 8, typmod = -1, byval = f)
	----
	 1: count = "99"	(typeid = 20, len = 8, typmod = -1, byval = f)
	----
backend> LOG:  QUERY STATISTICS
DETAIL:  ! system usage stats:
	!	0.000586 elapsed 0.000586 user 0.000000 system sec
	!	[0.011123 user 0.000000 sys total]
	!	0/0 [0/72] filesystem blocks in/out
	!	0/0 [76/468] page faults/reclaims, 0 [0] swaps
	!	0 [0] signals rcvd, 0/0 [0/0] messages rcvd/sent
	!	0/0 [84/8] voluntary/involuntary context switches
	! buffer usage stats:
	!	Shared blocks:         12 read,          0 written, buffer hit rate = 98.81%
	!	Local  blocks:          0 read,          0 written, buffer hit rate = 0.00%
	!	Direct blocks:          0 read,          0 written
	 1: count	(typeid = 20, len = 8, typmod = -1, byval = f)
	----
	 1: count = "1000"	(typeid = 20, len = 8, typmod = -1, byval = f)
	----
backend> LOG:  QUERY STATISTICS
DETAIL:  ! system usage stats:
	!	0.003452 elapsed 0.003429 user 0.000000 system sec
	!	[0.014573 user 0.000000 sys total]
	!	0/0 [0/72] filesystem blocks in/out
	!	0/1 [76/470] page faults/reclaims, 0 [0] swaps
	!	0 [0] signals rcvd, 0/0 [0/0] messages rcvd/sent
	!	0/1 [84/9] voluntary/involuntary context switches
	! buffer usage stats:
	!	Shared blocks:         30 read,          0 written, buffer hit rate = 6.25%
	!	Local  blocks:          0 read,          0 written, buffer hit rate = 0.00%
	!	Direct blocks:          0 read,          0 written
	 1: count	(typeid = 20, len = 8, typmod = -1, byval = f)
	----
	 1: count = "2500"	(typeid = 20, len = 8, typmod = -1, byval = f)
	----
backend> LOG:  QUERY STATISTICS
DETAIL:  ! system usage stats:
	!	0.003489 elapsed 0.003358 user 0.000000 system sec
	!	[0.017955 user 0.000000 sys total]
	!	0/0 [0/80] filesystem blocks in/out
	!	0/0 [76/470] page faults/reclaims, 0 [0] swaps
	!	0 [0] signals rcvd, 0/0 [0/0] messages rcvd/sent
	!	0/5 [85/14] voluntary/involuntary context switches
	! buffer usage stats:
	!	Shared blocks:         30 read,          0 written, buffer hit rate = 6.25%
	!	Local  blocks:          0 read,          0 written, buffer hit rate = 0.00%
	!	Direct blocks:          0 read,          0 written
	 1: count	(typeid = 20, len = 8, typmod = -1, byval = f)
	----
	 1: count = "999"	(typeid = 20, len = 8, typmod = -1, byval = f)
	----
backend> LOG:  QUERY STATISTICS
DETAIL:  ! system usage stats:
	!	0.000284 elapsed 0.000284 user 0.000000 system sec
	!	[0.018268 user 0.000000 sys total]
	!	0/0 [0/96] filesystem blocks in/out
	!	0/3 [76/473] page faults/reclaims, 0 [0] swaps
	!	0 [0] signals rcvd, 0/0 [0/0] messages rcvd/sent
	!	0/0 [86/14] voluntary/involuntary context switches
	! buffer usage stats:
	!	Shared blocks:          6 read,          0 written, buffer hit rate = 98.03%
	!	Local  blocks:          0 read,          0 written, buffer hit rate = 0.00%
	!	Direct blocks:          0 read,          0 written
	 1: count	(typeid = 20, len = 8, typmod = -1, byval = f)
	----
	 1: count = "301"	(typeid = 20, len = 8, typmod = -1, byval = f)
	----
backend> LOG:  QUERY STATISTICS
DETAIL:  ! system usage stats:
	!	0.000136 elapsed 0.000136 user 0.000000 system sec
	!	[0.018423 user 0.000000 sys total]
	!	0/0 [0/96] filesystem blocks in/out
	!	0/0 [76/473] page faults/reclaims, 0 [0] swaps
	!	0 [0] signals rcvd, 0/0 [0/0] messages rcvd/sent
	!	0/0 [86/14] voluntary/involuntary context switches
	! buffer usage stats:
	!	Shared blocks:          5 read,          0 written, buffer hit rate = 95.19%
	!	Local  blocks:          0 read,          0 written, buffer hit rate = 0.00%
	!	Direct blocks:          0 read,          0 written
	 1: count	(typeid = 20, len = 8, typmod = -1, byval = f)
	----
	 1: count = "101"	(typeid = 20, len = 8, typmod = -1, byval = f)
	----
backend> LOG:  QUERY STATISTICS
DETAIL:  ! system usage stats:
	!	0.000139 elapsed 0.000139 user 0.000000 system sec
	!	[0.018577 user 0.000000 sys total]
	!	0/0 [0/96] filesystem blocks in/out
	!	0/0 [76/473] page faults/reclaims, 0 [0] swaps
	!	0 [0] signals rcvd, 0/0 [0/0] messages rcvd/sent
	!	0/0 [86/14] voluntary/involuntary context switches
	! buffer usage stats:
	!	Shared blocks:          5 read,          0 written, buffer hit rate = 95.19%
	!	Local  blocks:          0 read,          0 written, buffer hit rate = 0.00%
	!	Direct blocks:          0 read,          0 written
	 1: count	(typeid = 20, len = 8, typmod = -1, byval = f)
	----
	 1: count = "101"	(typeid = 20, len = 8, typmod = -1, byval = f)
	----
backend> LOG:  QUERY STATISTICS
DETAIL:  ! system usage stats:
	!	0.000094 elapsed 0.000094 user 0.000000 system sec
	!	[0.018686 user 0.000000 sys total]
	!	0/0 [0/96] filesystem blocks in/out
	!	0/0 [76/473] page faults/reclaims, 0 [0] swaps
	!	0 [0] signals rcvd, 0/0 [0/0] messages rcvd/sent
	!	0/0 [86/14] voluntary/involuntary context switches
	! buffer usage stats:
	!	Shared blocks:          5 read,          0 written, buffer hit rate = 85.71%
	!	Local  blocks:          0 read,          0 written, buffer hit rate = 0.00%
	!	Direct blocks:          0 read,          0 written
	 1: count	(typeid = 20, len = 8, typmod = -1, byval = f)
	----
	 1: count = "31"	(typeid = 20, len = 8, typmod = -1, byval = f)
	----
backend> LOG:  shutting down
LOG:  database system is shut down
