LOG:  database system was shut down at 2024-02-09 14:45:38 EST
LOG:  checkpoint record is at 0/B9B888
LOG:  redo record is at 0/B9B888; undo record is at 0/0; shutdown TRUE
LOG:  next transaction ID: 22695; next OID: 22147
LOG:  database system is ready

POSTGRES backend interactive interface 
$Revision: 1.375.2.5 $ $Date: 2005/12/14 17:07:00 $

backend> LOG:  QUERY STATISTICS
DETAIL:  ! system usage stats:
	!	0.079797 elapsed 0.000000 user 0.002518 system sec
	!	[0.004537 user 0.002518 sys total]
	!	0/0 [0/56] filesystem blocks in/out
	!	54/59 [102/449] page faults/reclaims, 0 [0] swaps
	!	0 [0] signals rcvd, 0/0 [0/0] messages rcvd/sent
	!	35/0 [82/3] voluntary/involuntary context switches
	! buffer usage stats:
	!	Shared blocks:        196 read,          0 written, buffer hit rate = 34.45%
	!	Local  blocks:          0 read,          0 written, buffer hit rate = 0.00%
	!	Direct blocks:          0 read,          0 written
	 1: count	(typeid = 20, len = 8, typmod = -1, byval = f)
	----
	 1: count = "41"	(typeid = 20, len = 8, typmod = -1, byval = f)
	----
backend> LOG:  QUERY STATISTICS
DETAIL:  ! system usage stats:
	!	0.003621 elapsed 0.002599 user 0.001010 system sec
	!	[0.007136 user 0.003568 sys total]
	!	0/0 [0/64] filesystem blocks in/out
	!	0/10 [102/459] page faults/reclaims, 0 [0] swaps
	!	0 [0] signals rcvd, 0/0 [0/0] messages rcvd/sent
	!	0/1 [82/4] voluntary/involuntary context switches
	! buffer usage stats:
	!	Shared blocks:         74 read,          0 written, buffer hit rate = 32.73%
	!	Local  blocks:          0 read,          0 written, buffer hit rate = 0.00%
	!	Direct blocks:          0 read,          0 written
	 1: count	(typeid = 20, len = 8, typmod = -1, byval = f)
	----
	 1: count = "50"	(typeid = 20, len = 8, typmod = -1, byval = f)
	----
backend> LOG:  QUERY STATISTICS
DETAIL:  ! system usage stats:
	!	0.000495 elapsed 0.000329 user 0.000165 system sec
	!	[0.007488 user 0.003744 sys total]
	!	0/0 [0/72] filesystem blocks in/out
	!	0/12 [102/472] page faults/reclaims, 0 [0] swaps
	!	0 [0] signals rcvd, 0/0 [0/0] messages rcvd/sent
	!	0/0 [83/4] voluntary/involuntary context switches
	! buffer usage stats:
	!	Shared blocks:         71 read,          0 written, buffer hit rate = 65.87%
	!	Local  blocks:          0 read,          0 written, buffer hit rate = 0.00%
	!	Direct blocks:          0 read,          0 written
	 1: count	(typeid = 20, len = 8, typmod = -1, byval = f)
	----
	 1: count = "99"	(typeid = 20, len = 8, typmod = -1, byval = f)
	----
backend> LOG:  QUERY STATISTICS
DETAIL:  ! system usage stats:
	!	0.000628 elapsed 0.000419 user 0.000210 system sec
	!	[0.007920 user 0.003960 sys total]
	!	0/0 [0/72] filesystem blocks in/out
	!	0/0 [102/472] page faults/reclaims, 0 [0] swaps
	!	0 [0] signals rcvd, 0/0 [0/0] messages rcvd/sent
	!	0/0 [83/4] voluntary/involuntary context switches
	! buffer usage stats:
	!	Shared blocks:         12 read,          0 written, buffer hit rate = 98.81%
	!	Local  blocks:          0 read,          0 written, buffer hit rate = 0.00%
	!	Direct blocks:          0 read,          0 written
	 1: count	(typeid = 20, len = 8, typmod = -1, byval = f)
	----
	 1: count = "1000"	(typeid = 20, len = 8, typmod = -1, byval = f)
	----
backend> LOG:  QUERY STATISTICS
DETAIL:  ! system usage stats:
	!	0.003696 elapsed 0.003696 user 0.000000 system sec
	!	[0.011629 user 0.003966 sys total]
	!	0/0 [0/72] filesystem blocks in/out
	!	0/1 [102/474] page faults/reclaims, 0 [0] swaps
	!	0 [0] signals rcvd, 0/0 [0/0] messages rcvd/sent
	!	0/0 [83/4] voluntary/involuntary context switches
	! buffer usage stats:
	!	Shared blocks:         30 read,          0 written, buffer hit rate = 6.25%
	!	Local  blocks:          0 read,          0 written, buffer hit rate = 0.00%
	!	Direct blocks:          0 read,          0 written
	 1: count	(typeid = 20, len = 8, typmod = -1, byval = f)
	----
	 1: count = "2500"	(typeid = 20, len = 8, typmod = -1, byval = f)
	----
backend> LOG:  QUERY STATISTICS
DETAIL:  ! system usage stats:
	!	0.002740 elapsed 0.002117 user 0.000624 system sec
	!	[0.013770 user 0.004590 sys total]
	!	0/0 [0/80] filesystem blocks in/out
	!	0/0 [102/474] page faults/reclaims, 0 [0] swaps
	!	0 [0] signals rcvd, 0/0 [0/0] messages rcvd/sent
	!	0/0 [84/4] voluntary/involuntary context switches
	! buffer usage stats:
	!	Shared blocks:         30 read,          0 written, buffer hit rate = 6.25%
	!	Local  blocks:          0 read,          0 written, buffer hit rate = 0.00%
	!	Direct blocks:          0 read,          0 written
	 1: count	(typeid = 20, len = 8, typmod = -1, byval = f)
	----
	 1: count = "999"	(typeid = 20, len = 8, typmod = -1, byval = f)
	----
backend> LOG:  QUERY STATISTICS
DETAIL:  ! system usage stats:
	!	0.000261 elapsed 0.000196 user 0.000065 system sec
	!	[0.013982 user 0.004660 sys total]
	!	0/0 [0/88] filesystem blocks in/out
	!	0/3 [102/477] page faults/reclaims, 0 [0] swaps
	!	0 [0] signals rcvd, 0/0 [0/0] messages rcvd/sent
	!	0/0 [84/4] voluntary/involuntary context switches
	! buffer usage stats:
	!	Shared blocks:          6 read,          0 written, buffer hit rate = 98.03%
	!	Local  blocks:          0 read,          0 written, buffer hit rate = 0.00%
	!	Direct blocks:          0 read,          0 written
	 1: count	(typeid = 20, len = 8, typmod = -1, byval = f)
	----
	 1: count = "301"	(typeid = 20, len = 8, typmod = -1, byval = f)
	----
backend> LOG:  QUERY STATISTICS
DETAIL:  ! system usage stats:
	!	0.000129 elapsed 0.000097 user 0.000033 system sec
	!	[0.014091 user 0.004697 sys total]
	!	0/0 [0/88] filesystem blocks in/out
	!	0/0 [102/477] page faults/reclaims, 0 [0] swaps
	!	0 [0] signals rcvd, 0/0 [0/0] messages rcvd/sent
	!	0/0 [84/4] voluntary/involuntary context switches
	! buffer usage stats:
	!	Shared blocks:          5 read,          0 written, buffer hit rate = 95.19%
	!	Local  blocks:          0 read,          0 written, buffer hit rate = 0.00%
	!	Direct blocks:          0 read,          0 written
	 1: count	(typeid = 20, len = 8, typmod = -1, byval = f)
	----
	 1: count = "101"	(typeid = 20, len = 8, typmod = -1, byval = f)
	----
backend> LOG:  QUERY STATISTICS
DETAIL:  ! system usage stats:
	!	0.000125 elapsed 0.000093 user 0.000031 system sec
	!	[0.014196 user 0.004732 sys total]
	!	0/0 [0/88] filesystem blocks in/out
	!	0/0 [102/477] page faults/reclaims, 0 [0] swaps
	!	0 [0] signals rcvd, 0/0 [0/0] messages rcvd/sent
	!	0/0 [84/4] voluntary/involuntary context switches
	! buffer usage stats:
	!	Shared blocks:          5 read,          0 written, buffer hit rate = 95.19%
	!	Local  blocks:          0 read,          0 written, buffer hit rate = 0.00%
	!	Direct blocks:          0 read,          0 written
	 1: count	(typeid = 20, len = 8, typmod = -1, byval = f)
	----
	 1: count = "101"	(typeid = 20, len = 8, typmod = -1, byval = f)
	----
backend> LOG:  QUERY STATISTICS
DETAIL:  ! system usage stats:
	!	0.000093 elapsed 0.000069 user 0.000023 system sec
	!	[0.014277 user 0.004759 sys total]
	!	0/0 [0/88] filesystem blocks in/out
	!	0/0 [102/477] page faults/reclaims, 0 [0] swaps
	!	0 [0] signals rcvd, 0/0 [0/0] messages rcvd/sent
	!	0/0 [84/4] voluntary/involuntary context switches
	! buffer usage stats:
	!	Shared blocks:          5 read,          0 written, buffer hit rate = 85.71%
	!	Local  blocks:          0 read,          0 written, buffer hit rate = 0.00%
	!	Direct blocks:          0 read,          0 written
	 1: count	(typeid = 20, len = 8, typmod = -1, byval = f)
	----
	 1: count = "31"	(typeid = 20, len = 8, typmod = -1, byval = f)
	----
backend> LOG:  shutting down
LOG:  database system is shut down
