LOG:  database system was shut down at 2024-02-09 15:38:15 EST
LOG:  checkpoint record is at 0/BCFEB8
LOG:  redo record is at 0/BCFEB8; undo record is at 0/0; shutdown TRUE
LOG:  next transaction ID: 31098; next OID: 22147
LOG:  database system is ready

POSTGRES backend interactive interface 
$Revision: 1.375.2.5 $ $Date: 2005/12/14 17:07:00 $

backend> LOG:  QUERY STATISTICS
DETAIL:  ! system usage stats:
	!	0.035959 elapsed 0.003597 user 0.000000 system sec
	!	[0.007661 user 0.000000 sys total]
	!	0/0 [0/56] filesystem blocks in/out
	!	66/52 [113/440] page faults/reclaims, 0 [0] swaps
	!	0 [0] signals rcvd, 0/0 [0/0] messages rcvd/sent
	!	31/2 [81/21] voluntary/involuntary context switches
	! buffer usage stats:
	!	Shared blocks:        175 read,          0 written, buffer hit rate = 25.85%
	!	Local  blocks:          0 read,          0 written, buffer hit rate = 0.00%
	!	Direct blocks:          0 read,          0 written
	 1: count	(typeid = 20, len = 8, typmod = -1, byval = f)
	----
	 1: count = "2175"	(typeid = 20, len = 8, typmod = -1, byval = f)
	----
backend> LOG:  QUERY STATISTICS
DETAIL:  ! system usage stats:
	!	0.003053 elapsed 0.003045 user 0.000000 system sec
	!	[0.010747 user 0.000000 sys total]
	!	0/0 [0/72] filesystem blocks in/out
	!	0/10 [113/450] page faults/reclaims, 0 [0] swaps
	!	0 [0] signals rcvd, 0/0 [0/0] messages rcvd/sent
	!	0/1 [82/23] voluntary/involuntary context switches
	! buffer usage stats:
	!	Shared blocks:         77 read,          0 written, buffer hit rate = 32.46%
	!	Local  blocks:          0 read,          0 written, buffer hit rate = 0.00%
	!	Direct blocks:          0 read,          0 written
	 1: count	(typeid = 20, len = 8, typmod = -1, byval = f)
	----
	 1: count = "1051"	(typeid = 20, len = 8, typmod = -1, byval = f)
	----
backend> LOG:  QUERY STATISTICS
DETAIL:  ! system usage stats:
	!	0.003501 elapsed 0.003450 user 0.000000 system sec
	!	[0.014228 user 0.000000 sys total]
	!	0/0 [0/72] filesystem blocks in/out
	!	0/13 [113/464] page faults/reclaims, 0 [0] swaps
	!	0 [0] signals rcvd, 0/0 [0/0] messages rcvd/sent
	!	0/2 [82/25] voluntary/involuntary context switches
	! buffer usage stats:
	!	Shared blocks:        101 read,          0 written, buffer hit rate = 26.28%
	!	Local  blocks:          0 read,          0 written, buffer hit rate = 0.00%
	!	Direct blocks:          0 read,          0 written
	 1: count	(typeid = 20, len = 8, typmod = -1, byval = f)
	----
	 1: count = "541"	(typeid = 20, len = 8, typmod = -1, byval = f)
	----
backend> LOG:  QUERY STATISTICS
DETAIL:  ! system usage stats:
	!	0.003491 elapsed 0.003462 user 0.000000 system sec
	!	[0.017719 user 0.000000 sys total]
	!	0/0 [0/80] filesystem blocks in/out
	!	0/7 [113/471] page faults/reclaims, 0 [0] swaps
	!	0 [0] signals rcvd, 0/0 [0/0] messages rcvd/sent
	!	0/1 [83/26] voluntary/involuntary context switches
	! buffer usage stats:
	!	Shared blocks:         65 read,          0 written, buffer hit rate = 22.62%
	!	Local  blocks:          0 read,          0 written, buffer hit rate = 0.00%
	!	Direct blocks:          0 read,          0 written
	 1: count	(typeid = 20, len = 8, typmod = -1, byval = f)
	----
	 1: count = "1326"	(typeid = 20, len = 8, typmod = -1, byval = f)
	----
backend> LOG:  QUERY STATISTICS
DETAIL:  ! system usage stats:
	!	0.004009 elapsed 0.003934 user 0.000000 system sec
	!	[0.021679 user 0.000000 sys total]
	!	0/0 [0/88] filesystem blocks in/out
	!	0/2 [113/473] page faults/reclaims, 0 [0] swaps
	!	0 [0] signals rcvd, 0/0 [0/0] messages rcvd/sent
	!	0/7 [84/33] voluntary/involuntary context switches
	! buffer usage stats:
	!	Shared blocks:         30 read,          0 written, buffer hit rate = 6.25%
	!	Local  blocks:          0 read,          0 written, buffer hit rate = 0.00%
	!	Direct blocks:          0 read,          0 written
	 1: count	(typeid = 20, len = 8, typmod = -1, byval = f)
	----
	 1: count = "340"	(typeid = 20, len = 8, typmod = -1, byval = f)
	----
backend> LOG:  QUERY STATISTICS
DETAIL:  ! system usage stats:
	!	0.003139 elapsed 0.003139 user 0.000000 system sec
	!	[0.024841 user 0.000000 sys total]
	!	0/0 [0/96] filesystem blocks in/out
	!	0/0 [113/473] page faults/reclaims, 0 [0] swaps
	!	0 [0] signals rcvd, 0/0 [0/0] messages rcvd/sent
	!	0/0 [85/33] voluntary/involuntary context switches
	! buffer usage stats:
	!	Shared blocks:         30 read,          0 written, buffer hit rate = 6.25%
	!	Local  blocks:          0 read,          0 written, buffer hit rate = 0.00%
	!	Direct blocks:          0 read,          0 written
	 1: count	(typeid = 20, len = 8, typmod = -1, byval = f)
	----
	 1: count = "1794"	(typeid = 20, len = 8, typmod = -1, byval = f)
	----
backend> LOG:  QUERY STATISTICS
DETAIL:  ! system usage stats:
	!	0.002323 elapsed 0.002323 user 0.000000 system sec
	!	[0.027186 user 0.000000 sys total]
	!	0/0 [0/104] filesystem blocks in/out
	!	0/0 [113/473] page faults/reclaims, 0 [0] swaps
	!	0 [0] signals rcvd, 0/0 [0/0] messages rcvd/sent
	!	0/0 [85/33] voluntary/involuntary context switches
	! buffer usage stats:
	!	Shared blocks:         30 read,          0 written, buffer hit rate = 6.25%
	!	Local  blocks:          0 read,          0 written, buffer hit rate = 0.00%
	!	Direct blocks:          0 read,          0 written
	 1: count	(typeid = 20, len = 8, typmod = -1, byval = f)
	----
	 1: count = "729"	(typeid = 20, len = 8, typmod = -1, byval = f)
	----
backend> LOG:  QUERY STATISTICS
DETAIL:  ! system usage stats:
	!	0.002589 elapsed 0.002530 user 0.000000 system sec
	!	[0.029732 user 0.000000 sys total]
	!	0/0 [0/104] filesystem blocks in/out
	!	0/0 [113/473] page faults/reclaims, 0 [0] swaps
	!	0 [0] signals rcvd, 0/0 [0/0] messages rcvd/sent
	!	0/4 [85/37] voluntary/involuntary context switches
	! buffer usage stats:
	!	Shared blocks:         30 read,          0 written, buffer hit rate = 6.25%
	!	Local  blocks:          0 read,          0 written, buffer hit rate = 0.00%
	!	Direct blocks:          0 read,          0 written
	 1: count	(typeid = 20, len = 8, typmod = -1, byval = f)
	----
	 1: count = "579"	(typeid = 20, len = 8, typmod = -1, byval = f)
	----
backend> LOG:  QUERY STATISTICS
DETAIL:  ! system usage stats:
	!	0.003161 elapsed 0.003161 user 0.000000 system sec
	!	[0.032916 user 0.000000 sys total]
	!	0/0 [0/112] filesystem blocks in/out
	!	0/0 [113/473] page faults/reclaims, 0 [0] swaps
	!	0 [0] signals rcvd, 0/0 [0/0] messages rcvd/sent
	!	0/0 [86/37] voluntary/involuntary context switches
	! buffer usage stats:
	!	Shared blocks:         30 read,          0 written, buffer hit rate = 6.25%
	!	Local  blocks:          0 read,          0 written, buffer hit rate = 0.00%
	!	Direct blocks:          0 read,          0 written
	 1: count	(typeid = 20, len = 8, typmod = -1, byval = f)
	----
	 1: count = "2479"	(typeid = 20, len = 8, typmod = -1, byval = f)
	----
backend> LOG:  QUERY STATISTICS
DETAIL:  ! system usage stats:
	!	0.003145 elapsed 0.003144 user 0.000000 system sec
	!	[0.036078 user 0.000000 sys total]
	!	0/0 [0/112] filesystem blocks in/out
	!	0/0 [113/473] page faults/reclaims, 0 [0] swaps
	!	0 [0] signals rcvd, 0/0 [0/0] messages rcvd/sent
	!	0/0 [86/37] voluntary/involuntary context switches
	! buffer usage stats:
	!	Shared blocks:         30 read,          0 written, buffer hit rate = 6.25%
	!	Local  blocks:          0 read,          0 written, buffer hit rate = 0.00%
	!	Direct blocks:          0 read,          0 written
	 1: count	(typeid = 20, len = 8, typmod = -1, byval = f)
	----
	 1: count = "1473"	(typeid = 20, len = 8, typmod = -1, byval = f)
	----
backend> LOG:  shutting down
LOG:  database system is shut down
