LOG:  database system was shut down at 2024-02-09 19:03:05 EST
LOG:  checkpoint record is at 0/C0BD30
LOG:  redo record is at 0/C0BD30; undo record is at 0/0; shutdown TRUE
LOG:  next transaction ID: 40587; next OID: 22147
LOG:  database system is ready

POSTGRES backend interactive interface 
$Revision: 1.375.2.5 $ $Date: 2005/12/14 17:07:00 $

backend> LOG:  QUERY STATISTICS
DETAIL:  ! system usage stats:
	!	0.039178 elapsed 0.000000 user 0.002008 system sec
	!	[0.000000 user 0.006284 sys total]
	!	0/0 [0/56] filesystem blocks in/out
	!	87/63 [135/448] page faults/reclaims, 0 [0] swaps
	!	0 [0] signals rcvd, 0/0 [0/0] messages rcvd/sent
	!	35/0 [87/3] voluntary/involuntary context switches
	! buffer usage stats:
	!	Shared blocks:        127 read,          0 written, buffer hit rate = 57.53%
	!	Local  blocks:          0 read,          0 written, buffer hit rate = 0.00%
	!	Direct blocks:          0 read,          0 written
	 1: count	(typeid = 20, len = 8, typmod = -1, byval = f)
	----
	 1: count = "41"	(typeid = 20, len = 8, typmod = -1, byval = f)
	----
backend> LOG:  QUERY STATISTICS
DETAIL:  ! system usage stats:
	!	0.003559 elapsed 0.003558 user 0.000000 system sec
	!	[0.003558 user 0.006320 sys total]
	!	0/0 [0/64] filesystem blocks in/out
	!	0/10 [135/458] page faults/reclaims, 0 [0] swaps
	!	0 [0] signals rcvd, 0/0 [0/0] messages rcvd/sent
	!	0/0 [87/3] voluntary/involuntary context switches
	! buffer usage stats:
	!	Shared blocks:         52 read,          0 written, buffer hit rate = 52.73%
	!	Local  blocks:          0 read,          0 written, buffer hit rate = 0.00%
	!	Direct blocks:          0 read,          0 written
	 1: count	(typeid = 20, len = 8, typmod = -1, byval = f)
	----
	 1: count = "50"	(typeid = 20, len = 8, typmod = -1, byval = f)
	----
backend> LOG:  QUERY STATISTICS
DETAIL:  ! system usage stats:
	!	0.000416 elapsed 0.000416 user 0.000000 system sec
	!	[0.004006 user 0.006320 sys total]
	!	0/0 [0/72] filesystem blocks in/out
	!	0/12 [135/471] page faults/reclaims, 0 [0] swaps
	!	0 [0] signals rcvd, 0/0 [0/0] messages rcvd/sent
	!	0/0 [88/3] voluntary/involuntary context switches
	! buffer usage stats:
	!	Shared blocks:         36 read,          0 written, buffer hit rate = 82.69%
	!	Local  blocks:          0 read,          0 written, buffer hit rate = 0.00%
	!	Direct blocks:          0 read,          0 written
	 1: count	(typeid = 20, len = 8, typmod = -1, byval = f)
	----
	 1: count = "99"	(typeid = 20, len = 8, typmod = -1, byval = f)
	----
backend> LOG:  QUERY STATISTICS
DETAIL:  ! system usage stats:
	!	0.000665 elapsed 0.000664 user 0.000000 system sec
	!	[0.004689 user 0.006320 sys total]
	!	0/0 [0/72] filesystem blocks in/out
	!	0/0 [135/471] page faults/reclaims, 0 [0] swaps
	!	0 [0] signals rcvd, 0/0 [0/0] messages rcvd/sent
	!	0/0 [88/3] voluntary/involuntary context switches
	! buffer usage stats:
	!	Shared blocks:         12 read,          0 written, buffer hit rate = 98.81%
	!	Local  blocks:          0 read,          0 written, buffer hit rate = 0.00%
	!	Direct blocks:          0 read,          0 written
	 1: count	(typeid = 20, len = 8, typmod = -1, byval = f)
	----
	 1: count = "1000"	(typeid = 20, len = 8, typmod = -1, byval = f)
	----
backend> LOG:  QUERY STATISTICS
DETAIL:  ! system usage stats:
	!	0.003584 elapsed 0.003577 user 0.000000 system sec
	!	[0.008289 user 0.006320 sys total]
	!	0/0 [0/72] filesystem blocks in/out
	!	0/1 [135/473] page faults/reclaims, 0 [0] swaps
	!	0 [0] signals rcvd, 0/0 [0/0] messages rcvd/sent
	!	0/1 [88/4] voluntary/involuntary context switches
	! buffer usage stats:
	!	Shared blocks:         29 read,          0 written, buffer hit rate = 9.38%
	!	Local  blocks:          0 read,          0 written, buffer hit rate = 0.00%
	!	Direct blocks:          0 read,          0 written
	 1: count	(typeid = 20, len = 8, typmod = -1, byval = f)
	----
	 1: count = "2500"	(typeid = 20, len = 8, typmod = -1, byval = f)
	----
backend> LOG:  QUERY STATISTICS
DETAIL:  ! system usage stats:
	!	0.004218 elapsed 0.003341 user 0.000000 system sec
	!	[0.011649 user 0.006320 sys total]
	!	0/0 [0/80] filesystem blocks in/out
	!	0/0 [135/473] page faults/reclaims, 0 [0] swaps
	!	0 [0] signals rcvd, 0/0 [0/0] messages rcvd/sent
	!	0/4 [88/8] voluntary/involuntary context switches
	! buffer usage stats:
	!	Shared blocks:         29 read,          0 written, buffer hit rate = 9.38%
	!	Local  blocks:          0 read,          0 written, buffer hit rate = 0.00%
	!	Direct blocks:          0 read,          0 written
	 1: count	(typeid = 20, len = 8, typmod = -1, byval = f)
	----
	 1: count = "999"	(typeid = 20, len = 8, typmod = -1, byval = f)
	----
backend> LOG:  QUERY STATISTICS
DETAIL:  ! system usage stats:
	!	0.000323 elapsed 0.000323 user 0.000000 system sec
	!	[0.012013 user 0.006320 sys total]
	!	0/0 [0/96] filesystem blocks in/out
	!	0/3 [135/476] page faults/reclaims, 0 [0] swaps
	!	0 [0] signals rcvd, 0/0 [0/0] messages rcvd/sent
	!	0/0 [89/8] voluntary/involuntary context switches
	! buffer usage stats:
	!	Shared blocks:          6 read,          0 written, buffer hit rate = 98.03%
	!	Local  blocks:          0 read,          0 written, buffer hit rate = 0.00%
	!	Direct blocks:          0 read,          0 written
	 1: count	(typeid = 20, len = 8, typmod = -1, byval = f)
	----
	 1: count = "301"	(typeid = 20, len = 8, typmod = -1, byval = f)
	----
backend> LOG:  QUERY STATISTICS
DETAIL:  ! system usage stats:
	!	0.000151 elapsed 0.000150 user 0.000000 system sec
	!	[0.012185 user 0.006320 sys total]
	!	0/0 [0/96] filesystem blocks in/out
	!	0/0 [135/476] page faults/reclaims, 0 [0] swaps
	!	0 [0] signals rcvd, 0/0 [0/0] messages rcvd/sent
	!	0/0 [89/8] voluntary/involuntary context switches
	! buffer usage stats:
	!	Shared blocks:          5 read,          0 written, buffer hit rate = 95.19%
	!	Local  blocks:          0 read,          0 written, buffer hit rate = 0.00%
	!	Direct blocks:          0 read,          0 written
	 1: count	(typeid = 20, len = 8, typmod = -1, byval = f)
	----
	 1: count = "101"	(typeid = 20, len = 8, typmod = -1, byval = f)
	----
backend> LOG:  QUERY STATISTICS
DETAIL:  ! system usage stats:
	!	0.000133 elapsed 0.000132 user 0.000000 system sec
	!	[0.012334 user 0.006320 sys total]
	!	0/0 [0/96] filesystem blocks in/out
	!	0/0 [135/476] page faults/reclaims, 0 [0] swaps
	!	0 [0] signals rcvd, 0/0 [0/0] messages rcvd/sent
	!	0/0 [89/8] voluntary/involuntary context switches
	! buffer usage stats:
	!	Shared blocks:          5 read,          0 written, buffer hit rate = 95.19%
	!	Local  blocks:          0 read,          0 written, buffer hit rate = 0.00%
	!	Direct blocks:          0 read,          0 written
	 1: count	(typeid = 20, len = 8, typmod = -1, byval = f)
	----
	 1: count = "101"	(typeid = 20, len = 8, typmod = -1, byval = f)
	----
backend> LOG:  QUERY STATISTICS
DETAIL:  ! system usage stats:
	!	0.000094 elapsed 0.000094 user 0.000000 system sec
	!	[0.012443 user 0.006320 sys total]
	!	0/0 [0/96] filesystem blocks in/out
	!	0/0 [135/476] page faults/reclaims, 0 [0] swaps
	!	0 [0] signals rcvd, 0/0 [0/0] messages rcvd/sent
	!	0/0 [89/8] voluntary/involuntary context switches
	! buffer usage stats:
	!	Shared blocks:          4 read,          0 written, buffer hit rate = 88.57%
	!	Local  blocks:          0 read,          0 written, buffer hit rate = 0.00%
	!	Direct blocks:          0 read,          0 written
	 1: count	(typeid = 20, len = 8, typmod = -1, byval = f)
	----
	 1: count = "31"	(typeid = 20, len = 8, typmod = -1, byval = f)
	----
backend> LOG:  shutting down
LOG:  database system is shut down
