LOG:  database system was shut down at 2024-02-09 15:15:38 EST
LOG:  checkpoint record is at 0/BBCB30
LOG:  redo record is at 0/BBCB30; undo record is at 0/0; shutdown TRUE
LOG:  next transaction ID: 28097; next OID: 22147
LOG:  database system is ready

POSTGRES backend interactive interface 
$Revision: 1.375.2.5 $ $Date: 2005/12/14 17:07:00 $

backend> LOG:  QUERY STATISTICS
DETAIL:  ! system usage stats:
	!	0.039379 elapsed 0.002203 user 0.000000 system sec
	!	[0.006610 user 0.000000 sys total]
	!	0/0 [0/56] filesystem blocks in/out
	!	168/61 [219/450] page faults/reclaims, 0 [0] swaps
	!	0 [0] signals rcvd, 0/0 [0/0] messages rcvd/sent
	!	35/1 [82/5] voluntary/involuntary context switches
	! buffer usage stats:
	!	Shared blocks:         84 read,          0 written, buffer hit rate = 71.91%
	!	Local  blocks:          0 read,          0 written, buffer hit rate = 0.00%
	!	Direct blocks:          0 read,          0 written
	 1: count	(typeid = 20, len = 8, typmod = -1, byval = f)
	----
	 1: count = "41"	(typeid = 20, len = 8, typmod = -1, byval = f)
	----
backend> LOG:  QUERY STATISTICS
DETAIL:  ! system usage stats:
	!	0.003628 elapsed 0.003592 user 0.000000 system sec
	!	[0.010238 user 0.000000 sys total]
	!	0/0 [0/64] filesystem blocks in/out
	!	74/10 [293/460] page faults/reclaims, 0 [0] swaps
	!	0 [0] signals rcvd, 0/0 [0/0] messages rcvd/sent
	!	0/2 [82/7] voluntary/involuntary context switches
	! buffer usage stats:
	!	Shared blocks:         37 read,          0 written, buffer hit rate = 66.36%
	!	Local  blocks:          0 read,          0 written, buffer hit rate = 0.00%
	!	Direct blocks:          0 read,          0 written
	 1: count	(typeid = 20, len = 8, typmod = -1, byval = f)
	----
	 1: count = "50"	(typeid = 20, len = 8, typmod = -1, byval = f)
	----
backend> LOG:  QUERY STATISTICS
DETAIL:  ! system usage stats:
	!	0.000343 elapsed 0.000344 user 0.000000 system sec
	!	[0.010620 user 0.000000 sys total]
	!	0/0 [0/72] filesystem blocks in/out
	!	7/12 [300/473] page faults/reclaims, 0 [0] swaps
	!	0 [0] signals rcvd, 0/0 [0/0] messages rcvd/sent
	!	0/0 [83/7] voluntary/involuntary context switches
	! buffer usage stats:
	!	Shared blocks:          3 read,          0 written, buffer hit rate = 98.56%
	!	Local  blocks:          0 read,          0 written, buffer hit rate = 0.00%
	!	Direct blocks:          0 read,          0 written
	 1: count	(typeid = 20, len = 8, typmod = -1, byval = f)
	----
	 1: count = "99"	(typeid = 20, len = 8, typmod = -1, byval = f)
	----
backend> LOG:  QUERY STATISTICS
DETAIL:  ! system usage stats:
	!	0.000591 elapsed 0.000581 user 0.000000 system sec
	!	[0.011222 user 0.000000 sys total]
	!	0/0 [0/72] filesystem blocks in/out
	!	6/0 [306/473] page faults/reclaims, 0 [0] swaps
	!	0 [0] signals rcvd, 0/0 [0/0] messages rcvd/sent
	!	0/1 [83/8] voluntary/involuntary context switches
	! buffer usage stats:
	!	Shared blocks:          3 read,          0 written, buffer hit rate = 99.70%
	!	Local  blocks:          0 read,          0 written, buffer hit rate = 0.00%
	!	Direct blocks:          0 read,          0 written
	 1: count	(typeid = 20, len = 8, typmod = -1, byval = f)
	----
	 1: count = "1000"	(typeid = 20, len = 8, typmod = -1, byval = f)
	----
backend> LOG:  QUERY STATISTICS
DETAIL:  ! system usage stats:
	!	0.002891 elapsed 0.002873 user 0.000000 system sec
	!	[0.014114 user 0.000000 sys total]
	!	0/0 [0/72] filesystem blocks in/out
	!	0/1 [306/474] page faults/reclaims, 0 [0] swaps
	!	0 [0] signals rcvd, 0/0 [0/0] messages rcvd/sent
	!	0/2 [83/10] voluntary/involuntary context switches
	! buffer usage stats:
	!	Shared blocks:          0 read,          0 written, buffer hit rate = 100.00%
	!	Local  blocks:          0 read,          0 written, buffer hit rate = 0.00%
	!	Direct blocks:          0 read,          0 written
	 1: count	(typeid = 20, len = 8, typmod = -1, byval = f)
	----
	 1: count = "2500"	(typeid = 20, len = 8, typmod = -1, byval = f)
	----
backend> LOG:  QUERY STATISTICS
DETAIL:  ! system usage stats:
	!	0.001996 elapsed 0.001997 user 0.000000 system sec
	!	[0.016132 user 0.000000 sys total]
	!	0/0 [0/72] filesystem blocks in/out
	!	0/0 [306/475] page faults/reclaims, 0 [0] swaps
	!	0 [0] signals rcvd, 0/0 [0/0] messages rcvd/sent
	!	0/0 [83/10] voluntary/involuntary context switches
	! buffer usage stats:
	!	Shared blocks:          0 read,          0 written, buffer hit rate = 100.00%
	!	Local  blocks:          0 read,          0 written, buffer hit rate = 0.00%
	!	Direct blocks:          0 read,          0 written
	 1: count	(typeid = 20, len = 8, typmod = -1, byval = f)
	----
	 1: count = "999"	(typeid = 20, len = 8, typmod = -1, byval = f)
	----
backend> LOG:  QUERY STATISTICS
DETAIL:  ! system usage stats:
	!	0.000253 elapsed 0.000233 user 0.000000 system sec
	!	[0.016396 user 0.000000 sys total]
	!	0/0 [0/88] filesystem blocks in/out
	!	0/2 [306/477] page faults/reclaims, 0 [0] swaps
	!	0 [0] signals rcvd, 0/0 [0/0] messages rcvd/sent
	!	0/1 [84/11] voluntary/involuntary context switches
	! buffer usage stats:
	!	Shared blocks:          0 read,          0 written, buffer hit rate = 100.00%
	!	Local  blocks:          0 read,          0 written, buffer hit rate = 0.00%
	!	Direct blocks:          0 read,          0 written
	 1: count	(typeid = 20, len = 8, typmod = -1, byval = f)
	----
	 1: count = "301"	(typeid = 20, len = 8, typmod = -1, byval = f)
	----
backend> LOG:  QUERY STATISTICS
DETAIL:  ! system usage stats:
	!	0.000116 elapsed 0.000116 user 0.000000 system sec
	!	[0.016531 user 0.000000 sys total]
	!	0/0 [0/88] filesystem blocks in/out
	!	0/0 [306/477] page faults/reclaims, 0 [0] swaps
	!	0 [0] signals rcvd, 0/0 [0/0] messages rcvd/sent
	!	0/0 [84/11] voluntary/involuntary context switches
	! buffer usage stats:
	!	Shared blocks:          0 read,          0 written, buffer hit rate = 100.00%
	!	Local  blocks:          0 read,          0 written, buffer hit rate = 0.00%
	!	Direct blocks:          0 read,          0 written
	 1: count	(typeid = 20, len = 8, typmod = -1, byval = f)
	----
	 1: count = "101"	(typeid = 20, len = 8, typmod = -1, byval = f)
	----
backend> LOG:  QUERY STATISTICS
DETAIL:  ! system usage stats:
	!	0.000118 elapsed 0.000118 user 0.000000 system sec
	!	[0.016664 user 0.000000 sys total]
	!	0/0 [0/88] filesystem blocks in/out
	!	2/0 [308/477] page faults/reclaims, 0 [0] swaps
	!	0 [0] signals rcvd, 0/0 [0/0] messages rcvd/sent
	!	0/0 [84/11] voluntary/involuntary context switches
	! buffer usage stats:
	!	Shared blocks:          1 read,          0 written, buffer hit rate = 99.04%
	!	Local  blocks:          0 read,          0 written, buffer hit rate = 0.00%
	!	Direct blocks:          0 read,          0 written
	 1: count	(typeid = 20, len = 8, typmod = -1, byval = f)
	----
	 1: count = "101"	(typeid = 20, len = 8, typmod = -1, byval = f)
	----
backend> LOG:  QUERY STATISTICS
DETAIL:  ! system usage stats:
	!	0.000123 elapsed 0.000123 user 0.000000 system sec
	!	[0.016805 user 0.000000 sys total]
	!	0/0 [0/88] filesystem blocks in/out
	!	4/0 [312/477] page faults/reclaims, 0 [0] swaps
	!	0 [0] signals rcvd, 0/0 [0/0] messages rcvd/sent
	!	0/0 [84/11] voluntary/involuntary context switches
	! buffer usage stats:
	!	Shared blocks:          2 read,          0 written, buffer hit rate = 94.29%
	!	Local  blocks:          0 read,          0 written, buffer hit rate = 0.00%
	!	Direct blocks:          0 read,          0 written
	 1: count	(typeid = 20, len = 8, typmod = -1, byval = f)
	----
	 1: count = "31"	(typeid = 20, len = 8, typmod = -1, byval = f)
	----
backend> LOG:  shutting down
LOG:  database system is shut down
