LOG:  database system was shut down at 2024-02-09 19:05:42 EST
LOG:  checkpoint record is at 0/C10838
LOG:  redo record is at 0/C10838; undo record is at 0/0; shutdown TRUE
LOG:  next transaction ID: 41353; next OID: 22147
LOG:  database system is ready

POSTGRES backend interactive interface 
$Revision: 1.375.2.5 $ $Date: 2005/12/14 17:07:00 $

backend> LOG:  QUERY STATISTICS
DETAIL:  ! system usage stats:
	!	0.036685 elapsed 0.000000 user 0.002168 system sec
	!	[0.000000 user 0.006526 sys total]
	!	0/0 [0/56] filesystem blocks in/out
	!	169/62 [221/451] page faults/reclaims, 0 [0] swaps
	!	0 [0] signals rcvd, 0/0 [0/0] messages rcvd/sent
	!	35/0 [85/2] voluntary/involuntary context switches
	! buffer usage stats:
	!	Shared blocks:         84 read,          0 written, buffer hit rate = 71.91%
	!	Local  blocks:          0 read,          0 written, buffer hit rate = 0.00%
	!	Direct blocks:          0 read,          0 written
	 1: count	(typeid = 20, len = 8, typmod = -1, byval = f)
	----
	 1: count = "41"	(typeid = 20, len = 8, typmod = -1, byval = f)
	----
backend> LOG:  QUERY STATISTICS
DETAIL:  ! system usage stats:
	!	0.003825 elapsed 0.003784 user 0.000000 system sec
	!	[0.003784 user 0.006567 sys total]
	!	0/0 [0/64] filesystem blocks in/out
	!	74/10 [295/461] page faults/reclaims, 0 [0] swaps
	!	0 [0] signals rcvd, 0/0 [0/0] messages rcvd/sent
	!	0/1 [85/3] voluntary/involuntary context switches
	! buffer usage stats:
	!	Shared blocks:         37 read,          0 written, buffer hit rate = 66.36%
	!	Local  blocks:          0 read,          0 written, buffer hit rate = 0.00%
	!	Direct blocks:          0 read,          0 written
	 1: count	(typeid = 20, len = 8, typmod = -1, byval = f)
	----
	 1: count = "50"	(typeid = 20, len = 8, typmod = -1, byval = f)
	----
backend> LOG:  QUERY STATISTICS
DETAIL:  ! system usage stats:
	!	0.000376 elapsed 0.000345 user 0.000000 system sec
	!	[0.004159 user 0.006567 sys total]
	!	0/0 [0/72] filesystem blocks in/out
	!	6/12 [301/474] page faults/reclaims, 0 [0] swaps
	!	0 [0] signals rcvd, 0/0 [0/0] messages rcvd/sent
	!	0/2 [85/5] voluntary/involuntary context switches
	! buffer usage stats:
	!	Shared blocks:          3 read,          0 written, buffer hit rate = 98.56%
	!	Local  blocks:          0 read,          0 written, buffer hit rate = 0.00%
	!	Direct blocks:          0 read,          0 written
	 1: count	(typeid = 20, len = 8, typmod = -1, byval = f)
	----
	 1: count = "99"	(typeid = 20, len = 8, typmod = -1, byval = f)
	----
backend> LOG:  QUERY STATISTICS
DETAIL:  ! system usage stats:
	!	0.000510 elapsed 0.000511 user 0.000000 system sec
	!	[0.004690 user 0.006567 sys total]
	!	0/0 [0/72] filesystem blocks in/out
	!	6/0 [307/474] page faults/reclaims, 0 [0] swaps
	!	0 [0] signals rcvd, 0/0 [0/0] messages rcvd/sent
	!	0/0 [85/5] voluntary/involuntary context switches
	! buffer usage stats:
	!	Shared blocks:          3 read,          0 written, buffer hit rate = 99.70%
	!	Local  blocks:          0 read,          0 written, buffer hit rate = 0.00%
	!	Direct blocks:          0 read,          0 written
	 1: count	(typeid = 20, len = 8, typmod = -1, byval = f)
	----
	 1: count = "1000"	(typeid = 20, len = 8, typmod = -1, byval = f)
	----
backend> LOG:  QUERY STATISTICS
DETAIL:  ! system usage stats:
	!	0.001898 elapsed 0.001897 user 0.000000 system sec
	!	[0.006605 user 0.006567 sys total]
	!	0/0 [0/72] filesystem blocks in/out
	!	0/1 [307/475] page faults/reclaims, 0 [0] swaps
	!	0 [0] signals rcvd, 0/0 [0/0] messages rcvd/sent
	!	0/0 [85/5] voluntary/involuntary context switches
	! buffer usage stats:
	!	Shared blocks:          0 read,          0 written, buffer hit rate = 100.00%
	!	Local  blocks:          0 read,          0 written, buffer hit rate = 0.00%
	!	Direct blocks:          0 read,          0 written
	 1: count	(typeid = 20, len = 8, typmod = -1, byval = f)
	----
	 1: count = "2500"	(typeid = 20, len = 8, typmod = -1, byval = f)
	----
backend> LOG:  QUERY STATISTICS
DETAIL:  ! system usage stats:
	!	0.002192 elapsed 0.002136 user 0.000000 system sec
	!	[0.008760 user 0.006567 sys total]
	!	0/0 [0/72] filesystem blocks in/out
	!	0/0 [307/476] page faults/reclaims, 0 [0] swaps
	!	0 [0] signals rcvd, 0/0 [0/0] messages rcvd/sent
	!	0/4 [85/9] voluntary/involuntary context switches
	! buffer usage stats:
	!	Shared blocks:          0 read,          0 written, buffer hit rate = 100.00%
	!	Local  blocks:          0 read,          0 written, buffer hit rate = 0.00%
	!	Direct blocks:          0 read,          0 written
	 1: count	(typeid = 20, len = 8, typmod = -1, byval = f)
	----
	 1: count = "999"	(typeid = 20, len = 8, typmod = -1, byval = f)
	----
backend> LOG:  QUERY STATISTICS
DETAIL:  ! system usage stats:
	!	0.000266 elapsed 0.000266 user 0.000000 system sec
	!	[0.009061 user 0.006567 sys total]
	!	0/0 [0/88] filesystem blocks in/out
	!	0/2 [307/478] page faults/reclaims, 0 [0] swaps
	!	0 [0] signals rcvd, 0/0 [0/0] messages rcvd/sent
	!	0/0 [86/9] voluntary/involuntary context switches
	! buffer usage stats:
	!	Shared blocks:          0 read,          0 written, buffer hit rate = 100.00%
	!	Local  blocks:          0 read,          0 written, buffer hit rate = 0.00%
	!	Direct blocks:          0 read,          0 written
	 1: count	(typeid = 20, len = 8, typmod = -1, byval = f)
	----
	 1: count = "301"	(typeid = 20, len = 8, typmod = -1, byval = f)
	----
backend> LOG:  QUERY STATISTICS
DETAIL:  ! system usage stats:
	!	0.000104 elapsed 0.000104 user 0.000000 system sec
	!	[0.009182 user 0.006567 sys total]
	!	0/0 [0/88] filesystem blocks in/out
	!	0/0 [307/478] page faults/reclaims, 0 [0] swaps
	!	0 [0] signals rcvd, 0/0 [0/0] messages rcvd/sent
	!	0/0 [86/9] voluntary/involuntary context switches
	! buffer usage stats:
	!	Shared blocks:          0 read,          0 written, buffer hit rate = 100.00%
	!	Local  blocks:          0 read,          0 written, buffer hit rate = 0.00%
	!	Direct blocks:          0 read,          0 written
	 1: count	(typeid = 20, len = 8, typmod = -1, byval = f)
	----
	 1: count = "101"	(typeid = 20, len = 8, typmod = -1, byval = f)
	----
backend> LOG:  QUERY STATISTICS
DETAIL:  ! system usage stats:
	!	0.000121 elapsed 0.000122 user 0.000000 system sec
	!	[0.009319 user 0.006567 sys total]
	!	0/0 [0/88] filesystem blocks in/out
	!	2/0 [309/478] page faults/reclaims, 0 [0] swaps
	!	0 [0] signals rcvd, 0/0 [0/0] messages rcvd/sent
	!	0/0 [86/9] voluntary/involuntary context switches
	! buffer usage stats:
	!	Shared blocks:          1 read,          0 written, buffer hit rate = 99.04%
	!	Local  blocks:          0 read,          0 written, buffer hit rate = 0.00%
	!	Direct blocks:          0 read,          0 written
	 1: count	(typeid = 20, len = 8, typmod = -1, byval = f)
	----
	 1: count = "101"	(typeid = 20, len = 8, typmod = -1, byval = f)
	----
backend> LOG:  QUERY STATISTICS
DETAIL:  ! system usage stats:
	!	0.000106 elapsed 0.000105 user 0.000000 system sec
	!	[0.009440 user 0.006567 sys total]
	!	0/0 [0/88] filesystem blocks in/out
	!	4/0 [313/478] page faults/reclaims, 0 [0] swaps
	!	0 [0] signals rcvd, 0/0 [0/0] messages rcvd/sent
	!	0/0 [86/9] voluntary/involuntary context switches
	! buffer usage stats:
	!	Shared blocks:          2 read,          0 written, buffer hit rate = 94.29%
	!	Local  blocks:          0 read,          0 written, buffer hit rate = 0.00%
	!	Direct blocks:          0 read,          0 written
	 1: count	(typeid = 20, len = 8, typmod = -1, byval = f)
	----
	 1: count = "31"	(typeid = 20, len = 8, typmod = -1, byval = f)
	----
backend> LOG:  shutting down
LOG:  database system is shut down
