LOG:  database system was shut down at 2024-02-09 14:48:25 EST
LOG:  checkpoint record is at 0/B9F570
LOG:  redo record is at 0/B9F570; undo record is at 0/0; shutdown TRUE
LOG:  next transaction ID: 23271; next OID: 22147
LOG:  database system is ready

POSTGRES backend interactive interface 
$Revision: 1.375.2.5 $ $Date: 2005/12/14 17:07:00 $

backend> LOG:  QUERY STATISTICS
DETAIL:  ! system usage stats:
	!	0.037345 elapsed 0.000000 user 0.002229 system sec
	!	[0.004800 user 0.002229 sys total]
	!	0/0 [0/56] filesystem blocks in/out
	!	48/61 [94/447] page faults/reclaims, 0 [0] swaps
	!	0 [0] signals rcvd, 0/0 [0/0] messages rcvd/sent
	!	35/0 [83/9] voluntary/involuntary context switches
	! buffer usage stats:
	!	Shared blocks:        111 read,          0 written, buffer hit rate = 62.88%
	!	Local  blocks:          0 read,          0 written, buffer hit rate = 0.00%
	!	Direct blocks:          0 read,          0 written
	 1: count	(typeid = 20, len = 8, typmod = -1, byval = f)
	----
	 1: count = "41"	(typeid = 20, len = 8, typmod = -1, byval = f)
	----
backend> LOG:  QUERY STATISTICS
DETAIL:  ! system usage stats:
	!	0.003533 elapsed 0.000502 user 0.003031 system sec
	!	[0.005302 user 0.005302 sys total]
	!	0/0 [0/64] filesystem blocks in/out
	!	0/10 [94/457] page faults/reclaims, 0 [0] swaps
	!	0 [0] signals rcvd, 0/0 [0/0] messages rcvd/sent
	!	0/0 [83/9] voluntary/involuntary context switches
	! buffer usage stats:
	!	Shared blocks:         43 read,          0 written, buffer hit rate = 60.91%
	!	Local  blocks:          0 read,          0 written, buffer hit rate = 0.00%
	!	Direct blocks:          0 read,          0 written
	 1: count	(typeid = 20, len = 8, typmod = -1, byval = f)
	----
	 1: count = "50"	(typeid = 20, len = 8, typmod = -1, byval = f)
	----
backend> LOG:  QUERY STATISTICS
DETAIL:  ! system usage stats:
	!	0.000371 elapsed 0.000186 user 0.000186 system sec
	!	[0.005503 user 0.005503 sys total]
	!	0/0 [0/72] filesystem blocks in/out
	!	0/12 [94/470] page faults/reclaims, 0 [0] swaps
	!	0 [0] signals rcvd, 0/0 [0/0] messages rcvd/sent
	!	0/0 [83/9] voluntary/involuntary context switches
	! buffer usage stats:
	!	Shared blocks:         19 read,          0 written, buffer hit rate = 90.87%
	!	Local  blocks:          0 read,          0 written, buffer hit rate = 0.00%
	!	Direct blocks:          0 read,          0 written
	 1: count	(typeid = 20, len = 8, typmod = -1, byval = f)
	----
	 1: count = "99"	(typeid = 20, len = 8, typmod = -1, byval = f)
	----
backend> LOG:  QUERY STATISTICS
DETAIL:  ! system usage stats:
	!	0.000610 elapsed 0.000305 user 0.000305 system sec
	!	[0.005817 user 0.005817 sys total]
	!	0/0 [0/72] filesystem blocks in/out
	!	0/0 [94/470] page faults/reclaims, 0 [0] swaps
	!	0 [0] signals rcvd, 0/0 [0/0] messages rcvd/sent
	!	0/0 [83/9] voluntary/involuntary context switches
	! buffer usage stats:
	!	Shared blocks:         10 read,          0 written, buffer hit rate = 99.01%
	!	Local  blocks:          0 read,          0 written, buffer hit rate = 0.00%
	!	Direct blocks:          0 read,          0 written
	 1: count	(typeid = 20, len = 8, typmod = -1, byval = f)
	----
	 1: count = "1000"	(typeid = 20, len = 8, typmod = -1, byval = f)
	----
backend> LOG:  QUERY STATISTICS
DETAIL:  ! system usage stats:
	!	0.002686 elapsed 0.002649 user 0.000000 system sec
	!	[0.008476 user 0.005827 sys total]
	!	0/0 [0/72] filesystem blocks in/out
	!	0/1 [94/472] page faults/reclaims, 0 [0] swaps
	!	0 [0] signals rcvd, 0/0 [0/0] messages rcvd/sent
	!	0/1 [83/10] voluntary/involuntary context switches
	! buffer usage stats:
	!	Shared blocks:         23 read,          0 written, buffer hit rate = 28.12%
	!	Local  blocks:          0 read,          0 written, buffer hit rate = 0.00%
	!	Direct blocks:          0 read,          0 written
	 1: count	(typeid = 20, len = 8, typmod = -1, byval = f)
	----
	 1: count = "2500"	(typeid = 20, len = 8, typmod = -1, byval = f)
	----
backend> LOG:  QUERY STATISTICS
DETAIL:  ! system usage stats:
	!	0.003241 elapsed 0.003222 user 0.000000 system sec
	!	[0.011723 user 0.005827 sys total]
	!	0/0 [0/80] filesystem blocks in/out
	!	0/0 [94/472] page faults/reclaims, 0 [0] swaps
	!	0 [0] signals rcvd, 0/0 [0/0] messages rcvd/sent
	!	0/1 [84/11] voluntary/involuntary context switches
	! buffer usage stats:
	!	Shared blocks:         23 read,          0 written, buffer hit rate = 28.12%
	!	Local  blocks:          0 read,          0 written, buffer hit rate = 0.00%
	!	Direct blocks:          0 read,          0 written
	 1: count	(typeid = 20, len = 8, typmod = -1, byval = f)
	----
	 1: count = "999"	(typeid = 20, len = 8, typmod = -1, byval = f)
	----
backend> LOG:  QUERY STATISTICS
DETAIL:  ! system usage stats:
	!	0.000283 elapsed 0.000283 user 0.000000 system sec
	!	[0.012031 user 0.005827 sys total]
	!	0/0 [0/96] filesystem blocks in/out
	!	0/3 [94/475] page faults/reclaims, 0 [0] swaps
	!	0 [0] signals rcvd, 0/0 [0/0] messages rcvd/sent
	!	0/0 [84/11] voluntary/involuntary context switches
	! buffer usage stats:
	!	Shared blocks:          4 read,          0 written, buffer hit rate = 98.69%
	!	Local  blocks:          0 read,          0 written, buffer hit rate = 0.00%
	!	Direct blocks:          0 read,          0 written
	 1: count	(typeid = 20, len = 8, typmod = -1, byval = f)
	----
	 1: count = "301"	(typeid = 20, len = 8, typmod = -1, byval = f)
	----
backend> LOG:  QUERY STATISTICS
DETAIL:  ! system usage stats:
	!	0.000110 elapsed 0.000111 user 0.000000 system sec
	!	[0.012158 user 0.005827 sys total]
	!	0/0 [0/96] filesystem blocks in/out
	!	0/0 [94/475] page faults/reclaims, 0 [0] swaps
	!	0 [0] signals rcvd, 0/0 [0/0] messages rcvd/sent
	!	0/0 [84/11] voluntary/involuntary context switches
	! buffer usage stats:
	!	Shared blocks:          1 read,          0 written, buffer hit rate = 99.04%
	!	Local  blocks:          0 read,          0 written, buffer hit rate = 0.00%
	!	Direct blocks:          0 read,          0 written
	 1: count	(typeid = 20, len = 8, typmod = -1, byval = f)
	----
	 1: count = "101"	(typeid = 20, len = 8, typmod = -1, byval = f)
	----
backend> LOG:  QUERY STATISTICS
DETAIL:  ! system usage stats:
	!	0.000134 elapsed 0.000134 user 0.000000 system sec
	!	[0.012307 user 0.005827 sys total]
	!	0/0 [0/96] filesystem blocks in/out
	!	0/0 [94/475] page faults/reclaims, 0 [0] swaps
	!	0 [0] signals rcvd, 0/0 [0/0] messages rcvd/sent
	!	0/0 [84/11] voluntary/involuntary context switches
	! buffer usage stats:
	!	Shared blocks:          3 read,          0 written, buffer hit rate = 97.12%
	!	Local  blocks:          0 read,          0 written, buffer hit rate = 0.00%
	!	Direct blocks:          0 read,          0 written
	 1: count	(typeid = 20, len = 8, typmod = -1, byval = f)
	----
	 1: count = "101"	(typeid = 20, len = 8, typmod = -1, byval = f)
	----
backend> LOG:  QUERY STATISTICS
DETAIL:  ! system usage stats:
	!	0.000093 elapsed 0.000092 user 0.000000 system sec
	!	[0.012415 user 0.005827 sys total]
	!	0/0 [0/96] filesystem blocks in/out
	!	0/0 [94/475] page faults/reclaims, 0 [0] swaps
	!	0 [0] signals rcvd, 0/0 [0/0] messages rcvd/sent
	!	0/0 [84/11] voluntary/involuntary context switches
	! buffer usage stats:
	!	Shared blocks:          3 read,          0 written, buffer hit rate = 91.43%
	!	Local  blocks:          0 read,          0 written, buffer hit rate = 0.00%
	!	Direct blocks:          0 read,          0 written
	 1: count	(typeid = 20, len = 8, typmod = -1, byval = f)
	----
	 1: count = "31"	(typeid = 20, len = 8, typmod = -1, byval = f)
	----
backend> LOG:  shutting down
LOG:  database system is shut down
