LOG:  database system was shut down at 2024-02-09 15:15:35 EST
LOG:  checkpoint record is at 0/BBC5D8
LOG:  redo record is at 0/BBC5D8; undo record is at 0/0; shutdown TRUE
LOG:  next transaction ID: 27888; next OID: 22147
LOG:  database system is ready

POSTGRES backend interactive interface 
$Revision: 1.375.2.5 $ $Date: 2005/12/14 17:07:00 $

backend> LOG:  QUERY STATISTICS
DETAIL:  ! system usage stats:
	!	0.054294 elapsed 0.001177 user 0.002354 system sec
	!	[0.002550 user 0.005101 sys total]
	!	0/0 [0/56] filesystem blocks in/out
	!	48/52 [94/432] page faults/reclaims, 0 [0] swaps
	!	0 [0] signals rcvd, 0/0 [0/0] messages rcvd/sent
	!	32/4 [79/15] voluntary/involuntary context switches
	! buffer usage stats:
	!	Shared blocks:        138 read,          0 written, buffer hit rate = 41.53%
	!	Local  blocks:          0 read,          0 written, buffer hit rate = 0.00%
	!	Direct blocks:          0 read,          0 written
	 1: count	(typeid = 20, len = 8, typmod = -1, byval = f)
	----
	 1: count = "2175"	(typeid = 20, len = 8, typmod = -1, byval = f)
	----
backend> LOG:  QUERY STATISTICS
DETAIL:  ! system usage stats:
	!	0.003351 elapsed 0.002937 user 0.000372 system sec
	!	[0.005501 user 0.005501 sys total]
	!	0/0 [0/64] filesystem blocks in/out
	!	0/10 [94/442] page faults/reclaims, 0 [0] swaps
	!	0 [0] signals rcvd, 0/0 [0/0] messages rcvd/sent
	!	0/2 [79/17] voluntary/involuntary context switches
	! buffer usage stats:
	!	Shared blocks:         56 read,          0 written, buffer hit rate = 50.88%
	!	Local  blocks:          0 read,          0 written, buffer hit rate = 0.00%
	!	Direct blocks:          0 read,          0 written
	 1: count	(typeid = 20, len = 8, typmod = -1, byval = f)
	----
	 1: count = "1051"	(typeid = 20, len = 8, typmod = -1, byval = f)
	----
backend> LOG:  QUERY STATISTICS
DETAIL:  ! system usage stats:
	!	0.003085 elapsed 0.002954 user 0.000130 system sec
	!	[0.008470 user 0.005646 sys total]
	!	0/0 [0/72] filesystem blocks in/out
	!	0/13 [94/456] page faults/reclaims, 0 [0] swaps
	!	0 [0] signals rcvd, 0/0 [0/0] messages rcvd/sent
	!	0/0 [79/17] voluntary/involuntary context switches
	! buffer usage stats:
	!	Shared blocks:         50 read,          0 written, buffer hit rate = 63.50%
	!	Local  blocks:          0 read,          0 written, buffer hit rate = 0.00%
	!	Direct blocks:          0 read,          0 written
	 1: count	(typeid = 20, len = 8, typmod = -1, byval = f)
	----
	 1: count = "541"	(typeid = 20, len = 8, typmod = -1, byval = f)
	----
backend> LOG:  QUERY STATISTICS
DETAIL:  ! system usage stats:
	!	0.002991 elapsed 0.002928 user 0.000050 system sec
	!	[0.011410 user 0.005705 sys total]
	!	0/0 [0/72] filesystem blocks in/out
	!	0/7 [94/463] page faults/reclaims, 0 [0] swaps
	!	0 [0] signals rcvd, 0/0 [0/0] messages rcvd/sent
	!	0/1 [79/18] voluntary/involuntary context switches
	! buffer usage stats:
	!	Shared blocks:         43 read,          0 written, buffer hit rate = 48.81%
	!	Local  blocks:          0 read,          0 written, buffer hit rate = 0.00%
	!	Direct blocks:          0 read,          0 written
	 1: count	(typeid = 20, len = 8, typmod = -1, byval = f)
	----
	 1: count = "1326"	(typeid = 20, len = 8, typmod = -1, byval = f)
	----
backend> LOG:  QUERY STATISTICS
DETAIL:  ! system usage stats:
	!	0.003146 elapsed 0.003051 user 0.000077 system sec
	!	[0.014479 user 0.005791 sys total]
	!	0/0 [0/80] filesystem blocks in/out
	!	0/2 [94/465] page faults/reclaims, 0 [0] swaps
	!	0 [0] signals rcvd, 0/0 [0/0] messages rcvd/sent
	!	0/2 [80/20] voluntary/involuntary context switches
	! buffer usage stats:
	!	Shared blocks:         32 read,          0 written, buffer hit rate = 0.00%
	!	Local  blocks:          0 read,          0 written, buffer hit rate = 0.00%
	!	Direct blocks:          0 read,          0 written
	 1: count	(typeid = 20, len = 8, typmod = -1, byval = f)
	----
	 1: count = "340"	(typeid = 20, len = 8, typmod = -1, byval = f)
	----
backend> LOG:  QUERY STATISTICS
DETAIL:  ! system usage stats:
	!	0.002709 elapsed 0.001902 user 0.000761 system sec
	!	[0.016398 user 0.006559 sys total]
	!	0/0 [0/88] filesystem blocks in/out
	!	0/0 [94/465] page faults/reclaims, 0 [0] swaps
	!	0 [0] signals rcvd, 0/0 [0/0] messages rcvd/sent
	!	0/2 [81/22] voluntary/involuntary context switches
	! buffer usage stats:
	!	Shared blocks:         32 read,          0 written, buffer hit rate = 0.00%
	!	Local  blocks:          0 read,          0 written, buffer hit rate = 0.00%
	!	Direct blocks:          0 read,          0 written
	 1: count	(typeid = 20, len = 8, typmod = -1, byval = f)
	----
	 1: count = "1794"	(typeid = 20, len = 8, typmod = -1, byval = f)
	----
backend> LOG:  QUERY STATISTICS
DETAIL:  ! system usage stats:
	!	0.001979 elapsed 0.001979 user 0.000000 system sec
	!	[0.018396 user 0.006567 sys total]
	!	0/0 [0/104] filesystem blocks in/out
	!	0/0 [94/465] page faults/reclaims, 0 [0] swaps
	!	0 [0] signals rcvd, 0/0 [0/0] messages rcvd/sent
	!	0/0 [82/22] voluntary/involuntary context switches
	! buffer usage stats:
	!	Shared blocks:         32 read,          0 written, buffer hit rate = 0.00%
	!	Local  blocks:          0 read,          0 written, buffer hit rate = 0.00%
	!	Direct blocks:          0 read,          0 written
	 1: count	(typeid = 20, len = 8, typmod = -1, byval = f)
	----
	 1: count = "729"	(typeid = 20, len = 8, typmod = -1, byval = f)
	----
backend> LOG:  QUERY STATISTICS
DETAIL:  ! system usage stats:
	!	0.002461 elapsed 0.002140 user 0.000284 system sec
	!	[0.020554 user 0.006851 sys total]
	!	0/0 [0/104] filesystem blocks in/out
	!	0/0 [94/465] page faults/reclaims, 0 [0] swaps
	!	0 [0] signals rcvd, 0/0 [0/0] messages rcvd/sent
	!	0/2 [82/24] voluntary/involuntary context switches
	! buffer usage stats:
	!	Shared blocks:         32 read,          0 written, buffer hit rate = 0.00%
	!	Local  blocks:          0 read,          0 written, buffer hit rate = 0.00%
	!	Direct blocks:          0 read,          0 written
	 1: count	(typeid = 20, len = 8, typmod = -1, byval = f)
	----
	 1: count = "579"	(typeid = 20, len = 8, typmod = -1, byval = f)
	----
backend> LOG:  QUERY STATISTICS
DETAIL:  ! system usage stats:
	!	0.002837 elapsed 0.002824 user 0.000000 system sec
	!	[0.023394 user 0.006856 sys total]
	!	0/0 [0/112] filesystem blocks in/out
	!	0/0 [94/465] page faults/reclaims, 0 [0] swaps
	!	0 [0] signals rcvd, 0/0 [0/0] messages rcvd/sent
	!	0/2 [83/26] voluntary/involuntary context switches
	! buffer usage stats:
	!	Shared blocks:         32 read,          0 written, buffer hit rate = 0.00%
	!	Local  blocks:          0 read,          0 written, buffer hit rate = 0.00%
	!	Direct blocks:          0 read,          0 written
	 1: count	(typeid = 20, len = 8, typmod = -1, byval = f)
	----
	 1: count = "2479"	(typeid = 20, len = 8, typmod = -1, byval = f)
	----
backend> LOG:  QUERY STATISTICS
DETAIL:  ! system usage stats:
	!	0.002710 elapsed 0.002710 user 0.000000 system sec
	!	[0.026125 user 0.006856 sys total]
	!	0/0 [0/120] filesystem blocks in/out
	!	0/0 [94/465] page faults/reclaims, 0 [0] swaps
	!	0 [0] signals rcvd, 0/0 [0/0] messages rcvd/sent
	!	0/0 [84/26] voluntary/involuntary context switches
	! buffer usage stats:
	!	Shared blocks:         32 read,          0 written, buffer hit rate = 0.00%
	!	Local  blocks:          0 read,          0 written, buffer hit rate = 0.00%
	!	Direct blocks:          0 read,          0 written
	 1: count	(typeid = 20, len = 8, typmod = -1, byval = f)
	----
	 1: count = "1473"	(typeid = 20, len = 8, typmod = -1, byval = f)
	----
backend> LOG:  shutting down
LOG:  database system is shut down
